#
# A fatal error has been detected by the Java Runtime Environment:
#
#  EXCEPTION_ACCESS_VIOLATION (0xc0000005) at pc=0x000000007708d196, pid=16508, tid=0x0000000000004268
#
# JRE version: Java(TM) SE Runtime Environment (8.0_121-b13) (build 1.8.0_121-b13)
# Java VM: Java HotSpot(TM) 64-Bit Server VM (25.121-b13 mixed mode windows-amd64 compressed oops)
# Problematic frame:
# C  [ntdll.dll+0x2d196]
#
# Failed to write core dump. Minidumps are not enabled by default on client versions of Windows
#
# If you would like to submit a bug report, please visit:
#   http://bugreport.java.com/bugreport/crash.jsp
# The crash happened outside the Java Virtual Machine in native code.
# See problematic frame for where to report the bug.
#

---------------  T H R E A D  ---------------

Current thread (0x0000000026293800):  JavaThread "http-nio-8081-exec-3" daemon [_thread_in_native, id=17000, stack(0x0000000028810000,0x0000000028910000)]

siginfo: ExceptionCode=0xc0000005, reading address 0xffffffffffffffff

Registers:
RAX=0x0000000000000000, RBX=0x0000000000000000, RCX=0x65626d656d5f7974, RDX=0x0000000000000000
RSP=0x000000002890bde0, RBP=0x000000006d0b5560, RSI=0x000000002abada58, RDI=0x000000002abaed18
R8 =0x000000006d0b5560, R9 =0x0000000000000000, R10=0x0000000000000002, R11=0x000000000389a0c0
R12=0x0000000000000000, R13=0x000000002890bf00, R14=0x000000002890bed0, R15=0x0000000026293800
RIP=0x000000007708d196, EFLAGS=0x0000000000010202

Top of Stack: (sp=0x000000002890bde0)
0x000000002890bde0:   000000002890bf00 000000002890bf10
0x000000002890bdf0:   0000000026293800 0000000026293800
0x000000002890be00:   0000000000000000 000000006d0a2089
0x000000002890be10:   0000000025d75410 0000000026293800
0x000000002890be20:   000000002890bf00 0000000000000000
0x000000002890be30:   00000000262025e0 000000007082be29
0x000000002890be40:   000000002890cf58 0000000783cd2b58
0x000000002890be50:   00000000262939f8 0000000000000000
0x000000002890be60:   000000002890bf10 000000006d0829c9
0x000000002890be70:   0000000026293800 0000000783cd2b58
0x000000002890be80:   000000002abaed18 000000002ab8c820
0x000000002890be90:   0000000026293800 0000000783cd2b58
0x000000002890bea0:   000000002abaed18 00000000037f1ec7
0x000000002890beb0:   000000000389a0c0 00000007c06c6d58
0x000000002890bec0:   0000000000000000 000000002abaed18
0x000000002890bed0:   0000000783cd2b58 000000002890bfd8 

Instructions: (pc=0x000000007708d196)
0x000000007708d176:   25 f7 ff ff e9 8f 64 05 00 cc cc cc cc cc cc cc
0x000000007708d186:   cc cc cc cc cc cc cc cc cc cc 40 53 48 83 ec 20
0x000000007708d196:   f0 0f ba 71 08 00 48 8b d9 73 20 65 48 8b 04 25
0x000000007708d1a6:   30 00 00 00 48 8b 48 48 c7 43 0c 01 00 00 00 33 


Register to memory mapping:

RAX=0x0000000000000000 is an unknown value
RBX=0x0000000000000000 is an unknown value
RCX=0x65626d656d5f7974 is an unknown value
RDX=0x0000000000000000 is an unknown value
RSP=0x000000002890bde0 is pointing into the stack for thread: 0x0000000026293800
RBP=0x000000006d0b5560 is an unknown value
RSI=0x000000002abada58 is an unknown value
RDI=0x000000002abaed18 is an unknown value
R8 =0x000000006d0b5560 is an unknown value
R9 =0x0000000000000000 is an unknown value
R10=0x0000000000000002 is an unknown value
R11=0x000000000389a0c0 is at entry_point+32 in (nmethod*)0x0000000003899f10
R12=0x0000000000000000 is an unknown value
R13=0x000000002890bf00 is pointing into the stack for thread: 0x0000000026293800
R14=0x000000002890bed0 is pointing into the stack for thread: 0x0000000026293800
R15=0x0000000026293800 is a thread


Stack: [0x0000000028810000,0x0000000028910000],  sp=0x000000002890bde0,  free space=1007k
Native frames: (J=compiled Java code, j=interpreted, Vv=VM code, C=native code)
C  [ntdll.dll+0x2d196]
C  [sqlite-3.21.0.1-be1cf6bf-d5ae-4761-a514-f3015ce78d6f-sqlitejdbc.dll+0x22089]
C  [sqlite-3.21.0.1-be1cf6bf-d5ae-4761-a514-f3015ce78d6f-sqlitejdbc.dll+0x29c9]
C  0x00000000037f1ec7

Java frames: (J=compiled Java code, j=interpreted, Vv=VM code)
J 6902  org.sqlite.core.NativeDB.column_name_utf8(JI)[B (0 bytes) @ 0x00000000037f1d7b [0x00000000037f1d40+0x3b]
J 6899 C1 org.sqlite.core.NativeDB.column_name(JI)Ljava/lang/String; (10 bytes) @ 0x00000000037f34cc [0x00000000037f33a0+0x12c]
J 7233 C1 org.sqlite.core.DB.column_names(J)[Ljava/lang/String; (38 bytes) @ 0x000000000389a26c [0x000000000389a0a0+0x1cc]
j  org.sqlite.core.CorePreparedStatement.<init>(Lorg/sqlite/SQLiteConnection;Ljava/lang/String;)V+30
j  org.sqlite.jdbc3.JDBC3PreparedStatement.<init>(Lorg/sqlite/SQLiteConnection;Ljava/lang/String;)V+3
j  org.sqlite.jdbc4.JDBC4PreparedStatement.<init>(Lorg/sqlite/SQLiteConnection;Ljava/lang/String;)V+3
j  org.sqlite.jdbc4.JDBC4Connection.prepareStatement(Ljava/lang/String;III)Ljava/sql/PreparedStatement;+21
j  org.sqlite.jdbc3.JDBC3Connection.prepareStatement(Ljava/lang/String;II)Ljava/sql/PreparedStatement;+5
j  org.sqlite.jdbc3.JDBC3Connection.prepareStatement(Ljava/lang/String;)Ljava/sql/PreparedStatement;+8
J 8157 C1 org.apache.commons.dbcp2.DelegatingConnection.prepareStatement(Ljava/lang/String;)Ljava/sql/PreparedStatement; (38 bytes) @ 0x0000000003a2be2c [0x0000000003a2bd60+0xcc]
J 8157 C1 org.apache.commons.dbcp2.DelegatingConnection.prepareStatement(Ljava/lang/String;)Ljava/sql/PreparedStatement; (38 bytes) @ 0x0000000003a2be2c [0x0000000003a2bd60+0xcc]
j  com.dongtech.utils.DB.getOneField(Ljava/lang/String;)Ljava/lang/Object;+15
j  com.dongtech.bs.mapper.PartyMapper.getPartyList(Lcom/dongtech/data/PartyData;Ljava/lang/String;Ljava/lang/String;Ljava/lang/String;Ljava/lang/String;Ljava/lang/String;)V+153
j  com.dongtech.bs.service.impl.PartyServerimpl.getPartyList(Lcom/dongtech/data/PartyData;Ljava/lang/String;Ljava/lang/String;Ljava/lang/String;Ljava/lang/String;Ljava/lang/String;)V+13
j  com.dongtech.bs.controller.PartyContrller.getPartyList(Ljavax/servlet/http/HttpServletRequest;Ljava/lang/String;Ljava/lang/String;Ljava/lang/String;Ljava/lang/String;Ljava/lang/String;)Lcom/dongtech/data/PartyData;+23
j  com.dongtech.bs.controller.PartyContrller$$FastClassBySpringCGLIB$$f7882d63.invoke(ILjava/lang/Object;[Ljava/lang/Object;)Ljava/lang/Object;+156
j  org.springframework.cglib.proxy.MethodProxy.invoke(Ljava/lang/Object;[Ljava/lang/Object;)Ljava/lang/Object;+19
j  org.springframework.aop.framework.CglibAopProxy$CglibMethodInvocation.invokeJoinpoint()Ljava/lang/Object;+19
j  org.springframework.aop.framework.ReflectiveMethodInvocation.proceed()Ljava/lang/Object;+19
j  org.springframework.aop.framework.adapter.MethodBeforeAdviceInterceptor.invoke(Lorg/aopalliance/intercept/MethodInvocation;)Ljava/lang/Object;+28
j  org.springframework.aop.framework.ReflectiveMethodInvocation.proceed()Ljava/lang/Object;+85
j  org.springframework.aop.aspectj.AspectJAfterThrowingAdvice.invoke(Lorg/aopalliance/intercept/MethodInvocation;)Ljava/lang/Object;+1
j  org.springframework.aop.framework.ReflectiveMethodInvocation.proceed()Ljava/lang/Object;+85
j  org.springframework.aop.interceptor.ExposeInvocationInterceptor.invoke(Lorg/aopalliance/intercept/MethodInvocation;)Ljava/lang/Object;+18
j  org.springframework.aop.framework.ReflectiveMethodInvocation.proceed()Ljava/lang/Object;+101
j  org.springframework.aop.framework.CglibAopProxy$DynamicAdvisedInterceptor.intercept(Ljava/lang/Object;Ljava/lang/reflect/Method;[Ljava/lang/Object;Lorg/springframework/cglib/proxy/MethodProxy;)Ljava/lang/Object;+133
j  com.dongtech.bs.controller.PartyContrller$$EnhancerBySpringCGLIB$$e4c64bdb.getPartyList(Ljavax/servlet/http/HttpServletRequest;Ljava/lang/String;Ljava/lang/String;Ljava/lang/String;Ljava/lang/String;Ljava/lang/String;)Lcom/dongtech/data/PartyData;+60
v  ~StubRoutines::call_stub
J 1785  sun.reflect.NativeMethodAccessorImpl.invoke0(Ljava/lang/reflect/Method;Ljava/lang/Object;[Ljava/lang/Object;)Ljava/lang/Object; (0 bytes) @ 0x0000000002e1ceff [0x0000000002e1ce80+0x7f]
J 1784 C1 sun.reflect.NativeMethodAccessorImpl.invoke(Ljava/lang/Object;[Ljava/lang/Object;)Ljava/lang/Object; (104 bytes) @ 0x0000000002e2249c [0x0000000002e220a0+0x3fc]
J 1255 C1 sun.reflect.DelegatingMethodAccessorImpl.invoke(Ljava/lang/Object;[Ljava/lang/Object;)Ljava/lang/Object; (10 bytes) @ 0x0000000002d46fc4 [0x0000000002d46f60+0x64]
J 1254 C1 java.lang.reflect.Method.invoke(Ljava/lang/Object;[Ljava/lang/Object;)Ljava/lang/Object; (62 bytes) @ 0x0000000002d46b9c [0x0000000002d46a60+0x13c]
j  org.springframework.web.method.support.InvocableHandlerMethod.doInvoke([Ljava/lang/Object;)Ljava/lang/Object;+16
j  org.springframework.web.method.support.InvocableHandlerMethod.invokeForRequest(Lorg/springframework/web/context/request/NativeWebRequest;Lorg/springframework/web/method/support/ModelAndViewContainer;[Ljava/lang/Object;)Ljava/lang/Object;+75
j  org.springframework.web.servlet.mvc.method.annotation.ServletInvocableHandlerMethod.invokeAndHandle(Lorg/springframework/web/context/request/ServletWebRequest;Lorg/springframework/web/method/support/ModelAndViewContainer;[Ljava/lang/Object;)V+4
j  org.springframework.web.servlet.mvc.method.annotation.RequestMappingHandlerAdapter.invokeHandlerMethod(Ljavax/servlet/http/HttpServletRequest;Ljavax/servlet/http/HttpServletResponse;Lorg/springframework/web/method/HandlerMethod;)Lorg/springframework/web/servlet/ModelAndView;+276
j  org.springframework.web.servlet.mvc.method.annotation.RequestMappingHandlerAdapter.handleInternal(Ljavax/servlet/http/HttpServletRequest;Ljavax/servlet/http/HttpServletResponse;Lorg/springframework/web/method/HandlerMethod;)Lorg/springframework/web/servlet/ModelAndView;+81
j  org.springframework.web.servlet.mvc.method.AbstractHandlerMethodAdapter.handle(Ljavax/servlet/http/HttpServletRequest;Ljavax/servlet/http/HttpServletResponse;Ljava/lang/Object;)Lorg/springframework/web/servlet/ModelAndView;+7
j  org.springframework.web.servlet.DispatcherServlet.doDispatch(Ljavax/servlet/http/HttpServletRequest;Ljavax/servlet/http/HttpServletResponse;)V+310
j  org.springframework.web.servlet.DispatcherServlet.doService(Ljavax/servlet/http/HttpServletRequest;Ljavax/servlet/http/HttpServletResponse;)V+308
j  org.springframework.web.servlet.FrameworkServlet.processRequest(Ljavax/servlet/http/HttpServletRequest;Ljavax/servlet/http/HttpServletResponse;)V+71
j  org.springframework.web.servlet.FrameworkServlet.doGet(Ljavax/servlet/http/HttpServletRequest;Ljavax/servlet/http/HttpServletResponse;)V+3
j  javax.servlet.http.HttpServlet.service(Ljavax/servlet/http/HttpServletRequest;Ljavax/servlet/http/HttpServletResponse;)V+35
j  org.springframework.web.servlet.FrameworkServlet.service(Ljavax/servlet/http/HttpServletRequest;Ljavax/servlet/http/HttpServletResponse;)V+33
j  javax.servlet.http.HttpServlet.service(Ljavax/servlet/ServletRequest;Ljavax/servlet/ServletResponse;)V+30
J 7636 C1 org.apache.catalina.core.ApplicationFilterChain.internalDoFilter(Ljavax/servlet/ServletRequest;Ljavax/servlet/ServletResponse;)V (388 bytes) @ 0x000000000392929c [0x0000000003929060+0x23c]
J 7635 C1 org.apache.catalina.core.ApplicationFilterChain.doFilter(Ljavax/servlet/ServletRequest;Ljavax/servlet/ServletResponse;)V (105 bytes) @ 0x0000000003928bb4 [0x0000000003928b60+0x54]
j  org.apache.tomcat.websocket.server.WsFilter.doFilter(Ljavax/servlet/ServletRequest;Ljavax/servlet/ServletResponse;Ljavax/servlet/FilterChain;)V+21
J 7636 C1 org.apache.catalina.core.ApplicationFilterChain.internalDoFilter(Ljavax/servlet/ServletRequest;Ljavax/servlet/ServletResponse;)V (388 bytes) @ 0x00000000039294fc [0x0000000003929060+0x49c]
J 7635 C1 org.apache.catalina.core.ApplicationFilterChain.doFilter(Ljavax/servlet/ServletRequest;Ljavax/servlet/ServletResponse;)V (105 bytes) @ 0x0000000003928bb4 [0x0000000003928b60+0x54]
j  org.springframework.web.filter.RequestContextFilter.doFilterInternal(Ljavax/servlet/http/HttpServletRequest;Ljavax/servlet/http/HttpServletResponse;Ljavax/servlet/FilterChain;)V+21
J 8234 C1 org.springframework.web.filter.OncePerRequestFilter.doFilter(Ljavax/servlet/ServletRequest;Ljavax/servlet/ServletResponse;Ljavax/servlet/FilterChain;)V (139 bytes) @ 0x0000000003a55034 [0x0000000003a54d80+0x2b4]
J 7636 C1 org.apache.catalina.core.ApplicationFilterChain.internalDoFilter(Ljavax/servlet/ServletRequest;Ljavax/servlet/ServletResponse;)V (388 bytes) @ 0x00000000039294fc [0x0000000003929060+0x49c]
J 7635 C1 org.apache.catalina.core.ApplicationFilterChain.doFilter(Ljavax/servlet/ServletRequest;Ljavax/servlet/ServletResponse;)V (105 bytes) @ 0x0000000003928bb4 [0x0000000003928b60+0x54]
j  org.springframework.web.filter.HttpPutFormContentFilter.doFilterInternal(Ljavax/servlet/http/HttpServletRequest;Ljavax/servlet/http/HttpServletResponse;Ljavax/servlet/FilterChain;)V+95
J 8234 C1 org.springframework.web.filter.OncePerRequestFilter.doFilter(Ljavax/servlet/ServletRequest;Ljavax/servlet/ServletResponse;Ljavax/servlet/FilterChain;)V (139 bytes) @ 0x0000000003a55034 [0x0000000003a54d80+0x2b4]
J 7636 C1 org.apache.catalina.core.ApplicationFilterChain.internalDoFilter(Ljavax/servlet/ServletRequest;Ljavax/servlet/ServletResponse;)V (388 bytes) @ 0x00000000039294fc [0x0000000003929060+0x49c]
J 7635 C1 org.apache.catalina.core.ApplicationFilterChain.doFilter(Ljavax/servlet/ServletRequest;Ljavax/servlet/ServletResponse;)V (105 bytes) @ 0x0000000003928bb4 [0x0000000003928b60+0x54]
j  org.springframework.web.filter.HiddenHttpMethodFilter.doFilterInternal(Ljavax/servlet/http/HttpServletRequest;Ljavax/servlet/http/HttpServletResponse;Ljavax/servlet/FilterChain;)V+87
J 8234 C1 org.springframework.web.filter.OncePerRequestFilter.doFilter(Ljavax/servlet/ServletRequest;Ljavax/servlet/ServletResponse;Ljavax/servlet/FilterChain;)V (139 bytes) @ 0x0000000003a55034 [0x0000000003a54d80+0x2b4]
J 7636 C1 org.apache.catalina.core.ApplicationFilterChain.internalDoFilter(Ljavax/servlet/ServletRequest;Ljavax/servlet/ServletResponse;)V (388 bytes) @ 0x00000000039294fc [0x0000000003929060+0x49c]
J 7635 C1 org.apache.catalina.core.ApplicationFilterChain.doFilter(Ljavax/servlet/ServletRequest;Ljavax/servlet/ServletResponse;)V (105 bytes) @ 0x0000000003928bb4 [0x0000000003928b60+0x54]
j  org.springframework.web.filter.CharacterEncodingFilter.doFilterInternal(Ljavax/servlet/http/HttpServletRequest;Ljavax/servlet/http/HttpServletResponse;Ljavax/servlet/FilterChain;)V+53
J 8234 C1 org.springframework.web.filter.OncePerRequestFilter.doFilter(Ljavax/servlet/ServletRequest;Ljavax/servlet/ServletResponse;Ljavax/servlet/FilterChain;)V (139 bytes) @ 0x0000000003a55034 [0x0000000003a54d80+0x2b4]
J 7636 C1 org.apache.catalina.core.ApplicationFilterChain.internalDoFilter(Ljavax/servlet/ServletRequest;Ljavax/servlet/ServletResponse;)V (388 bytes) @ 0x00000000039294fc [0x0000000003929060+0x49c]
J 7635 C1 org.apache.catalina.core.ApplicationFilterChain.doFilter(Ljavax/servlet/ServletRequest;Ljavax/servlet/ServletResponse;)V (105 bytes) @ 0x0000000003928bb4 [0x0000000003928b60+0x54]
j  org.apache.catalina.core.StandardWrapperValve.invoke(Lorg/apache/catalina/connector/Request;Lorg/apache/catalina/connector/Response;)V+688
j  org.apache.catalina.core.StandardContextValve.invoke(Lorg/apache/catalina/connector/Request;Lorg/apache/catalina/connector/Response;)V+166
j  org.apache.catalina.authenticator.AuthenticatorBase.invoke(Lorg/apache/catalina/connector/Request;Lorg/apache/catalina/connector/Response;)V+260
j  org.apache.catalina.core.StandardHostValve.invoke(Lorg/apache/catalina/connector/Request;Lorg/apache/catalina/connector/Response;)V+138
j  org.apache.catalina.valves.ErrorReportValve.invoke(Lorg/apache/catalina/connector/Request;Lorg/apache/catalina/connector/Response;)V+6
j  org.apache.catalina.core.StandardEngineValve.invoke(Lorg/apache/catalina/connector/Request;Lorg/apache/catalina/connector/Response;)V+71
j  org.apache.catalina.connector.CoyoteAdapter.service(Lorg/apache/coyote/Request;Lorg/apache/coyote/Response;)V+199
j  org.apache.coyote.http11.Http11Processor.service(Lorg/apache/tomcat/util/net/SocketWrapperBase;)Lorg/apache/tomcat/util/net/AbstractEndpoint$Handler$SocketState;+806
j  org.apache.coyote.AbstractProcessorLight.process(Lorg/apache/tomcat/util/net/SocketWrapperBase;Lorg/apache/tomcat/util/net/SocketEvent;)Lorg/apache/tomcat/util/net/AbstractEndpoint$Handler$SocketState;+113
j  org.apache.coyote.AbstractProtocol$ConnectionHandler.process(Lorg/apache/tomcat/util/net/SocketWrapperBase;Lorg/apache/tomcat/util/net/SocketEvent;)Lorg/apache/tomcat/util/net/AbstractEndpoint$Handler$SocketState;+414
j  org.apache.tomcat.util.net.NioEndpoint$SocketProcessor.doRun()V+191
j  org.apache.tomcat.util.net.SocketProcessorBase.run()V+21
j  java.util.concurrent.ThreadPoolExecutor.runWorker(Ljava/util/concurrent/ThreadPoolExecutor$Worker;)V+95
j  java.util.concurrent.ThreadPoolExecutor$Worker.run()V+5
j  org.apache.tomcat.util.threads.TaskThread$WrappingRunnable.run()V+4
j  java.lang.Thread.run()V+11
v  ~StubRoutines::call_stub

---------------  P R O C E S S  ---------------

Java Threads: ( => current thread )
  0x00000000262bd000 JavaThread "Abandoned connection cleanup thread" daemon [_thread_blocked, id=12144, stack(0x0000000029780000,0x0000000029880000)]
  0x00000000262bc000 JavaThread "DestroyJavaVM" [_thread_blocked, id=15660, stack(0x0000000002730000,0x0000000002830000)]
  0x00000000262bb800 JavaThread "http-nio-8081-AsyncTimeout" daemon [_thread_blocked, id=15204, stack(0x0000000029ac0000,0x0000000029bc0000)]
  0x00000000262ba800 JavaThread "http-nio-8081-Acceptor-0" daemon [_thread_in_native, id=16588, stack(0x0000000029890000,0x0000000029990000)]
  0x00000000262ba000 JavaThread "http-nio-8081-ClientPoller-1" daemon [_thread_in_native, id=13276, stack(0x0000000029670000,0x0000000029770000)]
  0x000000002629a000 JavaThread "http-nio-8081-ClientPoller-0" daemon [_thread_in_native, id=11964, stack(0x0000000029520000,0x0000000029620000)]
  0x0000000026299000 JavaThread "http-nio-8081-exec-10" daemon [_thread_blocked, id=17020, stack(0x0000000029300000,0x0000000029400000)]
  0x0000000026298800 JavaThread "http-nio-8081-exec-9" daemon [_thread_in_native, id=16244, stack(0x00000000291e0000,0x00000000292e0000)]
  0x0000000026297800 JavaThread "http-nio-8081-exec-8" daemon [_thread_blocked, id=16044, stack(0x0000000024c10000,0x0000000024d10000)]
  0x0000000026297000 JavaThread "http-nio-8081-exec-7" daemon [_thread_blocked, id=14748, stack(0x00000000290d0000,0x00000000291d0000)]
  0x0000000026296000 JavaThread "http-nio-8081-exec-6" daemon [_thread_blocked, id=15724, stack(0x0000000028ac0000,0x0000000028bc0000)]
  0x0000000026295800 JavaThread "http-nio-8081-exec-5" daemon [_thread_blocked, id=17124, stack(0x0000000027e40000,0x0000000027f40000)]
  0x0000000026294800 JavaThread "http-nio-8081-exec-4" daemon [_thread_blocked, id=13256, stack(0x0000000028950000,0x0000000028a50000)]
=>0x0000000026293800 JavaThread "http-nio-8081-exec-3" daemon [_thread_in_native, id=17000, stack(0x0000000028810000,0x0000000028910000)]
  0x0000000026293000 JavaThread "http-nio-8081-exec-2" daemon [_thread_blocked, id=17080, stack(0x00000000286f0000,0x00000000287f0000)]
  0x0000000026257800 JavaThread "http-nio-8081-exec-1" daemon [_thread_in_native, id=9964, stack(0x0000000028560000,0x0000000028660000)]
  0x0000000026256800 JavaThread "NioBlockingSelector.BlockPoller-1" daemon [_thread_in_native, id=15736, stack(0x0000000028430000,0x0000000028530000)]
  0x0000000026255000 JavaThread "Live Reload Server" daemon [_thread_in_native, id=9740, stack(0x0000000027f40000,0x0000000028040000)]
  0x0000000026254800 JavaThread "File Watcher" daemon [_thread_blocked, id=16668, stack(0x0000000027d20000,0x0000000027e20000)]
  0x000000002048c800 JavaThread "container-0" [_thread_blocked, id=3816, stack(0x00000000275b0000,0x00000000276b0000)]
  0x000000002048b800 JavaThread "ContainerBackgroundProcessor[StandardEngine[Tomcat]]" daemon [_thread_blocked, id=10380, stack(0x0000000027490000,0x0000000027590000)]
  0x00000000203da000 JavaThread "RMI Scheduler(0)" daemon [_thread_blocked, id=14324, stack(0x0000000021a30000,0x0000000021b30000)]
  0x000000001c2bf800 JavaThread "AWT-EventQueue-0" [_thread_blocked, id=13236, stack(0x000000001e280000,0x000000001e380000)]
  0x000000001c21d800 JavaThread "AWT-Windows" daemon [_thread_in_native, id=15708, stack(0x000000001d840000,0x000000001d940000)]
  0x000000001c21d000 JavaThread "AWT-Shutdown" [_thread_blocked, id=10456, stack(0x000000001d6a0000,0x000000001d7a0000)]
  0x000000001c225000 JavaThread "Java2D Disposer" daemon [_thread_blocked, id=16412, stack(0x000000001d500000,0x000000001d600000)]
  0x000000001c1f0800 JavaThread "RMI TCP Accept-0" daemon [_thread_in_native, id=16676, stack(0x000000001cff0000,0x000000001d0f0000)]
  0x000000001bf02800 JavaThread "Service Thread" daemon [_thread_blocked, id=17088, stack(0x000000001c930000,0x000000001ca30000)]
  0x000000001be69800 JavaThread "C1 CompilerThread2" daemon [_thread_blocked, id=15208, stack(0x000000001c720000,0x000000001c820000)]
  0x000000001be68800 JavaThread "C2 CompilerThread1" daemon [_thread_blocked, id=15256, stack(0x000000001c5f0000,0x000000001c6f0000)]
  0x000000001be68000 JavaThread "C2 CompilerThread0" daemon [_thread_blocked, id=17004, stack(0x000000001bba0000,0x000000001bca0000)]
  0x000000001b39b800 JavaThread "JDWP Command Reader" daemon [_thread_in_native, id=14296, stack(0x000000001bca0000,0x000000001bda0000)]
  0x000000001b398000 JavaThread "JDWP Event Helper Thread" daemon [_thread_blocked, id=8476, stack(0x000000001b9e0000,0x000000001bae0000)]
  0x000000001b38d000 JavaThread "JDWP Transport Listener: dt_socket" daemon [_thread_blocked, id=13152, stack(0x000000001b760000,0x000000001b860000)]
  0x0000000019d5d800 JavaThread "Attach Listener" daemon [_thread_blocked, id=15236, stack(0x000000001b8a0000,0x000000001b9a0000)]
  0x000000001b373800 JavaThread "Signal Dispatcher" daemon [_thread_blocked, id=16608, stack(0x000000001aef0000,0x000000001aff0000)]
  0x0000000019d40800 JavaThread "Finalizer" daemon [_thread_blocked, id=16164, stack(0x000000001b260000,0x000000001b360000)]
  0x0000000019cf9000 JavaThread "Reference Handler" daemon [_thread_blocked, id=16572, stack(0x000000001b0d0000,0x000000001b1d0000)]

Other Threads:
  0x0000000019cf1000 VMThread [stack: 0x000000001ade0000,0x000000001aee0000] [id=9924]
  0x000000001c200800 WatcherThread [stack: 0x000000001d180000,0x000000001d280000] [id=14876]

VM state:not at safepoint (normal execution)

VM Mutex/Monitor currently owned by a thread: None

Heap:
 PSYoungGen      total 335360K, used 65315K [0x0000000780800000, 0x0000000797280000, 0x00000007c0000000)
  eden space 334336K, 19% used [0x0000000780800000,0x00000007846ebbc0,0x0000000794e80000)
  from space 1024K, 86% used [0x0000000795980000,0x0000000795a5d2d8,0x0000000795a80000)
  to   space 18432K, 0% used [0x0000000796080000,0x0000000796080000,0x0000000797280000)
 ParOldGen       total 219136K, used 35993K [0x0000000701800000, 0x000000070ee00000, 0x0000000780800000)
  object space 219136K, 16% used [0x0000000701800000,0x0000000703b264b0,0x000000070ee00000)
 Metaspace       used 56571K, capacity 59320K, committed 59540K, reserved 1101824K
  class space    used 7185K, capacity 7628K, committed 7680K, reserved 1048576K

Card table byte_map: [0x0000000011df0000,0x00000000123f0000] byte_map_base: 0x000000000e5e4000

Marking Bits: (ParMarkBitMap*) 0x0000000070e1b6d0
 Begin Bits: [0x0000000012e20000, 0x0000000015dc0000)
 End Bits:   [0x0000000015dc0000, 0x0000000018d60000)

Polling page: 0x0000000000240000

CodeCache: size=245760Kb used=16700Kb max_used=16700Kb free=229059Kb
 bounds [0x0000000002a30000, 0x0000000003a90000, 0x0000000011a30000]
 total_blobs=8829 nmethods=8159 adapters=588
 compilation: enabled

Compilation events (10 events):
Event: 3330.401 Thread 0x000000001be69800 8319       1       org.apache.commons.pool2.BaseObject::<init> (5 bytes)
Event: 3330.401 Thread 0x000000001be69800 nmethod 8319 0x0000000003a82410 code [0x0000000003a82560, 0x0000000003a82670]
Event: 3330.402 Thread 0x000000001be69800 8315  s    1       org.sqlite.core.NativeDB::_open (10 bytes)
Event: 3330.403 Thread 0x000000001be69800 nmethod 8315 0x0000000003a826d0 code [0x0000000003a82860, 0x0000000003a82c68]
Event: 3330.403 Thread 0x000000001be69800 8313       1       org.sqlite.core.DB::<init> (31 bytes)
Event: 3330.404 Thread 0x000000001be69800 nmethod 8313 0x0000000003a82f50 code [0x0000000003a830a0, 0x0000000003a83270]
Event: 3330.404 Thread 0x000000001be69800 8314  s    1       org.sqlite.core.DB::open (12 bytes)
Event: 3330.405 Thread 0x000000001be69800 nmethod 8314 0x0000000003a83310 code [0x0000000003a83480, 0x0000000003a83748]
Event: 3330.405 Thread 0x000000001be69800 8309       1       org.sqlite.date.FormatCache$MultipartKey::<init> (10 bytes)
Event: 3330.406 Thread 0x000000001be69800 nmethod 8309 0x0000000003a83810 code [0x0000000003a83960, 0x0000000003a83a90]

GC Heap History (10 events):
Event: 2191.684 GC heap before
{Heap before GC invocations=28 (full 3):
 PSYoungGen      total 355840K, used 337988K [0x0000000780800000, 0x0000000797c80000, 0x00000007c0000000)
  eden space 337408K, 100% used [0x0000000780800000,0x0000000795180000,0x0000000795180000)
  from space 18432K, 3% used [0x0000000796a80000,0x0000000796b11288,0x0000000797c80000)
  to   space 22016K, 0% used [0x0000000795180000,0x0000000795180000,0x0000000796700000)
 ParOldGen       total 219136K, used 35985K [0x0000000701800000, 0x000000070ee00000, 0x0000000780800000)
  object space 219136K, 16% used [0x0000000701800000,0x0000000703b244b0,0x000000070ee00000)
 Metaspace       used 56420K, capacity 59142K, committed 59284K, reserved 1101824K
  class space    used 7163K, capacity 7592K, committed 7680K, reserved 1048576K
Event: 2191.689 GC heap after
Heap after GC invocations=28 (full 3):
 PSYoungGen      total 359424K, used 496K [0x0000000780800000, 0x0000000798200000, 0x00000007c0000000)
  eden space 337408K, 0% used [0x0000000780800000,0x0000000780800000,0x0000000795180000)
  from space 22016K, 2% used [0x0000000795180000,0x00000007951fc030,0x0000000796700000)
  to   space 21504K, 0% used [0x0000000796d00000,0x0000000796d00000,0x0000000798200000)
 ParOldGen       total 219136K, used 35985K [0x0000000701800000, 0x000000070ee00000, 0x0000000780800000)
  object space 219136K, 16% used [0x0000000701800000,0x0000000703b244b0,0x000000070ee00000)
 Metaspace       used 56420K, capacity 59142K, committed 59284K, reserved 1101824K
  class space    used 7163K, capacity 7592K, committed 7680K, reserved 1048576K
}
Event: 2475.257 GC heap before
{Heap before GC invocations=29 (full 3):
 PSYoungGen      total 359424K, used 337904K [0x0000000780800000, 0x0000000798200000, 0x00000007c0000000)
  eden space 337408K, 100% used [0x0000000780800000,0x0000000795180000,0x0000000795180000)
  from space 22016K, 2% used [0x0000000795180000,0x00000007951fc030,0x0000000796700000)
  to   space 21504K, 0% used [0x0000000796d00000,0x0000000796d00000,0x0000000798200000)
 ParOldGen       total 219136K, used 35985K [0x0000000701800000, 0x000000070ee00000, 0x0000000780800000)
  object space 219136K, 16% used [0x0000000701800000,0x0000000703b244b0,0x000000070ee00000)
 Metaspace       used 56420K, capacity 59142K, committed 59284K, reserved 1101824K
  class space    used 7163K, capacity 7592K, committed 7680K, reserved 1048576K
Event: 2475.261 GC heap after
Heap after GC invocations=29 (full 3):
 PSYoungGen      total 360448K, used 560K [0x0000000780800000, 0x0000000797e80000, 0x00000007c0000000)
  eden space 342528K, 0% used [0x0000000780800000,0x0000000780800000,0x0000000795680000)
  from space 17920K, 3% used [0x0000000796d00000,0x0000000796d8c030,0x0000000797e80000)
  to   space 20480K, 0% used [0x0000000795680000,0x0000000795680000,0x0000000796a80000)
 ParOldGen       total 219136K, used 35985K [0x0000000701800000, 0x000000070ee00000, 0x0000000780800000)
  object space 219136K, 16% used [0x0000000701800000,0x0000000703b244b0,0x000000070ee00000)
 Metaspace       used 56420K, capacity 59142K, committed 59284K, reserved 1101824K
  class space    used 7163K, capacity 7592K, committed 7680K, reserved 1048576K
}
Event: 2764.006 GC heap before
{Heap before GC invocations=30 (full 3):
 PSYoungGen      total 360448K, used 343088K [0x0000000780800000, 0x0000000797e80000, 0x00000007c0000000)
  eden space 342528K, 100% used [0x0000000780800000,0x0000000795680000,0x0000000795680000)
  from space 17920K, 3% used [0x0000000796d00000,0x0000000796d8c030,0x0000000797e80000)
  to   space 20480K, 0% used [0x0000000795680000,0x0000000795680000,0x0000000796a80000)
 ParOldGen       total 219136K, used 35985K [0x0000000701800000, 0x000000070ee00000, 0x0000000780800000)
  object space 219136K, 16% used [0x0000000701800000,0x0000000703b244b0,0x000000070ee00000)
 Metaspace       used 56420K, capacity 59142K, committed 59284K, reserved 1101824K
  class space    used 7163K, capacity 7592K, committed 7680K, reserved 1048576K
Event: 2764.010 GC heap after
Heap after GC invocations=30 (full 3):
 PSYoungGen      total 363008K, used 432K [0x0000000780800000, 0x0000000798180000, 0x00000007c0000000)
  eden space 342528K, 0% used [0x0000000780800000,0x0000000780800000,0x0000000795680000)
  from space 20480K, 2% used [0x0000000795680000,0x00000007956ec030,0x0000000796a80000)
  to   space 19968K, 0% used [0x0000000796e00000,0x0000000796e00000,0x0000000798180000)
 ParOldGen       total 219136K, used 35985K [0x0000000701800000, 0x000000070ee00000, 0x0000000780800000)
  object space 219136K, 16% used [0x0000000701800000,0x0000000703b244b0,0x000000070ee00000)
 Metaspace       used 56420K, capacity 59142K, committed 59284K, reserved 1101824K
  class space    used 7163K, capacity 7592K, committed 7680K, reserved 1048576K
}
Event: 3051.721 GC heap before
{Heap before GC invocations=31 (full 3):
 PSYoungGen      total 363008K, used 342960K [0x0000000780800000, 0x0000000798180000, 0x00000007c0000000)
  eden space 342528K, 100% used [0x0000000780800000,0x0000000795680000,0x0000000795680000)
  from space 20480K, 2% used [0x0000000795680000,0x00000007956ec030,0x0000000796a80000)
  to   space 19968K, 0% used [0x0000000796e00000,0x0000000796e00000,0x0000000798180000)
 ParOldGen       total 219136K, used 35985K [0x0000000701800000, 0x000000070ee00000, 0x0000000780800000)
  object space 219136K, 16% used [0x0000000701800000,0x0000000703b244b0,0x000000070ee00000)
 Metaspace       used 56420K, capacity 59142K, committed 59284K, reserved 1101824K
  class space    used 7163K, capacity 7592K, committed 7680K, reserved 1048576K
Event: 3051.726 GC heap after
Heap after GC invocations=31 (full 3):
 PSYoungGen      total 363520K, used 528K [0x0000000780800000, 0x0000000797f80000, 0x00000007c0000000)
  eden space 345600K, 0% used [0x0000000780800000,0x0000000780800000,0x0000000795980000)
  from space 17920K, 2% used [0x0000000796e00000,0x0000000796e84030,0x0000000797f80000)
  to   space 19456K, 0% used [0x0000000795980000,0x0000000795980000,0x0000000796c80000)
 ParOldGen       total 219136K, used 35985K [0x0000000701800000, 0x000000070ee00000, 0x0000000780800000)
  object space 219136K, 16% used [0x0000000701800000,0x0000000703b244b0,0x000000070ee00000)
 Metaspace       used 56420K, capacity 59142K, committed 59284K, reserved 1101824K
  class space    used 7163K, capacity 7592K, committed 7680K, reserved 1048576K
}
Event: 3328.175 GC heap before
{Heap before GC invocations=32 (full 3):
 PSYoungGen      total 363520K, used 346128K [0x0000000780800000, 0x0000000797f80000, 0x00000007c0000000)
  eden space 345600K, 100% used [0x0000000780800000,0x0000000795980000,0x0000000795980000)
  from space 17920K, 2% used [0x0000000796e00000,0x0000000796e84030,0x0000000797f80000)
  to   space 19456K, 0% used [0x0000000795980000,0x0000000795980000,0x0000000796c80000)
 ParOldGen       total 219136K, used 35985K [0x0000000701800000, 0x000000070ee00000, 0x0000000780800000)
  object space 219136K, 16% used [0x0000000701800000,0x0000000703b244b0,0x000000070ee00000)
 Metaspace       used 56498K, capacity 59238K, committed 59540K, reserved 1101824K
  class space    used 7182K, capacity 7624K, committed 7680K, reserved 1048576K
Event: 3328.181 GC heap after
Heap after GC invocations=32 (full 3):
 PSYoungGen      total 335360K, used 884K [0x0000000780800000, 0x0000000797280000, 0x00000007c0000000)
  eden space 334336K, 0% used [0x0000000780800000,0x0000000780800000,0x0000000794e80000)
  from space 1024K, 86% used [0x0000000795980000,0x0000000795a5d2d8,0x0000000795a80000)
  to   space 18432K, 0% used [0x0000000796080000,0x0000000796080000,0x0000000797280000)
 ParOldGen       total 219136K, used 35993K [0x0000000701800000, 0x000000070ee00000, 0x0000000780800000)
  object space 219136K, 16% used [0x0000000701800000,0x0000000703b264b0,0x000000070ee00000)
 Metaspace       used 56498K, capacity 59238K, committed 59540K, reserved 1101824K
  class space    used 7182K, capacity 7624K, committed 7680K, reserved 1048576K
}

Deoptimization events (0 events):
No events

Internal exceptions (10 events):
Event: 3328.458 Thread 0x0000000026293800 Exception <a 'java/security/PrivilegedActionException'> (0x000000078145fe08) thrown at [C:\re\workspace\8-2-build-windows-amd64-cygwin\jdk8u121\8372\hotspot\src\share\vm\prims\jvm.cpp, line 1390]
Event: 3328.458 Thread 0x0000000026293800 Exception <a 'java/security/PrivilegedActionException'> (0x00000007814603e8) thrown at [C:\re\workspace\8-2-build-windows-amd64-cygwin\jdk8u121\8372\hotspot\src\share\vm\prims\jvm.cpp, line 1390]
Event: 3328.467 Thread 0x0000000026293800 Exception <a 'java/security/PrivilegedActionException'> (0x00000007814f0e58) thrown at [C:\re\workspace\8-2-build-windows-amd64-cygwin\jdk8u121\8372\hotspot\src\share\vm\prims\jvm.cpp, line 1390]
Event: 3328.467 Thread 0x0000000026293800 Exception <a 'java/security/PrivilegedActionException'> (0x00000007814f1620) thrown at [C:\re\workspace\8-2-build-windows-amd64-cygwin\jdk8u121\8372\hotspot\src\share\vm\prims\jvm.cpp, line 1390]
Event: 3328.468 Thread 0x0000000026293800 Exception <a 'java/security/PrivilegedActionException'> (0x00000007814fbd78) thrown at [C:\re\workspace\8-2-build-windows-amd64-cygwin\jdk8u121\8372\hotspot\src\share\vm\prims\jvm.cpp, line 1390]
Event: 3328.468 Thread 0x0000000026293800 Exception <a 'java/security/PrivilegedActionException'> (0x00000007814fc540) thrown at [C:\re\workspace\8-2-build-windows-amd64-cygwin\jdk8u121\8372\hotspot\src\share\vm\prims\jvm.cpp, line 1390]
Event: 3328.488 Thread 0x0000000026293800 Exception <a 'java/security/PrivilegedActionException'> (0x00000007817761c8) thrown at [C:\re\workspace\8-2-build-windows-amd64-cygwin\jdk8u121\8372\hotspot\src\share\vm\prims\jvm.cpp, line 1390]
Event: 3328.488 Thread 0x0000000026293800 Exception <a 'java/security/PrivilegedActionException'> (0x0000000781776990) thrown at [C:\re\workspace\8-2-build-windows-amd64-cygwin\jdk8u121\8372\hotspot\src\share\vm\prims\jvm.cpp, line 1390]
Event: 3328.489 Thread 0x0000000026293800 Exception <a 'java/security/PrivilegedActionException'> (0x0000000781780f48) thrown at [C:\re\workspace\8-2-build-windows-amd64-cygwin\jdk8u121\8372\hotspot\src\share\vm\prims\jvm.cpp, line 1390]
Event: 3328.489 Thread 0x0000000026293800 Exception <a 'java/security/PrivilegedActionException'> (0x0000000781781710) thrown at [C:\re\workspace\8-2-build-windows-amd64-cygwin\jdk8u121\8372\hotspot\src\share\vm\prims\jvm.cpp, line 1390]

Events (10 events):
Event: 3330.375 Executing VM operation: RevokeBias
Event: 3330.375 Executing VM operation: RevokeBias done
Event: 3330.376 Executing VM operation: RevokeBias
Event: 3330.376 Executing VM operation: RevokeBias done
Event: 3330.376 Executing VM operation: RevokeBias
Event: 3330.376 Executing VM operation: RevokeBias done
Event: 3330.377 Executing VM operation: RevokeBias
Event: 3330.377 Executing VM operation: RevokeBias done
Event: 3330.377 Executing VM operation: RevokeBias
Event: 3330.377 Executing VM operation: RevokeBias done


Dynamic libraries:
0x000000013f800000 - 0x000000013f837000 	C:\Program Files\Java\jdk1.8.0_121\bin\java.exe
0x0000000077060000 - 0x00000000771ff000 	C:\Windows\SYSTEM32\ntdll.dll
0x0000000076be0000 - 0x0000000076cff000 	C:\Windows\system32\kernel32.dll
0x000007fefd810000 - 0x000007fefd87a000 	C:\Windows\system32\KERNELBASE.dll
0x000007feff270000 - 0x000007feff34b000 	C:\Windows\system32\ADVAPI32.dll
0x000007fefee60000 - 0x000007fefeeff000 	C:\Windows\system32\msvcrt.dll
0x000007fefe090000 - 0x000007fefe0af000 	C:\Windows\SYSTEM32\sechost.dll
0x000007feff140000 - 0x000007feff26c000 	C:\Windows\system32\RPCRT4.dll
0x0000000076ae0000 - 0x0000000076bda000 	C:\Windows\system32\USER32.dll
0x000007fefd950000 - 0x000007fefd9b7000 	C:\Windows\system32\GDI32.dll
0x000007fefef80000 - 0x000007fefef8e000 	C:\Windows\system32\LPK.dll
0x000007fefd880000 - 0x000007fefd94b000 	C:\Windows\system32\USP10.dll
0x000007fefd060000 - 0x000007fefd254000 	C:\Windows\WinSxS\amd64_microsoft.windows.common-controls_6595b64144ccf1df_6.0.7601.18837_none_fa3b1e3d17594757\COMCTL32.dll
0x000007fefdf20000 - 0x000007fefdf91000 	C:\Windows\system32\SHLWAPI.dll
0x000007fefef50000 - 0x000007fefef7e000 	C:\Windows\system32\IMM32.DLL
0x000007feff030000 - 0x000007feff139000 	C:\Windows\system32\MSCTF.dll
0x000000006c6d0000 - 0x000000006c7a2000 	C:\Program Files\Java\jdk1.8.0_121\jre\bin\msvcr100.dll
0x0000000070600000 - 0x0000000070e9b000 	C:\Program Files\Java\jdk1.8.0_121\jre\bin\server\jvm.dll
0x000007fee9b60000 - 0x000007fee9b69000 	C:\Windows\system32\WSOCK32.dll
0x000007fefef00000 - 0x000007fefef4d000 	C:\Windows\system32\WS2_32.dll
0x000007fefe080000 - 0x000007fefe088000 	C:\Windows\system32\NSI.dll
0x000007fefb010000 - 0x000007fefb04b000 	C:\Windows\system32\WINMM.dll
0x000007fefc290000 - 0x000007fefc29c000 	C:\Windows\system32\VERSION.dll
0x0000000077210000 - 0x0000000077217000 	C:\Windows\system32\PSAPI.DLL
0x0000000070070000 - 0x000000007007f000 	C:\Program Files\Java\jdk1.8.0_121\jre\bin\verify.dll
0x0000000070040000 - 0x0000000070069000 	C:\Program Files\Java\jdk1.8.0_121\jre\bin\java.dll
0x000000006c670000 - 0x000000006c6a5000 	C:\Program Files\Java\jdk1.8.0_121\jre\bin\jdwp.dll
0x0000000073130000 - 0x0000000073138000 	C:\Program Files\Java\jdk1.8.0_121\jre\bin\npt.dll
0x000000006c4e0000 - 0x000000006c503000 	C:\Program Files\Java\jdk1.8.0_121\jre\bin\instrument.dll
0x000000006fdb0000 - 0x000000006fdc6000 	C:\Program Files\Java\jdk1.8.0_121\jre\bin\zip.dll
0x000007fefe0d0000 - 0x000007fefee5a000 	C:\Windows\system32\SHELL32.dll
0x000007fefdd20000 - 0x000007fefdf1f000 	C:\Windows\system32\ole32.dll
0x000007fefd4b0000 - 0x000007fefd4bf000 	C:\Windows\system32\profapi.dll
0x000000006c660000 - 0x000000006c669000 	C:\Program Files\Java\jdk1.8.0_121\jre\bin\dt_socket.dll
0x000007fefc990000 - 0x000007fefc9e5000 	C:\Windows\system32\mswsock.dll
0x000007fefc3d0000 - 0x000007fefc3d7000 	C:\Windows\System32\wshtcpip.dll
0x000000006c310000 - 0x000000006c32a000 	C:\Program Files\Java\jdk1.8.0_121\jre\bin\net.dll
0x000007fefc980000 - 0x000007fefc987000 	C:\Windows\System32\wship6.dll
0x000007fef9930000 - 0x000007fef995f000 	C:\Program Files (x86)\Sangfor\SSL\ClientComponent\SangforNspX64.dll
0x000007fefdba0000 - 0x000007fefdc7b000 	C:\Windows\system32\OLEAUT32.dll
0x000007fefc810000 - 0x000007fefc86b000 	C:\Windows\system32\DNSAPI.dll
0x000007fefac10000 - 0x000007fefac37000 	C:\Windows\system32\IPHLPAPI.DLL
0x000007fefacd0000 - 0x000007fefacdb000 	C:\Windows\system32\WINNSI.DLL
0x000007fef9920000 - 0x000007fef9928000 	C:\Windows\system32\rasadhlp.dll
0x000007fefac70000 - 0x000007fefacc3000 	C:\Windows\System32\fwpuclnt.dll
0x0000000073040000 - 0x000000007304d000 	C:\Program Files\Java\jdk1.8.0_121\jre\bin\management.dll
0x0000000069a70000 - 0x0000000069a81000 	C:\Program Files\Java\jdk1.8.0_121\jre\bin\nio.dll
0x000007fefc9f0000 - 0x000007fefca08000 	C:\Windows\system32\CRYPTSP.dll
0x000007fefc6f0000 - 0x000007fefc737000 	C:\Windows\system32\rsaenh.dll
0x000007fefc4f0000 - 0x000007fefc50e000 	C:\Windows\system32\USERENV.dll
0x000007fefd3a0000 - 0x000007fefd3af000 	C:\Windows\system32\CRYPTBASE.dll
0x000007fefab90000 - 0x000007fefaba8000 	C:\Windows\system32\dhcpcsvc.DLL
0x000007fefab70000 - 0x000007fefab81000 	C:\Windows\system32\dhcpcsvc6.DLL
0x000007fefb0e0000 - 0x000007fefb0f5000 	C:\Windows\system32\NLAapi.dll
0x000007fefafe0000 - 0x000007fefaff5000 	C:\Windows\system32\napinsp.dll
0x000007fefafc0000 - 0x000007fefafd9000 	C:\Windows\system32\pnrpnsp.dll
0x000007fefb310000 - 0x000007fefb31b000 	C:\Windows\System32\winrnr.dll
0x000007fefacf0000 - 0x000007fefad00000 	C:\Windows\system32\wshbth.dll
0x0000000067690000 - 0x0000000067828000 	C:\Program Files\Java\jdk1.8.0_121\jre\bin\awt.dll
0x000007fefc2a0000 - 0x000007fefc2b8000 	C:\Windows\system32\DWMAPI.DLL
0x000007fedc570000 - 0x000007fedc68d000 	C:\Windows\system32\opengl32.dll
0x000007fedc540000 - 0x000007fedc56d000 	C:\Windows\system32\GLU32.dll
0x000007fedc440000 - 0x000007fedc531000 	C:\Windows\system32\DDRAW.dll
0x000007fee32b0000 - 0x000007fee32b8000 	C:\Windows\system32\DCIMAN32.dll
0x000007fefd9c0000 - 0x000007fefdb97000 	C:\Windows\system32\SETUPAPI.dll
0x000007fefd7d0000 - 0x000007fefd806000 	C:\Windows\system32\CFGMGR32.dll
0x000007fefd7b0000 - 0x000007fefd7ca000 	C:\Windows\system32\DEVOBJ.dll
0x000007fefbc10000 - 0x000007fefbc66000 	C:\Windows\system32\uxtheme.dll
0x000007fefd340000 - 0x000007fefd397000 	C:\Windows\system32\apphelp.dll
0x000007fef8f70000 - 0x000007fef97fd000 	C:\Windows\system32\SOGOUPY.IME
0x000007fefa790000 - 0x000007fefa797000 	C:\Windows\system32\MSIMG32.dll
0x000007fef8ed0000 - 0x000007fef8f41000 	C:\Windows\system32\WINHTTP.dll
0x000007fef8e60000 - 0x000007fef8ec5000 	C:\Windows\system32\webio.dll
0x000007fefaf30000 - 0x000007fefaf84000 	C:\Windows\system32\OLEACC.dll
0x000007fefc280000 - 0x000007fefc283000 	C:\Windows\system32\api-ms-win-core-synch-l1-2-0.DLL
0x000007fefb230000 - 0x000007fefb25d000 	C:\Windows\system32\ntmarta.dll
0x000007fefdfa0000 - 0x000007fefdff2000 	C:\Windows\system32\WLDAP32.dll
0x000007fee96d0000 - 0x000007fee9939000 	C:\Program Files (x86)\SogouInput\Components\PicFace\1.1.0.1867\PicFace64.dll
0x000007fefef90000 - 0x000007feff027000 	C:\Windows\system32\COMDLG32.dll
0x000000006ac30000 - 0x000000006ac77000 	C:\Program Files\Java\jdk1.8.0_121\jre\bin\fontmanager.dll
0x000000006abe0000 - 0x000000006ac22000 	C:\Program Files\Java\jdk1.8.0_121\jre\bin\t2k.dll
0x0000000020050000 - 0x000000002016d000 	C:\Program Files (x86)\SogouInput\9.6.0.3568\Resource.dll
0x000000006a310000 - 0x000000006a33a000 	C:\Program Files\Java\jdk1.8.0_121\jre\bin\dcpr.dll
0x0000000180000000 - 0x000000018020e000 	D:\tomcat\apache-tomcat-8.5.23\bin\tcnative-1.dll
0x000000006d080000 - 0x000000006d175000 	C:\Users\Administrator\AppData\Local\Temp\sqlite-3.21.0.1-be1cf6bf-d5ae-4761-a514-f3015ce78d6f-sqlitejdbc.dll
0x000000001d600000 - 0x000000001d654000 	C:\Program Files\Java\jdk1.8.0_121\bin\HASPJava_x64.dll
0x0000000029bc0000 - 0x000000002a120000 	C:\Program Files\Java\jdk1.8.0_121\bin\hasp_windows_x64_99459.dll
0x000007fefc3b0000 - 0x000007fefc3c1000 	C:\Windows\system32\WTSAPI32.DLL
0x000007fefb450000 - 0x000007fefb45b000 	C:\Windows\system32\HID.DLL
0x000007fefd310000 - 0x000007fefd335000 	C:\Windows\system32\SspiCli.dll
0x000007fee9ff0000 - 0x000007feea115000 	C:\Windows\system32\dbghelp.dll

VM Arguments:
jvm_args: -agentlib:jdwp=transport=dt_socket,address=127.0.0.1:62851,suspend=y,server=n -XX:TieredStopAtLevel=1 -Xverify:none -Dspring.output.ansi.enabled=always -Dcom.sun.management.jmxremote -Dspring.liveBeansView.mbeanDomain -Dspring.application.admin.enabled=true -javaagent:D:\ideaIU-2018.1.1.win\lib\rt\debugger-agent.jar=file:/C:/Users/Administrator/AppData/Local/Temp/capture.props -Dfile.encoding=UTF-8 
java_command: com.dongtech.SpringbootJspApplication
java_class_path (initial): C:\Program Files\Java\jdk1.8.0_121\jre\lib\charsets.jar;C:\Program Files\Java\jdk1.8.0_121\jre\lib\deploy.jar;C:\Program Files\Java\jdk1.8.0_121\jre\lib\ext\access-bridge-64.jar;C:\Program Files\Java\jdk1.8.0_121\jre\lib\ext\cldrdata.jar;C:\Program Files\Java\jdk1.8.0_121\jre\lib\ext\dnsns.jar;C:\Program Files\Java\jdk1.8.0_121\jre\lib\ext\jaccess.jar;C:\Program Files\Java\jdk1.8.0_121\jre\lib\ext\jfxrt.jar;C:\Program Files\Java\jdk1.8.0_121\jre\lib\ext\localedata.jar;C:\Program Files\Java\jdk1.8.0_121\jre\lib\ext\nashorn.jar;C:\Program Files\Java\jdk1.8.0_121\jre\lib\ext\sunec.jar;C:\Program Files\Java\jdk1.8.0_121\jre\lib\ext\sunjce_provider.jar;C:\Program Files\Java\jdk1.8.0_121\jre\lib\ext\sunmscapi.jar;C:\Program Files\Java\jdk1.8.0_121\jre\lib\ext\sunpkcs11.jar;C:\Program Files\Java\jdk1.8.0_121\jre\lib\ext\zipfs.jar;C:\Program Files\Java\jdk1.8.0_121\jre\lib\javaws.jar;C:\Program Files\Java\jdk1.8.0_121\jre\lib\jce.jar;C:\Program Files\Java\jdk1.8.0_121\jre\lib\jfr.jar;C:\Program Files\Java\jdk1.8.0_121\jre\lib\jfxswt.jar;C:\Program Files\Java\jdk1.8.0_121\jre\lib\jsse.jar;C:\Program Files\Java\jdk1.8.0_121\jre\lib\management-agent.jar;C:\Program Files\Java\jdk1.8.0_121\jre\lib\plugin.jar;C:\Program Files\Java\jdk1.8.0_121\jre\lib\resources.jar;C:\Program Files\Java\jdk1.8.0_121\jre\lib\rt.jar;F:\Myeclipse 10\springboot-jsp-master\target\classes;C:\Users\Administrator\.m2\repository\org\springframework\boot\spring-boot-starter-jdbc\2.0.4.RELEASE\spring-boot-starter-jdbc-2.0.4.RELEASE.jar;C:\Users\Administrator\.m2\repository\org\springframework\boot\spring-boot-starter\2.0.4.RELEASE\spring-boot-starter-2.0.4.RELEASE.jar;C:\Users\Administrator\.m2\repository\org\springframework\boot\spring-boot-starter-logging\2.0.4.RELEASE\spring-boot-starter-logging-2.0.4.RELEASE.jar;C:\Users\Administrator\.m2\repository\ch\qos\logback\logback-classic\1.2.3\logback-classic-1.2.3.jar;C:\Users\Administrator\.m2\repository\ch\qos\logback\logback-cor
Launcher Type: SUN_STANDARD

Environment Variables:
JAVA_HOME=C:\Program Files\Java\jdk1.8.0_121
PATH=C:\Program Files (x86)\Common Files\Oracle\Java\javapath;C:\ProgramData\Oracle\Java\javapath;C:\Program Files (x86)\NetSarang\Xshell 6\;C:\Program Files (x86)\NetSarang\Xftp 6\;C:\Windows\system32;C:\Windows;C:\Windows\System32\Wbem;C:\Windows\System32\WindowsPowerShell\v1.0\;C:\Program Files\Git\cmd;C:\Program Files\Java\jdk1.8.0_121\bin;C:\Program Files\Java\jdk1.8.0_121\jre\bin;D:\tomcat\apache-tomcat-8.5.23\lib;D:\tomcat\apache-tomcat-8.5.23\bin;D:\maven\apache-maven-3.6.2-bin\apache-maven-3.6.2\bin;C:\Program Files\TortoiseSVN\bin;D:\neo4j\neo4j-community-3.5.12-windows\neo4j-community-3.5.12\bin;C:\Program Files\Microsoft SQL Server\Client SDK\ODBC\110\Tools\Binn\;C:\Program Files (x86)\Microsoft SQL Server\120\Tools\Binn\;C:\Program Files\Microsoft SQL Server\120\Tools\Binn\;C:\Program Files\Microsoft SQL Server\120\DTS\Binn\;C:\Users\Administrator\AppData\Local\Programs\Python\Python37\Scripts\;C:\Users\Administrator\AppData\Local\Programs\Python\Python37\;C:\Users\Administrator\AppData\Local\Programs\Fiddler
USERNAME=Administrator
OS=Windows_NT
PROCESSOR_IDENTIFIER=Intel64 Family 6 Model 61 Stepping 4, GenuineIntel



---------------  S Y S T E M  ---------------

OS: Windows 7 , 64 bit Build 7601 (6.1.7601.24408)

CPU:total 4 (2 cores per cpu, 2 threads per core) family 6 model 61 stepping 4, cmov, cx8, fxsr, mmx, sse, sse2, sse3, ssse3, sse4.1, sse4.2, popcnt, avx, avx2, aes, clmul, erms, 3dnowpref, lzcnt, ht, tsc, tscinvbit, bmi1, bmi2, adx

Memory: 4k page, physical 12480440k(1189144k free), swap 24958980k(8821192k free)

vm_info: Java HotSpot(TM) 64-Bit Server VM (25.121-b13) for windows-amd64 JRE (1.8.0_121-b13), built on Dec 12 2016 18:21:36 by "java_re" with MS VC++ 10.0 (VS2010)

time: Tue Mar 10 12:26:11 2020
elapsed time: 3330 seconds (0d 0h 55m 30s)

