#
# A fatal error has been detected by the Java Runtime Environment:
#
#  EXCEPTION_ACCESS_VIOLATION (0xc0000005) at pc=0x000000001df0d977, pid=14356, tid=0x0000000000002fd4
#
# JRE version: Java(TM) SE Runtime Environment (8.0_121-b13) (build 1.8.0_121-b13)
# Java VM: Java HotSpot(TM) 64-Bit Server VM (25.121-b13 mixed mode windows-amd64 compressed oops)
# Problematic frame:
# C  [sqlite-3.8.11.1-d55f3708-2b74-435b-9f7f-46d9c3535f5b-sqlitejdbc.dll+0x5d977]
#
# Failed to write core dump. Minidumps are not enabled by default on client versions of Windows
#
# If you would like to submit a bug report, please visit:
#   http://bugreport.java.com/bugreport/crash.jsp
# The crash happened outside the Java Virtual Machine in native code.
# See problematic frame for where to report the bug.
#

---------------  T H R E A D  ---------------

Current thread (0x0000000020d26000):  JavaThread "http-nio-8081-exec-4" daemon [_thread_in_native, id=12244, stack(0x00000000288d0000,0x00000000289d0000)]

siginfo: ExceptionCode=0xc0000005, reading address 0x0000000000000018

Registers:
RAX=0x0000000000000000, RBX=0x000000002a6871b8, RCX=0x000000002a6871b8, RDX=0x00000000289cc0a0
RSP=0x00000000289cbf90, RBP=0x00000000289cc070, RSI=0x0000000000000000, RDI=0x0000000000000000
R8 =0x000000002a6871b8, R9 =0x0000000020d21a00, R10=0x0000000002a28a4b, R11=0x000000006d66b820
R12=0x0000000000000000, R13=0x000000002972ced0, R14=0x00000000289cc0a0, R15=0x0000000020d26000
RIP=0x000000001df0d977, EFLAGS=0x0000000000010206

Top of Stack: (sp=0x00000000289cbf90)
0x00000000289cbf90:   0000000026642960 0000000020d26000
0x00000000289cbfa0:   0000000000000000 000000006d641f38
0x00000000289cbfb0:   000000001b89ce60 000000006d4f7081
0x00000000289cbfc0:   00000000289cc708 000000002972ced0
0x00000000289cbfd0:   0000000000000000 0000000002a28a77
0x00000000289cbfe0:   0000000000000000 0000000002a28811
0x00000000289cbff0:   0000000020d26000 000000002972ced0
0x00000000289cc000:   0000000000000005 000000006d640eb7
0x00000000289cc010:   0000e73a656e7cbf 0000000002a287d9
0x00000000289cc020:   0000000000000003 0000000787b587f0
0x00000000289cc030:   00000000289cc020 000000002972ced0
0x00000000289cc040:   00000000289cc0a0 0000000029733620
0x00000000289cc050:   0000000000000000 000000002972ced0
0x00000000289cc060:   0000000000000000 00000000289cc090
0x00000000289cc070:   00000000289cc0e8 0000000002a17da0
0x00000000289cc080:   0000000000000000 0000000002a219d6 

Instructions: (pc=0x000000001df0d977)
0x000000001df0d957:   5f c3 0f 1f 80 00 00 00 00 56 53 48 83 ec 38 31
0x000000001df0d967:   c0 48 85 c9 48 89 cb 0f 84 aa 00 00 00 48 8b 31
0x000000001df0d977:   48 8b 4e 18 48 85 c9 74 06 ff 15 62 a9 03 00 48
0x000000001df0d987:   83 bb b8 00 00 00 00 7e 16 48 8d 93 b8 00 00 00 


Register to memory mapping:

RAX=0x0000000000000000 is an unknown value
RBX=0x000000002a6871b8 is an unknown value
RCX=0x000000002a6871b8 is an unknown value
RDX=0x00000000289cc0a0 is pointing into the stack for thread: 0x0000000020d26000
RSP=0x00000000289cbf90 is pointing into the stack for thread: 0x0000000020d26000
RBP=0x00000000289cc070 is pointing into the stack for thread: 0x0000000020d26000
RSI=0x0000000000000000 is an unknown value
RDI=0x0000000000000000 is an unknown value
R8 =0x000000002a6871b8 is an unknown value
R9 =0x0000000020d21a00 is an unknown value
R10=0x0000000002a28a4b is at code_begin+1227 in an Interpreter codelet
method entry point (kind = native_synchronized)  [0x0000000002a28580, 0x0000000002a29060]  2784 bytes
R11=0x000000006d66b820 is an unknown value
R12=0x0000000000000000 is an unknown value
R13={method} {0x000000002972ced8} 'reset' '(J)I' in 'org/sqlite/core/NativeDB'
R14=0x00000000289cc0a0 is pointing into the stack for thread: 0x0000000020d26000
R15=0x0000000020d26000 is a thread


Stack: [0x00000000288d0000,0x00000000289d0000],  sp=0x00000000289cbf90,  free space=1007k
Native frames: (J=compiled Java code, j=interpreted, Vv=VM code, C=native code)
C  [sqlite-3.8.11.1-d55f3708-2b74-435b-9f7f-46d9c3535f5b-sqlitejdbc.dll+0x5d977]
C  0x0000000002a28a77

Java frames: (J=compiled Java code, j=interpreted, Vv=VM code)
j  org.sqlite.core.NativeDB.reset(J)I+0
j  org.sqlite.core.CoreResultSet.close()V+81
j  org.sqlite.core.CoreStatement.internalClose()V+34
j  org.sqlite.jdbc3.JDBC3Statement.close()V+33
j  org.apache.commons.dbcp2.DelegatingStatement.close()V+106
j  org.apache.commons.dbcp2.DelegatingStatement.close()V+106
j  com.dongtech.utils.DB.closeSt(Ljava/sql/PreparedStatement;)V+5
j  com.dongtech.utils.DB.release()V+9
j  com.dongtech.bs.mapper.SysLogMapper.add(Lcom/dongtech/bs/entity/SyslogEntity;)I+105
j  com.dongtech.bs.service.impl.SysLogServiceImpl.add(Lcom/dongtech/bs/entity/SyslogEntity;)V+5
j  com.dongtech.syslog.SystemLogAspect.doBefore(Lorg/aspectj/lang/JoinPoint;)V+450
v  ~StubRoutines::call_stub
J 1709  sun.reflect.NativeMethodAccessorImpl.invoke0(Ljava/lang/reflect/Method;Ljava/lang/Object;[Ljava/lang/Object;)Ljava/lang/Object; (0 bytes) @ 0x0000000002db36bf [0x0000000002db3640+0x7f]
J 1708 C1 sun.reflect.NativeMethodAccessorImpl.invoke(Ljava/lang/Object;[Ljava/lang/Object;)Ljava/lang/Object; (104 bytes) @ 0x0000000002db3e64 [0x0000000002db3aa0+0x3c4]
J 1186 C1 sun.reflect.DelegatingMethodAccessorImpl.invoke(Ljava/lang/Object;[Ljava/lang/Object;)Ljava/lang/Object; (10 bytes) @ 0x0000000002cf01e4 [0x0000000002cf01a0+0x44]
J 1168 C1 java.lang.reflect.Method.invoke(Ljava/lang/Object;[Ljava/lang/Object;)Ljava/lang/Object; (62 bytes) @ 0x0000000002ce88e4 [0x0000000002ce87e0+0x104]
j  org.springframework.aop.aspectj.AbstractAspectJAdvice.invokeAdviceMethodWithGivenArgs([Ljava/lang/Object;)Ljava/lang/Object;+35
j  org.springframework.aop.aspectj.AbstractAspectJAdvice.invokeAdviceMethod(Lorg/aspectj/weaver/tools/JoinPointMatch;Ljava/lang/Object;Ljava/lang/Throwable;)Ljava/lang/Object;+12
j  org.springframework.aop.aspectj.AspectJMethodBeforeAdvice.before(Ljava/lang/reflect/Method;[Ljava/lang/Object;Ljava/lang/Object;)V+7
j  org.springframework.aop.framework.adapter.MethodBeforeAdviceInterceptor.invoke(Lorg/aopalliance/intercept/MethodInvocation;)Ljava/lang/Object;+22
j  org.springframework.aop.framework.ReflectiveMethodInvocation.proceed()Ljava/lang/Object;+85
j  org.springframework.aop.interceptor.ExposeInvocationInterceptor.invoke(Lorg/aopalliance/intercept/MethodInvocation;)Ljava/lang/Object;+18
j  org.springframework.aop.framework.ReflectiveMethodInvocation.proceed()Ljava/lang/Object;+101
j  org.springframework.aop.framework.CglibAopProxy$DynamicAdvisedInterceptor.intercept(Ljava/lang/Object;Ljava/lang/reflect/Method;[Ljava/lang/Object;Lorg/springframework/cglib/proxy/MethodProxy;)Ljava/lang/Object;+133
j  com.dongtech.bs.controller.ConsoleContrller$$EnhancerBySpringCGLIB$$519e5375.toConsole()Ljava/lang/String;+31
v  ~StubRoutines::call_stub
J 1709  sun.reflect.NativeMethodAccessorImpl.invoke0(Ljava/lang/reflect/Method;Ljava/lang/Object;[Ljava/lang/Object;)Ljava/lang/Object; (0 bytes) @ 0x0000000002db36bf [0x0000000002db3640+0x7f]
J 1708 C1 sun.reflect.NativeMethodAccessorImpl.invoke(Ljava/lang/Object;[Ljava/lang/Object;)Ljava/lang/Object; (104 bytes) @ 0x0000000002db3e64 [0x0000000002db3aa0+0x3c4]
J 1186 C1 sun.reflect.DelegatingMethodAccessorImpl.invoke(Ljava/lang/Object;[Ljava/lang/Object;)Ljava/lang/Object; (10 bytes) @ 0x0000000002cf01e4 [0x0000000002cf01a0+0x44]
J 1168 C1 java.lang.reflect.Method.invoke(Ljava/lang/Object;[Ljava/lang/Object;)Ljava/lang/Object; (62 bytes) @ 0x0000000002ce88e4 [0x0000000002ce87e0+0x104]
j  org.springframework.web.method.support.InvocableHandlerMethod.doInvoke([Ljava/lang/Object;)Ljava/lang/Object;+16
j  org.springframework.web.method.support.InvocableHandlerMethod.invokeForRequest(Lorg/springframework/web/context/request/NativeWebRequest;Lorg/springframework/web/method/support/ModelAndViewContainer;[Ljava/lang/Object;)Ljava/lang/Object;+75
j  org.springframework.web.servlet.mvc.method.annotation.ServletInvocableHandlerMethod.invokeAndHandle(Lorg/springframework/web/context/request/ServletWebRequest;Lorg/springframework/web/method/support/ModelAndViewContainer;[Ljava/lang/Object;)V+4
j  org.springframework.web.servlet.mvc.method.annotation.RequestMappingHandlerAdapter.invokeHandlerMethod(Ljavax/servlet/http/HttpServletRequest;Ljavax/servlet/http/HttpServletResponse;Lorg/springframework/web/method/HandlerMethod;)Lorg/springframework/web/servlet/ModelAndView;+276
j  org.springframework.web.servlet.mvc.method.annotation.RequestMappingHandlerAdapter.handleInternal(Ljavax/servlet/http/HttpServletRequest;Ljavax/servlet/http/HttpServletResponse;Lorg/springframework/web/method/HandlerMethod;)Lorg/springframework/web/servlet/ModelAndView;+81
j  org.springframework.web.servlet.mvc.method.AbstractHandlerMethodAdapter.handle(Ljavax/servlet/http/HttpServletRequest;Ljavax/servlet/http/HttpServletResponse;Ljava/lang/Object;)Lorg/springframework/web/servlet/ModelAndView;+7
j  org.springframework.web.servlet.DispatcherServlet.doDispatch(Ljavax/servlet/http/HttpServletRequest;Ljavax/servlet/http/HttpServletResponse;)V+310
j  org.springframework.web.servlet.DispatcherServlet.doService(Ljavax/servlet/http/HttpServletRequest;Ljavax/servlet/http/HttpServletResponse;)V+308
j  org.springframework.web.servlet.FrameworkServlet.processRequest(Ljavax/servlet/http/HttpServletRequest;Ljavax/servlet/http/HttpServletResponse;)V+71
j  org.springframework.web.servlet.FrameworkServlet.doGet(Ljavax/servlet/http/HttpServletRequest;Ljavax/servlet/http/HttpServletResponse;)V+3
j  javax.servlet.http.HttpServlet.service(Ljavax/servlet/http/HttpServletRequest;Ljavax/servlet/http/HttpServletResponse;)V+35
j  org.springframework.web.servlet.FrameworkServlet.service(Ljavax/servlet/http/HttpServletRequest;Ljavax/servlet/http/HttpServletResponse;)V+33
j  javax.servlet.http.HttpServlet.service(Ljavax/servlet/ServletRequest;Ljavax/servlet/ServletResponse;)V+30
j  org.apache.catalina.core.ApplicationFilterChain.internalDoFilter(Ljavax/servlet/ServletRequest;Ljavax/servlet/ServletResponse;)V+304
j  org.apache.catalina.core.ApplicationFilterChain.doFilter(Ljavax/servlet/ServletRequest;Ljavax/servlet/ServletResponse;)V+101
j  org.apache.tomcat.websocket.server.WsFilter.doFilter(Ljavax/servlet/ServletRequest;Ljavax/servlet/ServletResponse;Ljavax/servlet/FilterChain;)V+21
j  org.apache.catalina.core.ApplicationFilterChain.internalDoFilter(Ljavax/servlet/ServletRequest;Ljavax/servlet/ServletResponse;)V+135
j  org.apache.catalina.core.ApplicationFilterChain.doFilter(Ljavax/servlet/ServletRequest;Ljavax/servlet/ServletResponse;)V+101
j  org.springframework.web.filter.RequestContextFilter.doFilterInternal(Ljavax/servlet/http/HttpServletRequest;Ljavax/servlet/http/HttpServletResponse;Ljavax/servlet/FilterChain;)V+21
j  org.springframework.web.filter.OncePerRequestFilter.doFilter(Ljavax/servlet/ServletRequest;Ljavax/servlet/ServletResponse;Ljavax/servlet/FilterChain;)V+111
j  org.apache.catalina.core.ApplicationFilterChain.internalDoFilter(Ljavax/servlet/ServletRequest;Ljavax/servlet/ServletResponse;)V+135
j  org.apache.catalina.core.ApplicationFilterChain.doFilter(Ljavax/servlet/ServletRequest;Ljavax/servlet/ServletResponse;)V+101
j  org.springframework.web.filter.HttpPutFormContentFilter.doFilterInternal(Ljavax/servlet/http/HttpServletRequest;Ljavax/servlet/http/HttpServletResponse;Ljavax/servlet/FilterChain;)V+95
j  org.springframework.web.filter.OncePerRequestFilter.doFilter(Ljavax/servlet/ServletRequest;Ljavax/servlet/ServletResponse;Ljavax/servlet/FilterChain;)V+111
j  org.apache.catalina.core.ApplicationFilterChain.internalDoFilter(Ljavax/servlet/ServletRequest;Ljavax/servlet/ServletResponse;)V+135
j  org.apache.catalina.core.ApplicationFilterChain.doFilter(Ljavax/servlet/ServletRequest;Ljavax/servlet/ServletResponse;)V+101
j  org.springframework.web.filter.HiddenHttpMethodFilter.doFilterInternal(Ljavax/servlet/http/HttpServletRequest;Ljavax/servlet/http/HttpServletResponse;Ljavax/servlet/FilterChain;)V+87
j  org.springframework.web.filter.OncePerRequestFilter.doFilter(Ljavax/servlet/ServletRequest;Ljavax/servlet/ServletResponse;Ljavax/servlet/FilterChain;)V+111
j  org.apache.catalina.core.ApplicationFilterChain.internalDoFilter(Ljavax/servlet/ServletRequest;Ljavax/servlet/ServletResponse;)V+135
j  org.apache.catalina.core.ApplicationFilterChain.doFilter(Ljavax/servlet/ServletRequest;Ljavax/servlet/ServletResponse;)V+101
j  org.springframework.web.filter.CharacterEncodingFilter.doFilterInternal(Ljavax/servlet/http/HttpServletRequest;Ljavax/servlet/http/HttpServletResponse;Ljavax/servlet/FilterChain;)V+53
j  org.springframework.web.filter.OncePerRequestFilter.doFilter(Ljavax/servlet/ServletRequest;Ljavax/servlet/ServletResponse;Ljavax/servlet/FilterChain;)V+111
j  org.apache.catalina.core.ApplicationFilterChain.internalDoFilter(Ljavax/servlet/ServletRequest;Ljavax/servlet/ServletResponse;)V+135
j  org.apache.catalina.core.ApplicationFilterChain.doFilter(Ljavax/servlet/ServletRequest;Ljavax/servlet/ServletResponse;)V+101
j  org.apache.catalina.core.StandardWrapperValve.invoke(Lorg/apache/catalina/connector/Request;Lorg/apache/catalina/connector/Response;)V+688
j  org.apache.catalina.core.StandardContextValve.invoke(Lorg/apache/catalina/connector/Request;Lorg/apache/catalina/connector/Response;)V+166
j  org.apache.catalina.authenticator.AuthenticatorBase.invoke(Lorg/apache/catalina/connector/Request;Lorg/apache/catalina/connector/Response;)V+260
j  org.apache.catalina.core.StandardHostValve.invoke(Lorg/apache/catalina/connector/Request;Lorg/apache/catalina/connector/Response;)V+138
j  org.apache.catalina.valves.ErrorReportValve.invoke(Lorg/apache/catalina/connector/Request;Lorg/apache/catalina/connector/Response;)V+6
j  org.apache.catalina.core.StandardEngineValve.invoke(Lorg/apache/catalina/connector/Request;Lorg/apache/catalina/connector/Response;)V+71
j  org.apache.catalina.connector.CoyoteAdapter.service(Lorg/apache/coyote/Request;Lorg/apache/coyote/Response;)V+199
j  org.apache.coyote.http11.Http11Processor.service(Lorg/apache/tomcat/util/net/SocketWrapperBase;)Lorg/apache/tomcat/util/net/AbstractEndpoint$Handler$SocketState;+806
j  org.apache.coyote.AbstractProcessorLight.process(Lorg/apache/tomcat/util/net/SocketWrapperBase;Lorg/apache/tomcat/util/net/SocketEvent;)Lorg/apache/tomcat/util/net/AbstractEndpoint$Handler$SocketState;+113
j  org.apache.coyote.AbstractProtocol$ConnectionHandler.process(Lorg/apache/tomcat/util/net/SocketWrapperBase;Lorg/apache/tomcat/util/net/SocketEvent;)Lorg/apache/tomcat/util/net/AbstractEndpoint$Handler$SocketState;+414
j  org.apache.tomcat.util.net.NioEndpoint$SocketProcessor.doRun()V+191
j  org.apache.tomcat.util.net.SocketProcessorBase.run()V+21
j  java.util.concurrent.ThreadPoolExecutor.runWorker(Ljava/util/concurrent/ThreadPoolExecutor$Worker;)V+95
j  java.util.concurrent.ThreadPoolExecutor$Worker.run()V+5
j  org.apache.tomcat.util.threads.TaskThread$WrappingRunnable.run()V+4
j  java.lang.Thread.run()V+11
v  ~StubRoutines::call_stub

---------------  P R O C E S S  ---------------

Java Threads: ( => current thread )
  0x0000000026673000 JavaThread "Abandoned connection cleanup thread" daemon [_thread_blocked, id=2872, stack(0x00000000211c0000,0x00000000212c0000)]
  0x0000000026671800 JavaThread "DestroyJavaVM" [_thread_blocked, id=13384, stack(0x0000000002910000,0x0000000002a10000)]
  0x0000000026671000 JavaThread "http-nio-8081-AsyncTimeout" daemon [_thread_blocked, id=14960, stack(0x0000000028b50000,0x0000000028c50000)]
  0x0000000026670000 JavaThread "http-nio-8081-Acceptor-0" daemon [_thread_in_native, id=16260, stack(0x00000000295b0000,0x00000000296b0000)]
  0x0000000020d2c000 JavaThread "http-nio-8081-ClientPoller-1" daemon [_thread_in_native, id=1236, stack(0x0000000029410000,0x0000000029510000)]
  0x0000000020d2b000 JavaThread "http-nio-8081-ClientPoller-0" daemon [_thread_in_native, id=15548, stack(0x00000000292e0000,0x00000000293e0000)]
  0x0000000020d2a800 JavaThread "http-nio-8081-exec-10" daemon [_thread_blocked, id=6748, stack(0x0000000025c40000,0x0000000025d40000)]
  0x0000000020d29800 JavaThread "http-nio-8081-exec-9" daemon [_thread_blocked, id=10548, stack(0x00000000290e0000,0x00000000291e0000)]
  0x0000000020d29000 JavaThread "http-nio-8081-exec-8" daemon [_thread_in_native, id=13960, stack(0x0000000028f50000,0x0000000029050000)]
  0x0000000020d28000 JavaThread "http-nio-8081-exec-7" daemon [_thread_in_native, id=14620, stack(0x0000000028dc0000,0x0000000028ec0000)]
  0x0000000020d27800 JavaThread "http-nio-8081-exec-6" daemon [_thread_blocked, id=15964, stack(0x0000000028c50000,0x0000000028d50000)]
  0x0000000020d26800 JavaThread "http-nio-8081-exec-5" daemon [_thread_blocked, id=13860, stack(0x0000000028a30000,0x0000000028b30000)]
=>0x0000000020d26000 JavaThread "http-nio-8081-exec-4" daemon [_thread_in_native, id=12244, stack(0x00000000288d0000,0x00000000289d0000)]
  0x0000000020d25000 JavaThread "http-nio-8081-exec-3" daemon [_thread_blocked, id=14440, stack(0x0000000028700000,0x0000000028800000)]
  0x000000001ff15000 JavaThread "http-nio-8081-exec-2" daemon [_thread_blocked, id=13820, stack(0x0000000028570000,0x0000000028670000)]
  0x000000001ff14800 JavaThread "http-nio-8081-exec-1" daemon [_thread_in_native, id=16108, stack(0x0000000028390000,0x0000000028490000)]
  0x000000001ff13800 JavaThread "NioBlockingSelector.BlockPoller-1" daemon [_thread_in_native, id=14564, stack(0x0000000028290000,0x0000000028390000)]
  0x000000001ff13000 JavaThread "Live Reload Server" daemon [_thread_in_native, id=5572, stack(0x0000000027b50000,0x0000000027c50000)]
  0x000000001ff12000 JavaThread "File Watcher" daemon [_thread_blocked, id=15772, stack(0x0000000027630000,0x0000000027730000)]
  0x000000001ff11800 JavaThread "container-0" [_thread_blocked, id=15152, stack(0x0000000026290000,0x0000000026390000)]
  0x000000001ff10800 JavaThread "ContainerBackgroundProcessor[StandardEngine[Tomcat]]" daemon [_thread_blocked, id=15984, stack(0x0000000025f80000,0x0000000026080000)]
  0x000000001ff0e800 JavaThread "RMI Scheduler(0)" daemon [_thread_blocked, id=14452, stack(0x0000000023580000,0x0000000023680000)]
  0x000000001bb0a800 JavaThread "AWT-EventQueue-0" [_thread_blocked, id=7964, stack(0x000000001f710000,0x000000001f810000)]
  0x000000001ba7c800 JavaThread "AWT-Windows" daemon [_thread_in_native, id=10872, stack(0x000000001d190000,0x000000001d290000)]
  0x000000001ba7c000 JavaThread "AWT-Shutdown" [_thread_blocked, id=10344, stack(0x000000001d000000,0x000000001d100000)]
  0x000000001ba7b800 JavaThread "Java2D Disposer" daemon [_thread_blocked, id=13440, stack(0x000000001c7c0000,0x000000001c8c0000)]
  0x000000001ba5f800 JavaThread "RMI TCP Accept-0" daemon [_thread_in_native, id=15620, stack(0x000000001cb20000,0x000000001cc20000)]
  0x000000001b772800 JavaThread "Service Thread" daemon [_thread_blocked, id=10596, stack(0x000000001c600000,0x000000001c700000)]
  0x000000001b771000 JavaThread "C1 CompilerThread2" daemon [_thread_blocked, id=14936, stack(0x000000001be90000,0x000000001bf90000)]
  0x000000001b76c800 JavaThread "C2 CompilerThread1" daemon [_thread_blocked, id=14840, stack(0x000000001c340000,0x000000001c440000)]
  0x000000001b712000 JavaThread "C2 CompilerThread0" daemon [_thread_blocked, id=11284, stack(0x000000001c190000,0x000000001c290000)]
  0x000000001b710800 JavaThread "Monitor Ctrl-Break" daemon [_thread_in_native, id=11516, stack(0x000000001c050000,0x000000001c150000)]
  0x0000000019ccc000 JavaThread "Attach Listener" daemon [_thread_blocked, id=12560, stack(0x000000001ad30000,0x000000001ae30000)]
  0x000000001b0c3800 JavaThread "Signal Dispatcher" daemon [_thread_blocked, id=2580, stack(0x000000001b590000,0x000000001b690000)]
  0x0000000019cb0000 JavaThread "Finalizer" daemon [_thread_blocked, id=12896, stack(0x000000001afb0000,0x000000001b0b0000)]
  0x0000000019c68800 JavaThread "Reference Handler" daemon [_thread_blocked, id=16136, stack(0x000000001ae30000,0x000000001af30000)]

Other Threads:
  0x0000000019c60800 VMThread [stack: 0x000000001ac00000,0x000000001ad00000] [id=12292]
  0x000000001ba62800 WatcherThread [stack: 0x000000001cc20000,0x000000001cd20000] [id=15588]

VM state:not at safepoint (normal execution)

VM Mutex/Monitor currently owned by a thread: None

Heap:
 PSYoungGen      total 199168K, used 167838K [0x0000000780800000, 0x0000000790c00000, 0x00000007c0000000)
  eden space 181248K, 82% used [0x0000000780800000,0x0000000789a67f90,0x000000078b900000)
  from space 17920K, 99% used [0x000000078b900000,0x000000078ca7fae8,0x000000078ca80000)
  to   space 23040K, 0% used [0x000000078f580000,0x000000078f580000,0x0000000790c00000)
 ParOldGen       total 146432K, used 31125K [0x0000000701800000, 0x000000070a700000, 0x0000000780800000)
  object space 146432K, 21% used [0x0000000701800000,0x0000000703665490,0x000000070a700000)
 Metaspace       used 54788K, capacity 57260K, committed 57520K, reserved 1099776K
  class space    used 7062K, capacity 7474K, committed 7600K, reserved 1048576K

Card table byte_map: [0x0000000011dd0000,0x00000000123d0000] byte_map_base: 0x000000000e5c4000

Marking Bits: (ParMarkBitMap*) 0x000000006dc5b6d0
 Begin Bits: [0x0000000012d90000, 0x0000000015d30000)
 End Bits:   [0x0000000015d30000, 0x0000000018cd0000)

Polling page: 0x0000000000130000

CodeCache: size=245760Kb used=13782Kb max_used=13782Kb free=231977Kb
 bounds [0x0000000002a10000, 0x0000000003790000, 0x0000000011a10000]
 total_blobs=7454 nmethods=6779 adapters=586
 compilation: enabled

Compilation events (10 events):
Event: 102.375 Thread 0x000000001b771000 6841       1       java.nio.charset.CharsetDecoder::averageCharsPerByte (5 bytes)
Event: 102.375 Thread 0x000000001b771000 nmethod 6841 0x00000000034855d0 code [0x0000000003485720, 0x0000000003485830]
Event: 102.378 Thread 0x000000001b771000 6842   !   1       org.apache.tomcat.util.buf.StringCache::toString (615 bytes)
Event: 102.385 Thread 0x000000001b771000 nmethod 6842 0x0000000003767a50 code [0x0000000003767ea0, 0x0000000003769908]
Event: 102.385 Thread 0x000000001b771000 6843       1       org.apache.tomcat.util.buf.ByteChunk::toStringInternal (62 bytes)
Event: 102.386 Thread 0x000000001b771000 nmethod 6843 0x0000000003484390 code [0x00000000034845c0, 0x0000000003484da8]
Event: 102.386 Thread 0x000000001b771000 6844       1       org.springframework.util.MimeType::getParameter (14 bytes)
Event: 102.386 Thread 0x000000001b771000 nmethod 6844 0x0000000003484010 code [0x0000000003484180, 0x00000000034842e8]
Event: 102.415 Thread 0x000000001b771000 6845       1       java.nio.charset.CharsetDecoder::implReplaceWith (1 bytes)
Event: 102.416 Thread 0x000000001b771000 nmethod 6845 0x0000000003483d50 code [0x0000000003483ea0, 0x0000000003483fb0]

GC Heap History (10 events):
Event: 6.754 GC heap before
{Heap before GC invocations=9 (full 2):
 PSYoungGen      total 116224K, used 10746K [0x0000000780800000, 0x000000078c300000, 0x00000007c0000000)
  eden space 105472K, 0% used [0x0000000780800000,0x0000000780800000,0x0000000786f00000)
  from space 10752K, 99% used [0x0000000786f00000,0x000000078797e830,0x0000000787980000)
  to   space 12288K, 0% used [0x000000078b700000,0x000000078b700000,0x000000078c300000)
 ParOldGen       total 90112K, used 10200K [0x0000000701800000, 0x0000000707000000, 0x0000000780800000)
  object space 90112K, 11% used [0x0000000701800000,0x00000007021f6280,0x0000000707000000)
 Metaspace       used 34230K, capacity 35486K, committed 35496K, reserved 1079296K
  class space    used 4610K, capacity 4905K, committed 4912K, reserved 1048576K
Event: 6.840 GC heap after
Heap after GC invocations=9 (full 2):
 PSYoungGen      total 116224K, used 0K [0x0000000780800000, 0x000000078c300000, 0x00000007c0000000)
  eden space 105472K, 0% used [0x0000000780800000,0x0000000780800000,0x0000000786f00000)
  from space 10752K, 0% used [0x0000000786f00000,0x0000000786f00000,0x0000000787980000)
  to   space 12288K, 0% used [0x000000078b700000,0x000000078b700000,0x000000078c300000)
 ParOldGen       total 146432K, used 16913K [0x0000000701800000, 0x000000070a700000, 0x0000000780800000)
  object space 146432K, 11% used [0x0000000701800000,0x0000000702884610,0x000000070a700000)
 Metaspace       used 34230K, capacity 35486K, committed 35496K, reserved 1079296K
  class space    used 4610K, capacity 4905K, committed 4912K, reserved 1048576K
}
Event: 8.815 GC heap before
{Heap before GC invocations=10 (full 2):
 PSYoungGen      total 116224K, used 105472K [0x0000000780800000, 0x000000078c300000, 0x00000007c0000000)
  eden space 105472K, 100% used [0x0000000780800000,0x0000000786f00000,0x0000000786f00000)
  from space 10752K, 0% used [0x0000000786f00000,0x0000000786f00000,0x0000000787980000)
  to   space 12288K, 0% used [0x000000078b700000,0x000000078b700000,0x000000078c300000)
 ParOldGen       total 146432K, used 16913K [0x0000000701800000, 0x000000070a700000, 0x0000000780800000)
  object space 146432K, 11% used [0x0000000701800000,0x0000000702884610,0x000000070a700000)
 Metaspace       used 38376K, capacity 39994K, committed 40112K, reserved 1083392K
  class space    used 5125K, capacity 5467K, committed 5552K, reserved 1048576K
Event: 8.827 GC heap after
Heap after GC invocations=10 (full 2):
 PSYoungGen      total 159232K, used 9929K [0x0000000780800000, 0x000000078c100000, 0x00000007c0000000)
  eden space 148992K, 0% used [0x0000000780800000,0x0000000780800000,0x0000000789980000)
  from space 10240K, 96% used [0x000000078b700000,0x000000078c0b2428,0x000000078c100000)
  to   space 12800K, 0% used [0x000000078a800000,0x000000078a800000,0x000000078b480000)
 ParOldGen       total 146432K, used 16921K [0x0000000701800000, 0x000000070a700000, 0x0000000780800000)
  object space 146432K, 11% used [0x0000000701800000,0x0000000702886610,0x000000070a700000)
 Metaspace       used 38376K, capacity 39994K, committed 40112K, reserved 1083392K
  class space    used 5125K, capacity 5467K, committed 5552K, reserved 1048576K
}
Event: 10.236 GC heap before
{Heap before GC invocations=11 (full 2):
 PSYoungGen      total 159232K, used 158921K [0x0000000780800000, 0x000000078c100000, 0x00000007c0000000)
  eden space 148992K, 100% used [0x0000000780800000,0x0000000789980000,0x0000000789980000)
  from space 10240K, 96% used [0x000000078b700000,0x000000078c0b2428,0x000000078c100000)
  to   space 12800K, 0% used [0x000000078a800000,0x000000078a800000,0x000000078b480000)
 ParOldGen       total 146432K, used 16921K [0x0000000701800000, 0x000000070a700000, 0x0000000780800000)
  object space 146432K, 11% used [0x0000000701800000,0x0000000702886610,0x000000070a700000)
 Metaspace       used 41854K, capacity 43688K, committed 43952K, reserved 1087488K
  class space    used 5596K, capacity 5960K, committed 6064K, reserved 1048576K
Event: 10.252 GC heap after
Heap after GC invocations=11 (full 2):
 PSYoungGen      total 176640K, used 12784K [0x0000000780800000, 0x000000078d880000, 0x00000007c0000000)
  eden space 163840K, 0% used [0x0000000780800000,0x0000000780800000,0x000000078a800000)
  from space 12800K, 99% used [0x000000078a800000,0x000000078b47c2f8,0x000000078b480000)
  to   space 14336K, 0% used [0x000000078ca80000,0x000000078ca80000,0x000000078d880000)
 ParOldGen       total 146432K, used 18157K [0x0000000701800000, 0x000000070a700000, 0x0000000780800000)
  object space 146432K, 12% used [0x0000000701800000,0x00000007029bb678,0x000000070a700000)
 Metaspace       used 41854K, capacity 43688K, committed 43952K, reserved 1087488K
  class space    used 5596K, capacity 5960K, committed 6064K, reserved 1048576K
}
Event: 11.447 GC heap before
{Heap before GC invocations=12 (full 2):
 PSYoungGen      total 176640K, used 176624K [0x0000000780800000, 0x000000078d880000, 0x00000007c0000000)
  eden space 163840K, 100% used [0x0000000780800000,0x000000078a800000,0x000000078a800000)
  from space 12800K, 99% used [0x000000078a800000,0x000000078b47c2f8,0x000000078b480000)
  to   space 14336K, 0% used [0x000000078ca80000,0x000000078ca80000,0x000000078d880000)
 ParOldGen       total 146432K, used 18157K [0x0000000701800000, 0x000000070a700000, 0x0000000780800000)
  object space 146432K, 12% used [0x0000000701800000,0x00000007029bb678,0x000000070a700000)
 Metaspace       used 44516K, capacity 46564K, committed 46896K, reserved 1089536K
  class space    used 5951K, capacity 6366K, committed 6448K, reserved 1048576K
Event: 11.469 GC heap after
Heap after GC invocations=12 (full 2):
 PSYoungGen      total 195584K, used 14305K [0x0000000780800000, 0x000000078f300000, 0x00000007c0000000)
  eden space 181248K, 0% used [0x0000000780800000,0x0000000780800000,0x000000078b900000)
  from space 14336K, 99% used [0x000000078ca80000,0x000000078d878440,0x000000078d880000)
  to   space 17920K, 0% used [0x000000078b900000,0x000000078b900000,0x000000078ca80000)
 ParOldGen       total 146432K, used 23699K [0x0000000701800000, 0x000000070a700000, 0x0000000780800000)
  object space 146432K, 16% used [0x0000000701800000,0x0000000702f24fa0,0x000000070a700000)
 Metaspace       used 44516K, capacity 46564K, committed 46896K, reserved 1089536K
  class space    used 5951K, capacity 6366K, committed 6448K, reserved 1048576K
}
Event: 25.446 GC heap before
{Heap before GC invocations=13 (full 2):
 PSYoungGen      total 195584K, used 195553K [0x0000000780800000, 0x000000078f300000, 0x00000007c0000000)
  eden space 181248K, 100% used [0x0000000780800000,0x000000078b900000,0x000000078b900000)
  from space 14336K, 99% used [0x000000078ca80000,0x000000078d878440,0x000000078d880000)
  to   space 17920K, 0% used [0x000000078b900000,0x000000078b900000,0x000000078ca80000)
 ParOldGen       total 146432K, used 23699K [0x0000000701800000, 0x000000070a700000, 0x0000000780800000)
  object space 146432K, 16% used [0x0000000701800000,0x0000000702f24fa0,0x000000070a700000)
 Metaspace       used 53988K, capacity 56346K, committed 56624K, reserved 1097728K
  class space    used 6985K, capacity 7430K, committed 7472K, reserved 1048576K
Event: 25.475 GC heap after
Heap after GC invocations=13 (full 2):
 PSYoungGen      total 199168K, used 17918K [0x0000000780800000, 0x0000000790c00000, 0x00000007c0000000)
  eden space 181248K, 0% used [0x0000000780800000,0x0000000780800000,0x000000078b900000)
  from space 17920K, 99% used [0x000000078b900000,0x000000078ca7fae8,0x000000078ca80000)
  to   space 23040K, 0% used [0x000000078f580000,0x000000078f580000,0x0000000790c00000)
 ParOldGen       total 146432K, used 31125K [0x0000000701800000, 0x000000070a700000, 0x0000000780800000)
  object space 146432K, 21% used [0x0000000701800000,0x0000000703665490,0x000000070a700000)
 Metaspace       used 53988K, capacity 56346K, committed 56624K, reserved 1097728K
  class space    used 6985K, capacity 7430K, committed 7472K, reserved 1048576K
}

Deoptimization events (0 events):
No events

Internal exceptions (10 events):
Event: 101.685 Thread 0x0000000020d27800 Exception <a 'java/security/PrivilegedActionException'> (0x00000007881ae0c0) thrown at [C:\re\workspace\8-2-build-windows-amd64-cygwin\jdk8u121\8372\hotspot\src\share\vm\prims\jvm.cpp, line 1390]
Event: 101.685 Thread 0x0000000020d27800 Exception <a 'java/security/PrivilegedActionException'> (0x00000007881ae6a0) thrown at [C:\re\workspace\8-2-build-windows-amd64-cygwin\jdk8u121\8372\hotspot\src\share\vm\prims\jvm.cpp, line 1390]
Event: 101.702 Thread 0x0000000020d27800 Exception <a 'java/security/PrivilegedActionException'> (0x00000007882385d0) thrown at [C:\re\workspace\8-2-build-windows-amd64-cygwin\jdk8u121\8372\hotspot\src\share\vm\prims\jvm.cpp, line 1390]
Event: 101.702 Thread 0x0000000020d27800 Exception <a 'java/security/PrivilegedActionException'> (0x0000000788238d98) thrown at [C:\re\workspace\8-2-build-windows-amd64-cygwin\jdk8u121\8372\hotspot\src\share\vm\prims\jvm.cpp, line 1390]
Event: 101.703 Thread 0x0000000020d27800 Exception <a 'java/security/PrivilegedActionException'> (0x00000007882432b0) thrown at [C:\re\workspace\8-2-build-windows-amd64-cygwin\jdk8u121\8372\hotspot\src\share\vm\prims\jvm.cpp, line 1390]
Event: 101.703 Thread 0x0000000020d27800 Exception <a 'java/security/PrivilegedActionException'> (0x0000000788243a78) thrown at [C:\re\workspace\8-2-build-windows-amd64-cygwin\jdk8u121\8372\hotspot\src\share\vm\prims\jvm.cpp, line 1390]
Event: 101.739 Thread 0x0000000020d27800 Exception <a 'java/security/PrivilegedActionException'> (0x0000000788443e20) thrown at [C:\re\workspace\8-2-build-windows-amd64-cygwin\jdk8u121\8372\hotspot\src\share\vm\prims\jvm.cpp, line 1390]
Event: 101.739 Thread 0x0000000020d27800 Exception <a 'java/security/PrivilegedActionException'> (0x00000007884445e8) thrown at [C:\re\workspace\8-2-build-windows-amd64-cygwin\jdk8u121\8372\hotspot\src\share\vm\prims\jvm.cpp, line 1390]
Event: 101.740 Thread 0x0000000020d27800 Exception <a 'java/security/PrivilegedActionException'> (0x000000078844e960) thrown at [C:\re\workspace\8-2-build-windows-amd64-cygwin\jdk8u121\8372\hotspot\src\share\vm\prims\jvm.cpp, line 1390]
Event: 101.740 Thread 0x0000000020d27800 Exception <a 'java/security/PrivilegedActionException'> (0x000000078844f128) thrown at [C:\re\workspace\8-2-build-windows-amd64-cygwin\jdk8u121\8372\hotspot\src\share\vm\prims\jvm.cpp, line 1390]

Events (10 events):
Event: 101.991 Thread 0x000000001b771000 flushing nmethod 0x0000000003102cd0
Event: 101.991 Thread 0x000000001b771000 flushing nmethod 0x0000000003104f50
Event: 102.208 Thread 0x000000001b771000 flushing nmethod 0x0000000003458ed0
Event: 102.208 Thread 0x000000001b771000 flushing nmethod 0x000000000345e910
Event: 102.208 Thread 0x000000001b771000 flushing nmethod 0x0000000003481cd0
Event: 102.210 Thread 0x000000001b771000 flushing nmethod 0x0000000003541250
Event: 102.237 Executing VM operation: RevokeBias
Event: 102.237 Executing VM operation: RevokeBias done
Event: 102.237 Executing VM operation: RevokeBias
Event: 102.237 Executing VM operation: RevokeBias done


Dynamic libraries:
0x000000013f100000 - 0x000000013f137000 	C:\Program Files\Java\jdk1.8.0_121\bin\java.exe
0x0000000077470000 - 0x000000007760f000 	C:\Windows\SYSTEM32\ntdll.dll
0x00000000770f0000 - 0x000000007720f000 	C:\Windows\system32\kernel32.dll
0x000007fefda70000 - 0x000007fefdada000 	C:\Windows\system32\KERNELBASE.dll
0x000007fefdc90000 - 0x000007fefdd6b000 	C:\Windows\system32\ADVAPI32.dll
0x000007feff1f0000 - 0x000007feff28f000 	C:\Windows\system32\msvcrt.dll
0x000007fefddf0000 - 0x000007fefde0f000 	C:\Windows\SYSTEM32\sechost.dll
0x000007feff630000 - 0x000007feff75c000 	C:\Windows\system32\RPCRT4.dll
0x0000000077210000 - 0x000000007730a000 	C:\Windows\system32\USER32.dll
0x000007fefeff0000 - 0x000007feff057000 	C:\Windows\system32\GDI32.dll
0x000007feff310000 - 0x000007feff31e000 	C:\Windows\system32\LPK.dll
0x000007fefdef0000 - 0x000007fefdfbb000 	C:\Windows\system32\USP10.dll
0x000007fefc4b0000 - 0x000007fefc6a4000 	C:\Windows\WinSxS\amd64_microsoft.windows.common-controls_6595b64144ccf1df_6.0.7601.18837_none_fa3b1e3d17594757\COMCTL32.dll
0x000007feff290000 - 0x000007feff301000 	C:\Windows\system32\SHLWAPI.dll
0x000007feff380000 - 0x000007feff3ae000 	C:\Windows\system32\IMM32.DLL
0x000007feff0e0000 - 0x000007feff1e9000 	C:\Windows\system32\MSCTF.dll
0x0000000079550000 - 0x0000000079622000 	C:\Program Files\Java\jdk1.8.0_121\jre\bin\msvcr100.dll
0x000000006d440000 - 0x000000006dcdb000 	C:\Program Files\Java\jdk1.8.0_121\jre\bin\server\jvm.dll
0x000007fee84f0000 - 0x000007fee84f9000 	C:\Windows\system32\WSOCK32.dll
0x000007feff330000 - 0x000007feff37d000 	C:\Windows\system32\WS2_32.dll
0x000007feff320000 - 0x000007feff328000 	C:\Windows\system32\NSI.dll
0x000007fefb8a0000 - 0x000007fefb8db000 	C:\Windows\system32\WINMM.dll
0x000007fefca20000 - 0x000007fefca2c000 	C:\Windows\system32\VERSION.dll
0x0000000077620000 - 0x0000000077627000 	C:\Windows\system32\PSAPI.DLL
0x00000000730c0000 - 0x00000000730cf000 	C:\Program Files\Java\jdk1.8.0_121\jre\bin\verify.dll
0x0000000073090000 - 0x00000000730b9000 	C:\Program Files\Java\jdk1.8.0_121\jre\bin\java.dll
0x0000000064030000 - 0x0000000064053000 	C:\Program Files\Java\jdk1.8.0_121\jre\bin\instrument.dll
0x0000000072800000 - 0x0000000072816000 	C:\Program Files\Java\jdk1.8.0_121\jre\bin\zip.dll
0x000007fefe060000 - 0x000007fefedea000 	C:\Windows\system32\SHELL32.dll
0x000007fefedf0000 - 0x000007fefefef000 	C:\Windows\system32\ole32.dll
0x000007fefd8c0000 - 0x000007fefd8cf000 	C:\Windows\system32\profapi.dll
0x000007fede100000 - 0x000007fede11a000 	D:\ideaIU-2018.1.1.win\bin\breakgen64.dll
0x0000000069f40000 - 0x0000000069f5a000 	C:\Program Files\Java\jdk1.8.0_121\jre\bin\net.dll
0x000007fefd080000 - 0x000007fefd0d5000 	C:\Windows\system32\mswsock.dll
0x000007fefd2c0000 - 0x000007fefd2c7000 	C:\Windows\System32\wship6.dll
0x000007fefcc20000 - 0x000007fefcc27000 	C:\Windows\System32\wshtcpip.dll
0x000007fef4a20000 - 0x000007fef4a4f000 	C:\Program Files (x86)\Sangfor\SSL\ClientComponent\SangforNspX64.dll
0x000007fefde10000 - 0x000007fefdeeb000 	C:\Windows\system32\OLEAUT32.dll
0x000007fefceb0000 - 0x000007fefcf0b000 	C:\Windows\system32\DNSAPI.dll
0x000007fefad10000 - 0x000007fefad37000 	C:\Windows\system32\IPHLPAPI.DLL
0x000007fefacb0000 - 0x000007fefacbb000 	C:\Windows\system32\WINNSI.DLL
0x000007fef4a10000 - 0x000007fef4a18000 	C:\Windows\system32\rasadhlp.dll
0x000007fefab90000 - 0x000007fefabe3000 	C:\Windows\System32\fwpuclnt.dll
0x0000000068700000 - 0x000000006870d000 	C:\Program Files\Java\jdk1.8.0_121\jre\bin\management.dll
0x000000006f6d0000 - 0x000000006f6e1000 	C:\Program Files\Java\jdk1.8.0_121\jre\bin\nio.dll
0x000007fefd220000 - 0x000007fefd238000 	C:\Windows\system32\CRYPTSP.dll
0x000007fefcdc0000 - 0x000007fefce07000 	C:\Windows\system32\rsaenh.dll
0x000007fefcc50000 - 0x000007fefcc6e000 	C:\Windows\system32\USERENV.dll
0x000007fefd7b0000 - 0x000007fefd7bf000 	C:\Windows\system32\CRYPTBASE.dll
0x000007fefab20000 - 0x000007fefab38000 	C:\Windows\system32\dhcpcsvc.DLL
0x000007fefab00000 - 0x000007fefab11000 	C:\Windows\system32\dhcpcsvc6.DLL
0x000007fefb8f0000 - 0x000007fefb905000 	C:\Windows\system32\NLAapi.dll
0x000007fee8f80000 - 0x000007fee8f95000 	C:\Windows\system32\napinsp.dll
0x000007fee8f60000 - 0x000007fee8f79000 	C:\Windows\system32\pnrpnsp.dll
0x000007fee8dd0000 - 0x000007fee8ddb000 	C:\Windows\System32\winrnr.dll
0x000007fee85b0000 - 0x000007fee85c0000 	C:\Windows\system32\wshbth.dll
0x000000006c670000 - 0x000000006c808000 	C:\Program Files\Java\jdk1.8.0_121\jre\bin\awt.dll
0x000007fefc9b0000 - 0x000007fefc9c8000 	C:\Windows\system32\DWMAPI.DLL
0x000007fedeb70000 - 0x000007fedec8d000 	C:\Windows\system32\opengl32.dll
0x000007fee6eb0000 - 0x000007fee6edd000 	C:\Windows\system32\GLU32.dll
0x000007fede120000 - 0x000007fede211000 	C:\Windows\system32\DDRAW.dll
0x000007fee6ea0000 - 0x000007fee6ea8000 	C:\Windows\system32\DCIMAN32.dll
0x000007feff3b0000 - 0x000007feff587000 	C:\Windows\system32\SETUPAPI.dll
0x000007fefd990000 - 0x000007fefd9c6000 	C:\Windows\system32\CFGMGR32.dll
0x000007fefd970000 - 0x000007fefd98a000 	C:\Windows\system32\DEVOBJ.dll
0x000007fefc130000 - 0x000007fefc186000 	C:\Windows\system32\uxtheme.dll
0x000007fefd750000 - 0x000007fefd7a7000 	C:\Windows\system32\apphelp.dll
0x000007fef3710000 - 0x000007fef3f9d000 	C:\Windows\system32\SOGOUPY.IME
0x000007fefae90000 - 0x000007fefae97000 	C:\Windows\system32\MSIMG32.dll
0x000007fef9150000 - 0x000007fef91c1000 	C:\Windows\system32\WINHTTP.dll
0x000007fef90e0000 - 0x000007fef9145000 	C:\Windows\system32\webio.dll
0x000007fefafe0000 - 0x000007fefb034000 	C:\Windows\system32\OLEACC.dll
0x000007fefc9a0000 - 0x000007fefc9a3000 	C:\Windows\system32\api-ms-win-core-synch-l1-2-0.DLL
0x000007fefbb80000 - 0x000007fefbbad000 	C:\Windows\system32\ntmarta.dll
0x000007fefdd70000 - 0x000007fefddc2000 	C:\Windows\system32\WLDAP32.dll
0x000007feea440000 - 0x000007feea6a9000 	C:\Program Files (x86)\SogouInput\Components\PicFace\1.1.0.1867\PicFace64.dll
0x000007fefdfc0000 - 0x000007fefe057000 	C:\Windows\system32\COMDLG32.dll
0x000000001af30000 - 0x000000001af77000 	C:\Program Files\Java\jdk1.8.0_121\jre\bin\fontmanager.dll
0x0000000070d50000 - 0x0000000070d92000 	C:\Program Files\Java\jdk1.8.0_121\jre\bin\t2k.dll
0x000000001fbe0000 - 0x000000001fcfd000 	C:\Program Files (x86)\SogouInput\9.6.0.3568\Resource.dll
0x0000000064000000 - 0x000000006402a000 	C:\Program Files\Java\jdk1.8.0_121\jre\bin\dcpr.dll
0x0000000180000000 - 0x000000018020e000 	D:\tomcat\apache-tomcat-8.5.23\bin\tcnative-1.dll
0x000000001deb0000 - 0x000000001df6d000 	C:\Users\Administrator\AppData\Local\Temp\sqlite-3.8.11.1-d55f3708-2b74-435b-9f7f-46d9c3535f5b-sqlitejdbc.dll
0x000000001dd50000 - 0x000000001dda4000 	C:\Program Files\Java\jdk1.8.0_121\bin\HASPJava_x64.dll
0x00000000298b0000 - 0x0000000029e10000 	C:\Program Files\Java\jdk1.8.0_121\bin\hasp_windows_x64_99459.dll
0x000007fefca00000 - 0x000007fefca11000 	C:\Windows\system32\WTSAPI32.DLL
0x000007fefc4a0000 - 0x000007fefc4ab000 	C:\Windows\system32\HID.DLL
0x000007fefd720000 - 0x000007fefd745000 	C:\Windows\system32\SspiCli.dll
0x000007fee9c80000 - 0x000007fee9da5000 	C:\Windows\system32\dbghelp.dll

VM Arguments:
jvm_args: -XX:TieredStopAtLevel=1 -Xverify:none -Dspring.output.ansi.enabled=always -Dcom.sun.management.jmxremote -Dspring.liveBeansView.mbeanDomain -Dspring.application.admin.enabled=true -javaagent:D:\ideaIU-2018.1.1.win\lib\idea_rt.jar=52981:D:\ideaIU-2018.1.1.win\bin -Dfile.encoding=UTF-8 
java_command: com.dongtech.SpringbootJspApplication
java_class_path (initial): C:\Program Files\Java\jdk1.8.0_121\jre\lib\charsets.jar;C:\Program Files\Java\jdk1.8.0_121\jre\lib\deploy.jar;C:\Program Files\Java\jdk1.8.0_121\jre\lib\ext\access-bridge-64.jar;C:\Program Files\Java\jdk1.8.0_121\jre\lib\ext\cldrdata.jar;C:\Program Files\Java\jdk1.8.0_121\jre\lib\ext\dnsns.jar;C:\Program Files\Java\jdk1.8.0_121\jre\lib\ext\jaccess.jar;C:\Program Files\Java\jdk1.8.0_121\jre\lib\ext\jfxrt.jar;C:\Program Files\Java\jdk1.8.0_121\jre\lib\ext\localedata.jar;C:\Program Files\Java\jdk1.8.0_121\jre\lib\ext\nashorn.jar;C:\Program Files\Java\jdk1.8.0_121\jre\lib\ext\sunec.jar;C:\Program Files\Java\jdk1.8.0_121\jre\lib\ext\sunjce_provider.jar;C:\Program Files\Java\jdk1.8.0_121\jre\lib\ext\sunmscapi.jar;C:\Program Files\Java\jdk1.8.0_121\jre\lib\ext\sunpkcs11.jar;C:\Program Files\Java\jdk1.8.0_121\jre\lib\ext\zipfs.jar;C:\Program Files\Java\jdk1.8.0_121\jre\lib\javaws.jar;C:\Program Files\Java\jdk1.8.0_121\jre\lib\jce.jar;C:\Program Files\Java\jdk1.8.0_121\jre\lib\jfr.jar;C:\Program Files\Java\jdk1.8.0_121\jre\lib\jfxswt.jar;C:\Program Files\Java\jdk1.8.0_121\jre\lib\jsse.jar;C:\Program Files\Java\jdk1.8.0_121\jre\lib\management-agent.jar;C:\Program Files\Java\jdk1.8.0_121\jre\lib\plugin.jar;C:\Program Files\Java\jdk1.8.0_121\jre\lib\resources.jar;C:\Program Files\Java\jdk1.8.0_121\jre\lib\rt.jar;F:\Myeclipse 10\springboot-jsp-master\target\classes;C:\Users\Administrator\.m2\repository\org\springframework\boot\spring-boot-starter-jdbc\2.0.4.RELEASE\spring-boot-starter-jdbc-2.0.4.RELEASE.jar;C:\Users\Administrator\.m2\repository\org\springframework\boot\spring-boot-starter\2.0.4.RELEASE\spring-boot-starter-2.0.4.RELEASE.jar;C:\Users\Administrator\.m2\repository\org\springframework\boot\spring-boot-starter-logging\2.0.4.RELEASE\spring-boot-starter-logging-2.0.4.RELEASE.jar;C:\Users\Administrator\.m2\repository\ch\qos\logback\logback-classic\1.2.3\logback-classic-1.2.3.jar;C:\Users\Administrator\.m2\repository\ch\qos\logback\logback-cor
Launcher Type: SUN_STANDARD

Environment Variables:
JAVA_HOME=C:\Program Files\Java\jdk1.8.0_121
PATH=C:\Program Files (x86)\Common Files\Oracle\Java\javapath;C:\ProgramData\Oracle\Java\javapath;C:\Program Files (x86)\NetSarang\Xshell 6\;C:\Program Files (x86)\NetSarang\Xftp 6\;C:\Windows\system32;C:\Windows;C:\Windows\System32\Wbem;C:\Windows\System32\WindowsPowerShell\v1.0\;C:\Program Files\Git\cmd;C:\Program Files\Java\jdk1.8.0_121\bin;C:\Program Files\Java\jdk1.8.0_121\jre\bin;D:\tomcat\apache-tomcat-8.5.23\lib;D:\tomcat\apache-tomcat-8.5.23\bin;D:\maven\apache-maven-3.6.2-bin\apache-maven-3.6.2\bin;C:\Program Files\TortoiseSVN\bin;D:\neo4j\neo4j-community-3.5.12-windows\neo4j-community-3.5.12\bin;C:\Program Files\Microsoft SQL Server\Client SDK\ODBC\110\Tools\Binn\;C:\Program Files (x86)\Microsoft SQL Server\120\Tools\Binn\;C:\Program Files\Microsoft SQL Server\120\Tools\Binn\;C:\Program Files\Microsoft SQL Server\120\DTS\Binn\;C:\Users\Administrator\AppData\Local\Programs\Python\Python37\Scripts\;C:\Users\Administrator\AppData\Local\Programs\Python\Python37\;C:\Users\Administrator\AppData\Local\Programs\Fiddler
USERNAME=Administrator
OS=Windows_NT
PROCESSOR_IDENTIFIER=Intel64 Family 6 Model 61 Stepping 4, GenuineIntel



---------------  S Y S T E M  ---------------

OS: Windows 7 , 64 bit Build 7601 (6.1.7601.24408)

CPU:total 4 (2 cores per cpu, 2 threads per core) family 6 model 61 stepping 4, cmov, cx8, fxsr, mmx, sse, sse2, sse3, ssse3, sse4.1, sse4.2, popcnt, avx, avx2, aes, clmul, erms, 3dnowpref, lzcnt, ht, tsc, tscinvbit, bmi1, bmi2, adx

Memory: 4k page, physical 12480440k(1159356k free), swap 24958980k(7116312k free)

vm_info: Java HotSpot(TM) 64-Bit Server VM (25.121-b13) for windows-amd64 JRE (1.8.0_121-b13), built on Dec 12 2016 18:21:36 by "java_re" with MS VC++ 10.0 (VS2010)

time: Thu Feb 20 13:44:04 2020
elapsed time: 102 seconds (0d 0h 1m 42s)

