#
# A fatal error has been detected by the Java Runtime Environment:
#
#  EXCEPTION_ACCESS_VIOLATION (0xc0000005) at pc=0x000000007708d196, pid=11548, tid=0x0000000000002a30
#
# JRE version: Java(TM) SE Runtime Environment (8.0_121-b13) (build 1.8.0_121-b13)
# Java VM: Java HotSpot(TM) 64-Bit Server VM (25.121-b13 mixed mode windows-amd64 compressed oops)
# Problematic frame:
# C  [ntdll.dll+0x2d196]
#
# Failed to write core dump. Minidumps are not enabled by default on client versions of Windows
#
# If you would like to submit a bug report, please visit:
#   http://bugreport.java.com/bugreport/crash.jsp
# The crash happened outside the Java Virtual Machine in native code.
# See problematic frame for where to report the bug.
#

---------------  T H R E A D  ---------------

Current thread (0x000000002605b000):  JavaThread "http-nio-8081-exec-6" daemon [_thread_in_native, id=10800, stack(0x00000000286e0000,0x00000000287e0000)]

siginfo: ExceptionCode=0xc0000005, reading address 0xffffffffffffffff

Registers:
RAX=0x0000000000000000, RBX=0x0000000000000000, RCX=0x29656d69745f6e69, RDX=0x0000000000000000
RSP=0x00000000287dc170, RBP=0x000000006d0b5560, RSI=0x000000002b5b4f38, RDI=0x000000002b5aecc8
R8 =0x000000006d0b5560, R9 =0x0000000000000000, R10=0x0000000000000002, R11=0x000000000364df80
R12=0x0000000000000000, R13=0x00000000287dc290, R14=0x00000000287dc260, R15=0x000000002605b000
RIP=0x000000007708d196, EFLAGS=0x0000000000010202

Top of Stack: (sp=0x00000000287dc170)
0x00000000287dc170:   00000000287dc290 00000000287dc2a0
0x00000000287dc180:   000000002605b000 000000002605b000
0x00000000287dc190:   0000000000000000 000000006d0a2089
0x00000000287dc1a0:   0000000025b2ca98 000000002605b000
0x00000000287dc1b0:   00000000287dc290 0000000000000000
0x00000000287dc1c0:   0000000025b00b50 000000007082be29
0x00000000287dc1d0:   00000000287dd2a8 0000000786548b70
0x00000000287dc1e0:   000000002605b1f8 0000000000000000
0x00000000287dc1f0:   00000000287dc2a0 000000006d0829c9
0x00000000287dc200:   000000002605b000 0000000786548b70
0x00000000287dc210:   000000002b5aecc8 000000002b912300
0x00000000287dc220:   000000002605b000 0000000786548b70
0x00000000287dc230:   000000002b5aecc8 000000000359b607
0x00000000287dc240:   000000000364df80 00000007c06c6d58
0x00000000287dc250:   0000000000000000 000000002b5aecc8
0x00000000287dc260:   0000000786548b70 00000000287dc368 

Instructions: (pc=0x000000007708d196)
0x000000007708d176:   25 f7 ff ff e9 8f 64 05 00 cc cc cc cc cc cc cc
0x000000007708d186:   cc cc cc cc cc cc cc cc cc cc 40 53 48 83 ec 20
0x000000007708d196:   f0 0f ba 71 08 00 48 8b d9 73 20 65 48 8b 04 25
0x000000007708d1a6:   30 00 00 00 48 8b 48 48 c7 43 0c 01 00 00 00 33 


Register to memory mapping:

RAX=0x0000000000000000 is an unknown value
RBX=0x0000000000000000 is an unknown value
RCX=0x29656d69745f6e69 is an unknown value
RDX=0x0000000000000000 is an unknown value
RSP=0x00000000287dc170 is pointing into the stack for thread: 0x000000002605b000
RBP=0x000000006d0b5560 is an unknown value
RSI=0x000000002b5b4f38 is an unknown value
RDI=0x000000002b5aecc8 is an unknown value
R8 =0x000000006d0b5560 is an unknown value
R9 =0x0000000000000000 is an unknown value
R10=0x0000000000000002 is an unknown value
R11=0x000000000364df80 is at entry_point+32 in (nmethod*)0x000000000364ddd0
R12=0x0000000000000000 is an unknown value
R13=0x00000000287dc290 is pointing into the stack for thread: 0x000000002605b000
R14=0x00000000287dc260 is pointing into the stack for thread: 0x000000002605b000
R15=0x000000002605b000 is a thread


Stack: [0x00000000286e0000,0x00000000287e0000],  sp=0x00000000287dc170,  free space=1008k
Native frames: (J=compiled Java code, j=interpreted, Vv=VM code, C=native code)
C  [ntdll.dll+0x2d196]
C  [sqlite-3.21.0.1-6cdf2b29-9c83-4285-8fff-09c24984029d-sqlitejdbc.dll+0x22089]
C  [sqlite-3.21.0.1-6cdf2b29-9c83-4285-8fff-09c24984029d-sqlitejdbc.dll+0x29c9]
C  0x000000000359b607

Java frames: (J=compiled Java code, j=interpreted, Vv=VM code)
J 6883  org.sqlite.core.NativeDB.column_name_utf8(JI)[B (0 bytes) @ 0x000000000359b4bb [0x000000000359b480+0x3b]
J 6881 C1 org.sqlite.core.NativeDB.column_name(JI)Ljava/lang/String; (10 bytes) @ 0x000000000359c10c [0x000000000359bfe0+0x12c]
J 7230 C1 org.sqlite.core.DB.column_names(J)[Ljava/lang/String; (38 bytes) @ 0x000000000364e12c [0x000000000364df60+0x1cc]
j  org.sqlite.core.CorePreparedStatement.<init>(Lorg/sqlite/SQLiteConnection;Ljava/lang/String;)V+30
j  org.sqlite.jdbc3.JDBC3PreparedStatement.<init>(Lorg/sqlite/SQLiteConnection;Ljava/lang/String;)V+3
j  org.sqlite.jdbc4.JDBC4PreparedStatement.<init>(Lorg/sqlite/SQLiteConnection;Ljava/lang/String;)V+3
j  org.sqlite.jdbc4.JDBC4Connection.prepareStatement(Ljava/lang/String;III)Ljava/sql/PreparedStatement;+21
j  org.sqlite.jdbc3.JDBC3Connection.prepareStatement(Ljava/lang/String;II)Ljava/sql/PreparedStatement;+5
j  org.sqlite.jdbc3.JDBC3Connection.prepareStatement(Ljava/lang/String;)Ljava/sql/PreparedStatement;+8
J 8083 C1 org.apache.commons.dbcp2.DelegatingConnection.prepareStatement(Ljava/lang/String;)Ljava/sql/PreparedStatement; (38 bytes) @ 0x00000000037c58ac [0x00000000037c57e0+0xcc]
J 8083 C1 org.apache.commons.dbcp2.DelegatingConnection.prepareStatement(Ljava/lang/String;)Ljava/sql/PreparedStatement; (38 bytes) @ 0x00000000037c58ac [0x00000000037c57e0+0xcc]
j  com.dongtech.utils.DB.selectBysql(Ljava/lang/String;)Ljava/sql/ResultSet;+15
j  com.dongtech.bs.mapper.PartyMapper.setMyChart3(Lcom/dongtech/data/MyChartsData;Ljava/lang/String;)V+1
j  com.dongtech.bs.mapper.PartyMapper.getmyChartsData(Z)Lcom/dongtech/data/MyChartsData;+17
j  com.dongtech.bs.service.impl.PartyServerimpl.getmyChartsData(Z)Lcom/dongtech/data/MyChartsData;+5
j  com.dongtech.bs.controller.ConsoleContrller.getData()Ljava/util/Map;+13
j  com.dongtech.bs.controller.ConsoleContrller$$FastClassBySpringCGLIB$$82228312.invoke(ILjava/lang/Object;[Ljava/lang/Object;)Ljava/lang/Object;+86
j  org.springframework.cglib.proxy.MethodProxy.invoke(Ljava/lang/Object;[Ljava/lang/Object;)Ljava/lang/Object;+19
j  org.springframework.aop.framework.CglibAopProxy$CglibMethodInvocation.invokeJoinpoint()Ljava/lang/Object;+19
j  org.springframework.aop.framework.ReflectiveMethodInvocation.proceed()Ljava/lang/Object;+19
j  org.springframework.aop.framework.adapter.MethodBeforeAdviceInterceptor.invoke(Lorg/aopalliance/intercept/MethodInvocation;)Ljava/lang/Object;+28
j  org.springframework.aop.framework.ReflectiveMethodInvocation.proceed()Ljava/lang/Object;+85
j  org.springframework.aop.aspectj.AspectJAfterThrowingAdvice.invoke(Lorg/aopalliance/intercept/MethodInvocation;)Ljava/lang/Object;+1
j  org.springframework.aop.framework.ReflectiveMethodInvocation.proceed()Ljava/lang/Object;+85
j  org.springframework.aop.interceptor.ExposeInvocationInterceptor.invoke(Lorg/aopalliance/intercept/MethodInvocation;)Ljava/lang/Object;+18
j  org.springframework.aop.framework.ReflectiveMethodInvocation.proceed()Ljava/lang/Object;+101
j  org.springframework.aop.framework.CglibAopProxy$DynamicAdvisedInterceptor.intercept(Ljava/lang/Object;Ljava/lang/reflect/Method;[Ljava/lang/Object;Lorg/springframework/cglib/proxy/MethodProxy;)Ljava/lang/Object;+133
j  com.dongtech.bs.controller.ConsoleContrller$$EnhancerBySpringCGLIB$$9eed27e7.getData()Ljava/util/Map;+31
v  ~StubRoutines::call_stub
J 1785  sun.reflect.NativeMethodAccessorImpl.invoke0(Ljava/lang/reflect/Method;Ljava/lang/Object;[Ljava/lang/Object;)Ljava/lang/Object; (0 bytes) @ 0x0000000002bcf93f [0x0000000002bcf8c0+0x7f]
J 1784 C1 sun.reflect.NativeMethodAccessorImpl.invoke(Ljava/lang/Object;[Ljava/lang/Object;)Ljava/lang/Object; (104 bytes) @ 0x0000000002bd011c [0x0000000002bcfd20+0x3fc]
J 1160 C1 sun.reflect.DelegatingMethodAccessorImpl.invoke(Ljava/lang/Object;[Ljava/lang/Object;)Ljava/lang/Object; (10 bytes) @ 0x0000000002ac2184 [0x0000000002ac2120+0x64]
J 1159 C1 java.lang.reflect.Method.invoke(Ljava/lang/Object;[Ljava/lang/Object;)Ljava/lang/Object; (62 bytes) @ 0x0000000002ac25dc [0x0000000002ac24a0+0x13c]
j  org.springframework.web.method.support.InvocableHandlerMethod.doInvoke([Ljava/lang/Object;)Ljava/lang/Object;+16
j  org.springframework.web.method.support.InvocableHandlerMethod.invokeForRequest(Lorg/springframework/web/context/request/NativeWebRequest;Lorg/springframework/web/method/support/ModelAndViewContainer;[Ljava/lang/Object;)Ljava/lang/Object;+75
j  org.springframework.web.servlet.mvc.method.annotation.ServletInvocableHandlerMethod.invokeAndHandle(Lorg/springframework/web/context/request/ServletWebRequest;Lorg/springframework/web/method/support/ModelAndViewContainer;[Ljava/lang/Object;)V+4
j  org.springframework.web.servlet.mvc.method.annotation.RequestMappingHandlerAdapter.invokeHandlerMethod(Ljavax/servlet/http/HttpServletRequest;Ljavax/servlet/http/HttpServletResponse;Lorg/springframework/web/method/HandlerMethod;)Lorg/springframework/web/servlet/ModelAndView;+276
j  org.springframework.web.servlet.mvc.method.annotation.RequestMappingHandlerAdapter.handleInternal(Ljavax/servlet/http/HttpServletRequest;Ljavax/servlet/http/HttpServletResponse;Lorg/springframework/web/method/HandlerMethod;)Lorg/springframework/web/servlet/ModelAndView;+81
j  org.springframework.web.servlet.mvc.method.AbstractHandlerMethodAdapter.handle(Ljavax/servlet/http/HttpServletRequest;Ljavax/servlet/http/HttpServletResponse;Ljava/lang/Object;)Lorg/springframework/web/servlet/ModelAndView;+7
j  org.springframework.web.servlet.DispatcherServlet.doDispatch(Ljavax/servlet/http/HttpServletRequest;Ljavax/servlet/http/HttpServletResponse;)V+310
j  org.springframework.web.servlet.DispatcherServlet.doService(Ljavax/servlet/http/HttpServletRequest;Ljavax/servlet/http/HttpServletResponse;)V+308
j  org.springframework.web.servlet.FrameworkServlet.processRequest(Ljavax/servlet/http/HttpServletRequest;Ljavax/servlet/http/HttpServletResponse;)V+71
j  org.springframework.web.servlet.FrameworkServlet.doPost(Ljavax/servlet/http/HttpServletRequest;Ljavax/servlet/http/HttpServletResponse;)V+3
j  javax.servlet.http.HttpServlet.service(Ljavax/servlet/http/HttpServletRequest;Ljavax/servlet/http/HttpServletResponse;)V+149
j  org.springframework.web.servlet.FrameworkServlet.service(Ljavax/servlet/http/HttpServletRequest;Ljavax/servlet/http/HttpServletResponse;)V+33
j  javax.servlet.http.HttpServlet.service(Ljavax/servlet/ServletRequest;Ljavax/servlet/ServletResponse;)V+30
J 7608 C1 org.apache.catalina.core.ApplicationFilterChain.internalDoFilter(Ljavax/servlet/ServletRequest;Ljavax/servlet/ServletResponse;)V (388 bytes) @ 0x000000000325871c [0x00000000032584e0+0x23c]
J 7607 C1 org.apache.catalina.core.ApplicationFilterChain.doFilter(Ljavax/servlet/ServletRequest;Ljavax/servlet/ServletResponse;)V (105 bytes) @ 0x000000000325a474 [0x000000000325a420+0x54]
j  org.apache.tomcat.websocket.server.WsFilter.doFilter(Ljavax/servlet/ServletRequest;Ljavax/servlet/ServletResponse;Ljavax/servlet/FilterChain;)V+21
J 7608 C1 org.apache.catalina.core.ApplicationFilterChain.internalDoFilter(Ljavax/servlet/ServletRequest;Ljavax/servlet/ServletResponse;)V (388 bytes) @ 0x000000000325897c [0x00000000032584e0+0x49c]
J 7607 C1 org.apache.catalina.core.ApplicationFilterChain.doFilter(Ljavax/servlet/ServletRequest;Ljavax/servlet/ServletResponse;)V (105 bytes) @ 0x000000000325a474 [0x000000000325a420+0x54]
j  org.springframework.web.filter.RequestContextFilter.doFilterInternal(Ljavax/servlet/http/HttpServletRequest;Ljavax/servlet/http/HttpServletResponse;Ljavax/servlet/FilterChain;)V+21
j  org.springframework.web.filter.OncePerRequestFilter.doFilter(Ljavax/servlet/ServletRequest;Ljavax/servlet/ServletResponse;Ljavax/servlet/FilterChain;)V+111
J 7608 C1 org.apache.catalina.core.ApplicationFilterChain.internalDoFilter(Ljavax/servlet/ServletRequest;Ljavax/servlet/ServletResponse;)V (388 bytes) @ 0x000000000325897c [0x00000000032584e0+0x49c]
J 7607 C1 org.apache.catalina.core.ApplicationFilterChain.doFilter(Ljavax/servlet/ServletRequest;Ljavax/servlet/ServletResponse;)V (105 bytes) @ 0x000000000325a474 [0x000000000325a420+0x54]
j  org.springframework.web.filter.HttpPutFormContentFilter.doFilterInternal(Ljavax/servlet/http/HttpServletRequest;Ljavax/servlet/http/HttpServletResponse;Ljavax/servlet/FilterChain;)V+95
j  org.springframework.web.filter.OncePerRequestFilter.doFilter(Ljavax/servlet/ServletRequest;Ljavax/servlet/ServletResponse;Ljavax/servlet/FilterChain;)V+111
J 7608 C1 org.apache.catalina.core.ApplicationFilterChain.internalDoFilter(Ljavax/servlet/ServletRequest;Ljavax/servlet/ServletResponse;)V (388 bytes) @ 0x000000000325897c [0x00000000032584e0+0x49c]
J 7607 C1 org.apache.catalina.core.ApplicationFilterChain.doFilter(Ljavax/servlet/ServletRequest;Ljavax/servlet/ServletResponse;)V (105 bytes) @ 0x000000000325a474 [0x000000000325a420+0x54]
j  org.springframework.web.filter.HiddenHttpMethodFilter.doFilterInternal(Ljavax/servlet/http/HttpServletRequest;Ljavax/servlet/http/HttpServletResponse;Ljavax/servlet/FilterChain;)V+87
j  org.springframework.web.filter.OncePerRequestFilter.doFilter(Ljavax/servlet/ServletRequest;Ljavax/servlet/ServletResponse;Ljavax/servlet/FilterChain;)V+111
J 7608 C1 org.apache.catalina.core.ApplicationFilterChain.internalDoFilter(Ljavax/servlet/ServletRequest;Ljavax/servlet/ServletResponse;)V (388 bytes) @ 0x000000000325897c [0x00000000032584e0+0x49c]
J 7607 C1 org.apache.catalina.core.ApplicationFilterChain.doFilter(Ljavax/servlet/ServletRequest;Ljavax/servlet/ServletResponse;)V (105 bytes) @ 0x000000000325a474 [0x000000000325a420+0x54]
j  org.springframework.web.filter.CharacterEncodingFilter.doFilterInternal(Ljavax/servlet/http/HttpServletRequest;Ljavax/servlet/http/HttpServletResponse;Ljavax/servlet/FilterChain;)V+53
j  org.springframework.web.filter.OncePerRequestFilter.doFilter(Ljavax/servlet/ServletRequest;Ljavax/servlet/ServletResponse;Ljavax/servlet/FilterChain;)V+111
J 7608 C1 org.apache.catalina.core.ApplicationFilterChain.internalDoFilter(Ljavax/servlet/ServletRequest;Ljavax/servlet/ServletResponse;)V (388 bytes) @ 0x000000000325897c [0x00000000032584e0+0x49c]
J 7607 C1 org.apache.catalina.core.ApplicationFilterChain.doFilter(Ljavax/servlet/ServletRequest;Ljavax/servlet/ServletResponse;)V (105 bytes) @ 0x000000000325a474 [0x000000000325a420+0x54]
j  org.apache.catalina.core.StandardWrapperValve.invoke(Lorg/apache/catalina/connector/Request;Lorg/apache/catalina/connector/Response;)V+688
j  org.apache.catalina.core.StandardContextValve.invoke(Lorg/apache/catalina/connector/Request;Lorg/apache/catalina/connector/Response;)V+166
j  org.apache.catalina.authenticator.AuthenticatorBase.invoke(Lorg/apache/catalina/connector/Request;Lorg/apache/catalina/connector/Response;)V+260
j  org.apache.catalina.core.StandardHostValve.invoke(Lorg/apache/catalina/connector/Request;Lorg/apache/catalina/connector/Response;)V+138
j  org.apache.catalina.valves.ErrorReportValve.invoke(Lorg/apache/catalina/connector/Request;Lorg/apache/catalina/connector/Response;)V+6
j  org.apache.catalina.core.StandardEngineValve.invoke(Lorg/apache/catalina/connector/Request;Lorg/apache/catalina/connector/Response;)V+71
j  org.apache.catalina.connector.CoyoteAdapter.service(Lorg/apache/coyote/Request;Lorg/apache/coyote/Response;)V+199
j  org.apache.coyote.http11.Http11Processor.service(Lorg/apache/tomcat/util/net/SocketWrapperBase;)Lorg/apache/tomcat/util/net/AbstractEndpoint$Handler$SocketState;+806
j  org.apache.coyote.AbstractProcessorLight.process(Lorg/apache/tomcat/util/net/SocketWrapperBase;Lorg/apache/tomcat/util/net/SocketEvent;)Lorg/apache/tomcat/util/net/AbstractEndpoint$Handler$SocketState;+113
j  org.apache.coyote.AbstractProtocol$ConnectionHandler.process(Lorg/apache/tomcat/util/net/SocketWrapperBase;Lorg/apache/tomcat/util/net/SocketEvent;)Lorg/apache/tomcat/util/net/AbstractEndpoint$Handler$SocketState;+414
j  org.apache.tomcat.util.net.NioEndpoint$SocketProcessor.doRun()V+191
j  org.apache.tomcat.util.net.SocketProcessorBase.run()V+21
j  java.util.concurrent.ThreadPoolExecutor.runWorker(Ljava/util/concurrent/ThreadPoolExecutor$Worker;)V+95
j  java.util.concurrent.ThreadPoolExecutor$Worker.run()V+5
j  org.apache.tomcat.util.threads.TaskThread$WrappingRunnable.run()V+4
j  java.lang.Thread.run()V+11
v  ~StubRoutines::call_stub

---------------  P R O C E S S  ---------------

Java Threads: ( => current thread )
  0x0000000026076000 JavaThread "Abandoned connection cleanup thread" daemon [_thread_blocked, id=13424, stack(0x0000000029120000,0x0000000029220000)]
  0x0000000026074800 JavaThread "DestroyJavaVM" [_thread_blocked, id=3804, stack(0x0000000002560000,0x0000000002660000)]
  0x0000000026074000 JavaThread "http-nio-8081-AsyncTimeout" daemon [_thread_blocked, id=768, stack(0x0000000029220000,0x0000000029320000)]
  0x0000000026060800 JavaThread "http-nio-8081-Acceptor-0" daemon [_thread_in_native, id=8600, stack(0x0000000028eb0000,0x0000000028fb0000)]
  0x000000002605f800 JavaThread "http-nio-8081-ClientPoller-1" daemon [_thread_in_native, id=13084, stack(0x0000000028fe0000,0x00000000290e0000)]
  0x000000002605f000 JavaThread "http-nio-8081-ClientPoller-0" daemon [_thread_in_native, id=14224, stack(0x0000000028da0000,0x0000000028ea0000)]
  0x000000002605e000 JavaThread "http-nio-8081-exec-10" daemon [_thread_blocked, id=16956, stack(0x0000000028bb0000,0x0000000028cb0000)]
  0x000000002605d800 JavaThread "http-nio-8081-exec-9" daemon [_thread_blocked, id=1728, stack(0x00000000285d0000,0x00000000286d0000)]
  0x000000002605c800 JavaThread "http-nio-8081-exec-8" daemon [_thread_blocked, id=15612, stack(0x0000000028990000,0x0000000028a90000)]
  0x000000002605c000 JavaThread "http-nio-8081-exec-7" daemon [_thread_blocked, id=16752, stack(0x0000000028890000,0x0000000028990000)]
=>0x000000002605b000 JavaThread "http-nio-8081-exec-6" daemon [_thread_in_native, id=10800, stack(0x00000000286e0000,0x00000000287e0000)]
  0x000000002605a800 JavaThread "http-nio-8081-exec-5" daemon [_thread_blocked, id=15212, stack(0x00000000278b0000,0x00000000279b0000)]
  0x0000000026059800 JavaThread "http-nio-8081-exec-4" daemon [_thread_blocked, id=16712, stack(0x0000000028430000,0x0000000028530000)]
  0x0000000020564800 JavaThread "http-nio-8081-exec-3" daemon [_thread_blocked, id=16836, stack(0x0000000027f20000,0x0000000028020000)]
  0x0000000020563800 JavaThread "http-nio-8081-exec-2" daemon [_thread_blocked, id=16864, stack(0x00000000282a0000,0x00000000283a0000)]
  0x0000000020563000 JavaThread "http-nio-8081-exec-1" daemon [_thread_blocked, id=1648, stack(0x0000000028140000,0x0000000028240000)]
  0x0000000020562000 JavaThread "NioBlockingSelector.BlockPoller-1" daemon [_thread_in_native, id=14672, stack(0x0000000028030000,0x0000000028130000)]
  0x0000000020561800 JavaThread "Live Reload Server" daemon [_thread_in_native, id=16024, stack(0x0000000027bc0000,0x0000000027cc0000)]
  0x00000000204a5000 JavaThread "File Watcher" daemon [_thread_blocked, id=16020, stack(0x00000000279e0000,0x0000000027ae0000)]
  0x00000000204a3000 JavaThread "container-0" [_thread_blocked, id=14196, stack(0x0000000027020000,0x0000000027120000)]
  0x00000000204a2000 JavaThread "ContainerBackgroundProcessor[StandardEngine[Tomcat]]" daemon [_thread_blocked, id=2968, stack(0x00000000271b0000,0x00000000272b0000)]
  0x000000002049f000 JavaThread "RMI Scheduler(0)" daemon [_thread_blocked, id=16724, stack(0x0000000024d90000,0x0000000024e90000)]
  0x000000001bef3000 JavaThread "AWT-EventQueue-0" [_thread_blocked, id=9632, stack(0x000000001fb80000,0x000000001fc80000)]
  0x000000001beb9000 JavaThread "AWT-Windows" daemon [_thread_in_native, id=8996, stack(0x000000001d4e0000,0x000000001d5e0000)]
  0x000000001beb8000 JavaThread "AWT-Shutdown" [_thread_blocked, id=16548, stack(0x000000001d390000,0x000000001d490000)]
  0x000000001beb7800 JavaThread "Java2D Disposer" daemon [_thread_blocked, id=16564, stack(0x000000001d260000,0x000000001d360000)]
  0x000000001be9a800 JavaThread "RMI TCP Accept-0" daemon [_thread_in_native, id=16396, stack(0x000000001cec0000,0x000000001cfc0000)]
  0x000000001bb2c000 JavaThread "Service Thread" daemon [_thread_blocked, id=8724, stack(0x000000001c8a0000,0x000000001c9a0000)]
  0x000000001bb1c000 JavaThread "C1 CompilerThread2" daemon [_thread_blocked, id=13248, stack(0x000000001c740000,0x000000001c840000)]
  0x000000001bb1b800 JavaThread "C2 CompilerThread1" daemon [_thread_blocked, id=11124, stack(0x000000001c500000,0x000000001c600000)]
  0x000000001bb1a800 JavaThread "C2 CompilerThread0" daemon [_thread_blocked, id=16708, stack(0x000000001c2b0000,0x000000001c3b0000)]
  0x000000001af1e800 JavaThread "JDWP Command Reader" daemon [_thread_in_native, id=16116, stack(0x000000001b940000,0x000000001ba40000)]
  0x000000001af0f800 JavaThread "JDWP Event Helper Thread" daemon [_thread_blocked, id=14056, stack(0x000000001b710000,0x000000001b810000)]
  0x000000001af05000 JavaThread "JDWP Transport Listener: dt_socket" daemon [_thread_blocked, id=11220, stack(0x000000001b470000,0x000000001b570000)]
  0x000000001aefa000 JavaThread "Attach Listener" daemon [_thread_blocked, id=13184, stack(0x000000001b5a0000,0x000000001b6a0000)]
  0x000000001aee3800 JavaThread "Signal Dispatcher" daemon [_thread_blocked, id=9232, stack(0x000000001b330000,0x000000001b430000)]
  0x0000000019b00800 JavaThread "Finalizer" daemon [_thread_blocked, id=15236, stack(0x000000001add0000,0x000000001aed0000)]
  0x0000000019ab9000 JavaThread "Reference Handler" daemon [_thread_blocked, id=2520, stack(0x000000001aa90000,0x000000001ab90000)]

Other Threads:
  0x0000000019ab1000 VMThread [stack: 0x000000001abb0000,0x000000001acb0000] [id=14504]
  0x000000001bea5800 WatcherThread [stack: 0x000000001cc00000,0x000000001cd00000] [id=10336]

VM state:not at safepoint (normal execution)

VM Mutex/Monitor currently owned by a thread: None

Heap:
 PSYoungGen      total 328704K, used 154941K [0x0000000780800000, 0x0000000797600000, 0x00000007c0000000)
  eden space 298496K, 46% used [0x0000000780800000,0x0000000789033a70,0x0000000792b80000)
  from space 30208K, 51% used [0x0000000792b80000,0x0000000793a9ba70,0x0000000794900000)
  to   space 29696K, 0% used [0x0000000795900000,0x0000000795900000,0x0000000797600000)
 ParOldGen       total 223232K, used 35531K [0x0000000701800000, 0x000000070f200000, 0x0000000780800000)
  object space 223232K, 15% used [0x0000000701800000,0x0000000703ab2ca0,0x000000070f200000)
 Metaspace       used 56556K, capacity 59376K, committed 59540K, reserved 1101824K
  class space    used 7170K, capacity 7599K, committed 7680K, reserved 1048576K

Card table byte_map: [0x0000000011b90000,0x0000000012190000] byte_map_base: 0x000000000e384000

Marking Bits: (ParMarkBitMap*) 0x0000000070e1b6d0
 Begin Bits: [0x0000000012be0000, 0x0000000015b80000)
 End Bits:   [0x0000000015b80000, 0x0000000018b20000)

Polling page: 0x0000000000330000

CodeCache: size=245760Kb used=16711Kb max_used=16711Kb free=229048Kb
 bounds [0x00000000027d0000, 0x0000000003830000, 0x00000000117d0000]
 total_blobs=8761 nmethods=8092 adapters=587
 compilation: enabled

Compilation events (10 events):
Event: 247.004 Thread 0x000000001bb1c000 8243       1       org.springframework.core.MethodParameter::hashCode (16 bytes)
Event: 247.004 Thread 0x000000001bb1c000 nmethod 8243 0x00000000038212d0 code [0x0000000003821420, 0x0000000003821568]
Event: 247.004 Thread 0x000000001bb1c000 8244       1       com.google.gson.internal.bind.TypeAdapters::newFactory (10 bytes)
Event: 247.004 Thread 0x000000001bb1c000 nmethod 8244 0x0000000003821610 code [0x0000000003821760, 0x00000000038218d0]
Event: 247.004 Thread 0x000000001bb1c000 8245       1       com.google.gson.internal.bind.TypeAdapters$32::<init> (15 bytes)
Event: 247.004 Thread 0x000000001bb1c000 nmethod 8245 0x0000000003821950 code [0x0000000003821aa0, 0x0000000003821bd0]
Event: 247.004 Thread 0x000000001bb1c000 8246       1       org.apache.catalina.connector.RequestFacade::getHeaders (54 bytes)
Event: 247.005 Thread 0x000000001bb1c000 nmethod 8246 0x0000000003821c50 code [0x0000000003821de0, 0x00000000038220a8]
Event: 247.131 Thread 0x000000001bb1c000 8247       1       sun.nio.cs.ext.GBK::historicalName (3 bytes)
Event: 247.131 Thread 0x000000001bb1c000 nmethod 8247 0x00000000038222d0 code [0x0000000003822420, 0x0000000003822530]

GC Heap History (10 events):
Event: 39.253 GC heap before
{Heap before GC invocations=18 (full 3):
 PSYoungGen      total 271360K, used 9239K [0x0000000780800000, 0x0000000795700000, 0x00000007c0000000)
  eden space 240128K, 0% used [0x0000000780800000,0x0000000780800000,0x000000078f280000)
  from space 31232K, 29% used [0x000000078f280000,0x000000078fb85f40,0x0000000791100000)
  to   space 30720K, 0% used [0x0000000793900000,0x0000000793900000,0x0000000795700000)
 ParOldGen       total 143872K, used 49425K [0x0000000701800000, 0x000000070a480000, 0x0000000780800000)
  object space 143872K, 34% used [0x0000000701800000,0x0000000704844470,0x000000070a480000)
 Metaspace       used 56375K, capacity 58826K, committed 59028K, reserved 1101824K
  class space    used 7154K, capacity 7576K, committed 7680K, reserved 1048576K
Event: 39.613 GC heap after
Heap after GC invocations=18 (full 3):
 PSYoungGen      total 271360K, used 0K [0x0000000780800000, 0x0000000795700000, 0x00000007c0000000)
  eden space 240128K, 0% used [0x0000000780800000,0x0000000780800000,0x000000078f280000)
  from space 31232K, 0% used [0x000000078f280000,0x000000078f280000,0x0000000791100000)
  to   space 30720K, 0% used [0x0000000793900000,0x0000000793900000,0x0000000795700000)
 ParOldGen       total 223232K, used 35515K [0x0000000701800000, 0x000000070f200000, 0x0000000780800000)
  object space 223232K, 15% used [0x0000000701800000,0x0000000703aaeca0,0x000000070f200000)
 Metaspace       used 56341K, capacity 58772K, committed 59028K, reserved 1101824K
  class space    used 7149K, capacity 7567K, committed 7680K, reserved 1048576K
}
Event: 72.516 GC heap before
{Heap before GC invocations=19 (full 3):
 PSYoungGen      total 271360K, used 239916K [0x0000000780800000, 0x0000000795700000, 0x00000007c0000000)
  eden space 240128K, 99% used [0x0000000780800000,0x000000078f24b098,0x000000078f280000)
  from space 31232K, 0% used [0x000000078f280000,0x000000078f280000,0x0000000791100000)
  to   space 30720K, 0% used [0x0000000793900000,0x0000000793900000,0x0000000795700000)
 ParOldGen       total 223232K, used 35515K [0x0000000701800000, 0x000000070f200000, 0x0000000780800000)
  object space 223232K, 15% used [0x0000000701800000,0x0000000703aaeca0,0x000000070f200000)
 Metaspace       used 56469K, capacity 59090K, committed 59284K, reserved 1101824K
  class space    used 7163K, capacity 7590K, committed 7680K, reserved 1048576K
Event: 72.525 GC heap after
Heap after GC invocations=19 (full 3):
 PSYoungGen      total 305152K, used 9445K [0x0000000780800000, 0x0000000795280000, 0x00000007c0000000)
  eden space 279040K, 0% used [0x0000000780800000,0x0000000780800000,0x0000000791880000)
  from space 26112K, 36% used [0x0000000793900000,0x00000007942397d8,0x0000000795280000)
  to   space 29696K, 0% used [0x0000000791880000,0x0000000791880000,0x0000000793580000)
 ParOldGen       total 223232K, used 35523K [0x0000000701800000, 0x000000070f200000, 0x0000000780800000)
  object space 223232K, 15% used [0x0000000701800000,0x0000000703ab0ca0,0x000000070f200000)
 Metaspace       used 56469K, capacity 59090K, committed 59284K, reserved 1101824K
  class space    used 7163K, capacity 7590K, committed 7680K, reserved 1048576K
}
Event: 135.003 GC heap before
{Heap before GC invocations=20 (full 3):
 PSYoungGen      total 305152K, used 284854K [0x0000000780800000, 0x0000000795280000, 0x00000007c0000000)
  eden space 279040K, 98% used [0x0000000780800000,0x00000007914f4408,0x0000000791880000)
  from space 26112K, 36% used [0x0000000793900000,0x00000007942397d8,0x0000000795280000)
  to   space 29696K, 0% used [0x0000000791880000,0x0000000791880000,0x0000000793580000)
 ParOldGen       total 223232K, used 35523K [0x0000000701800000, 0x000000070f200000, 0x0000000780800000)
  object space 223232K, 15% used [0x0000000701800000,0x0000000703ab0ca0,0x000000070f200000)
 Metaspace       used 56493K, capacity 59166K, committed 59284K, reserved 1101824K
  class space    used 7166K, capacity 7593K, committed 7680K, reserved 1048576K
Event: 135.012 GC heap after
Heap after GC invocations=20 (full 3):
 PSYoungGen      total 308736K, used 18362K [0x0000000780800000, 0x0000000796a80000, 0x00000007c0000000)
  eden space 279040K, 0% used [0x0000000780800000,0x0000000780800000,0x0000000791880000)
  from space 29696K, 61% used [0x0000000791880000,0x0000000792a6e8b0,0x0000000793580000)
  to   space 29696K, 0% used [0x0000000794d80000,0x0000000794d80000,0x0000000796a80000)
 ParOldGen       total 223232K, used 35523K [0x0000000701800000, 0x000000070f200000, 0x0000000780800000)
  object space 223232K, 15% used [0x0000000701800000,0x0000000703ab0ca0,0x000000070f200000)
 Metaspace       used 56493K, capacity 59166K, committed 59284K, reserved 1101824K
  class space    used 7166K, capacity 7593K, committed 7680K, reserved 1048576K
}
Event: 190.360 GC heap before
{Heap before GC invocations=21 (full 3):
 PSYoungGen      total 308736K, used 297402K [0x0000000780800000, 0x0000000796a80000, 0x00000007c0000000)
  eden space 279040K, 100% used [0x0000000780800000,0x0000000791880000,0x0000000791880000)
  from space 29696K, 61% used [0x0000000791880000,0x0000000792a6e8b0,0x0000000793580000)
  to   space 29696K, 0% used [0x0000000794d80000,0x0000000794d80000,0x0000000796a80000)
 ParOldGen       total 223232K, used 35523K [0x0000000701800000, 0x000000070f200000, 0x0000000780800000)
  object space 223232K, 15% used [0x0000000701800000,0x0000000703ab0ca0,0x000000070f200000)
 Metaspace       used 56494K, capacity 59166K, committed 59284K, reserved 1101824K
  class space    used 7166K, capacity 7593K, committed 7680K, reserved 1048576K
Event: 190.365 GC heap after
Heap after GC invocations=21 (full 3):
 PSYoungGen      total 324096K, used 1823K [0x0000000780800000, 0x0000000796680000, 0x00000007c0000000)
  eden space 298496K, 0% used [0x0000000780800000,0x0000000780800000,0x0000000792b80000)
  from space 25600K, 7% used [0x0000000794d80000,0x0000000794f47fb8,0x0000000796680000)
  to   space 30208K, 0% used [0x0000000792b80000,0x0000000792b80000,0x0000000794900000)
 ParOldGen       total 223232K, used 35531K [0x0000000701800000, 0x000000070f200000, 0x0000000780800000)
  object space 223232K, 15% used [0x0000000701800000,0x0000000703ab2ca0,0x000000070f200000)
 Metaspace       used 56494K, capacity 59166K, committed 59284K, reserved 1101824K
  class space    used 7166K, capacity 7593K, committed 7680K, reserved 1048576K
}
Event: 228.916 GC heap before
{Heap before GC invocations=22 (full 3):
 PSYoungGen      total 324096K, used 295924K [0x0000000780800000, 0x0000000796680000, 0x00000007c0000000)
  eden space 298496K, 98% used [0x0000000780800000,0x0000000792735358,0x0000000792b80000)
  from space 25600K, 7% used [0x0000000794d80000,0x0000000794f47fb8,0x0000000796680000)
  to   space 30208K, 0% used [0x0000000792b80000,0x0000000792b80000,0x0000000794900000)
 ParOldGen       total 223232K, used 35531K [0x0000000701800000, 0x000000070f200000, 0x0000000780800000)
  object space 223232K, 15% used [0x0000000701800000,0x0000000703ab2ca0,0x000000070f200000)
 Metaspace       used 56537K, capacity 59306K, committed 59540K, reserved 1101824K
  class space    used 7168K, capacity 7597K, committed 7680K, reserved 1048576K
Event: 228.927 GC heap after
Heap after GC invocations=22 (full 3):
 PSYoungGen      total 328704K, used 15470K [0x0000000780800000, 0x0000000797600000, 0x00000007c0000000)
  eden space 298496K, 0% used [0x0000000780800000,0x0000000780800000,0x0000000792b80000)
  from space 30208K, 51% used [0x0000000792b80000,0x0000000793a9ba70,0x0000000794900000)
  to   space 29696K, 0% used [0x0000000795900000,0x0000000795900000,0x0000000797600000)
 ParOldGen       total 223232K, used 35531K [0x0000000701800000, 0x000000070f200000, 0x0000000780800000)
  object space 223232K, 15% used [0x0000000701800000,0x0000000703ab2ca0,0x000000070f200000)
 Metaspace       used 56537K, capacity 59306K, committed 59540K, reserved 1101824K
  class space    used 7168K, capacity 7597K, committed 7680K, reserved 1048576K
}

Deoptimization events (0 events):
No events

Internal exceptions (10 events):
Event: 230.561 Thread 0x000000002605c000 Exception <a 'java/security/PrivilegedActionException'> (0x0000000783fc3bc8) thrown at [C:\re\workspace\8-2-build-windows-amd64-cygwin\jdk8u121\8372\hotspot\src\share\vm\prims\jvm.cpp, line 1390]
Event: 230.562 Thread 0x000000002605c000 Exception <a 'java/security/PrivilegedActionException'> (0x0000000783fc41a8) thrown at [C:\re\workspace\8-2-build-windows-amd64-cygwin\jdk8u121\8372\hotspot\src\share\vm\prims\jvm.cpp, line 1390]
Event: 230.567 Thread 0x000000002605c000 Exception <a 'java/security/PrivilegedActionException'> (0x0000000784051938) thrown at [C:\re\workspace\8-2-build-windows-amd64-cygwin\jdk8u121\8372\hotspot\src\share\vm\prims\jvm.cpp, line 1390]
Event: 230.567 Thread 0x000000002605c000 Exception <a 'java/security/PrivilegedActionException'> (0x0000000784052100) thrown at [C:\re\workspace\8-2-build-windows-amd64-cygwin\jdk8u121\8372\hotspot\src\share\vm\prims\jvm.cpp, line 1390]
Event: 230.568 Thread 0x000000002605c000 Exception <a 'java/security/PrivilegedActionException'> (0x000000078405c858) thrown at [C:\re\workspace\8-2-build-windows-amd64-cygwin\jdk8u121\8372\hotspot\src\share\vm\prims\jvm.cpp, line 1390]
Event: 230.568 Thread 0x000000002605c000 Exception <a 'java/security/PrivilegedActionException'> (0x000000078405d020) thrown at [C:\re\workspace\8-2-build-windows-amd64-cygwin\jdk8u121\8372\hotspot\src\share\vm\prims\jvm.cpp, line 1390]
Event: 230.584 Thread 0x000000002605c000 Exception <a 'java/security/PrivilegedActionException'> (0x0000000784283860) thrown at [C:\re\workspace\8-2-build-windows-amd64-cygwin\jdk8u121\8372\hotspot\src\share\vm\prims\jvm.cpp, line 1390]
Event: 230.584 Thread 0x000000002605c000 Exception <a 'java/security/PrivilegedActionException'> (0x0000000784284028) thrown at [C:\re\workspace\8-2-build-windows-amd64-cygwin\jdk8u121\8372\hotspot\src\share\vm\prims\jvm.cpp, line 1390]
Event: 230.585 Thread 0x000000002605c000 Exception <a 'java/security/PrivilegedActionException'> (0x000000078428e5e0) thrown at [C:\re\workspace\8-2-build-windows-amd64-cygwin\jdk8u121\8372\hotspot\src\share\vm\prims\jvm.cpp, line 1390]
Event: 230.585 Thread 0x000000002605c000 Exception <a 'java/security/PrivilegedActionException'> (0x000000078428eda8) thrown at [C:\re\workspace\8-2-build-windows-amd64-cygwin\jdk8u121\8372\hotspot\src\share\vm\prims\jvm.cpp, line 1390]

Events (10 events):
Event: 247.129 Executing VM operation: RevokeBias
Event: 247.129 Executing VM operation: RevokeBias done
Event: 247.130 Executing VM operation: RevokeBias
Event: 247.130 Executing VM operation: RevokeBias done
Event: 247.130 Executing VM operation: RevokeBias
Event: 247.130 Executing VM operation: RevokeBias done
Event: 247.131 Executing VM operation: RevokeBias
Event: 247.131 Executing VM operation: RevokeBias done
Event: 247.131 Executing VM operation: RevokeBias
Event: 247.131 Executing VM operation: RevokeBias done


Dynamic libraries:
0x000000013f7b0000 - 0x000000013f7e7000 	C:\Program Files\Java\jdk1.8.0_121\bin\java.exe
0x0000000077060000 - 0x00000000771ff000 	C:\Windows\SYSTEM32\ntdll.dll
0x0000000076be0000 - 0x0000000076cff000 	C:\Windows\system32\kernel32.dll
0x000007fefd810000 - 0x000007fefd87a000 	C:\Windows\system32\KERNELBASE.dll
0x000007feff270000 - 0x000007feff34b000 	C:\Windows\system32\ADVAPI32.dll
0x000007fefee60000 - 0x000007fefeeff000 	C:\Windows\system32\msvcrt.dll
0x000007fefe090000 - 0x000007fefe0af000 	C:\Windows\SYSTEM32\sechost.dll
0x000007feff140000 - 0x000007feff26c000 	C:\Windows\system32\RPCRT4.dll
0x0000000076ae0000 - 0x0000000076bda000 	C:\Windows\system32\USER32.dll
0x000007fefd950000 - 0x000007fefd9b7000 	C:\Windows\system32\GDI32.dll
0x000007fefef80000 - 0x000007fefef8e000 	C:\Windows\system32\LPK.dll
0x000007fefd880000 - 0x000007fefd94b000 	C:\Windows\system32\USP10.dll
0x000007fefd060000 - 0x000007fefd254000 	C:\Windows\WinSxS\amd64_microsoft.windows.common-controls_6595b64144ccf1df_6.0.7601.18837_none_fa3b1e3d17594757\COMCTL32.dll
0x000007fefdf20000 - 0x000007fefdf91000 	C:\Windows\system32\SHLWAPI.dll
0x000007fefef50000 - 0x000007fefef7e000 	C:\Windows\system32\IMM32.DLL
0x000007feff030000 - 0x000007feff139000 	C:\Windows\system32\MSCTF.dll
0x000000006d5a0000 - 0x000000006d672000 	C:\Program Files\Java\jdk1.8.0_121\jre\bin\msvcr100.dll
0x0000000070600000 - 0x0000000070e9b000 	C:\Program Files\Java\jdk1.8.0_121\jre\bin\server\jvm.dll
0x000007fee9b60000 - 0x000007fee9b69000 	C:\Windows\system32\WSOCK32.dll
0x000007fefef00000 - 0x000007fefef4d000 	C:\Windows\system32\WS2_32.dll
0x000007fefe080000 - 0x000007fefe088000 	C:\Windows\system32\NSI.dll
0x000007fefb010000 - 0x000007fefb04b000 	C:\Windows\system32\WINMM.dll
0x000007fefc290000 - 0x000007fefc29c000 	C:\Windows\system32\VERSION.dll
0x0000000077210000 - 0x0000000077217000 	C:\Windows\system32\PSAPI.DLL
0x0000000070070000 - 0x000000007007f000 	C:\Program Files\Java\jdk1.8.0_121\jre\bin\verify.dll
0x0000000070040000 - 0x0000000070069000 	C:\Program Files\Java\jdk1.8.0_121\jre\bin\java.dll
0x000000006c770000 - 0x000000006c7a5000 	C:\Program Files\Java\jdk1.8.0_121\jre\bin\jdwp.dll
0x0000000073130000 - 0x0000000073138000 	C:\Program Files\Java\jdk1.8.0_121\jre\bin\npt.dll
0x000000006c740000 - 0x000000006c763000 	C:\Program Files\Java\jdk1.8.0_121\jre\bin\instrument.dll
0x000000006fdb0000 - 0x000000006fdc6000 	C:\Program Files\Java\jdk1.8.0_121\jre\bin\zip.dll
0x000007fefe0d0000 - 0x000007fefee5a000 	C:\Windows\system32\SHELL32.dll
0x000007fefdd20000 - 0x000007fefdf1f000 	C:\Windows\system32\ole32.dll
0x000007fefd4b0000 - 0x000007fefd4bf000 	C:\Windows\system32\profapi.dll
0x000000006d590000 - 0x000000006d599000 	C:\Program Files\Java\jdk1.8.0_121\jre\bin\dt_socket.dll
0x000007fefc990000 - 0x000007fefc9e5000 	C:\Windows\system32\mswsock.dll
0x000007fefc3d0000 - 0x000007fefc3d7000 	C:\Windows\System32\wshtcpip.dll
0x000000006c310000 - 0x000000006c32a000 	C:\Program Files\Java\jdk1.8.0_121\jre\bin\net.dll
0x000007fefc980000 - 0x000007fefc987000 	C:\Windows\System32\wship6.dll
0x000007fef9930000 - 0x000007fef995f000 	C:\Program Files (x86)\Sangfor\SSL\ClientComponent\SangforNspX64.dll
0x000007fefdba0000 - 0x000007fefdc7b000 	C:\Windows\system32\OLEAUT32.dll
0x000007fefc810000 - 0x000007fefc86b000 	C:\Windows\system32\DNSAPI.dll
0x000007fefac10000 - 0x000007fefac37000 	C:\Windows\system32\IPHLPAPI.DLL
0x000007fefacd0000 - 0x000007fefacdb000 	C:\Windows\system32\WINNSI.DLL
0x000007fef9920000 - 0x000007fef9928000 	C:\Windows\system32\rasadhlp.dll
0x000007fefac70000 - 0x000007fefacc3000 	C:\Windows\System32\fwpuclnt.dll
0x0000000073040000 - 0x000000007304d000 	C:\Program Files\Java\jdk1.8.0_121\jre\bin\management.dll
0x0000000069a70000 - 0x0000000069a81000 	C:\Program Files\Java\jdk1.8.0_121\jre\bin\nio.dll
0x000007fefc9f0000 - 0x000007fefca08000 	C:\Windows\system32\CRYPTSP.dll
0x000007fefc6f0000 - 0x000007fefc737000 	C:\Windows\system32\rsaenh.dll
0x000007fefc4f0000 - 0x000007fefc50e000 	C:\Windows\system32\USERENV.dll
0x000007fefd3a0000 - 0x000007fefd3af000 	C:\Windows\system32\CRYPTBASE.dll
0x000007fefab90000 - 0x000007fefaba8000 	C:\Windows\system32\dhcpcsvc.DLL
0x000007fefab70000 - 0x000007fefab81000 	C:\Windows\system32\dhcpcsvc6.DLL
0x000007fefb0e0000 - 0x000007fefb0f5000 	C:\Windows\system32\NLAapi.dll
0x000007fefafe0000 - 0x000007fefaff5000 	C:\Windows\system32\napinsp.dll
0x000007fefafc0000 - 0x000007fefafd9000 	C:\Windows\system32\pnrpnsp.dll
0x000007fefb310000 - 0x000007fefb31b000 	C:\Windows\System32\winrnr.dll
0x000007fefacf0000 - 0x000007fefad00000 	C:\Windows\system32\wshbth.dll
0x0000000067690000 - 0x0000000067828000 	C:\Program Files\Java\jdk1.8.0_121\jre\bin\awt.dll
0x000007fefc2a0000 - 0x000007fefc2b8000 	C:\Windows\system32\DWMAPI.DLL
0x000007fedc570000 - 0x000007fedc68d000 	C:\Windows\system32\opengl32.dll
0x000007fedc540000 - 0x000007fedc56d000 	C:\Windows\system32\GLU32.dll
0x000007fedc440000 - 0x000007fedc531000 	C:\Windows\system32\DDRAW.dll
0x000007fee32b0000 - 0x000007fee32b8000 	C:\Windows\system32\DCIMAN32.dll
0x000007fefd9c0000 - 0x000007fefdb97000 	C:\Windows\system32\SETUPAPI.dll
0x000007fefd7d0000 - 0x000007fefd806000 	C:\Windows\system32\CFGMGR32.dll
0x000007fefd7b0000 - 0x000007fefd7ca000 	C:\Windows\system32\DEVOBJ.dll
0x000007fefbc10000 - 0x000007fefbc66000 	C:\Windows\system32\uxtheme.dll
0x000007fefd340000 - 0x000007fefd397000 	C:\Windows\system32\apphelp.dll
0x000007fef8f70000 - 0x000007fef97fd000 	C:\Windows\system32\SOGOUPY.IME
0x000007fefa790000 - 0x000007fefa797000 	C:\Windows\system32\MSIMG32.dll
0x000007fef8ed0000 - 0x000007fef8f41000 	C:\Windows\system32\WINHTTP.dll
0x000007fef8e60000 - 0x000007fef8ec5000 	C:\Windows\system32\webio.dll
0x000007fefaf30000 - 0x000007fefaf84000 	C:\Windows\system32\OLEACC.dll
0x000007fefc280000 - 0x000007fefc283000 	C:\Windows\system32\api-ms-win-core-synch-l1-2-0.DLL
0x000007fefb230000 - 0x000007fefb25d000 	C:\Windows\system32\ntmarta.dll
0x000007fefdfa0000 - 0x000007fefdff2000 	C:\Windows\system32\WLDAP32.dll
0x000007fee96d0000 - 0x000007fee9939000 	C:\Program Files (x86)\SogouInput\Components\PicFace\1.1.0.1867\PicFace64.dll
0x000007fefef90000 - 0x000007feff027000 	C:\Windows\system32\COMDLG32.dll
0x000000006c6f0000 - 0x000000006c737000 	C:\Program Files\Java\jdk1.8.0_121\jre\bin\fontmanager.dll
0x000000006c6a0000 - 0x000000006c6e2000 	C:\Program Files\Java\jdk1.8.0_121\jre\bin\t2k.dll
0x000000001f9d0000 - 0x000000001faed000 	C:\Program Files (x86)\SogouInput\9.6.0.3568\Resource.dll
0x000000006c670000 - 0x000000006c69a000 	C:\Program Files\Java\jdk1.8.0_121\jre\bin\dcpr.dll
0x0000000180000000 - 0x000000018020e000 	D:\tomcat\apache-tomcat-8.5.23\bin\tcnative-1.dll
0x000000006d080000 - 0x000000006d175000 	C:\Users\Administrator\AppData\Local\Temp\sqlite-3.21.0.1-6cdf2b29-9c83-4285-8fff-09c24984029d-sqlitejdbc.dll
0x000000001e280000 - 0x000000001e2d4000 	C:\Program Files\Java\jdk1.8.0_121\bin\HASPJava_x64.dll
0x0000000029830000 - 0x0000000029d90000 	C:\Program Files\Java\jdk1.8.0_121\bin\hasp_windows_x64_99459.dll
0x000007fefc3b0000 - 0x000007fefc3c1000 	C:\Windows\system32\WTSAPI32.DLL
0x000007fefb450000 - 0x000007fefb45b000 	C:\Windows\system32\HID.DLL
0x000007fefd310000 - 0x000007fefd335000 	C:\Windows\system32\SspiCli.dll
0x000007fefbc70000 - 0x000007fefbd9c000 	C:\Windows\system32\PROPSYS.dll
0x000007fefdc80000 - 0x000007fefdd19000 	C:\Windows\system32\CLBCatQ.DLL
0x000007fee9ff0000 - 0x000007feea115000 	C:\Windows\system32\dbghelp.dll

VM Arguments:
jvm_args: -agentlib:jdwp=transport=dt_socket,address=127.0.0.1:50912,suspend=y,server=n -XX:TieredStopAtLevel=1 -Xverify:none -Dspring.output.ansi.enabled=always -Dcom.sun.management.jmxremote -Dspring.liveBeansView.mbeanDomain -Dspring.application.admin.enabled=true -javaagent:D:\ideaIU-2018.1.1.win\lib\rt\debugger-agent.jar=file:/C:/Users/Administrator/AppData/Local/Temp/capture.props -Dfile.encoding=UTF-8 
java_command: com.dongtech.SpringbootJspApplication
java_class_path (initial): C:\Program Files\Java\jdk1.8.0_121\jre\lib\charsets.jar;C:\Program Files\Java\jdk1.8.0_121\jre\lib\deploy.jar;C:\Program Files\Java\jdk1.8.0_121\jre\lib\ext\access-bridge-64.jar;C:\Program Files\Java\jdk1.8.0_121\jre\lib\ext\cldrdata.jar;C:\Program Files\Java\jdk1.8.0_121\jre\lib\ext\dnsns.jar;C:\Program Files\Java\jdk1.8.0_121\jre\lib\ext\jaccess.jar;C:\Program Files\Java\jdk1.8.0_121\jre\lib\ext\jfxrt.jar;C:\Program Files\Java\jdk1.8.0_121\jre\lib\ext\localedata.jar;C:\Program Files\Java\jdk1.8.0_121\jre\lib\ext\nashorn.jar;C:\Program Files\Java\jdk1.8.0_121\jre\lib\ext\sunec.jar;C:\Program Files\Java\jdk1.8.0_121\jre\lib\ext\sunjce_provider.jar;C:\Program Files\Java\jdk1.8.0_121\jre\lib\ext\sunmscapi.jar;C:\Program Files\Java\jdk1.8.0_121\jre\lib\ext\sunpkcs11.jar;C:\Program Files\Java\jdk1.8.0_121\jre\lib\ext\zipfs.jar;C:\Program Files\Java\jdk1.8.0_121\jre\lib\javaws.jar;C:\Program Files\Java\jdk1.8.0_121\jre\lib\jce.jar;C:\Program Files\Java\jdk1.8.0_121\jre\lib\jfr.jar;C:\Program Files\Java\jdk1.8.0_121\jre\lib\jfxswt.jar;C:\Program Files\Java\jdk1.8.0_121\jre\lib\jsse.jar;C:\Program Files\Java\jdk1.8.0_121\jre\lib\management-agent.jar;C:\Program Files\Java\jdk1.8.0_121\jre\lib\plugin.jar;C:\Program Files\Java\jdk1.8.0_121\jre\lib\resources.jar;C:\Program Files\Java\jdk1.8.0_121\jre\lib\rt.jar;F:\Myeclipse 10\springboot-jsp-master\target\classes;C:\Users\Administrator\.m2\repository\org\springframework\boot\spring-boot-starter-jdbc\2.0.4.RELEASE\spring-boot-starter-jdbc-2.0.4.RELEASE.jar;C:\Users\Administrator\.m2\repository\org\springframework\boot\spring-boot-starter\2.0.4.RELEASE\spring-boot-starter-2.0.4.RELEASE.jar;C:\Users\Administrator\.m2\repository\org\springframework\boot\spring-boot-starter-logging\2.0.4.RELEASE\spring-boot-starter-logging-2.0.4.RELEASE.jar;C:\Users\Administrator\.m2\repository\ch\qos\logback\logback-classic\1.2.3\logback-classic-1.2.3.jar;C:\Users\Administrator\.m2\repository\ch\qos\logback\logback-cor
Launcher Type: SUN_STANDARD

Environment Variables:
JAVA_HOME=C:\Program Files\Java\jdk1.8.0_121
PATH=C:\Program Files (x86)\Common Files\Oracle\Java\javapath;C:\ProgramData\Oracle\Java\javapath;C:\Program Files (x86)\NetSarang\Xshell 6\;C:\Program Files (x86)\NetSarang\Xftp 6\;C:\Windows\system32;C:\Windows;C:\Windows\System32\Wbem;C:\Windows\System32\WindowsPowerShell\v1.0\;C:\Program Files\Git\cmd;C:\Program Files\Java\jdk1.8.0_121\bin;C:\Program Files\Java\jdk1.8.0_121\jre\bin;D:\tomcat\apache-tomcat-8.5.23\lib;D:\tomcat\apache-tomcat-8.5.23\bin;D:\maven\apache-maven-3.6.2-bin\apache-maven-3.6.2\bin;C:\Program Files\TortoiseSVN\bin;D:\neo4j\neo4j-community-3.5.12-windows\neo4j-community-3.5.12\bin;C:\Program Files\Microsoft SQL Server\Client SDK\ODBC\110\Tools\Binn\;C:\Program Files (x86)\Microsoft SQL Server\120\Tools\Binn\;C:\Program Files\Microsoft SQL Server\120\Tools\Binn\;C:\Program Files\Microsoft SQL Server\120\DTS\Binn\;C:\Users\Administrator\AppData\Local\Programs\Python\Python37\Scripts\;C:\Users\Administrator\AppData\Local\Programs\Python\Python37\;C:\Users\Administrator\AppData\Local\Programs\Fiddler
USERNAME=Administrator
OS=Windows_NT
PROCESSOR_IDENTIFIER=Intel64 Family 6 Model 61 Stepping 4, GenuineIntel



---------------  S Y S T E M  ---------------

OS: Windows 7 , 64 bit Build 7601 (6.1.7601.24408)

CPU:total 4 (2 cores per cpu, 2 threads per core) family 6 model 61 stepping 4, cmov, cx8, fxsr, mmx, sse, sse2, sse3, ssse3, sse4.1, sse4.2, popcnt, avx, avx2, aes, clmul, erms, 3dnowpref, lzcnt, ht, tsc, tscinvbit, bmi1, bmi2, adx

Memory: 4k page, physical 12480440k(1662740k free), swap 24958980k(8725712k free)

vm_info: Java HotSpot(TM) 64-Bit Server VM (25.121-b13) for windows-amd64 JRE (1.8.0_121-b13), built on Dec 12 2016 18:21:36 by "java_re" with MS VC++ 10.0 (VS2010)

time: Tue Mar 10 14:30:16 2020
elapsed time: 247 seconds (0d 0h 4m 7s)

