#
# A fatal error has been detected by the Java Runtime Environment:
#
#  EXCEPTION_ACCESS_VIOLATION (0xc0000005) at pc=0x000000001e10d977, pid=8752, tid=0x00000000000039b4
#
# JRE version: Java(TM) SE Runtime Environment (8.0_121-b13) (build 1.8.0_121-b13)
# Java VM: Java HotSpot(TM) 64-Bit Server VM (25.121-b13 mixed mode windows-amd64 compressed oops)
# Problematic frame:
# C  [sqlite-3.8.11.1-cb57cd3d-bf61-44f0-98c7-fc3526cadb78-sqlitejdbc.dll+0x5d977]
#
# Failed to write core dump. Minidumps are not enabled by default on client versions of Windows
#
# If you would like to submit a bug report, please visit:
#   http://bugreport.java.com/bugreport/crash.jsp
# The crash happened outside the Java Virtual Machine in native code.
# See problematic frame for where to report the bug.
#

---------------  T H R E A D  ---------------

Current thread (0x00000000213c8800):  JavaThread "http-nio-8081-exec-9" daemon [_thread_in_native, id=14772, stack(0x00000000287e0000,0x00000000288e0000)]

siginfo: ExceptionCode=0xc0000005, reading address 0x0000000000000018

Registers:
RAX=0x0000000000000000, RBX=0x00000000002b97a8, RCX=0x00000000002b97a8, RDX=0x00000000288dbfb0
RSP=0x00000000288dbea0, RBP=0x00000000288dbf80, RSI=0x0000000000000000, RDI=0x0000000003c1b45f
R8 =0x00000000002b97a8, R9 =0x000000001bc7a000, R10=0x0000000002948a4b, R11=0x000000006d66b820
R12=0x0000000000000000, R13=0x0000000021bed000, R14=0x00000000288dbfb0, R15=0x00000000213c8800
RIP=0x000000001e10d977, EFLAGS=0x0000000000010202

Top of Stack: (sp=0x00000000288dbea0)
0x00000000288dbea0:   000000001b83ea00 00000000213c8800
0x00000000288dbeb0:   00000007c0005d28 00000000288dbea8
0x00000000288dbec0:   00000000265bf260 000000006d4f7081
0x00000000288dbed0:   00000000288dc4f8 0000000021bed000
0x00000000288dbee0:   00000007c0005d28 0000000002948a77
0x00000000288dbef0:   0000000003c1b45f 0000000002948811
0x00000000288dbf00:   00000000213c8800 0000000021bed000
0x00000000288dbf10:   000000078368bca0 000000078368bcb8
0x00000000288dbf20:   000000078368bc70 00000000029487d9
0x00000000288dbf30:   0000000000000003 000000078368b1f0
0x00000000288dbf40:   00000000288dbf30 0000000021bed000
0x00000000288dbf50:   00000000288dbfb0 0000000021bf3750
0x00000000288dbf60:   0000000000000000 0000000021bed000
0x00000000288dbf70:   0000000000000000 00000000288dbfa0
0x00000000288dbf80:   00000000288dbff8 0000000002937da0
0x00000000288dbf90:   0000000000000000 00000000029419d6 

Instructions: (pc=0x000000001e10d977)
0x000000001e10d957:   5f c3 0f 1f 80 00 00 00 00 56 53 48 83 ec 38 31
0x000000001e10d967:   c0 48 85 c9 48 89 cb 0f 84 aa 00 00 00 48 8b 31
0x000000001e10d977:   48 8b 4e 18 48 85 c9 74 06 ff 15 62 a9 03 00 48
0x000000001e10d987:   83 bb b8 00 00 00 00 7e 16 48 8d 93 b8 00 00 00 


Register to memory mapping:

RAX=0x0000000000000000 is an unknown value
RBX=0x00000000002b97a8 is an unknown value
RCX=0x00000000002b97a8 is an unknown value
RDX=0x00000000288dbfb0 is pointing into the stack for thread: 0x00000000213c8800
RSP=0x00000000288dbea0 is pointing into the stack for thread: 0x00000000213c8800
RBP=0x00000000288dbf80 is pointing into the stack for thread: 0x00000000213c8800
RSI=0x0000000000000000 is an unknown value
RDI=0x0000000003c1b45f is an unknown value
R8 =0x00000000002b97a8 is an unknown value
R9 =0x000000001bc7a000 is an unknown value
R10=0x0000000002948a4b is at code_begin+1227 in an Interpreter codelet
method entry point (kind = native_synchronized)  [0x0000000002948580, 0x0000000002949060]  2784 bytes
R11=0x000000006d66b820 is an unknown value
R12=0x0000000000000000 is an unknown value
R13={method} {0x0000000021bed008} 'reset' '(J)I' in 'org/sqlite/core/NativeDB'
R14=0x00000000288dbfb0 is pointing into the stack for thread: 0x00000000213c8800
R15=0x00000000213c8800 is a thread


Stack: [0x00000000287e0000,0x00000000288e0000],  sp=0x00000000288dbea0,  free space=1007k
Native frames: (J=compiled Java code, j=interpreted, Vv=VM code, C=native code)
C  [sqlite-3.8.11.1-cb57cd3d-bf61-44f0-98c7-fc3526cadb78-sqlitejdbc.dll+0x5d977]
C  0x0000000002948a77

Java frames: (J=compiled Java code, j=interpreted, Vv=VM code)
j  org.sqlite.core.NativeDB.reset(J)I+0
j  org.sqlite.core.CoreResultSet.close()V+81
j  org.sqlite.jdbc3.JDBC3PreparedStatement.executeUpdate()I+25
j  org.apache.commons.dbcp2.DelegatingPreparedStatement.executeUpdate()I+25
j  org.apache.commons.dbcp2.DelegatingPreparedStatement.executeUpdate()I+25
j  com.dongtech.utils.DB.executeUpdate(Ljava/lang/String;)I+26
j  com.dongtech.bs.mapper.SysLogMapper.add(Lcom/dongtech/bs/entity/SyslogEntity;)I+101
j  com.dongtech.bs.service.impl.SysLogServiceImpl.add(Lcom/dongtech/bs/entity/SyslogEntity;)V+5
j  com.dongtech.syslog.SystemLogAspect.doBefore(Lorg/aspectj/lang/JoinPoint;)V+443
v  ~StubRoutines::call_stub
J 1728  sun.reflect.NativeMethodAccessorImpl.invoke0(Ljava/lang/reflect/Method;Ljava/lang/Object;[Ljava/lang/Object;)Ljava/lang/Object; (0 bytes) @ 0x0000000002cdc03f [0x0000000002cdbfc0+0x7f]
J 1727 C1 sun.reflect.NativeMethodAccessorImpl.invoke(Ljava/lang/Object;[Ljava/lang/Object;)Ljava/lang/Object; (104 bytes) @ 0x0000000002ce3264 [0x0000000002ce2ea0+0x3c4]
J 1209 C1 sun.reflect.DelegatingMethodAccessorImpl.invoke(Ljava/lang/Object;[Ljava/lang/Object;)Ljava/lang/Object; (10 bytes) @ 0x0000000002c1ac24 [0x0000000002c1abe0+0x44]
J 1208 C1 java.lang.reflect.Method.invoke(Ljava/lang/Object;[Ljava/lang/Object;)Ljava/lang/Object; (62 bytes) @ 0x0000000002c1a824 [0x0000000002c1a720+0x104]
j  org.springframework.aop.aspectj.AbstractAspectJAdvice.invokeAdviceMethodWithGivenArgs([Ljava/lang/Object;)Ljava/lang/Object;+35
j  org.springframework.aop.aspectj.AbstractAspectJAdvice.invokeAdviceMethod(Lorg/aspectj/weaver/tools/JoinPointMatch;Ljava/lang/Object;Ljava/lang/Throwable;)Ljava/lang/Object;+12
j  org.springframework.aop.aspectj.AspectJMethodBeforeAdvice.before(Ljava/lang/reflect/Method;[Ljava/lang/Object;Ljava/lang/Object;)V+7
j  org.springframework.aop.framework.adapter.MethodBeforeAdviceInterceptor.invoke(Lorg/aopalliance/intercept/MethodInvocation;)Ljava/lang/Object;+22
j  org.springframework.aop.framework.ReflectiveMethodInvocation.proceed()Ljava/lang/Object;+85
j  org.springframework.aop.aspectj.AspectJAfterThrowingAdvice.invoke(Lorg/aopalliance/intercept/MethodInvocation;)Ljava/lang/Object;+1
j  org.springframework.aop.framework.ReflectiveMethodInvocation.proceed()Ljava/lang/Object;+85
j  org.springframework.aop.interceptor.ExposeInvocationInterceptor.invoke(Lorg/aopalliance/intercept/MethodInvocation;)Ljava/lang/Object;+18
j  org.springframework.aop.framework.ReflectiveMethodInvocation.proceed()Ljava/lang/Object;+101
j  org.springframework.aop.framework.CglibAopProxy$DynamicAdvisedInterceptor.intercept(Ljava/lang/Object;Ljava/lang/reflect/Method;[Ljava/lang/Object;Lorg/springframework/cglib/proxy/MethodProxy;)Ljava/lang/Object;+133
j  com.dongtech.bs.controller.LoginContrller$$EnhancerBySpringCGLIB$$d2ccdb9e.login(Ljavax/servlet/http/HttpServletRequest;Ljavax/servlet/http/HttpServletResponse;)Ljava/lang/String;+40
v  ~StubRoutines::call_stub
J 1728  sun.reflect.NativeMethodAccessorImpl.invoke0(Ljava/lang/reflect/Method;Ljava/lang/Object;[Ljava/lang/Object;)Ljava/lang/Object; (0 bytes) @ 0x0000000002cdc03f [0x0000000002cdbfc0+0x7f]
J 1727 C1 sun.reflect.NativeMethodAccessorImpl.invoke(Ljava/lang/Object;[Ljava/lang/Object;)Ljava/lang/Object; (104 bytes) @ 0x0000000002ce3264 [0x0000000002ce2ea0+0x3c4]
J 1209 C1 sun.reflect.DelegatingMethodAccessorImpl.invoke(Ljava/lang/Object;[Ljava/lang/Object;)Ljava/lang/Object; (10 bytes) @ 0x0000000002c1ac24 [0x0000000002c1abe0+0x44]
J 1208 C1 java.lang.reflect.Method.invoke(Ljava/lang/Object;[Ljava/lang/Object;)Ljava/lang/Object; (62 bytes) @ 0x0000000002c1a824 [0x0000000002c1a720+0x104]
j  org.springframework.web.method.support.InvocableHandlerMethod.doInvoke([Ljava/lang/Object;)Ljava/lang/Object;+16
j  org.springframework.web.method.support.InvocableHandlerMethod.invokeForRequest(Lorg/springframework/web/context/request/NativeWebRequest;Lorg/springframework/web/method/support/ModelAndViewContainer;[Ljava/lang/Object;)Ljava/lang/Object;+75
j  org.springframework.web.servlet.mvc.method.annotation.ServletInvocableHandlerMethod.invokeAndHandle(Lorg/springframework/web/context/request/ServletWebRequest;Lorg/springframework/web/method/support/ModelAndViewContainer;[Ljava/lang/Object;)V+4
j  org.springframework.web.servlet.mvc.method.annotation.RequestMappingHandlerAdapter.invokeHandlerMethod(Ljavax/servlet/http/HttpServletRequest;Ljavax/servlet/http/HttpServletResponse;Lorg/springframework/web/method/HandlerMethod;)Lorg/springframework/web/servlet/ModelAndView;+276
j  org.springframework.web.servlet.mvc.method.annotation.RequestMappingHandlerAdapter.handleInternal(Ljavax/servlet/http/HttpServletRequest;Ljavax/servlet/http/HttpServletResponse;Lorg/springframework/web/method/HandlerMethod;)Lorg/springframework/web/servlet/ModelAndView;+81
j  org.springframework.web.servlet.mvc.method.AbstractHandlerMethodAdapter.handle(Ljavax/servlet/http/HttpServletRequest;Ljavax/servlet/http/HttpServletResponse;Ljava/lang/Object;)Lorg/springframework/web/servlet/ModelAndView;+7
j  org.springframework.web.servlet.DispatcherServlet.doDispatch(Ljavax/servlet/http/HttpServletRequest;Ljavax/servlet/http/HttpServletResponse;)V+310
j  org.springframework.web.servlet.DispatcherServlet.doService(Ljavax/servlet/http/HttpServletRequest;Ljavax/servlet/http/HttpServletResponse;)V+308
j  org.springframework.web.servlet.FrameworkServlet.processRequest(Ljavax/servlet/http/HttpServletRequest;Ljavax/servlet/http/HttpServletResponse;)V+71
j  org.springframework.web.servlet.FrameworkServlet.doGet(Ljavax/servlet/http/HttpServletRequest;Ljavax/servlet/http/HttpServletResponse;)V+3
j  javax.servlet.http.HttpServlet.service(Ljavax/servlet/http/HttpServletRequest;Ljavax/servlet/http/HttpServletResponse;)V+35
j  org.springframework.web.servlet.FrameworkServlet.service(Ljavax/servlet/http/HttpServletRequest;Ljavax/servlet/http/HttpServletResponse;)V+33
j  javax.servlet.http.HttpServlet.service(Ljavax/servlet/ServletRequest;Ljavax/servlet/ServletResponse;)V+30
j  org.apache.catalina.core.ApplicationFilterChain.internalDoFilter(Ljavax/servlet/ServletRequest;Ljavax/servlet/ServletResponse;)V+304
j  org.apache.catalina.core.ApplicationFilterChain.doFilter(Ljavax/servlet/ServletRequest;Ljavax/servlet/ServletResponse;)V+101
j  org.apache.tomcat.websocket.server.WsFilter.doFilter(Ljavax/servlet/ServletRequest;Ljavax/servlet/ServletResponse;Ljavax/servlet/FilterChain;)V+21
j  org.apache.catalina.core.ApplicationFilterChain.internalDoFilter(Ljavax/servlet/ServletRequest;Ljavax/servlet/ServletResponse;)V+135
j  org.apache.catalina.core.ApplicationFilterChain.doFilter(Ljavax/servlet/ServletRequest;Ljavax/servlet/ServletResponse;)V+101
j  org.springframework.web.filter.RequestContextFilter.doFilterInternal(Ljavax/servlet/http/HttpServletRequest;Ljavax/servlet/http/HttpServletResponse;Ljavax/servlet/FilterChain;)V+21
j  org.springframework.web.filter.OncePerRequestFilter.doFilter(Ljavax/servlet/ServletRequest;Ljavax/servlet/ServletResponse;Ljavax/servlet/FilterChain;)V+111
j  org.apache.catalina.core.ApplicationFilterChain.internalDoFilter(Ljavax/servlet/ServletRequest;Ljavax/servlet/ServletResponse;)V+135
j  org.apache.catalina.core.ApplicationFilterChain.doFilter(Ljavax/servlet/ServletRequest;Ljavax/servlet/ServletResponse;)V+101
j  org.springframework.web.filter.HttpPutFormContentFilter.doFilterInternal(Ljavax/servlet/http/HttpServletRequest;Ljavax/servlet/http/HttpServletResponse;Ljavax/servlet/FilterChain;)V+95
j  org.springframework.web.filter.OncePerRequestFilter.doFilter(Ljavax/servlet/ServletRequest;Ljavax/servlet/ServletResponse;Ljavax/servlet/FilterChain;)V+111
j  org.apache.catalina.core.ApplicationFilterChain.internalDoFilter(Ljavax/servlet/ServletRequest;Ljavax/servlet/ServletResponse;)V+135
j  org.apache.catalina.core.ApplicationFilterChain.doFilter(Ljavax/servlet/ServletRequest;Ljavax/servlet/ServletResponse;)V+101
j  org.springframework.web.filter.HiddenHttpMethodFilter.doFilterInternal(Ljavax/servlet/http/HttpServletRequest;Ljavax/servlet/http/HttpServletResponse;Ljavax/servlet/FilterChain;)V+87
j  org.springframework.web.filter.OncePerRequestFilter.doFilter(Ljavax/servlet/ServletRequest;Ljavax/servlet/ServletResponse;Ljavax/servlet/FilterChain;)V+111
j  org.apache.catalina.core.ApplicationFilterChain.internalDoFilter(Ljavax/servlet/ServletRequest;Ljavax/servlet/ServletResponse;)V+135
j  org.apache.catalina.core.ApplicationFilterChain.doFilter(Ljavax/servlet/ServletRequest;Ljavax/servlet/ServletResponse;)V+101
j  org.springframework.web.filter.CharacterEncodingFilter.doFilterInternal(Ljavax/servlet/http/HttpServletRequest;Ljavax/servlet/http/HttpServletResponse;Ljavax/servlet/FilterChain;)V+53
j  org.springframework.web.filter.OncePerRequestFilter.doFilter(Ljavax/servlet/ServletRequest;Ljavax/servlet/ServletResponse;Ljavax/servlet/FilterChain;)V+111
j  org.apache.catalina.core.ApplicationFilterChain.internalDoFilter(Ljavax/servlet/ServletRequest;Ljavax/servlet/ServletResponse;)V+135
j  org.apache.catalina.core.ApplicationFilterChain.doFilter(Ljavax/servlet/ServletRequest;Ljavax/servlet/ServletResponse;)V+101
j  org.apache.catalina.core.StandardWrapperValve.invoke(Lorg/apache/catalina/connector/Request;Lorg/apache/catalina/connector/Response;)V+688
j  org.apache.catalina.core.StandardContextValve.invoke(Lorg/apache/catalina/connector/Request;Lorg/apache/catalina/connector/Response;)V+166
j  org.apache.catalina.authenticator.AuthenticatorBase.invoke(Lorg/apache/catalina/connector/Request;Lorg/apache/catalina/connector/Response;)V+260
j  org.apache.catalina.core.StandardHostValve.invoke(Lorg/apache/catalina/connector/Request;Lorg/apache/catalina/connector/Response;)V+138
j  org.apache.catalina.valves.ErrorReportValve.invoke(Lorg/apache/catalina/connector/Request;Lorg/apache/catalina/connector/Response;)V+6
j  org.apache.catalina.core.StandardEngineValve.invoke(Lorg/apache/catalina/connector/Request;Lorg/apache/catalina/connector/Response;)V+71
j  org.apache.catalina.connector.CoyoteAdapter.service(Lorg/apache/coyote/Request;Lorg/apache/coyote/Response;)V+199
j  org.apache.coyote.http11.Http11Processor.service(Lorg/apache/tomcat/util/net/SocketWrapperBase;)Lorg/apache/tomcat/util/net/AbstractEndpoint$Handler$SocketState;+806
j  org.apache.coyote.AbstractProcessorLight.process(Lorg/apache/tomcat/util/net/SocketWrapperBase;Lorg/apache/tomcat/util/net/SocketEvent;)Lorg/apache/tomcat/util/net/AbstractEndpoint$Handler$SocketState;+113
j  org.apache.coyote.AbstractProtocol$ConnectionHandler.process(Lorg/apache/tomcat/util/net/SocketWrapperBase;Lorg/apache/tomcat/util/net/SocketEvent;)Lorg/apache/tomcat/util/net/AbstractEndpoint$Handler$SocketState;+414
j  org.apache.tomcat.util.net.NioEndpoint$SocketProcessor.doRun()V+191
j  org.apache.tomcat.util.net.SocketProcessorBase.run()V+21
j  java.util.concurrent.ThreadPoolExecutor.runWorker(Ljava/util/concurrent/ThreadPoolExecutor$Worker;)V+95
j  java.util.concurrent.ThreadPoolExecutor$Worker.run()V+5
j  org.apache.tomcat.util.threads.TaskThread$WrappingRunnable.run()V+4
j  java.lang.Thread.run()V+11
v  ~StubRoutines::call_stub

---------------  P R O C E S S  ---------------

Java Threads: ( => current thread )
  0x00000000219e4000 JavaThread "RMI TCP Connection(3)-192.168.101.108" daemon [_thread_in_native, id=14400, stack(0x0000000029f40000,0x000000002a040000)]
  0x00000000219e4800 JavaThread "Abandoned connection cleanup thread" daemon [_thread_blocked, id=15504, stack(0x0000000029cb0000,0x0000000029db0000)]
  0x00000000219e3000 JavaThread "DestroyJavaVM" [_thread_blocked, id=15340, stack(0x0000000002680000,0x0000000002780000)]
  0x00000000219e2800 JavaThread "http-nio-8081-AsyncTimeout" daemon [_thread_blocked, id=16364, stack(0x00000000291c0000,0x00000000292c0000)]
  0x00000000219e1800 JavaThread "http-nio-8081-Acceptor-0" daemon [_thread_in_native, id=10108, stack(0x0000000028d50000,0x0000000028e50000)]
  0x00000000213cb000 JavaThread "http-nio-8081-ClientPoller-1" daemon [_thread_in_native, id=13816, stack(0x0000000028c30000,0x0000000028d30000)]
  0x00000000213ca000 JavaThread "http-nio-8081-ClientPoller-0" daemon [_thread_in_native, id=15704, stack(0x0000000028b30000,0x0000000028c30000)]
  0x00000000213c9800 JavaThread "http-nio-8081-exec-10" daemon [_thread_blocked, id=12344, stack(0x00000000289f0000,0x0000000028af0000)]
=>0x00000000213c8800 JavaThread "http-nio-8081-exec-9" daemon [_thread_in_native, id=14772, stack(0x00000000287e0000,0x00000000288e0000)]
  0x00000000213c8000 JavaThread "http-nio-8081-exec-8" daemon [_thread_blocked, id=13400, stack(0x0000000028460000,0x0000000028560000)]
  0x00000000213c7000 JavaThread "http-nio-8081-exec-7" daemon [_thread_blocked, id=15928, stack(0x0000000028610000,0x0000000028710000)]
  0x00000000213c6800 JavaThread "http-nio-8081-exec-6" daemon [_thread_blocked, id=15728, stack(0x0000000027c30000,0x0000000027d30000)]
  0x00000000213c5800 JavaThread "http-nio-8081-exec-5" daemon [_thread_blocked, id=3076, stack(0x0000000028350000,0x0000000028450000)]
  0x00000000213c5000 JavaThread "http-nio-8081-exec-4" daemon [_thread_blocked, id=16228, stack(0x0000000027ea0000,0x0000000027fa0000)]
  0x00000000213c4000 JavaThread "http-nio-8081-exec-3" daemon [_thread_blocked, id=14720, stack(0x0000000028160000,0x0000000028260000)]
  0x0000000020b48000 JavaThread "http-nio-8081-exec-2" daemon [_thread_blocked, id=14748, stack(0x0000000027fc0000,0x00000000280c0000)]
  0x0000000020b47000 JavaThread "http-nio-8081-exec-1" daemon [_thread_blocked, id=13716, stack(0x0000000027da0000,0x0000000027ea0000)]
  0x0000000020b46800 JavaThread "NioBlockingSelector.BlockPoller-1" daemon [_thread_in_native, id=12868, stack(0x00000000261d0000,0x00000000262d0000)]
  0x0000000020b45800 JavaThread "Live Reload Server" daemon [_thread_in_native, id=11704, stack(0x0000000027910000,0x0000000027a10000)]
  0x0000000020b45000 JavaThread "File Watcher" daemon [_thread_blocked, id=13120, stack(0x0000000027780000,0x0000000027880000)]
  0x0000000020b44000 JavaThread "container-0" [_thread_blocked, id=14888, stack(0x0000000026020000,0x0000000026120000)]
  0x0000000020b43800 JavaThread "ContainerBackgroundProcessor[StandardEngine[Tomcat]]" daemon [_thread_blocked, id=2784, stack(0x0000000025b90000,0x0000000025c90000)]
  0x0000000020b41000 JavaThread "RMI Scheduler(0)" daemon [_thread_blocked, id=14928, stack(0x000000001ddb0000,0x000000001deb0000)]
  0x000000001bd39800 JavaThread "RMI TCP Connection(idle)" daemon [_thread_blocked, id=13824, stack(0x00000000240d0000,0x00000000241d0000)]
  0x000000001ba16800 JavaThread "AWT-EventQueue-0" [_thread_blocked, id=12624, stack(0x000000001deb0000,0x000000001dfb0000)]
  0x000000001ba10000 JavaThread "AWT-Windows" daemon [_thread_in_native, id=15456, stack(0x000000001d2b0000,0x000000001d3b0000)]
  0x000000001ba26000 JavaThread "AWT-Shutdown" [_thread_blocked, id=15920, stack(0x000000001d1b0000,0x000000001d2b0000)]
  0x000000001ba25000 JavaThread "Java2D Disposer" daemon [_thread_blocked, id=13976, stack(0x000000001d0a0000,0x000000001d1a0000)]
  0x000000001ba04000 JavaThread "RMI TCP Accept-0" daemon [_thread_in_native, id=15436, stack(0x000000001cb80000,0x000000001cc80000)]
  0x000000001b71b800 JavaThread "Service Thread" daemon [_thread_blocked, id=15620, stack(0x000000001c540000,0x000000001c640000)]
  0x000000001b714800 JavaThread "C1 CompilerThread2" daemon [_thread_blocked, id=1184, stack(0x000000001c3f0000,0x000000001c4f0000)]
  0x000000001b6ef800 JavaThread "C2 CompilerThread1" daemon [_thread_blocked, id=14056, stack(0x000000001c2f0000,0x000000001c3f0000)]
  0x000000001b6ae800 JavaThread "C2 CompilerThread0" daemon [_thread_blocked, id=11452, stack(0x000000001c140000,0x000000001c240000)]
  0x000000001b6ac800 JavaThread "Monitor Ctrl-Break" daemon [_thread_in_native, id=168, stack(0x000000001bf00000,0x000000001c000000)]
  0x0000000019b9c000 JavaThread "Attach Listener" daemon [_thread_blocked, id=10660, stack(0x000000001b530000,0x000000001b630000)]
  0x000000001b123800 JavaThread "Signal Dispatcher" daemon [_thread_blocked, id=14352, stack(0x000000001ac10000,0x000000001ad10000)]
  0x0000000019b80000 JavaThread "Finalizer" daemon [_thread_blocked, id=14016, stack(0x000000001b010000,0x000000001b110000)]
  0x0000000019b38800 JavaThread "Reference Handler" daemon [_thread_blocked, id=11560, stack(0x000000001ae50000,0x000000001af50000)]

Other Threads:
  0x0000000019b30800 VMThread [stack: 0x000000001ad10000,0x000000001ae10000] [id=10228]
  0x000000001ba08000 WatcherThread [stack: 0x000000001ccc0000,0x000000001cdc0000] [id=15400]

VM state:not at safepoint (normal execution)

VM Mutex/Monitor currently owned by a thread: None

Heap:
 PSYoungGen      total 187904K, used 64859K [0x0000000780800000, 0x000000078fe00000, 0x00000007c0000000)
  eden space 171008K, 28% used [0x0000000780800000,0x00000007836d88c0,0x000000078af00000)
  from space 16896K, 99% used [0x000000078af00000,0x000000078bf7e668,0x000000078bf80000)
  to   space 21504K, 0% used [0x000000078e900000,0x000000078e900000,0x000000078fe00000)
 ParOldGen       total 146944K, used 29638K [0x0000000701800000, 0x000000070a780000, 0x0000000780800000)
  object space 146944K, 20% used [0x0000000701800000,0x00000007034f18e0,0x000000070a780000)
 Metaspace       used 54192K, capacity 56494K, committed 56624K, reserved 1097728K
  class space    used 7022K, capacity 7434K, committed 7472K, reserved 1048576K

Card table byte_map: [0x0000000011cf0000,0x00000000122f0000] byte_map_base: 0x000000000e4e4000

Marking Bits: (ParMarkBitMap*) 0x000000006dc5b6d0
 Begin Bits: [0x0000000012c60000, 0x0000000015c00000)
 End Bits:   [0x0000000015c00000, 0x0000000018ba0000)

Polling page: 0x0000000000330000

CodeCache: size=245760Kb used=12508Kb max_used=12575Kb free=233251Kb
 bounds [0x0000000002930000, 0x0000000003580000, 0x0000000011930000]
 total_blobs=6867 nmethods=6191 adapters=587
 compilation: enabled

Compilation events (10 events):
Event: 29.329 Thread 0x000000001b714800 6295       1       org.apache.tomcat.util.http.parser.Cookie$ByteBuffer::hasRemaining (17 bytes)
Event: 29.329 Thread 0x000000001b714800 nmethod 6295 0x00000000032549d0 code [0x0000000003254b20, 0x0000000003254c50]
Event: 29.329 Thread 0x000000001b714800 6297       1       sun.util.locale.LocaleUtils::caseIgnoreMatch (73 bytes)
Event: 29.331 Thread 0x000000001b714800 nmethod 6297 0x0000000003254110 code [0x00000000032542a0, 0x0000000003254638]
Event: 29.331 Thread 0x000000001b714800 6298       1       java.lang.Integer::formatUnsignedInt (48 bytes)
Event: 29.331 Thread 0x000000001b714800 nmethod 6298 0x0000000002b08850 code [0x0000000002b089c0, 0x0000000002b08b30]
Event: 29.331 Thread 0x000000001b714800 6296   !   1       java.io.StringReader::mark (44 bytes)
Event: 29.332 Thread 0x000000001b714800 nmethod 6296 0x0000000002b08050 code [0x0000000002b081e0, 0x0000000002b085f8]
Event: 29.332 Thread 0x000000001b714800 6299       1       java.util.Calendar::setTime (9 bytes)
Event: 29.332 Thread 0x000000001b714800 nmethod 6299 0x0000000003253d90 code [0x0000000003253f00, 0x0000000003254058]

GC Heap History (10 events):
Event: 6.381 GC heap before
{Heap before GC invocations=9 (full 2):
 PSYoungGen      total 111104K, used 10726K [0x0000000780800000, 0x000000078b780000, 0x00000007c0000000)
  eden space 100352K, 0% used [0x0000000780800000,0x0000000780800000,0x0000000786a00000)
  from space 10752K, 99% used [0x0000000786a00000,0x0000000787479ac0,0x0000000787480000)
  to   space 12800K, 0% used [0x000000078ab00000,0x000000078ab00000,0x000000078b780000)
 ParOldGen       total 89600K, used 11087K [0x0000000701800000, 0x0000000706f80000, 0x0000000780800000)
  object space 89600K, 12% used [0x0000000701800000,0x00000007022d3c40,0x0000000706f80000)
 Metaspace       used 34204K, capacity 35486K, committed 35496K, reserved 1079296K
  class space    used 4608K, capacity 4905K, committed 4912K, reserved 1048576K
Event: 6.464 GC heap after
Heap after GC invocations=9 (full 2):
 PSYoungGen      total 111104K, used 0K [0x0000000780800000, 0x000000078b780000, 0x00000007c0000000)
  eden space 100352K, 0% used [0x0000000780800000,0x0000000780800000,0x0000000786a00000)
  from space 10752K, 0% used [0x0000000786a00000,0x0000000786a00000,0x0000000787480000)
  to   space 12800K, 0% used [0x000000078ab00000,0x000000078ab00000,0x000000078b780000)
 ParOldGen       total 146944K, used 16987K [0x0000000701800000, 0x000000070a780000, 0x0000000780800000)
  object space 146944K, 11% used [0x0000000701800000,0x0000000702896f30,0x000000070a780000)
 Metaspace       used 34204K, capacity 35486K, committed 35496K, reserved 1079296K
  class space    used 4608K, capacity 4905K, committed 4912K, reserved 1048576K
}
Event: 8.371 GC heap before
{Heap before GC invocations=10 (full 2):
 PSYoungGen      total 111104K, used 100352K [0x0000000780800000, 0x000000078b780000, 0x00000007c0000000)
  eden space 100352K, 100% used [0x0000000780800000,0x0000000786a00000,0x0000000786a00000)
  from space 10752K, 0% used [0x0000000786a00000,0x0000000786a00000,0x0000000787480000)
  to   space 12800K, 0% used [0x000000078ab00000,0x000000078ab00000,0x000000078b780000)
 ParOldGen       total 146944K, used 16987K [0x0000000701800000, 0x000000070a780000, 0x0000000780800000)
  object space 146944K, 11% used [0x0000000701800000,0x0000000702896f30,0x000000070a780000)
 Metaspace       used 38231K, capacity 39830K, committed 40112K, reserved 1083392K
  class space    used 5112K, capacity 5461K, committed 5552K, reserved 1048576K
Event: 8.382 GC heap after
Heap after GC invocations=10 (full 2):
 PSYoungGen      total 150016K, used 9221K [0x0000000780800000, 0x000000078b480000, 0x00000007c0000000)
  eden space 140288K, 0% used [0x0000000780800000,0x0000000780800000,0x0000000789100000)
  from space 9728K, 94% used [0x000000078ab00000,0x000000078b401778,0x000000078b480000)
  to   space 12288K, 0% used [0x0000000789c80000,0x0000000789c80000,0x000000078a880000)
 ParOldGen       total 146944K, used 16995K [0x0000000701800000, 0x000000070a780000, 0x0000000780800000)
  object space 146944K, 11% used [0x0000000701800000,0x0000000702898f30,0x000000070a780000)
 Metaspace       used 38231K, capacity 39830K, committed 40112K, reserved 1083392K
  class space    used 5112K, capacity 5461K, committed 5552K, reserved 1048576K
}
Event: 9.601 GC heap before
{Heap before GC invocations=11 (full 2):
 PSYoungGen      total 150016K, used 149509K [0x0000000780800000, 0x000000078b480000, 0x00000007c0000000)
  eden space 140288K, 100% used [0x0000000780800000,0x0000000789100000,0x0000000789100000)
  from space 9728K, 94% used [0x000000078ab00000,0x000000078b401778,0x000000078b480000)
  to   space 12288K, 0% used [0x0000000789c80000,0x0000000789c80000,0x000000078a880000)
 ParOldGen       total 146944K, used 16995K [0x0000000701800000, 0x000000070a780000, 0x0000000780800000)
  object space 146944K, 11% used [0x0000000701800000,0x0000000702898f30,0x000000070a780000)
 Metaspace       used 41543K, capacity 43316K, committed 43568K, reserved 1087488K
  class space    used 5562K, capacity 5914K, committed 5936K, reserved 1048576K
Event: 9.617 GC heap after
Heap after GC invocations=11 (full 2):
 PSYoungGen      total 164352K, used 12285K [0x0000000780800000, 0x000000078cd80000, 0x00000007c0000000)
  eden space 152064K, 0% used [0x0000000780800000,0x0000000780800000,0x0000000789c80000)
  from space 12288K, 99% used [0x0000000789c80000,0x000000078a87f480,0x000000078a880000)
  to   space 14336K, 0% used [0x000000078bf80000,0x000000078bf80000,0x000000078cd80000)
 ParOldGen       total 146944K, used 18401K [0x0000000701800000, 0x000000070a780000, 0x0000000780800000)
  object space 146944K, 12% used [0x0000000701800000,0x00000007029f8468,0x000000070a780000)
 Metaspace       used 41543K, capacity 43316K, committed 43568K, reserved 1087488K
  class space    used 5562K, capacity 5914K, committed 5936K, reserved 1048576K
}
Event: 10.761 GC heap before
{Heap before GC invocations=12 (full 2):
 PSYoungGen      total 164352K, used 164349K [0x0000000780800000, 0x000000078cd80000, 0x00000007c0000000)
  eden space 152064K, 100% used [0x0000000780800000,0x0000000789c80000,0x0000000789c80000)
  from space 12288K, 99% used [0x0000000789c80000,0x000000078a87f480,0x000000078a880000)
  to   space 14336K, 0% used [0x000000078bf80000,0x000000078bf80000,0x000000078cd80000)
 ParOldGen       total 146944K, used 18401K [0x0000000701800000, 0x000000070a780000, 0x0000000780800000)
  object space 146944K, 12% used [0x0000000701800000,0x00000007029f8468,0x000000070a780000)
 Metaspace       used 44309K, capacity 46380K, committed 46640K, reserved 1089536K
  class space    used 5926K, capacity 6330K, committed 6448K, reserved 1048576K
Event: 10.781 GC heap after
Heap after GC invocations=12 (full 2):
 PSYoungGen      total 185344K, used 14305K [0x0000000780800000, 0x000000078e200000, 0x00000007c0000000)
  eden space 171008K, 0% used [0x0000000780800000,0x0000000780800000,0x000000078af00000)
  from space 14336K, 99% used [0x000000078bf80000,0x000000078cd78420,0x000000078cd80000)
  to   space 16896K, 0% used [0x000000078af00000,0x000000078af00000,0x000000078bf80000)
 ParOldGen       total 146944K, used 22397K [0x0000000701800000, 0x000000070a780000, 0x0000000780800000)
  object space 146944K, 15% used [0x0000000701800000,0x0000000702ddf5d0,0x000000070a780000)
 Metaspace       used 44309K, capacity 46380K, committed 46640K, reserved 1089536K
  class space    used 5926K, capacity 6330K, committed 6448K, reserved 1048576K
}
Event: 16.313 GC heap before
{Heap before GC invocations=13 (full 2):
 PSYoungGen      total 185344K, used 185306K [0x0000000780800000, 0x000000078e200000, 0x00000007c0000000)
  eden space 171008K, 99% used [0x0000000780800000,0x000000078aefe7d8,0x000000078af00000)
  from space 14336K, 99% used [0x000000078bf80000,0x000000078cd78420,0x000000078cd80000)
  to   space 16896K, 0% used [0x000000078af00000,0x000000078af00000,0x000000078bf80000)
 ParOldGen       total 146944K, used 22397K [0x0000000701800000, 0x000000070a780000, 0x0000000780800000)
  object space 146944K, 15% used [0x0000000701800000,0x0000000702ddf5d0,0x000000070a780000)
 Metaspace       used 51228K, capacity 53490K, committed 53552K, reserved 1095680K
  class space    used 6730K, capacity 7161K, committed 7216K, reserved 1048576K
Event: 16.343 GC heap after
Heap after GC invocations=13 (full 2):
 PSYoungGen      total 187904K, used 16889K [0x0000000780800000, 0x000000078fe00000, 0x00000007c0000000)
  eden space 171008K, 0% used [0x0000000780800000,0x0000000780800000,0x000000078af00000)
  from space 16896K, 99% used [0x000000078af00000,0x000000078bf7e668,0x000000078bf80000)
  to   space 21504K, 0% used [0x000000078e900000,0x000000078e900000,0x000000078fe00000)
 ParOldGen       total 146944K, used 29638K [0x0000000701800000, 0x000000070a780000, 0x0000000780800000)
  object space 146944K, 20% used [0x0000000701800000,0x00000007034f18e0,0x000000070a780000)
 Metaspace       used 51228K, capacity 53490K, committed 53552K, reserved 1095680K
  class space    used 6730K, capacity 7161K, committed 7216K, reserved 1048576K
}

Deoptimization events (0 events):
No events

Internal exceptions (10 events):
Event: 16.427 Thread 0x0000000020b47000 Exception <a 'java/security/PrivilegedActionException'> (0x0000000780e2d748) thrown at [C:\re\workspace\8-2-build-windows-amd64-cygwin\jdk8u121\8372\hotspot\src\share\vm\prims\jvm.cpp, line 1390]
Event: 16.427 Thread 0x0000000020b47000 Exception <a 'java/security/PrivilegedActionException'> (0x0000000780e2df10) thrown at [C:\re\workspace\8-2-build-windows-amd64-cygwin\jdk8u121\8372\hotspot\src\share\vm\prims\jvm.cpp, line 1390]
Event: 16.560 Thread 0x0000000020b47000 Exception <a 'java/security/PrivilegedActionException'> (0x00000007814d5d20) thrown at [C:\re\workspace\8-2-build-windows-amd64-cygwin\jdk8u121\8372\hotspot\src\share\vm\prims\jvm.cpp, line 1390]
Event: 16.560 Thread 0x0000000020b47000 Exception <a 'java/security/PrivilegedActionException'> (0x00000007814d64e8) thrown at [C:\re\workspace\8-2-build-windows-amd64-cygwin\jdk8u121\8372\hotspot\src\share\vm\prims\jvm.cpp, line 1390]
Event: 16.561 Thread 0x0000000020b47000 Exception <a 'java/security/PrivilegedActionException'> (0x00000007814e0860) thrown at [C:\re\workspace\8-2-build-windows-amd64-cygwin\jdk8u121\8372\hotspot\src\share\vm\prims\jvm.cpp, line 1390]
Event: 16.561 Thread 0x0000000020b47000 Exception <a 'java/security/PrivilegedActionException'> (0x00000007814e1028) thrown at [C:\re\workspace\8-2-build-windows-amd64-cygwin\jdk8u121\8372\hotspot\src\share\vm\prims\jvm.cpp, line 1390]
Event: 16.895 Thread 0x0000000020b48000 Exception <a 'java/lang/NullPointerException'> (0x00000007821df630) thrown at [C:\re\workspace\8-2-build-windows-amd64-cygwin\jdk8u121\8372\hotspot\src\share\vm\interpreter\linkResolver.cpp, line 1178]
Event: 29.170 Thread 0x00000000213c7000 Exception <a 'java/lang/ClassNotFoundException': java/lang/ObjectCustomizer> (0x00000007834742c8) thrown at [C:\re\workspace\8-2-build-windows-amd64-cygwin\jdk8u121\8372\hotspot\src\share\vm\classfile\systemDictionary.cpp, line 210]
Event: 29.170 Thread 0x00000000213c7000 Exception <a 'java/lang/ArrayIndexOutOfBoundsException'> (0x0000000783477610) thrown at [C:\re\workspace\8-2-build-windows-amd64-cygwin\jdk8u121\8372\hotspot\src\share\vm\runtime\sharedRuntime.cpp, line 605]
Event: 29.172 Thread 0x00000000213c7000 Exception <a 'java/lang/ClassNotFoundException': com/dongtech/vo/UserVoCustomizer> (0x00000007834e37f8) thrown at [C:\re\workspace\8-2-build-windows-amd64-cygwin\jdk8u121\8372\hotspot\src\share\vm\classfile\systemDictionary.cpp, line 210]

Events (10 events):
Event: 29.326 Executing VM operation: RevokeBias
Event: 29.326 Executing VM operation: RevokeBias done
Event: 29.327 loading class org/apache/catalina/webresources/WarResourceSet
Event: 29.327 loading class org/apache/catalina/webresources/WarResourceSet done
Event: 29.533 Executing VM operation: RevokeBias
Event: 29.533 Executing VM operation: RevokeBias done
Event: 29.533 Executing VM operation: RevokeBias
Event: 29.533 Executing VM operation: RevokeBias done
Event: 29.533 Executing VM operation: RevokeBias
Event: 29.533 Executing VM operation: RevokeBias done


Dynamic libraries:
0x000000013fc40000 - 0x000000013fc77000 	C:\Program Files\Java\jdk1.8.0_121\bin\java.exe
0x0000000077470000 - 0x000000007760f000 	C:\Windows\SYSTEM32\ntdll.dll
0x00000000770f0000 - 0x000000007720f000 	C:\Windows\system32\kernel32.dll
0x000007fefda70000 - 0x000007fefdada000 	C:\Windows\system32\KERNELBASE.dll
0x000007fefdc90000 - 0x000007fefdd6b000 	C:\Windows\system32\ADVAPI32.dll
0x000007feff1f0000 - 0x000007feff28f000 	C:\Windows\system32\msvcrt.dll
0x000007fefddf0000 - 0x000007fefde0f000 	C:\Windows\SYSTEM32\sechost.dll
0x000007feff630000 - 0x000007feff75c000 	C:\Windows\system32\RPCRT4.dll
0x0000000077210000 - 0x000000007730a000 	C:\Windows\system32\USER32.dll
0x000007fefeff0000 - 0x000007feff057000 	C:\Windows\system32\GDI32.dll
0x000007feff310000 - 0x000007feff31e000 	C:\Windows\system32\LPK.dll
0x000007fefdef0000 - 0x000007fefdfbb000 	C:\Windows\system32\USP10.dll
0x000007fefc4b0000 - 0x000007fefc6a4000 	C:\Windows\WinSxS\amd64_microsoft.windows.common-controls_6595b64144ccf1df_6.0.7601.18837_none_fa3b1e3d17594757\COMCTL32.dll
0x000007feff290000 - 0x000007feff301000 	C:\Windows\system32\SHLWAPI.dll
0x000007feff380000 - 0x000007feff3ae000 	C:\Windows\system32\IMM32.DLL
0x000007feff0e0000 - 0x000007feff1e9000 	C:\Windows\system32\MSCTF.dll
0x0000000079220000 - 0x00000000792f2000 	C:\Program Files\Java\jdk1.8.0_121\jre\bin\msvcr100.dll
0x000000006d440000 - 0x000000006dcdb000 	C:\Program Files\Java\jdk1.8.0_121\jre\bin\server\jvm.dll
0x000007fee84f0000 - 0x000007fee84f9000 	C:\Windows\system32\WSOCK32.dll
0x000007feff330000 - 0x000007feff37d000 	C:\Windows\system32\WS2_32.dll
0x000007feff320000 - 0x000007feff328000 	C:\Windows\system32\NSI.dll
0x000007fefb8a0000 - 0x000007fefb8db000 	C:\Windows\system32\WINMM.dll
0x000007fefca20000 - 0x000007fefca2c000 	C:\Windows\system32\VERSION.dll
0x0000000077620000 - 0x0000000077627000 	C:\Windows\system32\PSAPI.DLL
0x00000000730c0000 - 0x00000000730cf000 	C:\Program Files\Java\jdk1.8.0_121\jre\bin\verify.dll
0x0000000073090000 - 0x00000000730b9000 	C:\Program Files\Java\jdk1.8.0_121\jre\bin\java.dll
0x0000000064000000 - 0x0000000064023000 	C:\Program Files\Java\jdk1.8.0_121\jre\bin\instrument.dll
0x0000000072800000 - 0x0000000072816000 	C:\Program Files\Java\jdk1.8.0_121\jre\bin\zip.dll
0x000007fefe060000 - 0x000007fefedea000 	C:\Windows\system32\SHELL32.dll
0x000007fefedf0000 - 0x000007fefefef000 	C:\Windows\system32\ole32.dll
0x000007fefd8c0000 - 0x000007fefd8cf000 	C:\Windows\system32\profapi.dll
0x000007fede100000 - 0x000007fede11a000 	D:\ideaIU-2018.1.1.win\bin\breakgen64.dll
0x0000000069f40000 - 0x0000000069f5a000 	C:\Program Files\Java\jdk1.8.0_121\jre\bin\net.dll
0x000007fefd080000 - 0x000007fefd0d5000 	C:\Windows\system32\mswsock.dll
0x000007fefd2c0000 - 0x000007fefd2c7000 	C:\Windows\System32\wship6.dll
0x000007fefcc20000 - 0x000007fefcc27000 	C:\Windows\System32\wshtcpip.dll
0x000007fef4a20000 - 0x000007fef4a4f000 	C:\Program Files (x86)\Sangfor\SSL\ClientComponent\SangforNspX64.dll
0x000007fefde10000 - 0x000007fefdeeb000 	C:\Windows\system32\OLEAUT32.dll
0x000007fefceb0000 - 0x000007fefcf0b000 	C:\Windows\system32\DNSAPI.dll
0x000007fefad10000 - 0x000007fefad37000 	C:\Windows\system32\IPHLPAPI.DLL
0x000007fefacb0000 - 0x000007fefacbb000 	C:\Windows\system32\WINNSI.DLL
0x000007fef4a10000 - 0x000007fef4a18000 	C:\Windows\system32\rasadhlp.dll
0x000007fefab90000 - 0x000007fefabe3000 	C:\Windows\System32\fwpuclnt.dll
0x0000000068700000 - 0x000000006870d000 	C:\Program Files\Java\jdk1.8.0_121\jre\bin\management.dll
0x000000006f6d0000 - 0x000000006f6e1000 	C:\Program Files\Java\jdk1.8.0_121\jre\bin\nio.dll
0x000007fefd220000 - 0x000007fefd238000 	C:\Windows\system32\CRYPTSP.dll
0x000007fefcdc0000 - 0x000007fefce07000 	C:\Windows\system32\rsaenh.dll
0x000007fefcc50000 - 0x000007fefcc6e000 	C:\Windows\system32\USERENV.dll
0x000007fefd7b0000 - 0x000007fefd7bf000 	C:\Windows\system32\CRYPTBASE.dll
0x000007fefab20000 - 0x000007fefab38000 	C:\Windows\system32\dhcpcsvc.DLL
0x000007fefab00000 - 0x000007fefab11000 	C:\Windows\system32\dhcpcsvc6.DLL
0x000007fefb8f0000 - 0x000007fefb905000 	C:\Windows\system32\NLAapi.dll
0x000007fee8f80000 - 0x000007fee8f95000 	C:\Windows\system32\napinsp.dll
0x000007fee8f60000 - 0x000007fee8f79000 	C:\Windows\system32\pnrpnsp.dll
0x000007fee8dd0000 - 0x000007fee8ddb000 	C:\Windows\System32\winrnr.dll
0x000007fee85b0000 - 0x000007fee85c0000 	C:\Windows\system32\wshbth.dll
0x000000006c8a0000 - 0x000000006ca38000 	C:\Program Files\Java\jdk1.8.0_121\jre\bin\awt.dll
0x000007fefc9b0000 - 0x000007fefc9c8000 	C:\Windows\system32\DWMAPI.DLL
0x000007fedeb70000 - 0x000007fedec8d000 	C:\Windows\system32\opengl32.dll
0x000007fee6eb0000 - 0x000007fee6edd000 	C:\Windows\system32\GLU32.dll
0x000007fede120000 - 0x000007fede211000 	C:\Windows\system32\DDRAW.dll
0x000007fee6ea0000 - 0x000007fee6ea8000 	C:\Windows\system32\DCIMAN32.dll
0x000007feff3b0000 - 0x000007feff587000 	C:\Windows\system32\SETUPAPI.dll
0x000007fefd990000 - 0x000007fefd9c6000 	C:\Windows\system32\CFGMGR32.dll
0x000007fefd970000 - 0x000007fefd98a000 	C:\Windows\system32\DEVOBJ.dll
0x000007fefc130000 - 0x000007fefc186000 	C:\Windows\system32\uxtheme.dll
0x000007fefd750000 - 0x000007fefd7a7000 	C:\Windows\system32\apphelp.dll
0x000007fef3710000 - 0x000007fef3f9d000 	C:\Windows\system32\SOGOUPY.IME
0x000007fefae90000 - 0x000007fefae97000 	C:\Windows\system32\MSIMG32.dll
0x000007fef9150000 - 0x000007fef91c1000 	C:\Windows\system32\WINHTTP.dll
0x000007fef90e0000 - 0x000007fef9145000 	C:\Windows\system32\webio.dll
0x000007fefafe0000 - 0x000007fefb034000 	C:\Windows\system32\OLEACC.dll
0x000007fefc9a0000 - 0x000007fefc9a3000 	C:\Windows\system32\api-ms-win-core-synch-l1-2-0.DLL
0x000007fefbb80000 - 0x000007fefbbad000 	C:\Windows\system32\ntmarta.dll
0x000007fefdd70000 - 0x000007fefddc2000 	C:\Windows\system32\WLDAP32.dll
0x000007feea440000 - 0x000007feea6a9000 	C:\Program Files (x86)\SogouInput\Components\PicFace\1.1.0.1867\PicFace64.dll
0x000007fefdfc0000 - 0x000007fefe057000 	C:\Windows\system32\COMDLG32.dll
0x000000006cdd0000 - 0x000000006ce17000 	C:\Program Files\Java\jdk1.8.0_121\jre\bin\fontmanager.dll
0x00000000703d0000 - 0x0000000070412000 	C:\Program Files\Java\jdk1.8.0_121\jre\bin\t2k.dll
0x000000001fba0000 - 0x000000001fcbd000 	C:\Program Files (x86)\SogouInput\9.6.0.3568\Resource.dll
0x0000000064030000 - 0x000000006405a000 	C:\Program Files\Java\jdk1.8.0_121\jre\bin\dcpr.dll
0x0000000180000000 - 0x000000018020e000 	D:\tomcat\apache-tomcat-8.5.23\bin\tcnative-1.dll
0x000007fefc190000 - 0x000007fefc2bc000 	C:\Windows\system32\PROPSYS.dll
0x000007feff590000 - 0x000007feff629000 	C:\Windows\system32\CLBCatQ.DLL
0x000000001e0b0000 - 0x000000001e16d000 	C:\Users\Administrator\AppData\Local\Temp\sqlite-3.8.11.1-cb57cd3d-bf61-44f0-98c7-fc3526cadb78-sqlitejdbc.dll
0x000000001e170000 - 0x000000001e1c4000 	C:\Program Files\Java\jdk1.8.0_121\bin\HASPJava_x64.dll
0x000000002a1f0000 - 0x000000002a750000 	C:\Program Files\Java\jdk1.8.0_121\bin\hasp_windows_x64_99459.dll
0x000007fefca00000 - 0x000007fefca11000 	C:\Windows\system32\WTSAPI32.DLL
0x000007fefc4a0000 - 0x000007fefc4ab000 	C:\Windows\system32\HID.DLL
0x000007fefd720000 - 0x000007fefd745000 	C:\Windows\system32\SspiCli.dll
0x000007fee9c80000 - 0x000007fee9da5000 	C:\Windows\system32\dbghelp.dll

VM Arguments:
jvm_args: -XX:TieredStopAtLevel=1 -Xverify:none -Dspring.output.ansi.enabled=always -Dcom.sun.management.jmxremote -Dspring.liveBeansView.mbeanDomain -Dspring.application.admin.enabled=true -javaagent:D:\ideaIU-2018.1.1.win\lib\idea_rt.jar=63228:D:\ideaIU-2018.1.1.win\bin -Dfile.encoding=UTF-8 
java_command: com.dongtech.SpringbootJspApplication
java_class_path (initial): C:\Program Files\Java\jdk1.8.0_121\jre\lib\charsets.jar;C:\Program Files\Java\jdk1.8.0_121\jre\lib\deploy.jar;C:\Program Files\Java\jdk1.8.0_121\jre\lib\ext\access-bridge-64.jar;C:\Program Files\Java\jdk1.8.0_121\jre\lib\ext\cldrdata.jar;C:\Program Files\Java\jdk1.8.0_121\jre\lib\ext\dnsns.jar;C:\Program Files\Java\jdk1.8.0_121\jre\lib\ext\jaccess.jar;C:\Program Files\Java\jdk1.8.0_121\jre\lib\ext\jfxrt.jar;C:\Program Files\Java\jdk1.8.0_121\jre\lib\ext\localedata.jar;C:\Program Files\Java\jdk1.8.0_121\jre\lib\ext\nashorn.jar;C:\Program Files\Java\jdk1.8.0_121\jre\lib\ext\sunec.jar;C:\Program Files\Java\jdk1.8.0_121\jre\lib\ext\sunjce_provider.jar;C:\Program Files\Java\jdk1.8.0_121\jre\lib\ext\sunmscapi.jar;C:\Program Files\Java\jdk1.8.0_121\jre\lib\ext\sunpkcs11.jar;C:\Program Files\Java\jdk1.8.0_121\jre\lib\ext\zipfs.jar;C:\Program Files\Java\jdk1.8.0_121\jre\lib\javaws.jar;C:\Program Files\Java\jdk1.8.0_121\jre\lib\jce.jar;C:\Program Files\Java\jdk1.8.0_121\jre\lib\jfr.jar;C:\Program Files\Java\jdk1.8.0_121\jre\lib\jfxswt.jar;C:\Program Files\Java\jdk1.8.0_121\jre\lib\jsse.jar;C:\Program Files\Java\jdk1.8.0_121\jre\lib\management-agent.jar;C:\Program Files\Java\jdk1.8.0_121\jre\lib\plugin.jar;C:\Program Files\Java\jdk1.8.0_121\jre\lib\resources.jar;C:\Program Files\Java\jdk1.8.0_121\jre\lib\rt.jar;F:\Myeclipse 10\springboot-jsp-master\target\classes;C:\Users\Administrator\.m2\repository\org\springframework\boot\spring-boot-starter-jdbc\2.0.4.RELEASE\spring-boot-starter-jdbc-2.0.4.RELEASE.jar;C:\Users\Administrator\.m2\repository\org\springframework\boot\spring-boot-starter\2.0.4.RELEASE\spring-boot-starter-2.0.4.RELEASE.jar;C:\Users\Administrator\.m2\repository\org\springframework\boot\spring-boot-starter-logging\2.0.4.RELEASE\spring-boot-starter-logging-2.0.4.RELEASE.jar;C:\Users\Administrator\.m2\repository\ch\qos\logback\logback-classic\1.2.3\logback-classic-1.2.3.jar;C:\Users\Administrator\.m2\repository\ch\qos\logback\logback-cor
Launcher Type: SUN_STANDARD

Environment Variables:
JAVA_HOME=C:\Program Files\Java\jdk1.8.0_121
PATH=C:\Program Files (x86)\Common Files\Oracle\Java\javapath;C:\ProgramData\Oracle\Java\javapath;C:\Program Files (x86)\NetSarang\Xshell 6\;C:\Program Files (x86)\NetSarang\Xftp 6\;C:\Windows\system32;C:\Windows;C:\Windows\System32\Wbem;C:\Windows\System32\WindowsPowerShell\v1.0\;C:\Program Files\Git\cmd;C:\Program Files\Java\jdk1.8.0_121\bin;C:\Program Files\Java\jdk1.8.0_121\jre\bin;D:\tomcat\apache-tomcat-8.5.23\lib;D:\tomcat\apache-tomcat-8.5.23\bin;D:\maven\apache-maven-3.6.2-bin\apache-maven-3.6.2\bin;C:\Program Files\TortoiseSVN\bin;D:\neo4j\neo4j-community-3.5.12-windows\neo4j-community-3.5.12\bin;C:\Program Files\Microsoft SQL Server\Client SDK\ODBC\110\Tools\Binn\;C:\Program Files (x86)\Microsoft SQL Server\120\Tools\Binn\;C:\Program Files\Microsoft SQL Server\120\Tools\Binn\;C:\Program Files\Microsoft SQL Server\120\DTS\Binn\;C:\Users\Administrator\AppData\Local\Programs\Python\Python37\Scripts\;C:\Users\Administrator\AppData\Local\Programs\Python\Python37\;C:\Users\Administrator\AppData\Local\Programs\Fiddler
USERNAME=Administrator
OS=Windows_NT
PROCESSOR_IDENTIFIER=Intel64 Family 6 Model 61 Stepping 4, GenuineIntel



---------------  S Y S T E M  ---------------

OS: Windows 7 , 64 bit Build 7601 (6.1.7601.24408)

CPU:total 4 (2 cores per cpu, 2 threads per core) family 6 model 61 stepping 4, cmov, cx8, fxsr, mmx, sse, sse2, sse3, ssse3, sse4.1, sse4.2, popcnt, avx, avx2, aes, clmul, erms, 3dnowpref, lzcnt, ht, tsc, tscinvbit, bmi1, bmi2, adx

Memory: 4k page, physical 12480440k(1595460k free), swap 24958980k(7440856k free)

vm_info: Java HotSpot(TM) 64-Bit Server VM (25.121-b13) for windows-amd64 JRE (1.8.0_121-b13), built on Dec 12 2016 18:21:36 by "java_re" with MS VC++ 10.0 (VS2010)

time: Thu Feb 20 18:51:43 2020
elapsed time: 29 seconds (0d 0h 0m 29s)

