#
# A fatal error has been detected by the Java Runtime Environment:
#
#  EXCEPTION_ACCESS_VIOLATION (0xc0000005) at pc=0x000000006d085bc5, pid=15172, tid=0x0000000000003f34
#
# JRE version: Java(TM) SE Runtime Environment (8.0_121-b13) (build 1.8.0_121-b13)
# Java VM: Java HotSpot(TM) 64-Bit Server VM (25.121-b13 mixed mode windows-amd64 compressed oops)
# Problematic frame:
# C  [sqlite-3.21.0.1-b3649a42-c6f1-4219-9752-c052096e3f81-sqlitejdbc.dll+0x5bc5]
#
# Failed to write core dump. Minidumps are not enabled by default on client versions of Windows
#
# If you would like to submit a bug report, please visit:
#   http://bugreport.java.com/bugreport/crash.jsp
# The crash happened outside the Java Virtual Machine in native code.
# See problematic frame for where to report the bug.
#

---------------  T H R E A D  ---------------

Current thread (0x000000001bd25800):  JavaThread "http-nio-8081-exec-2" daemon [_thread_in_native, id=16180, stack(0x00000000283d0000,0x00000000284d0000)]

siginfo: ExceptionCode=0xc0000005, reading address 0x000000002add1524

Registers:
RAX=0x0000000000000000, RBX=0x000000079ba06f28, RCX=0x000000002add1468, RDX=0x00000000284cc2b0
RSP=0x00000000284cc288, RBP=0x00000000284cc2f0, RSI=0x000000002add1468, RDI=0x000000079ba06f28
R8 =0x000000002add1468, R9 =0x0000000000000001, R10=0x0000000000000002, R11=0x00000000036a7140
R12=0x0000000000000000, R13=0x00000000284cc2e0, R14=0x00000000284cc2b0, R15=0x000000001bd25800
RIP=0x000000006d085bc5, EFLAGS=0x0000000000010202

Top of Stack: (sp=0x00000000284cc288)
0x00000000284cc288:   0000000003407083 00000000036a7140
0x00000000284cc298:   00000000725ed0d0 000000079ba07db8
0x00000000284cc2a8:   000000002add1468 000000079ba06f28
0x00000000284cc2b8:   00000000284cc358 00000000284cc2f0
0x00000000284cc2c8:   00000000284cc2f0 00000000294fa8c0
0x00000000284cc2d8:   000000079ba06f28 0000000000000003
0x00000000284cc2e8:   fffffffff36de002 00000000284cc3f0
0x00000000284cc2f8:   00000000036a723c 00000000284cc358
0x00000000284cc308:   000000079ba06f28 000000079ba06ca0
0x00000000284cc318:   000000079ba07c20 000000000e424000
0x00000000284cc328:   00000000284cc328 00000000284cc3f0
0x00000000284cc338:   000000002add1468 000000079ba06f28
0x00000000284cc348:   000000079ba07bb0 000000079ba06f28
0x00000000284cc358:   0000000000000003 000000079ba06f28
0x00000000284cc368:   000000079ba06f28 00000000284cc3f0
0x00000000284cc378:   00000000028780e0 00000000284cc3f0 

Instructions: (pc=0x000000006d085bc5)
0x000000006d085ba5:   c3 66 2e 0f 1f 84 00 00 00 00 00 48 8b 41 10 8b
0x000000006d085bb5:   40 0c c3 0f 1f 84 00 00 00 00 00 48 85 c9 74 0b
0x000000006d085bc5:   0f b7 81 bc 00 00 00 c3 0f 1f 00 31 c0 c3 0f 1f
0x000000006d085bd5:   00 66 2e 0f 1f 84 00 00 00 00 00 48 85 c9 74 1b 


Register to memory mapping:

RAX=0x0000000000000000 is an unknown value
RBX=0x000000079ba06f28 is an oop
org.sqlite.core.NativeDB 
 - klass: 'org/sqlite/core/NativeDB'
RCX=0x000000002add1468 is an unknown value
RDX=0x00000000284cc2b0 is pointing into the stack for thread: 0x000000001bd25800
RSP=0x00000000284cc288 is pointing into the stack for thread: 0x000000001bd25800
RBP=0x00000000284cc2f0 is pointing into the stack for thread: 0x000000001bd25800
RSI=0x000000002add1468 is an unknown value
RDI=0x000000079ba06f28 is an oop
org.sqlite.core.NativeDB 
 - klass: 'org/sqlite/core/NativeDB'
R8 =0x000000002add1468 is an unknown value
R9 =0x0000000000000001 is an unknown value
R10=0x0000000000000002 is an unknown value
R11=0x00000000036a7140 is at entry_point+32 in (nmethod*)0x00000000036a6f90
R12=0x0000000000000000 is an unknown value
R13=0x00000000284cc2e0 is pointing into the stack for thread: 0x000000001bd25800
R14=0x00000000284cc2b0 is pointing into the stack for thread: 0x000000001bd25800
R15=0x000000001bd25800 is a thread


Stack: [0x00000000283d0000,0x00000000284d0000],  sp=0x00000000284cc288,  free space=1008k
Native frames: (J=compiled Java code, j=interpreted, Vv=VM code, C=native code)
C  [sqlite-3.21.0.1-b3649a42-c6f1-4219-9752-c052096e3f81-sqlitejdbc.dll+0x5bc5]
C  0x0000000003407083

Java frames: (J=compiled Java code, j=interpreted, Vv=VM code)
J 7294  org.sqlite.core.NativeDB.column_count(J)I (0 bytes) @ 0x0000000003406f3b [0x0000000003406f00+0x3b]
J 7402 C1 org.sqlite.core.DB.column_names(J)[Ljava/lang/String; (38 bytes) @ 0x00000000036a723c [0x00000000036a7120+0x11c]
j  org.sqlite.core.CorePreparedStatement.<init>(Lorg/sqlite/SQLiteConnection;Ljava/lang/String;)V+30
j  org.sqlite.jdbc3.JDBC3PreparedStatement.<init>(Lorg/sqlite/SQLiteConnection;Ljava/lang/String;)V+3
j  org.sqlite.jdbc4.JDBC4PreparedStatement.<init>(Lorg/sqlite/SQLiteConnection;Ljava/lang/String;)V+3
j  org.sqlite.jdbc4.JDBC4Connection.prepareStatement(Ljava/lang/String;III)Ljava/sql/PreparedStatement;+21
j  org.sqlite.jdbc3.JDBC3Connection.prepareStatement(Ljava/lang/String;II)Ljava/sql/PreparedStatement;+5
j  org.sqlite.jdbc3.JDBC3Connection.prepareStatement(Ljava/lang/String;)Ljava/sql/PreparedStatement;+8
j  org.apache.commons.dbcp2.DelegatingConnection.prepareStatement(Ljava/lang/String;)Ljava/sql/PreparedStatement;+14
j  org.apache.commons.dbcp2.DelegatingConnection.prepareStatement(Ljava/lang/String;)Ljava/sql/PreparedStatement;+14
j  com.dongtech.utils.DB.getOneField(Ljava/lang/String;)Ljava/lang/Object;+15
j  com.dongtech.bs.mapper.PartyMapper.selectPartyByNodeid(IZ)I+59
j  com.dongtech.bs.service.impl.PartyServerimpl.selectPartyByNodeid(IZ)I+6
j  com.dongtech.bs.controller.ConsoleContrller.toConsole(Ljavax/servlet/http/HttpServletRequest;)Ljava/lang/String;+10
j  com.dongtech.bs.controller.ConsoleContrller$$FastClassBySpringCGLIB$$82228312.invoke(ILjava/lang/Object;[Ljava/lang/Object;)Ljava/lang/Object;+96
j  org.springframework.cglib.proxy.MethodProxy.invoke(Ljava/lang/Object;[Ljava/lang/Object;)Ljava/lang/Object;+19
j  org.springframework.aop.framework.CglibAopProxy$CglibMethodInvocation.invokeJoinpoint()Ljava/lang/Object;+19
j  org.springframework.aop.framework.ReflectiveMethodInvocation.proceed()Ljava/lang/Object;+19
j  org.springframework.aop.framework.adapter.MethodBeforeAdviceInterceptor.invoke(Lorg/aopalliance/intercept/MethodInvocation;)Ljava/lang/Object;+28
j  org.springframework.aop.framework.ReflectiveMethodInvocation.proceed()Ljava/lang/Object;+85
j  org.springframework.aop.aspectj.AspectJAfterThrowingAdvice.invoke(Lorg/aopalliance/intercept/MethodInvocation;)Ljava/lang/Object;+1
j  org.springframework.aop.framework.ReflectiveMethodInvocation.proceed()Ljava/lang/Object;+85
j  org.springframework.aop.interceptor.ExposeInvocationInterceptor.invoke(Lorg/aopalliance/intercept/MethodInvocation;)Ljava/lang/Object;+18
j  org.springframework.aop.framework.ReflectiveMethodInvocation.proceed()Ljava/lang/Object;+101
j  org.springframework.aop.framework.CglibAopProxy$DynamicAdvisedInterceptor.intercept(Ljava/lang/Object;Ljava/lang/reflect/Method;[Ljava/lang/Object;Lorg/springframework/cglib/proxy/MethodProxy;)Ljava/lang/Object;+133
j  com.dongtech.bs.controller.ConsoleContrller$$EnhancerBySpringCGLIB$$f434074.toConsole(Ljavax/servlet/http/HttpServletRequest;)Ljava/lang/String;+36
v  ~StubRoutines::call_stub
J 1823  sun.reflect.NativeMethodAccessorImpl.invoke0(Ljava/lang/reflect/Method;Ljava/lang/Object;[Ljava/lang/Object;)Ljava/lang/Object; (0 bytes) @ 0x0000000002c6663f [0x0000000002c665c0+0x7f]
J 1822 C1 sun.reflect.NativeMethodAccessorImpl.invoke(Ljava/lang/Object;[Ljava/lang/Object;)Ljava/lang/Object; (104 bytes) @ 0x0000000002c68624 [0x0000000002c68260+0x3c4]
J 1201 C1 sun.reflect.DelegatingMethodAccessorImpl.invoke(Ljava/lang/Object;[Ljava/lang/Object;)Ljava/lang/Object; (10 bytes) @ 0x0000000002b56be4 [0x0000000002b56ba0+0x44]
J 1200 C1 java.lang.reflect.Method.invoke(Ljava/lang/Object;[Ljava/lang/Object;)Ljava/lang/Object; (62 bytes) @ 0x0000000002b567e4 [0x0000000002b566e0+0x104]
j  org.springframework.web.method.support.InvocableHandlerMethod.doInvoke([Ljava/lang/Object;)Ljava/lang/Object;+16
j  org.springframework.web.method.support.InvocableHandlerMethod.invokeForRequest(Lorg/springframework/web/context/request/NativeWebRequest;Lorg/springframework/web/method/support/ModelAndViewContainer;[Ljava/lang/Object;)Ljava/lang/Object;+75
j  org.springframework.web.servlet.mvc.method.annotation.ServletInvocableHandlerMethod.invokeAndHandle(Lorg/springframework/web/context/request/ServletWebRequest;Lorg/springframework/web/method/support/ModelAndViewContainer;[Ljava/lang/Object;)V+4
j  org.springframework.web.servlet.mvc.method.annotation.RequestMappingHandlerAdapter.invokeHandlerMethod(Ljavax/servlet/http/HttpServletRequest;Ljavax/servlet/http/HttpServletResponse;Lorg/springframework/web/method/HandlerMethod;)Lorg/springframework/web/servlet/ModelAndView;+276
j  org.springframework.web.servlet.mvc.method.annotation.RequestMappingHandlerAdapter.handleInternal(Ljavax/servlet/http/HttpServletRequest;Ljavax/servlet/http/HttpServletResponse;Lorg/springframework/web/method/HandlerMethod;)Lorg/springframework/web/servlet/ModelAndView;+81
j  org.springframework.web.servlet.mvc.method.AbstractHandlerMethodAdapter.handle(Ljavax/servlet/http/HttpServletRequest;Ljavax/servlet/http/HttpServletResponse;Ljava/lang/Object;)Lorg/springframework/web/servlet/ModelAndView;+7
j  org.springframework.web.servlet.DispatcherServlet.doDispatch(Ljavax/servlet/http/HttpServletRequest;Ljavax/servlet/http/HttpServletResponse;)V+310
j  org.springframework.web.servlet.DispatcherServlet.doService(Ljavax/servlet/http/HttpServletRequest;Ljavax/servlet/http/HttpServletResponse;)V+308
j  org.springframework.web.servlet.FrameworkServlet.processRequest(Ljavax/servlet/http/HttpServletRequest;Ljavax/servlet/http/HttpServletResponse;)V+71
j  org.springframework.web.servlet.FrameworkServlet.doGet(Ljavax/servlet/http/HttpServletRequest;Ljavax/servlet/http/HttpServletResponse;)V+3
j  javax.servlet.http.HttpServlet.service(Ljavax/servlet/http/HttpServletRequest;Ljavax/servlet/http/HttpServletResponse;)V+35
j  org.springframework.web.servlet.FrameworkServlet.service(Ljavax/servlet/http/HttpServletRequest;Ljavax/servlet/http/HttpServletResponse;)V+33
j  javax.servlet.http.HttpServlet.service(Ljavax/servlet/ServletRequest;Ljavax/servlet/ServletResponse;)V+30
J 7231 C1 org.apache.catalina.core.ApplicationFilterChain.internalDoFilter(Ljavax/servlet/ServletRequest;Ljavax/servlet/ServletResponse;)V (388 bytes) @ 0x000000000367bdac [0x000000000367bb80+0x22c]
J 7230 C1 org.apache.catalina.core.ApplicationFilterChain.doFilter(Ljavax/servlet/ServletRequest;Ljavax/servlet/ServletResponse;)V (105 bytes) @ 0x000000000367b714 [0x000000000367b6e0+0x34]
j  org.apache.tomcat.websocket.server.WsFilter.doFilter(Ljavax/servlet/ServletRequest;Ljavax/servlet/ServletResponse;Ljavax/servlet/FilterChain;)V+21
J 7231 C1 org.apache.catalina.core.ApplicationFilterChain.internalDoFilter(Ljavax/servlet/ServletRequest;Ljavax/servlet/ServletResponse;)V (388 bytes) @ 0x000000000367c024 [0x000000000367bb80+0x4a4]
J 7230 C1 org.apache.catalina.core.ApplicationFilterChain.doFilter(Ljavax/servlet/ServletRequest;Ljavax/servlet/ServletResponse;)V (105 bytes) @ 0x000000000367b714 [0x000000000367b6e0+0x34]
j  org.springframework.web.filter.RequestContextFilter.doFilterInternal(Ljavax/servlet/http/HttpServletRequest;Ljavax/servlet/http/HttpServletResponse;Ljavax/servlet/FilterChain;)V+21
J 8189 C1 org.springframework.web.filter.OncePerRequestFilter.doFilter(Ljavax/servlet/ServletRequest;Ljavax/servlet/ServletResponse;Ljavax/servlet/FilterChain;)V (139 bytes) @ 0x00000000037e2a2c [0x00000000037e2780+0x2ac]
J 7231 C1 org.apache.catalina.core.ApplicationFilterChain.internalDoFilter(Ljavax/servlet/ServletRequest;Ljavax/servlet/ServletResponse;)V (388 bytes) @ 0x000000000367c024 [0x000000000367bb80+0x4a4]
J 7230 C1 org.apache.catalina.core.ApplicationFilterChain.doFilter(Ljavax/servlet/ServletRequest;Ljavax/servlet/ServletResponse;)V (105 bytes) @ 0x000000000367b714 [0x000000000367b6e0+0x34]
j  org.springframework.web.filter.HttpPutFormContentFilter.doFilterInternal(Ljavax/servlet/http/HttpServletRequest;Ljavax/servlet/http/HttpServletResponse;Ljavax/servlet/FilterChain;)V+95
J 8189 C1 org.springframework.web.filter.OncePerRequestFilter.doFilter(Ljavax/servlet/ServletRequest;Ljavax/servlet/ServletResponse;Ljavax/servlet/FilterChain;)V (139 bytes) @ 0x00000000037e2a2c [0x00000000037e2780+0x2ac]
J 7231 C1 org.apache.catalina.core.ApplicationFilterChain.internalDoFilter(Ljavax/servlet/ServletRequest;Ljavax/servlet/ServletResponse;)V (388 bytes) @ 0x000000000367c024 [0x000000000367bb80+0x4a4]
J 7230 C1 org.apache.catalina.core.ApplicationFilterChain.doFilter(Ljavax/servlet/ServletRequest;Ljavax/servlet/ServletResponse;)V (105 bytes) @ 0x000000000367b714 [0x000000000367b6e0+0x34]
j  org.springframework.web.filter.HiddenHttpMethodFilter.doFilterInternal(Ljavax/servlet/http/HttpServletRequest;Ljavax/servlet/http/HttpServletResponse;Ljavax/servlet/FilterChain;)V+87
J 8189 C1 org.springframework.web.filter.OncePerRequestFilter.doFilter(Ljavax/servlet/ServletRequest;Ljavax/servlet/ServletResponse;Ljavax/servlet/FilterChain;)V (139 bytes) @ 0x00000000037e2a2c [0x00000000037e2780+0x2ac]
J 7231 C1 org.apache.catalina.core.ApplicationFilterChain.internalDoFilter(Ljavax/servlet/ServletRequest;Ljavax/servlet/ServletResponse;)V (388 bytes) @ 0x000000000367c024 [0x000000000367bb80+0x4a4]
J 7230 C1 org.apache.catalina.core.ApplicationFilterChain.doFilter(Ljavax/servlet/ServletRequest;Ljavax/servlet/ServletResponse;)V (105 bytes) @ 0x000000000367b714 [0x000000000367b6e0+0x34]
j  org.springframework.web.filter.CharacterEncodingFilter.doFilterInternal(Ljavax/servlet/http/HttpServletRequest;Ljavax/servlet/http/HttpServletResponse;Ljavax/servlet/FilterChain;)V+53
J 8189 C1 org.springframework.web.filter.OncePerRequestFilter.doFilter(Ljavax/servlet/ServletRequest;Ljavax/servlet/ServletResponse;Ljavax/servlet/FilterChain;)V (139 bytes) @ 0x00000000037e2a2c [0x00000000037e2780+0x2ac]
J 7231 C1 org.apache.catalina.core.ApplicationFilterChain.internalDoFilter(Ljavax/servlet/ServletRequest;Ljavax/servlet/ServletResponse;)V (388 bytes) @ 0x000000000367c024 [0x000000000367bb80+0x4a4]
J 7230 C1 org.apache.catalina.core.ApplicationFilterChain.doFilter(Ljavax/servlet/ServletRequest;Ljavax/servlet/ServletResponse;)V (105 bytes) @ 0x000000000367b714 [0x000000000367b6e0+0x34]
j  org.apache.catalina.core.StandardWrapperValve.invoke(Lorg/apache/catalina/connector/Request;Lorg/apache/catalina/connector/Response;)V+688
j  org.apache.catalina.core.StandardContextValve.invoke(Lorg/apache/catalina/connector/Request;Lorg/apache/catalina/connector/Response;)V+166
j  org.apache.catalina.authenticator.AuthenticatorBase.invoke(Lorg/apache/catalina/connector/Request;Lorg/apache/catalina/connector/Response;)V+260
j  org.apache.catalina.core.StandardHostValve.invoke(Lorg/apache/catalina/connector/Request;Lorg/apache/catalina/connector/Response;)V+138
j  org.apache.catalina.valves.ErrorReportValve.invoke(Lorg/apache/catalina/connector/Request;Lorg/apache/catalina/connector/Response;)V+6
j  org.apache.catalina.core.StandardEngineValve.invoke(Lorg/apache/catalina/connector/Request;Lorg/apache/catalina/connector/Response;)V+71
j  org.apache.catalina.connector.CoyoteAdapter.service(Lorg/apache/coyote/Request;Lorg/apache/coyote/Response;)V+199
j  org.apache.coyote.http11.Http11Processor.service(Lorg/apache/tomcat/util/net/SocketWrapperBase;)Lorg/apache/tomcat/util/net/AbstractEndpoint$Handler$SocketState;+806
j  org.apache.coyote.AbstractProcessorLight.process(Lorg/apache/tomcat/util/net/SocketWrapperBase;Lorg/apache/tomcat/util/net/SocketEvent;)Lorg/apache/tomcat/util/net/AbstractEndpoint$Handler$SocketState;+113
j  org.apache.coyote.AbstractProtocol$ConnectionHandler.process(Lorg/apache/tomcat/util/net/SocketWrapperBase;Lorg/apache/tomcat/util/net/SocketEvent;)Lorg/apache/tomcat/util/net/AbstractEndpoint$Handler$SocketState;+414
j  org.apache.tomcat.util.net.NioEndpoint$SocketProcessor.doRun()V+191
j  org.apache.tomcat.util.net.SocketProcessorBase.run()V+21
j  java.util.concurrent.ThreadPoolExecutor.runWorker(Ljava/util/concurrent/ThreadPoolExecutor$Worker;)V+95
j  java.util.concurrent.ThreadPoolExecutor$Worker.run()V+5
j  org.apache.tomcat.util.threads.TaskThread$WrappingRunnable.run()V+4
j  java.lang.Thread.run()V+11
v  ~StubRoutines::call_stub

---------------  P R O C E S S  ---------------

Java Threads: ( => current thread )
  0x000000001bd20000 JavaThread "logback-7" daemon [_thread_blocked, id=17536, stack(0x0000000022000000,0x0000000022100000)]
  0x000000001bd1b000 JavaThread "logback-6" daemon [_thread_blocked, id=15224, stack(0x000000002ac00000,0x000000002ad00000)]
  0x0000000026ced800 JavaThread "Abandoned connection cleanup thread" daemon [_thread_blocked, id=15120, stack(0x00000000291f0000,0x00000000292f0000)]
  0x000000001bd1a000 JavaThread "DestroyJavaVM" [_thread_blocked, id=17664, stack(0x0000000002770000,0x0000000002870000)]
  0x0000000026cec800 JavaThread "http-nio-8081-AsyncTimeout" daemon [_thread_blocked, id=16652, stack(0x0000000029340000,0x0000000029440000)]
  0x0000000026cec000 JavaThread "http-nio-8081-Acceptor-0" daemon [_thread_in_native, id=15808, stack(0x0000000029080000,0x0000000029180000)]
  0x0000000026ceb000 JavaThread "http-nio-8081-ClientPoller-1" daemon [_thread_in_native, id=11964, stack(0x0000000028ec0000,0x0000000028fc0000)]
  0x0000000026cea800 JavaThread "http-nio-8081-ClientPoller-0" daemon [_thread_in_native, id=13660, stack(0x0000000028d10000,0x0000000028e10000)]
  0x0000000026ce9800 JavaThread "http-nio-8081-exec-10" daemon [_thread_blocked, id=16420, stack(0x0000000028ad0000,0x0000000028bd0000)]
  0x0000000026ce9000 JavaThread "http-nio-8081-exec-9" daemon [_thread_blocked, id=18316, stack(0x0000000026520000,0x0000000026620000)]
  0x0000000026ce8000 JavaThread "http-nio-8081-exec-8" daemon [_thread_blocked, id=16176, stack(0x0000000028bf0000,0x0000000028cf0000)]
  0x000000001bd29000 JavaThread "http-nio-8081-exec-7" daemon [_thread_blocked, id=16612, stack(0x00000000289c0000,0x0000000028ac0000)]
  0x000000001bd28800 JavaThread "http-nio-8081-exec-6" daemon [_thread_blocked, id=15872, stack(0x00000000287f0000,0x00000000288f0000)]
  0x000000001bd27800 JavaThread "http-nio-8081-exec-5" daemon [_thread_blocked, id=14724, stack(0x0000000028610000,0x0000000028710000)]
  0x000000001bd27000 JavaThread "http-nio-8081-exec-4" daemon [_thread_blocked, id=17384, stack(0x0000000028510000,0x0000000028610000)]
  0x000000001bd26000 JavaThread "http-nio-8081-exec-3" daemon [_thread_blocked, id=15056, stack(0x0000000028270000,0x0000000028370000)]
=>0x000000001bd25800 JavaThread "http-nio-8081-exec-2" daemon [_thread_in_native, id=16180, stack(0x00000000283d0000,0x00000000284d0000)]
  0x000000001bd24800 JavaThread "http-nio-8081-exec-1" daemon [_thread_blocked, id=14492, stack(0x0000000028150000,0x0000000028250000)]
  0x000000001bd24000 JavaThread "NioBlockingSelector.BlockPoller-1" daemon [_thread_in_native, id=15884, stack(0x000000001df60000,0x000000001e060000)]
  0x000000001bd23000 JavaThread "Live Reload Server" daemon [_thread_in_native, id=16416, stack(0x00000000267b0000,0x00000000268b0000)]
  0x000000001bd22800 JavaThread "File Watcher" daemon [_thread_blocked, id=10656, stack(0x0000000027dc0000,0x0000000027ec0000)]
  0x000000001bd21800 JavaThread "container-0" [_thread_blocked, id=8748, stack(0x00000000268b0000,0x00000000269b0000)]
  0x000000001bd21000 JavaThread "ContainerBackgroundProcessor[StandardEngine[Tomcat]]" daemon [_thread_blocked, id=3552, stack(0x0000000026620000,0x0000000026720000)]
  0x000000001bd1e800 JavaThread "logback-5" daemon [_thread_blocked, id=17896, stack(0x0000000025880000,0x0000000025980000)]
  0x000000001bd1b800 JavaThread "logback-4" daemon [_thread_blocked, id=16336, stack(0x0000000025610000,0x0000000025710000)]
  0x000000001bd1e000 JavaThread "logback-3" daemon [_thread_blocked, id=14652, stack(0x0000000024bf0000,0x0000000024cf0000)]
  0x000000001bd1d000 JavaThread "logback-2" daemon [_thread_blocked, id=16784, stack(0x0000000024e30000,0x0000000024f30000)]
  0x000000001bd1c800 JavaThread "logback-1" daemon [_thread_blocked, id=17764, stack(0x0000000024d00000,0x0000000024e00000)]
  0x000000001be1c000 JavaThread "RMI Scheduler(0)" daemon [_thread_blocked, id=15140, stack(0x0000000020190000,0x0000000020290000)]
  0x000000001bba5800 JavaThread "AWT-EventQueue-0" [_thread_blocked, id=15668, stack(0x000000001f180000,0x000000001f280000)]
  0x000000001baf3000 JavaThread "AWT-Windows" daemon [_thread_in_native, id=13428, stack(0x000000001d280000,0x000000001d380000)]
  0x000000001baf2000 JavaThread "AWT-Shutdown" [_thread_blocked, id=16856, stack(0x000000001cdd0000,0x000000001ced0000)]
  0x000000001bb07800 JavaThread "Java2D Disposer" daemon [_thread_blocked, id=2728, stack(0x000000001d020000,0x000000001d120000)]
  0x000000001bad6800 JavaThread "RMI TCP Accept-0" daemon [_thread_in_native, id=13448, stack(0x000000001cc80000,0x000000001cd80000)]
  0x000000001b7e4000 JavaThread "Service Thread" daemon [_thread_blocked, id=10648, stack(0x000000001c7a0000,0x000000001c8a0000)]
  0x000000001b7e3000 JavaThread "C1 CompilerThread2" daemon [_thread_blocked, id=17388, stack(0x000000001c620000,0x000000001c720000)]
  0x000000001b77e800 JavaThread "C2 CompilerThread1" daemon [_thread_blocked, id=1492, stack(0x000000001c290000,0x000000001c390000)]
  0x000000001b77d800 JavaThread "C2 CompilerThread0" daemon [_thread_blocked, id=15564, stack(0x000000001c130000,0x000000001c230000)]
  0x000000001b72c800 JavaThread "Monitor Ctrl-Break" daemon [_thread_in_native, id=4876, stack(0x000000001bf40000,0x000000001c040000)]
  0x0000000019c3c000 JavaThread "Attach Listener" daemon [_thread_blocked, id=12712, stack(0x000000001b5f0000,0x000000001b6f0000)]
  0x000000001af73800 JavaThread "Signal Dispatcher" daemon [_thread_blocked, id=17372, stack(0x000000001b430000,0x000000001b530000)]
  0x0000000019c20000 JavaThread "Finalizer" daemon [_thread_blocked, id=14956, stack(0x000000001ae60000,0x000000001af60000)]
  0x0000000019bd8800 JavaThread "Reference Handler" daemon [_thread_blocked, id=15968, stack(0x000000001ad10000,0x000000001ae10000)]

Other Threads:
  0x0000000019bd0800 VMThread [stack: 0x000000001abd0000,0x000000001acd0000] [id=12636]
  0x000000001bade800 WatcherThread [stack: 0x000000001c8e0000,0x000000001c9e0000] [id=14592]

VM state:not at safepoint (normal execution)

VM Mutex/Monitor currently owned by a thread: None

Heap:
 PSYoungGen      total 529920K, used 477357K [0x0000000780800000, 0x00000007afd00000, 0x00000007c0000000)
  eden space 526336K, 90% used [0x0000000780800000,0x000000079d7271d0,0x00000007a0a00000)
  from space 3584K, 86% used [0x00000007af980000,0x00000007afc84490,0x00000007afd00000)
  to   space 39936K, 0% used [0x00000007aaf00000,0x00000007aaf00000,0x00000007ad600000)
 ParOldGen       total 96768K, used 62465K [0x0000000701800000, 0x0000000707680000, 0x0000000780800000)
  object space 96768K, 64% used [0x0000000701800000,0x00000007055005e0,0x0000000707680000)
 Metaspace       used 55772K, capacity 58384K, committed 58620K, reserved 1099776K
  class space    used 7176K, capacity 7595K, committed 7676K, reserved 1048576K

Card table byte_map: [0x0000000011c30000,0x0000000012230000] byte_map_base: 0x000000000e424000

Marking Bits: (ParMarkBitMap*) 0x000000007260b6d0
 Begin Bits: [0x0000000012d00000, 0x0000000015ca0000)
 End Bits:   [0x0000000015ca0000, 0x0000000018c40000)

Polling page: 0x0000000000750000

CodeCache: size=245760Kb used=15912Kb max_used=15915Kb free=229847Kb
 bounds [0x0000000002870000, 0x0000000003800000, 0x0000000011870000]
 total_blobs=8737 nmethods=8059 adapters=588
 compilation: enabled

Compilation events (10 events):
Event: 2926.583 Thread 0x000000001b7e3000 8207       1       java.util.Collections$SetFromMap::<init> (39 bytes)
Event: 2926.583 Thread 0x000000001b7e3000 nmethod 8207 0x00000000037f6050 code [0x00000000037f61e0, 0x00000000037f6448]
Event: 2926.675 Thread 0x000000001b7e3000 8208       1       org.springframework.util.ReflectionUtils::makeAccessible (46 bytes)
Event: 2926.676 Thread 0x000000001b7e3000 nmethod 8208 0x00000000037f6550 code [0x00000000037f66c0, 0x00000000037f68e8]
Event: 2926.770 Thread 0x000000001b7e3000 8209       1       java.io.OutputStreamWriter::<init> (30 bytes)
Event: 2926.771 Thread 0x000000001b7e3000 nmethod 8209 0x00000000037f6a10 code [0x00000000037f6bc0, 0x00000000037f6fb8]
Event: 2926.771 Thread 0x000000001b7e3000 8210       1       sun.nio.cs.StreamEncoder::forOutputStreamWriter (11 bytes)
Event: 2926.772 Thread 0x000000001b7e3000 nmethod 8210 0x00000000037f7250 code [0x00000000037f73c0, 0x00000000037f75d8]
Event: 2926.776 Thread 0x000000001b7e3000 8211       1       sun.misc.FloatingDecimal$ASCIIToBinaryBuffer::doubleValue (1194 bytes)
Event: 2926.779 Thread 0x000000001b7e3000 nmethod 8211 0x00000000037f7710 code [0x00000000037f7a80, 0x00000000037f88c8]

GC Heap History (10 events):
Event: 658.072 GC heap before
{Heap before GC invocations=14 (full 2):
 PSYoungGen      total 698880K, used 688530K [0x0000000780800000, 0x00000007b7180000, 0x00000007c0000000)
  eden space 659456K, 100% used [0x0000000780800000,0x00000007a8c00000,0x00000007a8c00000)
  from space 39424K, 73% used [0x00000007a8c00000,0x00000007aa864ad8,0x00000007ab280000)
  to   space 41472K, 0% used [0x00000007b4900000,0x00000007b4900000,0x00000007b7180000)
 ParOldGen       total 96768K, used 62433K [0x0000000701800000, 0x0000000707680000, 0x0000000780800000)
  object space 96768K, 64% used [0x0000000701800000,0x00000007054f85e0,0x0000000707680000)
 Metaspace       used 55732K, capacity 58310K, committed 58620K, reserved 1099776K
  class space    used 7173K, capacity 7593K, committed 7676K, reserved 1048576K
Event: 658.100 GC heap after
Heap after GC invocations=14 (full 2):
 PSYoungGen      total 633856K, used 3152K [0x0000000780800000, 0x00000007b4c80000, 0x00000007c0000000)
  eden space 630272K, 0% used [0x0000000780800000,0x0000000780800000,0x00000007a6f80000)
  from space 3584K, 87% used [0x00000007b4900000,0x00000007b4c14368,0x00000007b4c80000)
  to   space 41984K, 0% used [0x00000007afa80000,0x00000007afa80000,0x00000007b2380000)
 ParOldGen       total 96768K, used 62441K [0x0000000701800000, 0x0000000707680000, 0x0000000780800000)
  object space 96768K, 64% used [0x0000000701800000,0x00000007054fa5e0,0x0000000707680000)
 Metaspace       used 55732K, capacity 58310K, committed 58620K, reserved 1099776K
  class space    used 7173K, capacity 7593K, committed 7676K, reserved 1048576K
}
Event: 1030.280 GC heap before
{Heap before GC invocations=15 (full 2):
 PSYoungGen      total 633856K, used 633424K [0x0000000780800000, 0x00000007b4c80000, 0x00000007c0000000)
  eden space 630272K, 100% used [0x0000000780800000,0x00000007a6f80000,0x00000007a6f80000)
  from space 3584K, 87% used [0x00000007b4900000,0x00000007b4c14368,0x00000007b4c80000)
  to   space 41984K, 0% used [0x00000007afa80000,0x00000007afa80000,0x00000007b2380000)
 ParOldGen       total 96768K, used 62441K [0x0000000701800000, 0x0000000707680000, 0x0000000780800000)
  object space 96768K, 64% used [0x0000000701800000,0x00000007054fa5e0,0x0000000707680000)
 Metaspace       used 55751K, capacity 58384K, committed 58620K, reserved 1099776K
  class space    used 7174K, capacity 7595K, committed 7676K, reserved 1048576K
Event: 1030.288 GC heap after
Heap after GC invocations=15 (full 2):
 PSYoungGen      total 605696K, used 3303K [0x0000000780800000, 0x00000007b4980000, 0x00000007c0000000)
  eden space 602112K, 0% used [0x0000000780800000,0x0000000780800000,0x00000007a5400000)
  from space 3584K, 92% used [0x00000007afa80000,0x00000007afdb9ff8,0x00000007afe00000)
  to   space 41984K, 0% used [0x00000007b2080000,0x00000007b2080000,0x00000007b4980000)
 ParOldGen       total 96768K, used 62449K [0x0000000701800000, 0x0000000707680000, 0x0000000780800000)
  object space 96768K, 64% used [0x0000000701800000,0x00000007054fc5e0,0x0000000707680000)
 Metaspace       used 55751K, capacity 58384K, committed 58620K, reserved 1099776K
  class space    used 7174K, capacity 7595K, committed 7676K, reserved 1048576K
}
Event: 1557.301 GC heap before
{Heap before GC invocations=16 (full 2):
 PSYoungGen      total 605696K, used 605415K [0x0000000780800000, 0x00000007b4980000, 0x00000007c0000000)
  eden space 602112K, 100% used [0x0000000780800000,0x00000007a5400000,0x00000007a5400000)
  from space 3584K, 92% used [0x00000007afa80000,0x00000007afdb9ff8,0x00000007afe00000)
  to   space 41984K, 0% used [0x00000007b2080000,0x00000007b2080000,0x00000007b4980000)
 ParOldGen       total 96768K, used 62449K [0x0000000701800000, 0x0000000707680000, 0x0000000780800000)
  object space 96768K, 64% used [0x0000000701800000,0x00000007054fc5e0,0x0000000707680000)
 Metaspace       used 55751K, capacity 58384K, committed 58620K, reserved 1099776K
  class space    used 7174K, capacity 7595K, committed 7676K, reserved 1048576K
Event: 1557.307 GC heap after
Heap after GC invocations=16 (full 2):
 PSYoungGen      total 579072K, used 3201K [0x0000000780800000, 0x00000007b2400000, 0x00000007c0000000)
  eden space 575488K, 0% used [0x0000000780800000,0x0000000780800000,0x00000007a3a00000)
  from space 3584K, 89% used [0x00000007b2080000,0x00000007b23a04a0,0x00000007b2400000)
  to   space 41472K, 0% used [0x00000007ad300000,0x00000007ad300000,0x00000007afb80000)
 ParOldGen       total 96768K, used 62457K [0x0000000701800000, 0x0000000707680000, 0x0000000780800000)
  object space 96768K, 64% used [0x0000000701800000,0x00000007054fe5e0,0x0000000707680000)
 Metaspace       used 55751K, capacity 58384K, committed 58620K, reserved 1099776K
  class space    used 7174K, capacity 7595K, committed 7676K, reserved 1048576K
}
Event: 2062.884 GC heap before
{Heap before GC invocations=17 (full 2):
 PSYoungGen      total 579072K, used 578689K [0x0000000780800000, 0x00000007b2400000, 0x00000007c0000000)
  eden space 575488K, 100% used [0x0000000780800000,0x00000007a3a00000,0x00000007a3a00000)
  from space 3584K, 89% used [0x00000007b2080000,0x00000007b23a04a0,0x00000007b2400000)
  to   space 41472K, 0% used [0x00000007ad300000,0x00000007ad300000,0x00000007afb80000)
 ParOldGen       total 96768K, used 62457K [0x0000000701800000, 0x0000000707680000, 0x0000000780800000)
  object space 96768K, 64% used [0x0000000701800000,0x00000007054fe5e0,0x0000000707680000)
 Metaspace       used 55751K, capacity 58384K, committed 58620K, reserved 1099776K
  class space    used 7174K, capacity 7595K, committed 7676K, reserved 1048576K
Event: 2062.918 GC heap after
Heap after GC invocations=17 (full 2):
 PSYoungGen      total 553472K, used 3018K [0x0000000780800000, 0x00000007b2100000, 0x00000007c0000000)
  eden space 550400K, 0% used [0x0000000780800000,0x0000000780800000,0x00000007a2180000)
  from space 3072K, 98% used [0x00000007ad300000,0x00000007ad5f28c0,0x00000007ad600000)
  to   space 40448K, 0% used [0x00000007af980000,0x00000007af980000,0x00000007b2100000)
 ParOldGen       total 96768K, used 62465K [0x0000000701800000, 0x0000000707680000, 0x0000000780800000)
  object space 96768K, 64% used [0x0000000701800000,0x00000007055005e0,0x0000000707680000)
 Metaspace       used 55751K, capacity 58384K, committed 58620K, reserved 1099776K
  class space    used 7174K, capacity 7595K, committed 7676K, reserved 1048576K
}
Event: 2532.084 GC heap before
{Heap before GC invocations=18 (full 2):
 PSYoungGen      total 553472K, used 553418K [0x0000000780800000, 0x00000007b2100000, 0x00000007c0000000)
  eden space 550400K, 100% used [0x0000000780800000,0x00000007a2180000,0x00000007a2180000)
  from space 3072K, 98% used [0x00000007ad300000,0x00000007ad5f28c0,0x00000007ad600000)
  to   space 40448K, 0% used [0x00000007af980000,0x00000007af980000,0x00000007b2100000)
 ParOldGen       total 96768K, used 62465K [0x0000000701800000, 0x0000000707680000, 0x0000000780800000)
  object space 96768K, 64% used [0x0000000701800000,0x00000007055005e0,0x0000000707680000)
 Metaspace       used 55751K, capacity 58384K, committed 58620K, reserved 1099776K
  class space    used 7174K, capacity 7595K, committed 7676K, reserved 1048576K
Event: 2532.090 GC heap after
Heap after GC invocations=18 (full 2):
 PSYoungGen      total 529920K, used 3089K [0x0000000780800000, 0x00000007afd00000, 0x00000007c0000000)
  eden space 526336K, 0% used [0x0000000780800000,0x0000000780800000,0x00000007a0a00000)
  from space 3584K, 86% used [0x00000007af980000,0x00000007afc84490,0x00000007afd00000)
  to   space 39936K, 0% used [0x00000007aaf00000,0x00000007aaf00000,0x00000007ad600000)
 ParOldGen       total 96768K, used 62465K [0x0000000701800000, 0x0000000707680000, 0x0000000780800000)
  object space 96768K, 64% used [0x0000000701800000,0x00000007055005e0,0x0000000707680000)
 Metaspace       used 55751K, capacity 58384K, committed 58620K, reserved 1099776K
  class space    used 7174K, capacity 7595K, committed 7676K, reserved 1048576K
}

Deoptimization events (0 events):
No events

Internal exceptions (10 events):
Event: 662.555 Thread 0x0000000026ce8000 Exception <a 'java/security/PrivilegedActionException'> (0x0000000781429960) thrown at [C:\re\workspace\8-2-build-windows-amd64-cygwin\jdk8u121\8372\hotspot\src\share\vm\prims\jvm.cpp, line 1390]
Event: 662.555 Thread 0x0000000026ce8000 Exception <a 'java/security/PrivilegedActionException'> (0x000000078142a128) thrown at [C:\re\workspace\8-2-build-windows-amd64-cygwin\jdk8u121\8372\hotspot\src\share\vm\prims\jvm.cpp, line 1390]
Event: 662.555 Thread 0x0000000026ce8000 Exception <a 'java/security/PrivilegedActionException'> (0x0000000781434640) thrown at [C:\re\workspace\8-2-build-windows-amd64-cygwin\jdk8u121\8372\hotspot\src\share\vm\prims\jvm.cpp, line 1390]
Event: 662.555 Thread 0x0000000026ce8000 Exception <a 'java/security/PrivilegedActionException'> (0x0000000781434e08) thrown at [C:\re\workspace\8-2-build-windows-amd64-cygwin\jdk8u121\8372\hotspot\src\share\vm\prims\jvm.cpp, line 1390]
Event: 662.590 Thread 0x0000000026ce8000 Exception <a 'java/security/PrivilegedActionException'> (0x00000007816c3c28) thrown at [C:\re\workspace\8-2-build-windows-amd64-cygwin\jdk8u121\8372\hotspot\src\share\vm\prims\jvm.cpp, line 1390]
Event: 662.590 Thread 0x0000000026ce8000 Exception <a 'java/security/PrivilegedActionException'> (0x00000007816c43f0) thrown at [C:\re\workspace\8-2-build-windows-amd64-cygwin\jdk8u121\8372\hotspot\src\share\vm\prims\jvm.cpp, line 1390]
Event: 662.592 Thread 0x0000000026ce8000 Exception <a 'java/security/PrivilegedActionException'> (0x00000007816ce768) thrown at [C:\re\workspace\8-2-build-windows-amd64-cygwin\jdk8u121\8372\hotspot\src\share\vm\prims\jvm.cpp, line 1390]
Event: 662.592 Thread 0x0000000026ce8000 Exception <a 'java/security/PrivilegedActionException'> (0x00000007816cef30) thrown at [C:\re\workspace\8-2-build-windows-amd64-cygwin\jdk8u121\8372\hotspot\src\share\vm\prims\jvm.cpp, line 1390]
Event: 2909.661 Thread 0x0000000026ce9800 Exception <a 'java/lang/NullPointerException'> (0x000000079bb9aee8) thrown at [C:\re\workspace\8-2-build-windows-amd64-cygwin\jdk8u121\8372\hotspot\src\share\vm\interpreter\linkResolver.cpp, line 1178]
Event: 2911.611 Thread 0x000000001bd27800 Exception <a 'java/lang/NullPointerException'> (0x000000079c039400) thrown at [C:\re\workspace\8-2-build-windows-amd64-cygwin\jdk8u121\8372\hotspot\src\share\vm\interpreter\linkResolver.cpp, line 1178]

Events (10 events):
Event: 2926.773 Executing VM operation: RevokeBias
Event: 2926.774 Executing VM operation: RevokeBias done
Event: 2926.774 Executing VM operation: RevokeBias
Event: 2926.774 Executing VM operation: RevokeBias done
Event: 2926.775 Executing VM operation: RevokeBias
Event: 2926.775 Executing VM operation: RevokeBias done
Event: 2926.776 Executing VM operation: RevokeBias
Event: 2926.776 Executing VM operation: RevokeBias done
Event: 2926.777 Executing VM operation: RevokeBias
Event: 2926.778 Executing VM operation: RevokeBias done


Dynamic libraries:
0x000000013fa80000 - 0x000000013fab7000 	C:\Program Files\Java\jdk1.8.0_121\bin\java.exe
0x00000000775e0000 - 0x000000007777f000 	C:\Windows\SYSTEM32\ntdll.dll
0x00000000773c0000 - 0x00000000774df000 	C:\Windows\system32\kernel32.dll
0x000007fefdd90000 - 0x000007fefddfa000 	C:\Windows\system32\KERNELBASE.dll
0x000007fefde00000 - 0x000007fefdedb000 	C:\Windows\system32\ADVAPI32.dll
0x000007feff060000 - 0x000007feff0ff000 	C:\Windows\system32\msvcrt.dll
0x000007feff680000 - 0x000007feff69f000 	C:\Windows\SYSTEM32\sechost.dll
0x000007feff7a0000 - 0x000007feff8cc000 	C:\Windows\system32\RPCRT4.dll
0x00000000774e0000 - 0x00000000775da000 	C:\Windows\system32\USER32.dll
0x000007feff6a0000 - 0x000007feff707000 	C:\Windows\system32\GDI32.dll
0x000007feff790000 - 0x000007feff79e000 	C:\Windows\system32\LPK.dll
0x000007fefec70000 - 0x000007fefed3b000 	C:\Windows\system32\USP10.dll
0x000007fefc620000 - 0x000007fefc814000 	C:\Windows\WinSxS\amd64_microsoft.windows.common-controls_6595b64144ccf1df_6.0.7601.18837_none_fa3b1e3d17594757\COMCTL32.dll
0x000007feff560000 - 0x000007feff5d1000 	C:\Windows\system32\SHLWAPI.dll
0x000007feff2e0000 - 0x000007feff30e000 	C:\Windows\system32\IMM32.DLL
0x000007fefedf0000 - 0x000007fefeef9000 	C:\Windows\system32\MSCTF.dll
0x0000000068260000 - 0x0000000068332000 	C:\Program Files\Java\jdk1.8.0_121\jre\bin\msvcr100.dll
0x0000000071df0000 - 0x000000007268b000 	C:\Program Files\Java\jdk1.8.0_121\jre\bin\server\jvm.dll
0x000007fef1120000 - 0x000007fef1129000 	C:\Windows\system32\WSOCK32.dll
0x000007feff310000 - 0x000007feff35d000 	C:\Windows\system32\WS2_32.dll
0x000007fefede0000 - 0x000007fefede8000 	C:\Windows\system32\NSI.dll
0x000007fefaf10000 - 0x000007fefaf4b000 	C:\Windows\system32\WINMM.dll
0x000007fefcb90000 - 0x000007fefcb9c000 	C:\Windows\system32\VERSION.dll
0x0000000077780000 - 0x0000000077787000 	C:\Windows\system32\PSAPI.DLL
0x0000000071cd0000 - 0x0000000071cdf000 	C:\Program Files\Java\jdk1.8.0_121\jre\bin\verify.dll
0x0000000071ca0000 - 0x0000000071cc9000 	C:\Program Files\Java\jdk1.8.0_121\jre\bin\java.dll
0x00000000650a0000 - 0x00000000650c3000 	C:\Program Files\Java\jdk1.8.0_121\jre\bin\instrument.dll
0x0000000071c80000 - 0x0000000071c96000 	C:\Program Files\Java\jdk1.8.0_121\jre\bin\zip.dll
0x000007fefdee0000 - 0x000007fefec6a000 	C:\Windows\system32\SHELL32.dll
0x000007feff360000 - 0x000007feff55f000 	C:\Windows\system32\ole32.dll
0x000007fefda30000 - 0x000007fefda3f000 	C:\Windows\system32\profapi.dll
0x000007fedc180000 - 0x000007fedc19a000 	D:\ideaIU-2018.1.1.win\bin\breakgen64.dll
0x0000000073f60000 - 0x0000000073f7a000 	C:\Program Files\Java\jdk1.8.0_121\jre\bin\net.dll
0x000007fefd210000 - 0x000007fefd265000 	C:\Windows\system32\mswsock.dll
0x000007fefd200000 - 0x000007fefd207000 	C:\Windows\System32\wship6.dll
0x000007fefcc60000 - 0x000007fefcc67000 	C:\Windows\System32\wshtcpip.dll
0x000007fef0c20000 - 0x000007fef0c4f000 	C:\Program Files (x86)\Sangfor\SSL\ClientComponent\SangforNspX64.dll
0x000007fefef00000 - 0x000007fefefdb000 	C:\Windows\system32\OLEAUT32.dll
0x000007fefd090000 - 0x000007fefd0eb000 	C:\Windows\system32\DNSAPI.dll
0x000007fefb8f0000 - 0x000007fefb917000 	C:\Windows\system32\IPHLPAPI.DLL
0x000007fefb8a0000 - 0x000007fefb8ab000 	C:\Windows\system32\WINNSI.DLL
0x000007fef1110000 - 0x000007fef1118000 	C:\Windows\system32\rasadhlp.dll
0x000007fefb7b0000 - 0x000007fefb803000 	C:\Windows\System32\fwpuclnt.dll
0x00000000736c0000 - 0x00000000736cd000 	C:\Program Files\Java\jdk1.8.0_121\jre\bin\management.dll
0x0000000072f40000 - 0x0000000072f51000 	C:\Program Files\Java\jdk1.8.0_121\jre\bin\nio.dll
0x000007fefd270000 - 0x000007fefd288000 	C:\Windows\system32\CRYPTSP.dll
0x000007fefcf70000 - 0x000007fefcfb7000 	C:\Windows\system32\rsaenh.dll
0x000007fefcd80000 - 0x000007fefcd9e000 	C:\Windows\system32\USERENV.dll
0x000007fefd920000 - 0x000007fefd92f000 	C:\Windows\system32\CRYPTBASE.dll
0x000007fefb680000 - 0x000007fefb698000 	C:\Windows\system32\dhcpcsvc.DLL
0x000007fefb6f0000 - 0x000007fefb701000 	C:\Windows\system32\dhcpcsvc6.DLL
0x000007fefba30000 - 0x000007fefba45000 	C:\Windows\system32\NLAapi.dll
0x000007feee660000 - 0x000007feee675000 	C:\Windows\system32\napinsp.dll
0x000007feee640000 - 0x000007feee659000 	C:\Windows\system32\pnrpnsp.dll
0x000007feefa80000 - 0x000007feefa8b000 	C:\Windows\System32\winrnr.dll
0x000007feef990000 - 0x000007feef9a0000 	C:\Windows\system32\wshbth.dll
0x000000006cbc0000 - 0x000000006cd58000 	C:\Program Files\Java\jdk1.8.0_121\jre\bin\awt.dll
0x000007fefcb20000 - 0x000007fefcb38000 	C:\Windows\system32\DWMAPI.DLL
0x000007fedc910000 - 0x000007fedca2d000 	C:\Windows\system32\opengl32.dll
0x000007fedcd10000 - 0x000007fedcd3d000 	C:\Windows\system32\GLU32.dll
0x000007fedc810000 - 0x000007fedc901000 	C:\Windows\system32\DDRAW.dll
0x000007fee0140000 - 0x000007fee0148000 	C:\Windows\system32\DCIMAN32.dll
0x000007feff100000 - 0x000007feff2d7000 	C:\Windows\system32\SETUPAPI.dll
0x000007fefdae0000 - 0x000007fefdb16000 	C:\Windows\system32\CFGMGR32.dll
0x000007fefdc90000 - 0x000007fefdcaa000 	C:\Windows\system32\DEVOBJ.dll
0x000007fefc040000 - 0x000007fefc096000 	C:\Windows\system32\uxtheme.dll
0x000007fefd8c0000 - 0x000007fefd917000 	C:\Windows\system32\apphelp.dll
0x000007feef100000 - 0x000007feef98d000 	C:\Windows\system32\SOGOUPY.IME
0x000007fefa5f0000 - 0x000007fefa5f7000 	C:\Windows\system32\MSIMG32.dll
0x000007fef9840000 - 0x000007fef98b1000 	C:\Windows\system32\WINHTTP.dll
0x000007fef97d0000 - 0x000007fef9835000 	C:\Windows\system32\webio.dll
0x000007fefa8d0000 - 0x000007fefa924000 	C:\Windows\system32\OLEACC.dll
0x000007fefcb10000 - 0x000007fefcb13000 	C:\Windows\system32\api-ms-win-core-synch-l1-2-0.DLL
0x000007fefbc50000 - 0x000007fefbc7d000 	C:\Windows\system32\ntmarta.dll
0x000007feff710000 - 0x000007feff762000 	C:\Windows\system32\WLDAP32.dll
0x000007feee7f0000 - 0x000007feeea59000 	C:\Program Files (x86)\SogouInput\Components\PicFace\1.1.0.1867\PicFace64.dll
0x000007fefed40000 - 0x000007fefedd7000 	C:\Windows\system32\COMDLG32.dll
0x0000000065000000 - 0x0000000065047000 	C:\Program Files\Java\jdk1.8.0_121\jre\bin\fontmanager.dll
0x0000000064fb0000 - 0x0000000064ff2000 	C:\Program Files\Java\jdk1.8.0_121\jre\bin\t2k.dll
0x000000001fa80000 - 0x000000001fb9d000 	C:\Program Files (x86)\SogouInput\9.6.0.3568\Resource.dll
0x0000000064f80000 - 0x0000000064faa000 	C:\Program Files\Java\jdk1.8.0_121\jre\bin\dcpr.dll
0x0000000180000000 - 0x000000018020e000 	D:\tomcat\apache-tomcat-8.5.23\bin\tcnative-1.dll
0x000000006d080000 - 0x000000006d175000 	C:\Users\Administrator\AppData\Local\Temp\sqlite-3.21.0.1-b3649a42-c6f1-4219-9752-c052096e3f81-sqlitejdbc.dll
0x0000000022100000 - 0x0000000022154000 	C:\Program Files\Java\jdk1.8.0_121\bin\HASPJava_x64.dll
0x0000000029640000 - 0x0000000029ba0000 	C:\Program Files\Java\jdk1.8.0_121\bin\hasp_windows_x64_99459.dll
0x000007fefcb70000 - 0x000007fefcb81000 	C:\Windows\system32\WTSAPI32.DLL
0x000007fefbc80000 - 0x000007fefbc8b000 	C:\Windows\system32\HID.DLL
0x000007fefd890000 - 0x000007fefd8b5000 	C:\Windows\system32\SspiCli.dll
0x000007feefb60000 - 0x000007feefc85000 	C:\Windows\system32\dbghelp.dll

VM Arguments:
jvm_args: -XX:TieredStopAtLevel=1 -Xverify:none -Dspring.output.ansi.enabled=always -Dcom.sun.management.jmxremote -Dspring.liveBeansView.mbeanDomain -Dspring.application.admin.enabled=true -javaagent:D:\ideaIU-2018.1.1.win\lib\idea_rt.jar=58949:D:\ideaIU-2018.1.1.win\bin -Dfile.encoding=UTF-8 
java_command: com.dongtech.SpringbootJspApplication
java_class_path (initial): C:\Program Files\Java\jdk1.8.0_121\jre\lib\charsets.jar;C:\Program Files\Java\jdk1.8.0_121\jre\lib\deploy.jar;C:\Program Files\Java\jdk1.8.0_121\jre\lib\ext\access-bridge-64.jar;C:\Program Files\Java\jdk1.8.0_121\jre\lib\ext\cldrdata.jar;C:\Program Files\Java\jdk1.8.0_121\jre\lib\ext\dnsns.jar;C:\Program Files\Java\jdk1.8.0_121\jre\lib\ext\jaccess.jar;C:\Program Files\Java\jdk1.8.0_121\jre\lib\ext\jfxrt.jar;C:\Program Files\Java\jdk1.8.0_121\jre\lib\ext\localedata.jar;C:\Program Files\Java\jdk1.8.0_121\jre\lib\ext\nashorn.jar;C:\Program Files\Java\jdk1.8.0_121\jre\lib\ext\sunec.jar;C:\Program Files\Java\jdk1.8.0_121\jre\lib\ext\sunjce_provider.jar;C:\Program Files\Java\jdk1.8.0_121\jre\lib\ext\sunmscapi.jar;C:\Program Files\Java\jdk1.8.0_121\jre\lib\ext\sunpkcs11.jar;C:\Program Files\Java\jdk1.8.0_121\jre\lib\ext\zipfs.jar;C:\Program Files\Java\jdk1.8.0_121\jre\lib\javaws.jar;C:\Program Files\Java\jdk1.8.0_121\jre\lib\jce.jar;C:\Program Files\Java\jdk1.8.0_121\jre\lib\jfr.jar;C:\Program Files\Java\jdk1.8.0_121\jre\lib\jfxswt.jar;C:\Program Files\Java\jdk1.8.0_121\jre\lib\jsse.jar;C:\Program Files\Java\jdk1.8.0_121\jre\lib\management-agent.jar;C:\Program Files\Java\jdk1.8.0_121\jre\lib\plugin.jar;C:\Program Files\Java\jdk1.8.0_121\jre\lib\resources.jar;C:\Program Files\Java\jdk1.8.0_121\jre\lib\rt.jar;F:\Myeclipse 10\springboot-jsp-master\target\classes;C:\Users\Administrator\.m2\repository\org\springframework\boot\spring-boot-starter-jdbc\2.0.4.RELEASE\spring-boot-starter-jdbc-2.0.4.RELEASE.jar;C:\Users\Administrator\.m2\repository\org\springframework\boot\spring-boot-starter\2.0.4.RELEASE\spring-boot-starter-2.0.4.RELEASE.jar;C:\Users\Administrator\.m2\repository\org\springframework\boot\spring-boot-starter-logging\2.0.4.RELEASE\spring-boot-starter-logging-2.0.4.RELEASE.jar;C:\Users\Administrator\.m2\repository\ch\qos\logback\logback-classic\1.2.3\logback-classic-1.2.3.jar;C:\Users\Administrator\.m2\repository\ch\qos\logback\logback-cor
Launcher Type: SUN_STANDARD

Environment Variables:
JAVA_HOME=C:\Program Files\Java\jdk1.8.0_121
PATH=C:\Program Files (x86)\Common Files\Oracle\Java\javapath;C:\ProgramData\Oracle\Java\javapath;C:\Program Files (x86)\NetSarang\Xshell 6\;C:\Program Files (x86)\NetSarang\Xftp 6\;C:\Windows\system32;C:\Windows;C:\Windows\System32\Wbem;C:\Windows\System32\WindowsPowerShell\v1.0\;C:\Program Files\Git\cmd;C:\Program Files\Java\jdk1.8.0_121\bin;C:\Program Files\Java\jdk1.8.0_121\jre\bin;D:\tomcat\apache-tomcat-8.5.23\lib;D:\tomcat\apache-tomcat-8.5.23\bin;D:\maven\apache-maven-3.6.2-bin\apache-maven-3.6.2\bin;C:\Program Files\TortoiseSVN\bin;D:\neo4j\neo4j-community-3.5.12-windows\neo4j-community-3.5.12\bin;C:\Program Files\Microsoft SQL Server\Client SDK\ODBC\110\Tools\Binn\;C:\Program Files (x86)\Microsoft SQL Server\120\Tools\Binn\;C:\Program Files\Microsoft SQL Server\120\Tools\Binn\;C:\Program Files\Microsoft SQL Server\120\DTS\Binn\;C:\Users\Administrator\AppData\Local\Programs\Python\Python37\Scripts\;C:\Users\Administrator\AppData\Local\Programs\Python\Python37\;C:\Users\Administrator\AppData\Local\Programs\Fiddler
USERNAME=Administrator
OS=Windows_NT
PROCESSOR_IDENTIFIER=Intel64 Family 6 Model 61 Stepping 4, GenuineIntel



---------------  S Y S T E M  ---------------

OS: Windows 7 , 64 bit Build 7601 (6.1.7601.24408)

CPU:total 4 (2 cores per cpu, 2 threads per core) family 6 model 61 stepping 4, cmov, cx8, fxsr, mmx, sse, sse2, sse3, ssse3, sse4.1, sse4.2, popcnt, avx, avx2, aes, clmul, erms, 3dnowpref, lzcnt, ht, tsc, tscinvbit, bmi1, bmi2, adx

Memory: 4k page, physical 12480440k(1177492k free), swap 24958980k(7883300k free)

vm_info: Java HotSpot(TM) 64-Bit Server VM (25.121-b13) for windows-amd64 JRE (1.8.0_121-b13), built on Dec 12 2016 18:21:36 by "java_re" with MS VC++ 10.0 (VS2010)

time: Tue Mar 03 09:40:27 2020
elapsed time: 2927 seconds (0d 0h 48m 47s)

