#
# A fatal error has been detected by the Java Runtime Environment:
#
#  EXCEPTION_ACCESS_VIOLATION (0xc0000005) at pc=0x0000000029245bc5, pid=16808, tid=0x0000000000004734
#
# JRE version: Java(TM) SE Runtime Environment (8.0_121-b13) (build 1.8.0_121-b13)
# Java VM: Java HotSpot(TM) 64-Bit Server VM (25.121-b13 mixed mode windows-amd64 compressed oops)
# Problematic frame:
# C  [sqlite-3.21.0.1-1e4b29c7-0c13-4f02-a4d2-41b2d17361d0-sqlitejdbc.dll+0x5bc5]
#
# Failed to write core dump. Minidumps are not enabled by default on client versions of Windows
#
# If you would like to submit a bug report, please visit:
#   http://bugreport.java.com/bugreport/crash.jsp
# The crash happened outside the Java Virtual Machine in native code.
# See problematic frame for where to report the bug.
#

---------------  T H R E A D  ---------------

Current thread (0x000000001bf52000):  JavaThread "http-nio-8081-exec-8" daemon [_thread_in_native, id=18228, stack(0x00000000285d0000,0x00000000286d0000)]

siginfo: ExceptionCode=0xc0000005, reading address 0x000000002a849bf4

Registers:
RAX=0x0000000000000000, RBX=0x000000078262df30, RCX=0x000000002a849b38, RDX=0x00000000286cbd60
RSP=0x00000000286cbd38, RBP=0x00000000286cbda0, RSI=0x000000000000000c, RDI=0x000000000e574000
R8 =0x000000002a849b38, R9 =0x000000002670e700, R10=0x0000000000000000, R11=0x0000000000000287
R12=0x0000000000000000, R13=0x00000000286cbd90, R14=0x00000000286cbd60, R15=0x000000001bf52000
RIP=0x0000000029245bc5, EFLAGS=0x0000000000010202

Top of Stack: (sp=0x00000000286cbd38)
0x00000000286cbd38:   00000000037c87c3 00000000029e2a47
0x00000000286cbd48:   000000078262f068 0000000000000003
0x00000000286cbd58:   0000000000000000 000000078262df30
0x00000000286cbd68:   00000000290e34bd 00000000286cbdd0
0x00000000286cbd78:   00000000290e4248 0000000000000000
0x00000000286cbd88:   00000000290e3500 0000000000000003
0x00000000286cbd98:   00000000286cbdc0 00000000286cbe20
0x00000000286cbda8:   00000000029c7da0 0000000000000000
0x00000000286cbdb8:   00000000029c7da0 000000002a849b38
0x00000000286cbdc8:   00000000029c835d 000000078262df30
0x00000000286cbdd8:   000000078262ec08 00000000286cbde0
0x00000000286cbde8:   000000002913ae75 00000000286cbe40
0x00000000286cbdf8:   000000002913b658 0000000000000000
0x00000000286cbe08:   000000002913aed8 00000000286cbdc0
0x00000000286cbe18:   00000000286cbe30 00000000286cbe88
0x00000000286cbe28:   00000000029c835d 00000007825ff170 

Instructions: (pc=0x0000000029245bc5)
0x0000000029245ba5:   c3 66 2e 0f 1f 84 00 00 00 00 00 48 8b 41 10 8b
0x0000000029245bb5:   40 0c c3 0f 1f 84 00 00 00 00 00 48 85 c9 74 0b
0x0000000029245bc5:   0f b7 81 bc 00 00 00 c3 0f 1f 00 31 c0 c3 0f 1f
0x0000000029245bd5:   00 66 2e 0f 1f 84 00 00 00 00 00 48 85 c9 74 1b 


Register to memory mapping:

RAX=0x0000000000000000 is an unknown value
RBX=0x000000078262df30 is an oop
org.sqlite.core.NativeDB 
 - klass: 'org/sqlite/core/NativeDB'
RCX=0x000000002a849b38 is an unknown value
RDX=0x00000000286cbd60 is pointing into the stack for thread: 0x000000001bf52000
RSP=0x00000000286cbd38 is pointing into the stack for thread: 0x000000001bf52000
RBP=0x00000000286cbda0 is pointing into the stack for thread: 0x000000001bf52000
RSI=0x000000000000000c is an unknown value
RDI=0x000000000e574000 is an unknown value
R8 =0x000000002a849b38 is an unknown value
R9 =0x000000002670e700 is an unknown value
R10=0x0000000000000000 is an unknown value
R11=0x0000000000000287 is an unknown value
R12=0x0000000000000000 is an unknown value
R13=0x00000000286cbd90 is pointing into the stack for thread: 0x000000001bf52000
R14=0x00000000286cbd60 is pointing into the stack for thread: 0x000000001bf52000
R15=0x000000001bf52000 is a thread


Stack: [0x00000000285d0000,0x00000000286d0000],  sp=0x00000000286cbd38,  free space=1007k
Native frames: (J=compiled Java code, j=interpreted, Vv=VM code, C=native code)
C  [sqlite-3.21.0.1-1e4b29c7-0c13-4f02-a4d2-41b2d17361d0-sqlitejdbc.dll+0x5bc5]
C  0x00000000037c87c3

Java frames: (J=compiled Java code, j=interpreted, Vv=VM code)
J 7302  org.sqlite.core.NativeDB.column_count(J)I (0 bytes) @ 0x00000000037c867b [0x00000000037c8640+0x3b]
j  org.sqlite.core.CorePreparedStatement.<init>(Lorg/sqlite/SQLiteConnection;Ljava/lang/String;)V+45
j  org.sqlite.jdbc3.JDBC3PreparedStatement.<init>(Lorg/sqlite/SQLiteConnection;Ljava/lang/String;)V+3
j  org.sqlite.jdbc4.JDBC4PreparedStatement.<init>(Lorg/sqlite/SQLiteConnection;Ljava/lang/String;)V+3
j  org.sqlite.jdbc4.JDBC4Connection.prepareStatement(Ljava/lang/String;III)Ljava/sql/PreparedStatement;+21
j  org.sqlite.jdbc3.JDBC3Connection.prepareStatement(Ljava/lang/String;II)Ljava/sql/PreparedStatement;+5
j  org.sqlite.jdbc3.JDBC3Connection.prepareStatement(Ljava/lang/String;)Ljava/sql/PreparedStatement;+8
j  org.apache.commons.dbcp2.DelegatingConnection.prepareStatement(Ljava/lang/String;)Ljava/sql/PreparedStatement;+14
j  org.apache.commons.dbcp2.DelegatingConnection.prepareStatement(Ljava/lang/String;)Ljava/sql/PreparedStatement;+14
j  com.dongtech.utils.DB.executeUpdate(Ljava/lang/String;)I+15
j  com.dongtech.bs.mapper.SysLogMapper.add(Lcom/dongtech/bs/entity/SyslogEntity;)I+101
j  com.dongtech.bs.service.impl.SysLogServiceImpl.add(Lcom/dongtech/bs/entity/SyslogEntity;)V+5
j  com.dongtech.syslog.SystemLogAspect.doBefore(Lorg/aspectj/lang/JoinPoint;)V+443
v  ~StubRoutines::call_stub
J 1700  sun.reflect.NativeMethodAccessorImpl.invoke0(Ljava/lang/reflect/Method;Ljava/lang/Object;[Ljava/lang/Object;)Ljava/lang/Object; (0 bytes) @ 0x0000000002d5d13f [0x0000000002d5d0c0+0x7f]
J 1727 C1 sun.reflect.NativeMethodAccessorImpl.invoke(Ljava/lang/Object;[Ljava/lang/Object;)Ljava/lang/Object; (104 bytes) @ 0x0000000002d6ca64 [0x0000000002d6c6a0+0x3c4]
J 1180 C1 sun.reflect.DelegatingMethodAccessorImpl.invoke(Ljava/lang/Object;[Ljava/lang/Object;)Ljava/lang/Object; (10 bytes) @ 0x0000000002c9f2e4 [0x0000000002c9f2a0+0x44]
J 1179 C1 java.lang.reflect.Method.invoke(Ljava/lang/Object;[Ljava/lang/Object;)Ljava/lang/Object; (62 bytes) @ 0x0000000002c9eee4 [0x0000000002c9ede0+0x104]
j  org.springframework.aop.aspectj.AbstractAspectJAdvice.invokeAdviceMethodWithGivenArgs([Ljava/lang/Object;)Ljava/lang/Object;+35
j  org.springframework.aop.aspectj.AbstractAspectJAdvice.invokeAdviceMethod(Lorg/aspectj/weaver/tools/JoinPointMatch;Ljava/lang/Object;Ljava/lang/Throwable;)Ljava/lang/Object;+12
j  org.springframework.aop.aspectj.AspectJMethodBeforeAdvice.before(Ljava/lang/reflect/Method;[Ljava/lang/Object;Ljava/lang/Object;)V+7
j  org.springframework.aop.framework.adapter.MethodBeforeAdviceInterceptor.invoke(Lorg/aopalliance/intercept/MethodInvocation;)Ljava/lang/Object;+22
j  org.springframework.aop.framework.ReflectiveMethodInvocation.proceed()Ljava/lang/Object;+85
j  org.springframework.aop.aspectj.AspectJAfterThrowingAdvice.invoke(Lorg/aopalliance/intercept/MethodInvocation;)Ljava/lang/Object;+1
j  org.springframework.aop.framework.ReflectiveMethodInvocation.proceed()Ljava/lang/Object;+85
j  org.springframework.aop.interceptor.ExposeInvocationInterceptor.invoke(Lorg/aopalliance/intercept/MethodInvocation;)Ljava/lang/Object;+18
j  org.springframework.aop.framework.ReflectiveMethodInvocation.proceed()Ljava/lang/Object;+101
j  org.springframework.aop.framework.CglibAopProxy$DynamicAdvisedInterceptor.intercept(Ljava/lang/Object;Ljava/lang/reflect/Method;[Ljava/lang/Object;Lorg/springframework/cglib/proxy/MethodProxy;)Ljava/lang/Object;+133
j  com.dongtech.bs.controller.PartyContrller$$EnhancerBySpringCGLIB$$e562e8a8.topartMain(Ljavax/servlet/http/HttpServletRequest;)Ljava/lang/String;+36
v  ~StubRoutines::call_stub
J 1700  sun.reflect.NativeMethodAccessorImpl.invoke0(Ljava/lang/reflect/Method;Ljava/lang/Object;[Ljava/lang/Object;)Ljava/lang/Object; (0 bytes) @ 0x0000000002d5d13f [0x0000000002d5d0c0+0x7f]
J 1727 C1 sun.reflect.NativeMethodAccessorImpl.invoke(Ljava/lang/Object;[Ljava/lang/Object;)Ljava/lang/Object; (104 bytes) @ 0x0000000002d6ca64 [0x0000000002d6c6a0+0x3c4]
J 1180 C1 sun.reflect.DelegatingMethodAccessorImpl.invoke(Ljava/lang/Object;[Ljava/lang/Object;)Ljava/lang/Object; (10 bytes) @ 0x0000000002c9f2e4 [0x0000000002c9f2a0+0x44]
J 1179 C1 java.lang.reflect.Method.invoke(Ljava/lang/Object;[Ljava/lang/Object;)Ljava/lang/Object; (62 bytes) @ 0x0000000002c9eee4 [0x0000000002c9ede0+0x104]
j  org.springframework.web.method.support.InvocableHandlerMethod.doInvoke([Ljava/lang/Object;)Ljava/lang/Object;+16
j  org.springframework.web.method.support.InvocableHandlerMethod.invokeForRequest(Lorg/springframework/web/context/request/NativeWebRequest;Lorg/springframework/web/method/support/ModelAndViewContainer;[Ljava/lang/Object;)Ljava/lang/Object;+75
j  org.springframework.web.servlet.mvc.method.annotation.ServletInvocableHandlerMethod.invokeAndHandle(Lorg/springframework/web/context/request/ServletWebRequest;Lorg/springframework/web/method/support/ModelAndViewContainer;[Ljava/lang/Object;)V+4
j  org.springframework.web.servlet.mvc.method.annotation.RequestMappingHandlerAdapter.invokeHandlerMethod(Ljavax/servlet/http/HttpServletRequest;Ljavax/servlet/http/HttpServletResponse;Lorg/springframework/web/method/HandlerMethod;)Lorg/springframework/web/servlet/ModelAndView;+276
j  org.springframework.web.servlet.mvc.method.annotation.RequestMappingHandlerAdapter.handleInternal(Ljavax/servlet/http/HttpServletRequest;Ljavax/servlet/http/HttpServletResponse;Lorg/springframework/web/method/HandlerMethod;)Lorg/springframework/web/servlet/ModelAndView;+81
j  org.springframework.web.servlet.mvc.method.AbstractHandlerMethodAdapter.handle(Ljavax/servlet/http/HttpServletRequest;Ljavax/servlet/http/HttpServletResponse;Ljava/lang/Object;)Lorg/springframework/web/servlet/ModelAndView;+7
j  org.springframework.web.servlet.DispatcherServlet.doDispatch(Ljavax/servlet/http/HttpServletRequest;Ljavax/servlet/http/HttpServletResponse;)V+310
j  org.springframework.web.servlet.DispatcherServlet.doService(Ljavax/servlet/http/HttpServletRequest;Ljavax/servlet/http/HttpServletResponse;)V+308
j  org.springframework.web.servlet.FrameworkServlet.processRequest(Ljavax/servlet/http/HttpServletRequest;Ljavax/servlet/http/HttpServletResponse;)V+71
j  org.springframework.web.servlet.FrameworkServlet.doGet(Ljavax/servlet/http/HttpServletRequest;Ljavax/servlet/http/HttpServletResponse;)V+3
j  javax.servlet.http.HttpServlet.service(Ljavax/servlet/http/HttpServletRequest;Ljavax/servlet/http/HttpServletResponse;)V+35
j  org.springframework.web.servlet.FrameworkServlet.service(Ljavax/servlet/http/HttpServletRequest;Ljavax/servlet/http/HttpServletResponse;)V+33
j  javax.servlet.http.HttpServlet.service(Ljavax/servlet/ServletRequest;Ljavax/servlet/ServletResponse;)V+30
j  org.apache.catalina.core.ApplicationFilterChain.internalDoFilter(Ljavax/servlet/ServletRequest;Ljavax/servlet/ServletResponse;)V+304
j  org.apache.catalina.core.ApplicationFilterChain.doFilter(Ljavax/servlet/ServletRequest;Ljavax/servlet/ServletResponse;)V+101
j  org.apache.tomcat.websocket.server.WsFilter.doFilter(Ljavax/servlet/ServletRequest;Ljavax/servlet/ServletResponse;Ljavax/servlet/FilterChain;)V+21
j  org.apache.catalina.core.ApplicationFilterChain.internalDoFilter(Ljavax/servlet/ServletRequest;Ljavax/servlet/ServletResponse;)V+135
j  org.apache.catalina.core.ApplicationFilterChain.doFilter(Ljavax/servlet/ServletRequest;Ljavax/servlet/ServletResponse;)V+101
j  org.springframework.web.filter.RequestContextFilter.doFilterInternal(Ljavax/servlet/http/HttpServletRequest;Ljavax/servlet/http/HttpServletResponse;Ljavax/servlet/FilterChain;)V+21
j  org.springframework.web.filter.OncePerRequestFilter.doFilter(Ljavax/servlet/ServletRequest;Ljavax/servlet/ServletResponse;Ljavax/servlet/FilterChain;)V+111
j  org.apache.catalina.core.ApplicationFilterChain.internalDoFilter(Ljavax/servlet/ServletRequest;Ljavax/servlet/ServletResponse;)V+135
j  org.apache.catalina.core.ApplicationFilterChain.doFilter(Ljavax/servlet/ServletRequest;Ljavax/servlet/ServletResponse;)V+101
j  org.springframework.web.filter.HttpPutFormContentFilter.doFilterInternal(Ljavax/servlet/http/HttpServletRequest;Ljavax/servlet/http/HttpServletResponse;Ljavax/servlet/FilterChain;)V+95
j  org.springframework.web.filter.OncePerRequestFilter.doFilter(Ljavax/servlet/ServletRequest;Ljavax/servlet/ServletResponse;Ljavax/servlet/FilterChain;)V+111
j  org.apache.catalina.core.ApplicationFilterChain.internalDoFilter(Ljavax/servlet/ServletRequest;Ljavax/servlet/ServletResponse;)V+135
j  org.apache.catalina.core.ApplicationFilterChain.doFilter(Ljavax/servlet/ServletRequest;Ljavax/servlet/ServletResponse;)V+101
j  org.springframework.web.filter.HiddenHttpMethodFilter.doFilterInternal(Ljavax/servlet/http/HttpServletRequest;Ljavax/servlet/http/HttpServletResponse;Ljavax/servlet/FilterChain;)V+87
j  org.springframework.web.filter.OncePerRequestFilter.doFilter(Ljavax/servlet/ServletRequest;Ljavax/servlet/ServletResponse;Ljavax/servlet/FilterChain;)V+111
j  org.apache.catalina.core.ApplicationFilterChain.internalDoFilter(Ljavax/servlet/ServletRequest;Ljavax/servlet/ServletResponse;)V+135
j  org.apache.catalina.core.ApplicationFilterChain.doFilter(Ljavax/servlet/ServletRequest;Ljavax/servlet/ServletResponse;)V+101
j  org.springframework.web.filter.CharacterEncodingFilter.doFilterInternal(Ljavax/servlet/http/HttpServletRequest;Ljavax/servlet/http/HttpServletResponse;Ljavax/servlet/FilterChain;)V+53
j  org.springframework.web.filter.OncePerRequestFilter.doFilter(Ljavax/servlet/ServletRequest;Ljavax/servlet/ServletResponse;Ljavax/servlet/FilterChain;)V+111
j  org.apache.catalina.core.ApplicationFilterChain.internalDoFilter(Ljavax/servlet/ServletRequest;Ljavax/servlet/ServletResponse;)V+135
j  org.apache.catalina.core.ApplicationFilterChain.doFilter(Ljavax/servlet/ServletRequest;Ljavax/servlet/ServletResponse;)V+101
j  org.apache.catalina.core.StandardWrapperValve.invoke(Lorg/apache/catalina/connector/Request;Lorg/apache/catalina/connector/Response;)V+688
j  org.apache.catalina.core.StandardContextValve.invoke(Lorg/apache/catalina/connector/Request;Lorg/apache/catalina/connector/Response;)V+166
j  org.apache.catalina.authenticator.AuthenticatorBase.invoke(Lorg/apache/catalina/connector/Request;Lorg/apache/catalina/connector/Response;)V+260
j  org.apache.catalina.core.StandardHostValve.invoke(Lorg/apache/catalina/connector/Request;Lorg/apache/catalina/connector/Response;)V+138
j  org.apache.catalina.valves.ErrorReportValve.invoke(Lorg/apache/catalina/connector/Request;Lorg/apache/catalina/connector/Response;)V+6
j  org.apache.catalina.core.StandardEngineValve.invoke(Lorg/apache/catalina/connector/Request;Lorg/apache/catalina/connector/Response;)V+71
j  org.apache.catalina.connector.CoyoteAdapter.service(Lorg/apache/coyote/Request;Lorg/apache/coyote/Response;)V+199
j  org.apache.coyote.http11.Http11Processor.service(Lorg/apache/tomcat/util/net/SocketWrapperBase;)Lorg/apache/tomcat/util/net/AbstractEndpoint$Handler$SocketState;+806
j  org.apache.coyote.AbstractProcessorLight.process(Lorg/apache/tomcat/util/net/SocketWrapperBase;Lorg/apache/tomcat/util/net/SocketEvent;)Lorg/apache/tomcat/util/net/AbstractEndpoint$Handler$SocketState;+113
j  org.apache.coyote.AbstractProtocol$ConnectionHandler.process(Lorg/apache/tomcat/util/net/SocketWrapperBase;Lorg/apache/tomcat/util/net/SocketEvent;)Lorg/apache/tomcat/util/net/AbstractEndpoint$Handler$SocketState;+414
j  org.apache.tomcat.util.net.NioEndpoint$SocketProcessor.doRun()V+191
j  org.apache.tomcat.util.net.SocketProcessorBase.run()V+21
j  java.util.concurrent.ThreadPoolExecutor.runWorker(Ljava/util/concurrent/ThreadPoolExecutor$Worker;)V+95
j  java.util.concurrent.ThreadPoolExecutor$Worker.run()V+5
j  org.apache.tomcat.util.threads.TaskThread$WrappingRunnable.run()V+4
j  java.lang.Thread.run()V+11
v  ~StubRoutines::call_stub

---------------  P R O C E S S  ---------------

Java Threads: ( => current thread )
  0x0000000026722000 JavaThread "Abandoned connection cleanup thread" daemon [_thread_blocked, id=14352, stack(0x0000000023950000,0x0000000023a50000)]
  0x000000001bf47000 JavaThread "RMI TCP Connection(idle)" daemon [_thread_blocked, id=14516, stack(0x0000000023590000,0x0000000023690000)]
  0x000000001bf46000 JavaThread "DestroyJavaVM" [_thread_blocked, id=18168, stack(0x00000000027c0000,0x00000000028c0000)]
  0x0000000026721800 JavaThread "http-nio-8081-AsyncTimeout" daemon [_thread_blocked, id=12908, stack(0x0000000028f40000,0x0000000029040000)]
  0x0000000026720800 JavaThread "http-nio-8081-Acceptor-0" daemon [_thread_in_native, id=17852, stack(0x0000000028db0000,0x0000000028eb0000)]
  0x000000001bf55000 JavaThread "http-nio-8081-ClientPoller-1" daemon [_thread_in_native, id=16472, stack(0x0000000028bd0000,0x0000000028cd0000)]
  0x000000001bf54800 JavaThread "http-nio-8081-ClientPoller-0" daemon [_thread_in_native, id=17620, stack(0x00000000286d0000,0x00000000287d0000)]
  0x000000001bf53800 JavaThread "http-nio-8081-exec-10" daemon [_thread_blocked, id=17436, stack(0x0000000028a30000,0x0000000028b30000)]
  0x000000001bf53000 JavaThread "http-nio-8081-exec-9" daemon [_thread_blocked, id=17696, stack(0x0000000028850000,0x0000000028950000)]
=>0x000000001bf52000 JavaThread "http-nio-8081-exec-8" daemon [_thread_in_native, id=18228, stack(0x00000000285d0000,0x00000000286d0000)]
  0x000000001bf51800 JavaThread "http-nio-8081-exec-7" daemon [_thread_blocked, id=4020, stack(0x000000001e210000,0x000000001e310000)]
  0x000000001bf50800 JavaThread "http-nio-8081-exec-6" daemon [_thread_blocked, id=11540, stack(0x0000000028450000,0x0000000028550000)]
  0x000000001bf50000 JavaThread "http-nio-8081-exec-5" daemon [_thread_blocked, id=4592, stack(0x0000000028350000,0x0000000028450000)]
  0x000000001bf4f000 JavaThread "http-nio-8081-exec-4" daemon [_thread_blocked, id=15272, stack(0x00000000281f0000,0x00000000282f0000)]
  0x000000001bf4e800 JavaThread "http-nio-8081-exec-3" daemon [_thread_blocked, id=16348, stack(0x0000000028040000,0x0000000028140000)]
  0x000000001bf4d800 JavaThread "http-nio-8081-exec-2" daemon [_thread_in_vm, id=15900, stack(0x0000000027d70000,0x0000000027e70000)]
  0x000000001bf4d000 JavaThread "http-nio-8081-exec-1" daemon [_thread_blocked, id=17960, stack(0x0000000027e80000,0x0000000027f80000)]
  0x000000001bf4c000 JavaThread "NioBlockingSelector.BlockPoller-1" daemon [_thread_in_native, id=15576, stack(0x00000000261c0000,0x00000000262c0000)]
  0x000000001bf4b800 JavaThread "Live Reload Server" daemon [_thread_in_native, id=14756, stack(0x00000000279e0000,0x0000000027ae0000)]
  0x000000001bf4a800 JavaThread "File Watcher" daemon [_thread_blocked, id=3916, stack(0x0000000027810000,0x0000000027910000)]
  0x000000001bf4a000 JavaThread "container-0" [_thread_blocked, id=13712, stack(0x00000000262f0000,0x00000000263f0000)]
  0x000000001bf49000 JavaThread "ContainerBackgroundProcessor[StandardEngine[Tomcat]]" daemon [_thread_blocked, id=13392, stack(0x0000000026010000,0x0000000026110000)]
  0x000000001bcea800 JavaThread "AWT-EventQueue-0" [_thread_blocked, id=16856, stack(0x000000001e0f0000,0x000000001e1f0000)]
  0x000000001bc89000 JavaThread "RMI Scheduler(0)" daemon [_thread_blocked, id=16936, stack(0x000000001f6f0000,0x000000001f7f0000)]
  0x000000001bc85000 JavaThread "RMI TCP Connection(3)-192.168.101.108" daemon [_thread_in_native, id=18024, stack(0x000000001e3a0000,0x000000001e4a0000)]
  0x000000001bc80000 JavaThread "AWT-Windows" daemon [_thread_in_native, id=15968, stack(0x000000001d0f0000,0x000000001d1f0000)]
  0x000000001bc22000 JavaThread "AWT-Shutdown" [_thread_blocked, id=14804, stack(0x000000001cf20000,0x000000001d020000)]
  0x000000001bc31800 JavaThread "Java2D Disposer" daemon [_thread_blocked, id=14464, stack(0x000000001cab0000,0x000000001cbb0000)]
  0x000000001bc04800 JavaThread "RMI TCP Accept-0" daemon [_thread_in_native, id=17156, stack(0x000000001c070000,0x000000001c170000)]
  0x000000001b945800 JavaThread "Service Thread" daemon [_thread_blocked, id=17140, stack(0x000000001c670000,0x000000001c770000)]
  0x000000001b944800 JavaThread "C1 CompilerThread2" daemon [_thread_blocked, id=15416, stack(0x000000001c270000,0x000000001c370000)]
  0x000000001b940800 JavaThread "C2 CompilerThread1" daemon [_thread_blocked, id=18044, stack(0x000000001c400000,0x000000001c500000)]
  0x000000001b8e6800 JavaThread "C2 CompilerThread0" daemon [_thread_blocked, id=14056, stack(0x000000001c170000,0x000000001c270000)]
  0x000000001b572800 JavaThread "Monitor Ctrl-Break" daemon [_thread_in_native, id=11340, stack(0x000000001b590000,0x000000001b690000)]
  0x0000000019c3c000 JavaThread "Attach Listener" daemon [_thread_blocked, id=10932, stack(0x000000001b760000,0x000000001b860000)]
  0x000000001b1a3800 JavaThread "Signal Dispatcher" daemon [_thread_blocked, id=11192, stack(0x000000001ade0000,0x000000001aee0000)]
  0x0000000019c20000 JavaThread "Finalizer" daemon [_thread_blocked, id=12636, stack(0x000000001b090000,0x000000001b190000)]
  0x0000000019bd8800 JavaThread "Reference Handler" daemon [_thread_blocked, id=18092, stack(0x000000001aee0000,0x000000001afe0000)]

Other Threads:
  0x0000000019bd0800 VMThread [stack: 0x000000001ac90000,0x000000001ad90000] [id=17428]
  0x000000001bc0a800 WatcherThread [stack: 0x000000001c7d0000,0x000000001c8d0000] [id=16972]

VM state:not at safepoint (normal execution)

VM Mutex/Monitor currently owned by a thread: None

Heap:
 PSYoungGen      total 241152K, used 56898K [0x0000000780800000, 0x0000000794180000, 0x00000007c0000000)
  eden space 221184K, 16% used [0x0000000780800000,0x0000000782c11cf8,0x000000078e000000)
  from space 19968K, 99% used [0x000000078e000000,0x000000078f37ede8,0x000000078f380000)
  to   space 25088K, 0% used [0x0000000792900000,0x0000000792900000,0x0000000794180000)
 ParOldGen       total 129536K, used 31885K [0x0000000701800000, 0x0000000709680000, 0x0000000780800000)
  object space 129536K, 24% used [0x0000000701800000,0x00000007037237b8,0x0000000709680000)
 Metaspace       used 54882K, capacity 57294K, committed 57472K, reserved 1099776K
  class space    used 7078K, capacity 7506K, committed 7552K, reserved 1048576K

Card table byte_map: [0x0000000011d80000,0x0000000012380000] byte_map_base: 0x000000000e574000

Marking Bits: (ParMarkBitMap*) 0x000000007260b6d0
 Begin Bits: [0x0000000012d00000, 0x0000000015ca0000)
 End Bits:   [0x0000000015ca0000, 0x0000000018c40000)

Polling page: 0x0000000000230000

CodeCache: size=245760Kb used=14408Kb max_used=14408Kb free=231351Kb
 bounds [0x00000000029c0000, 0x00000000037e0000, 0x00000000119c0000]
 total_blobs=7872 nmethods=7201 adapters=582
 compilation: enabled

Compilation events (10 events):
Event: 43.587 Thread 0x000000001b944800 7324       1       sun.util.calendar.ZoneInfo::clone (15 bytes)
Event: 43.588 Thread 0x000000001b944800 nmethod 7324 0x00000000037d1210 code [0x00000000037d1380, 0x00000000037d1618]
Event: 43.588 Thread 0x000000001b944800 7325   !   1       java.util.TimeZone::clone (28 bytes)
Event: 43.588 Thread 0x000000001b944800 nmethod 7325 0x00000000037d1810 code [0x00000000037d1980, 0x00000000037d1bd8]
Event: 43.660 Thread 0x000000001b944800 7326       1       java.util.Hashtable::access$100 (6 bytes)
Event: 43.661 Thread 0x000000001b944800 nmethod 7326 0x00000000037d1d50 code [0x00000000037d1ec0, 0x00000000037d2068]
Event: 43.661 Thread 0x000000001b944800 7327       1       java.util.Hashtable::getIterator (22 bytes)
Event: 43.661 Thread 0x000000001b944800 nmethod 7327 0x00000000037d2150 code [0x00000000037d22c0, 0x00000000037d2488]
Event: 43.661 Thread 0x000000001b944800 7328       1       java.util.IdentityHashMap::keySet (26 bytes)
Event: 43.661 Thread 0x000000001b944800 nmethod 7328 0x00000000037d2510 code [0x00000000037d2660, 0x00000000037d2810]

GC Heap History (10 events):
Event: 10.210 GC heap before
{Heap before GC invocations=9 (full 2):
 PSYoungGen      total 133632K, used 11771K [0x0000000780800000, 0x000000078ea80000, 0x00000007c0000000)
  eden space 121856K, 0% used [0x0000000780800000,0x0000000780800000,0x0000000787f00000)
  from space 11776K, 99% used [0x0000000787f00000,0x0000000788a7eea8,0x0000000788a80000)
  to   space 13312K, 0% used [0x000000078dd80000,0x000000078dd80000,0x000000078ea80000)
 ParOldGen       total 81920K, used 10273K [0x0000000701800000, 0x0000000706800000, 0x0000000780800000)
  object space 81920K, 12% used [0x0000000701800000,0x0000000702208500,0x0000000706800000)
 Metaspace       used 34155K, capacity 35368K, committed 35416K, reserved 1079296K
  class space    used 4578K, capacity 4842K, committed 4864K, reserved 1048576K
Event: 10.292 GC heap after
Heap after GC invocations=9 (full 2):
 PSYoungGen      total 133632K, used 0K [0x0000000780800000, 0x000000078ea80000, 0x00000007c0000000)
  eden space 121856K, 0% used [0x0000000780800000,0x0000000780800000,0x0000000787f00000)
  from space 11776K, 0% used [0x0000000787f00000,0x0000000787f00000,0x0000000788a80000)
  to   space 13312K, 0% used [0x000000078dd80000,0x000000078dd80000,0x000000078ea80000)
 ParOldGen       total 129536K, used 16734K [0x0000000701800000, 0x0000000709680000, 0x0000000780800000)
  object space 129536K, 12% used [0x0000000701800000,0x00000007028578b0,0x0000000709680000)
 Metaspace       used 34155K, capacity 35368K, committed 35416K, reserved 1079296K
  class space    used 4578K, capacity 4842K, committed 4864K, reserved 1048576K
}
Event: 12.689 GC heap before
{Heap before GC invocations=10 (full 2):
 PSYoungGen      total 133632K, used 121856K [0x0000000780800000, 0x000000078ea80000, 0x00000007c0000000)
  eden space 121856K, 100% used [0x0000000780800000,0x0000000787f00000,0x0000000787f00000)
  from space 11776K, 0% used [0x0000000787f00000,0x0000000787f00000,0x0000000788a80000)
  to   space 13312K, 0% used [0x000000078dd80000,0x000000078dd80000,0x000000078ea80000)
 ParOldGen       total 129536K, used 16734K [0x0000000701800000, 0x0000000709680000, 0x0000000780800000)
  object space 129536K, 12% used [0x0000000701800000,0x00000007028578b0,0x0000000709680000)
 Metaspace       used 38432K, capacity 39946K, committed 40064K, reserved 1083392K
  class space    used 5123K, capacity 5433K, committed 5504K, reserved 1048576K
Event: 12.701 GC heap after
Heap after GC invocations=10 (full 2):
 PSYoungGen      total 188928K, used 10406K [0x0000000780800000, 0x000000078e800000, 0x00000007c0000000)
  eden space 178176K, 0% used [0x0000000780800000,0x0000000780800000,0x000000078b600000)
  from space 10752K, 96% used [0x000000078dd80000,0x000000078e7a9a68,0x000000078e800000)
  to   space 13824K, 0% used [0x000000078cd00000,0x000000078cd00000,0x000000078da80000)
 ParOldGen       total 129536K, used 16742K [0x0000000701800000, 0x0000000709680000, 0x0000000780800000)
  object space 129536K, 12% used [0x0000000701800000,0x00000007028598b0,0x0000000709680000)
 Metaspace       used 38432K, capacity 39946K, committed 40064K, reserved 1083392K
  class space    used 5123K, capacity 5433K, committed 5504K, reserved 1048576K
}
Event: 14.532 GC heap before
{Heap before GC invocations=11 (full 2):
 PSYoungGen      total 188928K, used 188582K [0x0000000780800000, 0x000000078e800000, 0x00000007c0000000)
  eden space 178176K, 100% used [0x0000000780800000,0x000000078b600000,0x000000078b600000)
  from space 10752K, 96% used [0x000000078dd80000,0x000000078e7a9a68,0x000000078e800000)
  to   space 13824K, 0% used [0x000000078cd00000,0x000000078cd00000,0x000000078da80000)
 ParOldGen       total 129536K, used 16742K [0x0000000701800000, 0x0000000709680000, 0x0000000780800000)
  object space 129536K, 12% used [0x0000000701800000,0x00000007028598b0,0x0000000709680000)
 Metaspace       used 41896K, capacity 43664K, committed 43904K, reserved 1087488K
  class space    used 5555K, capacity 5926K, committed 6016K, reserved 1048576K
Event: 14.550 GC heap after
Heap after GC invocations=11 (full 2):
 PSYoungGen      total 215552K, used 13813K [0x0000000780800000, 0x0000000790300000, 0x00000007c0000000)
  eden space 201728K, 0% used [0x0000000780800000,0x0000000780800000,0x000000078cd00000)
  from space 13824K, 99% used [0x000000078cd00000,0x000000078da7d5b0,0x000000078da80000)
  to   space 15872K, 0% used [0x000000078f380000,0x000000078f380000,0x0000000790300000)
 ParOldGen       total 129536K, used 18600K [0x0000000701800000, 0x0000000709680000, 0x0000000780800000)
  object space 129536K, 14% used [0x0000000701800000,0x0000000702a2a298,0x0000000709680000)
 Metaspace       used 41896K, capacity 43664K, committed 43904K, reserved 1087488K
  class space    used 5555K, capacity 5926K, committed 6016K, reserved 1048576K
}
Event: 16.689 GC heap before
{Heap before GC invocations=12 (full 2):
 PSYoungGen      total 215552K, used 215541K [0x0000000780800000, 0x0000000790300000, 0x00000007c0000000)
  eden space 201728K, 100% used [0x0000000780800000,0x000000078cd00000,0x000000078cd00000)
  from space 13824K, 99% used [0x000000078cd00000,0x000000078da7d5b0,0x000000078da80000)
  to   space 15872K, 0% used [0x000000078f380000,0x000000078f380000,0x0000000790300000)
 ParOldGen       total 129536K, used 18600K [0x0000000701800000, 0x0000000709680000, 0x0000000780800000)
  object space 129536K, 14% used [0x0000000701800000,0x0000000702a2a298,0x0000000709680000)
 Metaspace       used 45992K, capacity 48044K, committed 48384K, reserved 1091584K
  class space    used 6172K, capacity 6574K, committed 6656K, reserved 1048576K
Event: 16.714 GC heap after
Heap after GC invocations=12 (full 2):
 PSYoungGen      total 237056K, used 15854K [0x0000000780800000, 0x0000000792780000, 0x00000007c0000000)
  eden space 221184K, 0% used [0x0000000780800000,0x0000000780800000,0x000000078e000000)
  from space 15872K, 99% used [0x000000078f380000,0x00000007902fbb30,0x0000000790300000)
  to   space 19968K, 0% used [0x000000078e000000,0x000000078e000000,0x000000078f380000)
 ParOldGen       total 129536K, used 25437K [0x0000000701800000, 0x0000000709680000, 0x0000000780800000)
  object space 129536K, 19% used [0x0000000701800000,0x00000007030d7510,0x0000000709680000)
 Metaspace       used 45992K, capacity 48044K, committed 48384K, reserved 1091584K
  class space    used 6172K, capacity 6574K, committed 6656K, reserved 1048576K
}
Event: 39.582 GC heap before
{Heap before GC invocations=13 (full 2):
 PSYoungGen      total 237056K, used 237038K [0x0000000780800000, 0x0000000792780000, 0x00000007c0000000)
  eden space 221184K, 100% used [0x0000000780800000,0x000000078e000000,0x000000078e000000)
  from space 15872K, 99% used [0x000000078f380000,0x00000007902fbb30,0x0000000790300000)
  to   space 19968K, 0% used [0x000000078e000000,0x000000078e000000,0x000000078f380000)
 ParOldGen       total 129536K, used 25437K [0x0000000701800000, 0x0000000709680000, 0x0000000780800000)
  object space 129536K, 19% used [0x0000000701800000,0x00000007030d7510,0x0000000709680000)
 Metaspace       used 54769K, capacity 57154K, committed 57472K, reserved 1099776K
  class space    used 7073K, capacity 7503K, committed 7552K, reserved 1048576K
Event: 39.622 GC heap after
Heap after GC invocations=13 (full 2):
 PSYoungGen      total 241152K, used 19963K [0x0000000780800000, 0x0000000794180000, 0x00000007c0000000)
  eden space 221184K, 0% used [0x0000000780800000,0x0000000780800000,0x000000078e000000)
  from space 19968K, 99% used [0x000000078e000000,0x000000078f37ede8,0x000000078f380000)
  to   space 25088K, 0% used [0x0000000792900000,0x0000000792900000,0x0000000794180000)
 ParOldGen       total 129536K, used 31885K [0x0000000701800000, 0x0000000709680000, 0x0000000780800000)
  object space 129536K, 24% used [0x0000000701800000,0x00000007037237b8,0x0000000709680000)
 Metaspace       used 54769K, capacity 57154K, committed 57472K, reserved 1099776K
  class space    used 7073K, capacity 7503K, committed 7552K, reserved 1048576K
}

Deoptimization events (0 events):
No events

Internal exceptions (10 events):
Event: 39.518 Thread 0x000000001bf4d800 Exception <a 'java/security/PrivilegedActionException'> (0x000000078dc3b088) thrown at [C:\re\workspace\8-2-build-windows-amd64-cygwin\jdk8u121\8372\hotspot\src\share\vm\prims\jvm.cpp, line 1390]
Event: 39.518 Thread 0x000000001bf4d800 Exception <a 'java/security/PrivilegedActionException'> (0x000000078dc3b668) thrown at [C:\re\workspace\8-2-build-windows-amd64-cygwin\jdk8u121\8372\hotspot\src\share\vm\prims\jvm.cpp, line 1390]
Event: 39.530 Thread 0x000000001bf4d800 Exception <a 'java/security/PrivilegedActionException'> (0x000000078dcc6648) thrown at [C:\re\workspace\8-2-build-windows-amd64-cygwin\jdk8u121\8372\hotspot\src\share\vm\prims\jvm.cpp, line 1390]
Event: 39.530 Thread 0x000000001bf4d800 Exception <a 'java/security/PrivilegedActionException'> (0x000000078dcc6e10) thrown at [C:\re\workspace\8-2-build-windows-amd64-cygwin\jdk8u121\8372\hotspot\src\share\vm\prims\jvm.cpp, line 1390]
Event: 39.530 Thread 0x000000001bf4d800 Exception <a 'java/security/PrivilegedActionException'> (0x000000078dcd1328) thrown at [C:\re\workspace\8-2-build-windows-amd64-cygwin\jdk8u121\8372\hotspot\src\share\vm\prims\jvm.cpp, line 1390]
Event: 39.530 Thread 0x000000001bf4d800 Exception <a 'java/security/PrivilegedActionException'> (0x000000078dcd1af0) thrown at [C:\re\workspace\8-2-build-windows-amd64-cygwin\jdk8u121\8372\hotspot\src\share\vm\prims\jvm.cpp, line 1390]
Event: 39.566 Thread 0x000000001bf4d800 Exception <a 'java/security/PrivilegedActionException'> (0x000000078deec068) thrown at [C:\re\workspace\8-2-build-windows-amd64-cygwin\jdk8u121\8372\hotspot\src\share\vm\prims\jvm.cpp, line 1390]
Event: 39.566 Thread 0x000000001bf4d800 Exception <a 'java/security/PrivilegedActionException'> (0x000000078deec830) thrown at [C:\re\workspace\8-2-build-windows-amd64-cygwin\jdk8u121\8372\hotspot\src\share\vm\prims\jvm.cpp, line 1390]
Event: 39.567 Thread 0x000000001bf4d800 Exception <a 'java/security/PrivilegedActionException'> (0x000000078def6ba8) thrown at [C:\re\workspace\8-2-build-windows-amd64-cygwin\jdk8u121\8372\hotspot\src\share\vm\prims\jvm.cpp, line 1390]
Event: 39.568 Thread 0x000000001bf4d800 Exception <a 'java/security/PrivilegedActionException'> (0x000000078def7370) thrown at [C:\re\workspace\8-2-build-windows-amd64-cygwin\jdk8u121\8372\hotspot\src\share\vm\prims\jvm.cpp, line 1390]

Events (10 events):
Event: 42.877 Executing VM operation: RevokeBias
Event: 42.877 Executing VM operation: RevokeBias done
Event: 42.877 loading class org/apache/catalina/webresources/Cache$EvictionOrder
Event: 42.877 loading class org/apache/catalina/webresources/Cache$EvictionOrder done
Event: 43.669 Executing VM operation: RevokeBias
Event: 43.669 Executing VM operation: RevokeBias done
Event: 43.669 Executing VM operation: RevokeBias
Event: 43.669 Executing VM operation: RevokeBias done
Event: 43.669 Executing VM operation: RevokeBias
Event: 43.669 Executing VM operation: RevokeBias done


Dynamic libraries:
0x000000013f940000 - 0x000000013f977000 	C:\Program Files\Java\jdk1.8.0_121\bin\java.exe
0x00000000775e0000 - 0x000000007777f000 	C:\Windows\SYSTEM32\ntdll.dll
0x00000000773c0000 - 0x00000000774df000 	C:\Windows\system32\kernel32.dll
0x000007fefdd90000 - 0x000007fefddfa000 	C:\Windows\system32\KERNELBASE.dll
0x000007fefde00000 - 0x000007fefdedb000 	C:\Windows\system32\ADVAPI32.dll
0x000007feff060000 - 0x000007feff0ff000 	C:\Windows\system32\msvcrt.dll
0x000007feff680000 - 0x000007feff69f000 	C:\Windows\SYSTEM32\sechost.dll
0x000007feff7a0000 - 0x000007feff8cc000 	C:\Windows\system32\RPCRT4.dll
0x00000000774e0000 - 0x00000000775da000 	C:\Windows\system32\USER32.dll
0x000007feff6a0000 - 0x000007feff707000 	C:\Windows\system32\GDI32.dll
0x000007feff790000 - 0x000007feff79e000 	C:\Windows\system32\LPK.dll
0x000007fefec70000 - 0x000007fefed3b000 	C:\Windows\system32\USP10.dll
0x000007fefc620000 - 0x000007fefc814000 	C:\Windows\WinSxS\amd64_microsoft.windows.common-controls_6595b64144ccf1df_6.0.7601.18837_none_fa3b1e3d17594757\COMCTL32.dll
0x000007feff560000 - 0x000007feff5d1000 	C:\Windows\system32\SHLWAPI.dll
0x000007feff2e0000 - 0x000007feff30e000 	C:\Windows\system32\IMM32.DLL
0x000007fefedf0000 - 0x000007fefeef9000 	C:\Windows\system32\MSCTF.dll
0x0000000068340000 - 0x0000000068412000 	C:\Program Files\Java\jdk1.8.0_121\jre\bin\msvcr100.dll
0x0000000071df0000 - 0x000000007268b000 	C:\Program Files\Java\jdk1.8.0_121\jre\bin\server\jvm.dll
0x000007fef1120000 - 0x000007fef1129000 	C:\Windows\system32\WSOCK32.dll
0x000007feff310000 - 0x000007feff35d000 	C:\Windows\system32\WS2_32.dll
0x000007fefede0000 - 0x000007fefede8000 	C:\Windows\system32\NSI.dll
0x000007fefaf10000 - 0x000007fefaf4b000 	C:\Windows\system32\WINMM.dll
0x000007fefcb90000 - 0x000007fefcb9c000 	C:\Windows\system32\VERSION.dll
0x0000000077780000 - 0x0000000077787000 	C:\Windows\system32\PSAPI.DLL
0x0000000071cd0000 - 0x0000000071cdf000 	C:\Program Files\Java\jdk1.8.0_121\jre\bin\verify.dll
0x0000000071ca0000 - 0x0000000071cc9000 	C:\Program Files\Java\jdk1.8.0_121\jre\bin\java.dll
0x00000000682a0000 - 0x00000000682c3000 	C:\Program Files\Java\jdk1.8.0_121\jre\bin\instrument.dll
0x0000000071c80000 - 0x0000000071c96000 	C:\Program Files\Java\jdk1.8.0_121\jre\bin\zip.dll
0x000007fefdee0000 - 0x000007fefec6a000 	C:\Windows\system32\SHELL32.dll
0x000007feff360000 - 0x000007feff55f000 	C:\Windows\system32\ole32.dll
0x000007fefda30000 - 0x000007fefda3f000 	C:\Windows\system32\profapi.dll
0x000007fed4f40000 - 0x000007fed4f5a000 	D:\ideaIU-2018.1.1.win\bin\breakgen64.dll
0x0000000073f60000 - 0x0000000073f7a000 	C:\Program Files\Java\jdk1.8.0_121\jre\bin\net.dll
0x000007fefd210000 - 0x000007fefd265000 	C:\Windows\system32\mswsock.dll
0x000007fefd200000 - 0x000007fefd207000 	C:\Windows\System32\wship6.dll
0x000007fefcc60000 - 0x000007fefcc67000 	C:\Windows\System32\wshtcpip.dll
0x000007fef0c20000 - 0x000007fef0c4f000 	C:\Program Files (x86)\Sangfor\SSL\ClientComponent\SangforNspX64.dll
0x000007fefef00000 - 0x000007fefefdb000 	C:\Windows\system32\OLEAUT32.dll
0x000007fefd090000 - 0x000007fefd0eb000 	C:\Windows\system32\DNSAPI.dll
0x000007fefb8f0000 - 0x000007fefb917000 	C:\Windows\system32\IPHLPAPI.DLL
0x000007fefb8a0000 - 0x000007fefb8ab000 	C:\Windows\system32\WINNSI.DLL
0x000007fef1110000 - 0x000007fef1118000 	C:\Windows\system32\rasadhlp.dll
0x000007fefb7b0000 - 0x000007fefb803000 	C:\Windows\System32\fwpuclnt.dll
0x00000000736c0000 - 0x00000000736cd000 	C:\Program Files\Java\jdk1.8.0_121\jre\bin\management.dll
0x0000000072f40000 - 0x0000000072f51000 	C:\Program Files\Java\jdk1.8.0_121\jre\bin\nio.dll
0x000007fefd270000 - 0x000007fefd288000 	C:\Windows\system32\CRYPTSP.dll
0x000007fefcf70000 - 0x000007fefcfb7000 	C:\Windows\system32\rsaenh.dll
0x000007fefcd80000 - 0x000007fefcd9e000 	C:\Windows\system32\USERENV.dll
0x000007fefd920000 - 0x000007fefd92f000 	C:\Windows\system32\CRYPTBASE.dll
0x000007fefb680000 - 0x000007fefb698000 	C:\Windows\system32\dhcpcsvc.DLL
0x000007fefb6f0000 - 0x000007fefb701000 	C:\Windows\system32\dhcpcsvc6.DLL
0x000007fefba30000 - 0x000007fefba45000 	C:\Windows\system32\NLAapi.dll
0x000007feee660000 - 0x000007feee675000 	C:\Windows\system32\napinsp.dll
0x000007feee640000 - 0x000007feee659000 	C:\Windows\system32\pnrpnsp.dll
0x000007feefa80000 - 0x000007feefa8b000 	C:\Windows\System32\winrnr.dll
0x000007feef990000 - 0x000007feef9a0000 	C:\Windows\system32\wshbth.dll
0x000000006c8d0000 - 0x000000006ca68000 	C:\Program Files\Java\jdk1.8.0_121\jre\bin\awt.dll
0x000007fefcb20000 - 0x000007fefcb38000 	C:\Windows\system32\DWMAPI.DLL
0x000007fedc910000 - 0x000007fedca2d000 	C:\Windows\system32\opengl32.dll
0x000007fedcd10000 - 0x000007fedcd3d000 	C:\Windows\system32\GLU32.dll
0x000007fedc810000 - 0x000007fedc901000 	C:\Windows\system32\DDRAW.dll
0x000007fee0140000 - 0x000007fee0148000 	C:\Windows\system32\DCIMAN32.dll
0x000007feff100000 - 0x000007feff2d7000 	C:\Windows\system32\SETUPAPI.dll
0x000007fefdae0000 - 0x000007fefdb16000 	C:\Windows\system32\CFGMGR32.dll
0x000007fefdc90000 - 0x000007fefdcaa000 	C:\Windows\system32\DEVOBJ.dll
0x000007fefc040000 - 0x000007fefc096000 	C:\Windows\system32\uxtheme.dll
0x0000000002740000 - 0x0000000002775000 	C:\Windows\SysWOW64\Record\ScnRec64.dll
0x000007fefd8c0000 - 0x000007fefd917000 	C:\Windows\system32\apphelp.dll
0x000007feef100000 - 0x000007feef98d000 	C:\Windows\system32\SOGOUPY.IME
0x000007fefa5f0000 - 0x000007fefa5f7000 	C:\Windows\system32\MSIMG32.dll
0x000007fef9840000 - 0x000007fef98b1000 	C:\Windows\system32\WINHTTP.dll
0x000007fef97d0000 - 0x000007fef9835000 	C:\Windows\system32\webio.dll
0x000007fefa8d0000 - 0x000007fefa924000 	C:\Windows\system32\OLEACC.dll
0x000007fefcb10000 - 0x000007fefcb13000 	C:\Windows\system32\api-ms-win-core-synch-l1-2-0.DLL
0x000007fefbc50000 - 0x000007fefbc7d000 	C:\Windows\system32\ntmarta.dll
0x000007feff710000 - 0x000007feff762000 	C:\Windows\system32\WLDAP32.dll
0x000007feee7f0000 - 0x000007feeea59000 	C:\Program Files (x86)\SogouInput\Components\PicFace\1.1.0.1867\PicFace64.dll
0x000007fefed40000 - 0x000007fefedd7000 	C:\Windows\system32\COMDLG32.dll
0x000000006d0d0000 - 0x000000006d117000 	C:\Program Files\Java\jdk1.8.0_121\jre\bin\fontmanager.dll
0x000000006fda0000 - 0x000000006fde2000 	C:\Program Files\Java\jdk1.8.0_121\jre\bin\t2k.dll
0x000000001fdf0000 - 0x000000001ff0d000 	C:\Program Files (x86)\SogouInput\9.6.0.3568\Resource.dll
0x000000006cde0000 - 0x000000006ce0a000 	C:\Program Files\Java\jdk1.8.0_121\jre\bin\dcpr.dll
0x0000000180000000 - 0x000000018020e000 	D:\tomcat\apache-tomcat-8.5.23\bin\tcnative-1.dll
0x0000000029240000 - 0x0000000029335000 	C:\Users\Administrator\AppData\Local\Temp\sqlite-3.21.0.1-1e4b29c7-0c13-4f02-a4d2-41b2d17361d0-sqlitejdbc.dll
0x00000000200f0000 - 0x0000000020144000 	C:\Program Files\Java\jdk1.8.0_121\bin\HASPJava_x64.dll
0x0000000029440000 - 0x00000000299a0000 	C:\Program Files\Java\jdk1.8.0_121\bin\hasp_windows_x64_99459.dll
0x000007fefcb70000 - 0x000007fefcb81000 	C:\Windows\system32\WTSAPI32.DLL
0x000007fefbc80000 - 0x000007fefbc8b000 	C:\Windows\system32\HID.DLL
0x000007fefd890000 - 0x000007fefd8b5000 	C:\Windows\system32\SspiCli.dll
0x000007feefb60000 - 0x000007feefc85000 	C:\Windows\system32\dbghelp.dll

VM Arguments:
jvm_args: -XX:TieredStopAtLevel=1 -Xverify:none -Dspring.output.ansi.enabled=always -Dcom.sun.management.jmxremote -Dspring.liveBeansView.mbeanDomain -Dspring.application.admin.enabled=true -javaagent:D:\ideaIU-2018.1.1.win\lib\idea_rt.jar=53523:D:\ideaIU-2018.1.1.win\bin -Dfile.encoding=UTF-8 
java_command: com.dongtech.SpringbootJspApplication
java_class_path (initial): C:\Program Files\Java\jdk1.8.0_121\jre\lib\charsets.jar;C:\Program Files\Java\jdk1.8.0_121\jre\lib\deploy.jar;C:\Program Files\Java\jdk1.8.0_121\jre\lib\ext\access-bridge-64.jar;C:\Program Files\Java\jdk1.8.0_121\jre\lib\ext\cldrdata.jar;C:\Program Files\Java\jdk1.8.0_121\jre\lib\ext\dnsns.jar;C:\Program Files\Java\jdk1.8.0_121\jre\lib\ext\jaccess.jar;C:\Program Files\Java\jdk1.8.0_121\jre\lib\ext\jfxrt.jar;C:\Program Files\Java\jdk1.8.0_121\jre\lib\ext\localedata.jar;C:\Program Files\Java\jdk1.8.0_121\jre\lib\ext\nashorn.jar;C:\Program Files\Java\jdk1.8.0_121\jre\lib\ext\sunec.jar;C:\Program Files\Java\jdk1.8.0_121\jre\lib\ext\sunjce_provider.jar;C:\Program Files\Java\jdk1.8.0_121\jre\lib\ext\sunmscapi.jar;C:\Program Files\Java\jdk1.8.0_121\jre\lib\ext\sunpkcs11.jar;C:\Program Files\Java\jdk1.8.0_121\jre\lib\ext\zipfs.jar;C:\Program Files\Java\jdk1.8.0_121\jre\lib\javaws.jar;C:\Program Files\Java\jdk1.8.0_121\jre\lib\jce.jar;C:\Program Files\Java\jdk1.8.0_121\jre\lib\jfr.jar;C:\Program Files\Java\jdk1.8.0_121\jre\lib\jfxswt.jar;C:\Program Files\Java\jdk1.8.0_121\jre\lib\jsse.jar;C:\Program Files\Java\jdk1.8.0_121\jre\lib\management-agent.jar;C:\Program Files\Java\jdk1.8.0_121\jre\lib\plugin.jar;C:\Program Files\Java\jdk1.8.0_121\jre\lib\resources.jar;C:\Program Files\Java\jdk1.8.0_121\jre\lib\rt.jar;F:\Myeclipse 10\springboot-jsp-master\target\classes;C:\Users\Administrator\.m2\repository\org\springframework\boot\spring-boot-starter-jdbc\2.0.4.RELEASE\spring-boot-starter-jdbc-2.0.4.RELEASE.jar;C:\Users\Administrator\.m2\repository\org\springframework\boot\spring-boot-starter\2.0.4.RELEASE\spring-boot-starter-2.0.4.RELEASE.jar;C:\Users\Administrator\.m2\repository\org\springframework\boot\spring-boot-starter-logging\2.0.4.RELEASE\spring-boot-starter-logging-2.0.4.RELEASE.jar;C:\Users\Administrator\.m2\repository\ch\qos\logback\logback-classic\1.2.3\logback-classic-1.2.3.jar;C:\Users\Administrator\.m2\repository\ch\qos\logback\logback-cor
Launcher Type: SUN_STANDARD

Environment Variables:
JAVA_HOME=C:\Program Files\Java\jdk1.8.0_121
PATH=C:\Program Files (x86)\Common Files\Oracle\Java\javapath;C:\ProgramData\Oracle\Java\javapath;C:\Program Files (x86)\NetSarang\Xshell 6\;C:\Program Files (x86)\NetSarang\Xftp 6\;C:\Windows\system32;C:\Windows;C:\Windows\System32\Wbem;C:\Windows\System32\WindowsPowerShell\v1.0\;C:\Program Files\Git\cmd;C:\Program Files\Java\jdk1.8.0_121\bin;C:\Program Files\Java\jdk1.8.0_121\jre\bin;D:\tomcat\apache-tomcat-8.5.23\lib;D:\tomcat\apache-tomcat-8.5.23\bin;D:\maven\apache-maven-3.6.2-bin\apache-maven-3.6.2\bin;C:\Program Files\TortoiseSVN\bin;D:\neo4j\neo4j-community-3.5.12-windows\neo4j-community-3.5.12\bin;C:\Program Files\Microsoft SQL Server\Client SDK\ODBC\110\Tools\Binn\;C:\Program Files (x86)\Microsoft SQL Server\120\Tools\Binn\;C:\Program Files\Microsoft SQL Server\120\Tools\Binn\;C:\Program Files\Microsoft SQL Server\120\DTS\Binn\;C:\Users\Administrator\AppData\Local\Programs\Python\Python37\Scripts\;C:\Users\Administrator\AppData\Local\Programs\Python\Python37\;C:\Users\Administrator\AppData\Local\Programs\Fiddler
USERNAME=Administrator
OS=Windows_NT
PROCESSOR_IDENTIFIER=Intel64 Family 6 Model 61 Stepping 4, GenuineIntel



---------------  S Y S T E M  ---------------

OS: Windows 7 , 64 bit Build 7601 (6.1.7601.24408)

CPU:total 4 (2 cores per cpu, 2 threads per core) family 6 model 61 stepping 4, cmov, cx8, fxsr, mmx, sse, sse2, sse3, ssse3, sse4.1, sse4.2, popcnt, avx, avx2, aes, clmul, erms, 3dnowpref, lzcnt, ht, tsc, tscinvbit, bmi1, bmi2, adx

Memory: 4k page, physical 12480440k(2918340k free), swap 24958980k(8116472k free)

vm_info: Java HotSpot(TM) 64-Bit Server VM (25.121-b13) for windows-amd64 JRE (1.8.0_121-b13), built on Dec 12 2016 18:21:36 by "java_re" with MS VC++ 10.0 (VS2010)

time: Mon Mar 02 14:55:48 2020
elapsed time: 43 seconds (0d 0h 0m 43s)

