#
# A fatal error has been detected by the Java Runtime Environment:
#
#  EXCEPTION_ACCESS_VIOLATION (0xc0000005) at pc=0x000000007749d196, pid=14580, tid=0x0000000000002cd0
#
# JRE version: Java(TM) SE Runtime Environment (8.0_121-b13) (build 1.8.0_121-b13)
# Java VM: Java HotSpot(TM) 64-Bit Server VM (25.121-b13 mixed mode windows-amd64 compressed oops)
# Problematic frame:
# C  [ntdll.dll+0x2d196]
#
# Failed to write core dump. Minidumps are not enabled by default on client versions of Windows
#
# If you would like to submit a bug report, please visit:
#   http://bugreport.java.com/bugreport/crash.jsp
# The crash happened outside the Java Virtual Machine in native code.
# See problematic frame for where to report the bug.
#

---------------  T H R E A D  ---------------

Current thread (0x0000000020088800):  JavaThread "http-nio-8081-exec-7" daemon [_thread_in_native, id=11472, stack(0x00000000285e0000,0x00000000286e0000)]

siginfo: ExceptionCode=0xc0000005, reading address 0xffffffffffffffff

Registers:
RAX=0x000000007749d190, RBX=0x00000000002d1b88, RCX=0x726573752820676f, RDX=0x00000000286db8e0
RSP=0x00000000286db7a0, RBP=0x00000000286db8b0, RSI=0x000000000028b740, RDI=0x0000000000000000
R8 =0x00000000002d1b88, R9 =0x0000000000000000, R10=0x00000000028a8a4b, R11=0x000000006d66b820
R12=0x0000000000000000, R13=0x0000000029108a18, R14=0x00000000286db8e0, R15=0x0000000020088800
RIP=0x000000007749d196, EFLAGS=0x0000000000010206

Top of Stack: (sp=0x00000000286db7a0)
0x00000000286db7a0:   00000000286db860 00000000286db8b0
0x00000000286db7b0:   0000000020088800 0000000020088800
0x00000000286db7c0:   00000000002d1b88 000000001df1d986
0x00000000286db7d0:   00000000266529c8 0000000020088800
0x00000000286db7e0:   0000000000000000 0000000000000001
0x00000000286db7f0:   00000000265f8a70 000000006d4f7081
0x00000000286db800:   00000000286dbf48 0000000029108a18
0x00000000286db810:   0000000000000000 00000000028a8a77
0x00000000286db820:   0000000000000000 00000000028a8811
0x00000000286db830:   0000000020088800 0000000029108a18
0x00000000286db840:   00000000286db9e0 0000000000000000
0x00000000286db850:   0000000020088800 00000000028a87d9
0x00000000286db860:   0000000000000003 000000078716c088
0x00000000286db870:   00000000286db860 0000000029108a18
0x00000000286db880:   00000000286db8e0 000000002910f168
0x00000000286db890:   0000000000000000 0000000029108a18 

Instructions: (pc=0x000000007749d196)
0x000000007749d176:   25 f7 ff ff e9 8f 64 05 00 cc cc cc cc cc cc cc
0x000000007749d186:   cc cc cc cc cc cc cc cc cc cc 40 53 48 83 ec 20
0x000000007749d196:   f0 0f ba 71 08 00 48 8b d9 73 20 65 48 8b 04 25
0x000000007749d1a6:   30 00 00 00 48 8b 48 48 c7 43 0c 01 00 00 00 33 


Register to memory mapping:

RAX=0x000000007749d190 is an unknown value
RBX=0x00000000002d1b88 is an unknown value
RCX=0x726573752820676f is an unknown value
RDX=0x00000000286db8e0 is pointing into the stack for thread: 0x0000000020088800
RSP=0x00000000286db7a0 is pointing into the stack for thread: 0x0000000020088800
RBP=0x00000000286db8b0 is pointing into the stack for thread: 0x0000000020088800
RSI=0x000000000028b740 is an unknown value
RDI=0x0000000000000000 is an unknown value
R8 =0x00000000002d1b88 is an unknown value
R9 =0x0000000000000000 is an unknown value
R10=0x00000000028a8a4b is at code_begin+1227 in an Interpreter codelet
method entry point (kind = native_synchronized)  [0x00000000028a8580, 0x00000000028a9060]  2784 bytes
R11=0x000000006d66b820 is an unknown value
R12=0x0000000000000000 is an unknown value
R13={method} {0x0000000029108a20} 'reset' '(J)I' in 'org/sqlite/core/NativeDB'
R14=0x00000000286db8e0 is pointing into the stack for thread: 0x0000000020088800
R15=0x0000000020088800 is a thread


Stack: [0x00000000285e0000,0x00000000286e0000],  sp=0x00000000286db7a0,  free space=1005k
Native frames: (J=compiled Java code, j=interpreted, Vv=VM code, C=native code)
C  [ntdll.dll+0x2d196]
C  [sqlite-3.8.11.1-da8a346b-695b-4a88-95c3-e7a5ee90ac74-sqlitejdbc.dll+0x5d986]
C  0x00000000028a8a77

Java frames: (J=compiled Java code, j=interpreted, Vv=VM code)
j  org.sqlite.core.NativeDB.reset(J)I+0
j  org.sqlite.core.CoreResultSet.close()V+81
j  org.sqlite.core.CoreStatement.internalClose()V+34
j  org.sqlite.jdbc3.JDBC3Statement.close()V+33
j  org.apache.commons.dbcp2.DelegatingStatement.close()V+106
j  org.apache.commons.dbcp2.DelegatingStatement.close()V+106
j  com.dongtech.utils.DB.closeSt(Ljava/sql/PreparedStatement;)V+5
j  com.dongtech.utils.DB.release()V+9
j  com.dongtech.bs.mapper.SysLogMapper.add(Lcom/dongtech/bs/entity/SyslogEntity;)I+105
j  com.dongtech.bs.service.impl.SysLogServiceImpl.add(Lcom/dongtech/bs/entity/SyslogEntity;)V+5
j  com.dongtech.syslog.SystemLogAspect.doBefore(Lorg/aspectj/lang/JoinPoint;)V+443
v  ~StubRoutines::call_stub
J 1873  sun.reflect.NativeMethodAccessorImpl.invoke0(Ljava/lang/reflect/Method;Ljava/lang/Object;[Ljava/lang/Object;)Ljava/lang/Object; (0 bytes) @ 0x0000000002ca59ff [0x0000000002ca5980+0x7f]
J 1717 C1 sun.reflect.NativeMethodAccessorImpl.invoke(Ljava/lang/Object;[Ljava/lang/Object;)Ljava/lang/Object; (104 bytes) @ 0x0000000002c4c7e4 [0x0000000002c4c420+0x3c4]
J 1108 C1 sun.reflect.DelegatingMethodAccessorImpl.invoke(Ljava/lang/Object;[Ljava/lang/Object;)Ljava/lang/Object; (10 bytes) @ 0x0000000002b4bea4 [0x0000000002b4be60+0x44]
J 1107 C1 java.lang.reflect.Method.invoke(Ljava/lang/Object;[Ljava/lang/Object;)Ljava/lang/Object; (62 bytes) @ 0x0000000002b4baa4 [0x0000000002b4b9a0+0x104]
j  org.springframework.aop.aspectj.AbstractAspectJAdvice.invokeAdviceMethodWithGivenArgs([Ljava/lang/Object;)Ljava/lang/Object;+35
j  org.springframework.aop.aspectj.AbstractAspectJAdvice.invokeAdviceMethod(Lorg/aspectj/weaver/tools/JoinPointMatch;Ljava/lang/Object;Ljava/lang/Throwable;)Ljava/lang/Object;+12
j  org.springframework.aop.aspectj.AspectJMethodBeforeAdvice.before(Ljava/lang/reflect/Method;[Ljava/lang/Object;Ljava/lang/Object;)V+7
j  org.springframework.aop.framework.adapter.MethodBeforeAdviceInterceptor.invoke(Lorg/aopalliance/intercept/MethodInvocation;)Ljava/lang/Object;+22
j  org.springframework.aop.framework.ReflectiveMethodInvocation.proceed()Ljava/lang/Object;+85
j  org.springframework.aop.aspectj.AspectJAfterThrowingAdvice.invoke(Lorg/aopalliance/intercept/MethodInvocation;)Ljava/lang/Object;+1
j  org.springframework.aop.framework.ReflectiveMethodInvocation.proceed()Ljava/lang/Object;+85
j  org.springframework.aop.interceptor.ExposeInvocationInterceptor.invoke(Lorg/aopalliance/intercept/MethodInvocation;)Ljava/lang/Object;+18
j  org.springframework.aop.framework.ReflectiveMethodInvocation.proceed()Ljava/lang/Object;+101
j  org.springframework.aop.framework.CglibAopProxy$DynamicAdvisedInterceptor.intercept(Ljava/lang/Object;Ljava/lang/reflect/Method;[Ljava/lang/Object;Lorg/springframework/cglib/proxy/MethodProxy;)Ljava/lang/Object;+133
j  com.dongtech.bs.controller.LoginContrller$$EnhancerBySpringCGLIB$$bafbaab.tologin(Ljavax/servlet/http/HttpServletRequest;Ljavax/servlet/http/HttpServletResponse;Lcom/dongtech/vo/UserVo;)Lcom/dongtech/utils/R;+44
v  ~StubRoutines::call_stub
J 1873  sun.reflect.NativeMethodAccessorImpl.invoke0(Ljava/lang/reflect/Method;Ljava/lang/Object;[Ljava/lang/Object;)Ljava/lang/Object; (0 bytes) @ 0x0000000002ca59ff [0x0000000002ca5980+0x7f]
J 1717 C1 sun.reflect.NativeMethodAccessorImpl.invoke(Ljava/lang/Object;[Ljava/lang/Object;)Ljava/lang/Object; (104 bytes) @ 0x0000000002c4c7e4 [0x0000000002c4c420+0x3c4]
J 1108 C1 sun.reflect.DelegatingMethodAccessorImpl.invoke(Ljava/lang/Object;[Ljava/lang/Object;)Ljava/lang/Object; (10 bytes) @ 0x0000000002b4bea4 [0x0000000002b4be60+0x44]
J 1107 C1 java.lang.reflect.Method.invoke(Ljava/lang/Object;[Ljava/lang/Object;)Ljava/lang/Object; (62 bytes) @ 0x0000000002b4baa4 [0x0000000002b4b9a0+0x104]
j  org.springframework.web.method.support.InvocableHandlerMethod.doInvoke([Ljava/lang/Object;)Ljava/lang/Object;+16
j  org.springframework.web.method.support.InvocableHandlerMethod.invokeForRequest(Lorg/springframework/web/context/request/NativeWebRequest;Lorg/springframework/web/method/support/ModelAndViewContainer;[Ljava/lang/Object;)Ljava/lang/Object;+75
j  org.springframework.web.servlet.mvc.method.annotation.ServletInvocableHandlerMethod.invokeAndHandle(Lorg/springframework/web/context/request/ServletWebRequest;Lorg/springframework/web/method/support/ModelAndViewContainer;[Ljava/lang/Object;)V+4
j  org.springframework.web.servlet.mvc.method.annotation.RequestMappingHandlerAdapter.invokeHandlerMethod(Ljavax/servlet/http/HttpServletRequest;Ljavax/servlet/http/HttpServletResponse;Lorg/springframework/web/method/HandlerMethod;)Lorg/springframework/web/servlet/ModelAndView;+276
j  org.springframework.web.servlet.mvc.method.annotation.RequestMappingHandlerAdapter.handleInternal(Ljavax/servlet/http/HttpServletRequest;Ljavax/servlet/http/HttpServletResponse;Lorg/springframework/web/method/HandlerMethod;)Lorg/springframework/web/servlet/ModelAndView;+81
j  org.springframework.web.servlet.mvc.method.AbstractHandlerMethodAdapter.handle(Ljavax/servlet/http/HttpServletRequest;Ljavax/servlet/http/HttpServletResponse;Ljava/lang/Object;)Lorg/springframework/web/servlet/ModelAndView;+7
j  org.springframework.web.servlet.DispatcherServlet.doDispatch(Ljavax/servlet/http/HttpServletRequest;Ljavax/servlet/http/HttpServletResponse;)V+310
j  org.springframework.web.servlet.DispatcherServlet.doService(Ljavax/servlet/http/HttpServletRequest;Ljavax/servlet/http/HttpServletResponse;)V+308
j  org.springframework.web.servlet.FrameworkServlet.processRequest(Ljavax/servlet/http/HttpServletRequest;Ljavax/servlet/http/HttpServletResponse;)V+71
j  org.springframework.web.servlet.FrameworkServlet.doPost(Ljavax/servlet/http/HttpServletRequest;Ljavax/servlet/http/HttpServletResponse;)V+3
j  javax.servlet.http.HttpServlet.service(Ljavax/servlet/http/HttpServletRequest;Ljavax/servlet/http/HttpServletResponse;)V+149
j  org.springframework.web.servlet.FrameworkServlet.service(Ljavax/servlet/http/HttpServletRequest;Ljavax/servlet/http/HttpServletResponse;)V+33
j  javax.servlet.http.HttpServlet.service(Ljavax/servlet/ServletRequest;Ljavax/servlet/ServletResponse;)V+30
j  org.apache.catalina.core.ApplicationFilterChain.internalDoFilter(Ljavax/servlet/ServletRequest;Ljavax/servlet/ServletResponse;)V+304
j  org.apache.catalina.core.ApplicationFilterChain.doFilter(Ljavax/servlet/ServletRequest;Ljavax/servlet/ServletResponse;)V+101
j  org.apache.tomcat.websocket.server.WsFilter.doFilter(Ljavax/servlet/ServletRequest;Ljavax/servlet/ServletResponse;Ljavax/servlet/FilterChain;)V+21
j  org.apache.catalina.core.ApplicationFilterChain.internalDoFilter(Ljavax/servlet/ServletRequest;Ljavax/servlet/ServletResponse;)V+135
j  org.apache.catalina.core.ApplicationFilterChain.doFilter(Ljavax/servlet/ServletRequest;Ljavax/servlet/ServletResponse;)V+101
j  org.springframework.web.filter.RequestContextFilter.doFilterInternal(Ljavax/servlet/http/HttpServletRequest;Ljavax/servlet/http/HttpServletResponse;Ljavax/servlet/FilterChain;)V+21
j  org.springframework.web.filter.OncePerRequestFilter.doFilter(Ljavax/servlet/ServletRequest;Ljavax/servlet/ServletResponse;Ljavax/servlet/FilterChain;)V+111
j  org.apache.catalina.core.ApplicationFilterChain.internalDoFilter(Ljavax/servlet/ServletRequest;Ljavax/servlet/ServletResponse;)V+135
j  org.apache.catalina.core.ApplicationFilterChain.doFilter(Ljavax/servlet/ServletRequest;Ljavax/servlet/ServletResponse;)V+101
j  org.springframework.web.filter.HttpPutFormContentFilter.doFilterInternal(Ljavax/servlet/http/HttpServletRequest;Ljavax/servlet/http/HttpServletResponse;Ljavax/servlet/FilterChain;)V+95
j  org.springframework.web.filter.OncePerRequestFilter.doFilter(Ljavax/servlet/ServletRequest;Ljavax/servlet/ServletResponse;Ljavax/servlet/FilterChain;)V+111
j  org.apache.catalina.core.ApplicationFilterChain.internalDoFilter(Ljavax/servlet/ServletRequest;Ljavax/servlet/ServletResponse;)V+135
j  org.apache.catalina.core.ApplicationFilterChain.doFilter(Ljavax/servlet/ServletRequest;Ljavax/servlet/ServletResponse;)V+101
j  org.springframework.web.filter.HiddenHttpMethodFilter.doFilterInternal(Ljavax/servlet/http/HttpServletRequest;Ljavax/servlet/http/HttpServletResponse;Ljavax/servlet/FilterChain;)V+87
j  org.springframework.web.filter.OncePerRequestFilter.doFilter(Ljavax/servlet/ServletRequest;Ljavax/servlet/ServletResponse;Ljavax/servlet/FilterChain;)V+111
j  org.apache.catalina.core.ApplicationFilterChain.internalDoFilter(Ljavax/servlet/ServletRequest;Ljavax/servlet/ServletResponse;)V+135
j  org.apache.catalina.core.ApplicationFilterChain.doFilter(Ljavax/servlet/ServletRequest;Ljavax/servlet/ServletResponse;)V+101
j  org.springframework.web.filter.CharacterEncodingFilter.doFilterInternal(Ljavax/servlet/http/HttpServletRequest;Ljavax/servlet/http/HttpServletResponse;Ljavax/servlet/FilterChain;)V+53
j  org.springframework.web.filter.OncePerRequestFilter.doFilter(Ljavax/servlet/ServletRequest;Ljavax/servlet/ServletResponse;Ljavax/servlet/FilterChain;)V+111
j  org.apache.catalina.core.ApplicationFilterChain.internalDoFilter(Ljavax/servlet/ServletRequest;Ljavax/servlet/ServletResponse;)V+135
j  org.apache.catalina.core.ApplicationFilterChain.doFilter(Ljavax/servlet/ServletRequest;Ljavax/servlet/ServletResponse;)V+101
j  org.apache.catalina.core.StandardWrapperValve.invoke(Lorg/apache/catalina/connector/Request;Lorg/apache/catalina/connector/Response;)V+688
j  org.apache.catalina.core.StandardContextValve.invoke(Lorg/apache/catalina/connector/Request;Lorg/apache/catalina/connector/Response;)V+166
j  org.apache.catalina.authenticator.AuthenticatorBase.invoke(Lorg/apache/catalina/connector/Request;Lorg/apache/catalina/connector/Response;)V+260
j  org.apache.catalina.core.StandardHostValve.invoke(Lorg/apache/catalina/connector/Request;Lorg/apache/catalina/connector/Response;)V+138
j  org.apache.catalina.valves.ErrorReportValve.invoke(Lorg/apache/catalina/connector/Request;Lorg/apache/catalina/connector/Response;)V+6
j  org.apache.catalina.core.StandardEngineValve.invoke(Lorg/apache/catalina/connector/Request;Lorg/apache/catalina/connector/Response;)V+71
j  org.apache.catalina.connector.CoyoteAdapter.service(Lorg/apache/coyote/Request;Lorg/apache/coyote/Response;)V+199
j  org.apache.coyote.http11.Http11Processor.service(Lorg/apache/tomcat/util/net/SocketWrapperBase;)Lorg/apache/tomcat/util/net/AbstractEndpoint$Handler$SocketState;+806
j  org.apache.coyote.AbstractProcessorLight.process(Lorg/apache/tomcat/util/net/SocketWrapperBase;Lorg/apache/tomcat/util/net/SocketEvent;)Lorg/apache/tomcat/util/net/AbstractEndpoint$Handler$SocketState;+113
j  org.apache.coyote.AbstractProtocol$ConnectionHandler.process(Lorg/apache/tomcat/util/net/SocketWrapperBase;Lorg/apache/tomcat/util/net/SocketEvent;)Lorg/apache/tomcat/util/net/AbstractEndpoint$Handler$SocketState;+414
j  org.apache.tomcat.util.net.NioEndpoint$SocketProcessor.doRun()V+191
j  org.apache.tomcat.util.net.SocketProcessorBase.run()V+21
j  java.util.concurrent.ThreadPoolExecutor.runWorker(Ljava/util/concurrent/ThreadPoolExecutor$Worker;)V+95
j  java.util.concurrent.ThreadPoolExecutor$Worker.run()V+5
j  org.apache.tomcat.util.threads.TaskThread$WrappingRunnable.run()V+4
j  java.lang.Thread.run()V+11
v  ~StubRoutines::call_stub

---------------  P R O C E S S  ---------------

Java Threads: ( => current thread )
  0x0000000020b78000 JavaThread "Abandoned connection cleanup thread" daemon [_thread_blocked, id=11176, stack(0x00000000292f0000,0x00000000293f0000)]
  0x0000000020b77800 JavaThread "RMI TCP Connection(idle)" daemon [_thread_blocked, id=9240, stack(0x0000000028f80000,0x0000000029080000)]
  0x0000000020b76800 JavaThread "RMI TCP Connection(idle)" daemon [_thread_blocked, id=8604, stack(0x0000000020e20000,0x0000000020f20000)]
  0x0000000020b76000 JavaThread "DestroyJavaVM" [_thread_blocked, id=13004, stack(0x0000000002790000,0x0000000002890000)]
  0x0000000020b75000 JavaThread "http-nio-8081-AsyncTimeout" daemon [_thread_blocked, id=1836, stack(0x0000000028e10000,0x0000000028f10000)]
  0x000000002008d000 JavaThread "http-nio-8081-Acceptor-0" daemon [_thread_in_native, id=13304, stack(0x0000000027fd0000,0x00000000280d0000)]
  0x000000002008c800 JavaThread "http-nio-8081-ClientPoller-1" daemon [_thread_in_native, id=12624, stack(0x0000000028770000,0x0000000028870000)]
  0x000000002008b800 JavaThread "http-nio-8081-ClientPoller-0" daemon [_thread_in_native, id=16328, stack(0x0000000028be0000,0x0000000028ce0000)]
  0x000000002008b000 JavaThread "http-nio-8081-exec-10" daemon [_thread_blocked, id=10892, stack(0x0000000028ad0000,0x0000000028bd0000)]
  0x000000002008a000 JavaThread "http-nio-8081-exec-9" daemon [_thread_blocked, id=15864, stack(0x00000000289b0000,0x0000000028ab0000)]
  0x0000000020089800 JavaThread "http-nio-8081-exec-8" daemon [_thread_in_native, id=10360, stack(0x0000000028890000,0x0000000028990000)]
=>0x0000000020088800 JavaThread "http-nio-8081-exec-7" daemon [_thread_in_native, id=11472, stack(0x00000000285e0000,0x00000000286e0000)]
  0x0000000020088000 JavaThread "http-nio-8081-exec-6" daemon [_thread_blocked, id=15164, stack(0x00000000284b0000,0x00000000285b0000)]
  0x0000000020087000 JavaThread "http-nio-8081-exec-5" daemon [_thread_blocked, id=14588, stack(0x0000000028320000,0x0000000028420000)]
  0x0000000020086000 JavaThread "http-nio-8081-exec-4" daemon [_thread_blocked, id=13344, stack(0x00000000281e0000,0x00000000282e0000)]
  0x0000000020085800 JavaThread "http-nio-8081-exec-3" daemon [_thread_blocked, id=12996, stack(0x00000000279e0000,0x0000000027ae0000)]
  0x0000000020084800 JavaThread "http-nio-8081-exec-2" daemon [_thread_blocked, id=14400, stack(0x00000000280e0000,0x00000000281e0000)]
  0x0000000020083000 JavaThread "http-nio-8081-exec-1" daemon [_thread_blocked, id=13380, stack(0x0000000025f70000,0x0000000026070000)]
  0x0000000020084000 JavaThread "NioBlockingSelector.BlockPoller-1" daemon [_thread_in_native, id=13044, stack(0x0000000027eb0000,0x0000000027fb0000)]
  0x0000000020082800 JavaThread "Live Reload Server" daemon [_thread_in_native, id=14712, stack(0x0000000027af0000,0x0000000027bf0000)]
  0x0000000020081800 JavaThread "File Watcher" daemon [_thread_blocked, id=14072, stack(0x0000000027840000,0x0000000027940000)]
  0x0000000020081000 JavaThread "container-0" [_thread_blocked, id=11940, stack(0x0000000026080000,0x0000000026180000)]
  0x0000000020080000 JavaThread "ContainerBackgroundProcessor[StandardEngine[Tomcat]]" daemon [_thread_blocked, id=15348, stack(0x0000000025d90000,0x0000000025e90000)]
  0x000000002007e000 JavaThread "RMI Scheduler(0)" daemon [_thread_blocked, id=13860, stack(0x0000000021240000,0x0000000021340000)]
  0x0000000020077800 JavaThread "RMI TCP Connection(4)-192.168.101.108" daemon [_thread_in_native, id=9752, stack(0x0000000021010000,0x0000000021110000)]
  0x000000001ba44000 JavaThread "AWT-EventQueue-0" [_thread_blocked, id=10916, stack(0x000000001eb40000,0x000000001ec40000)]
  0x000000001b9a3800 JavaThread "AWT-Windows" daemon [_thread_in_native, id=5632, stack(0x000000001c6c0000,0x000000001c7c0000)]
  0x000000001b9a2000 JavaThread "AWT-Shutdown" [_thread_blocked, id=9888, stack(0x000000001d150000,0x000000001d250000)]
  0x000000001b9a1000 JavaThread "Java2D Disposer" daemon [_thread_blocked, id=14940, stack(0x000000001cf50000,0x000000001d050000)]
  0x000000001b97c000 JavaThread "RMI TCP Accept-0" daemon [_thread_in_native, id=10288, stack(0x000000001c8b0000,0x000000001c9b0000)]
  0x000000001b70f000 JavaThread "Service Thread" daemon [_thread_blocked, id=9252, stack(0x000000001c410000,0x000000001c510000)]
  0x000000001b6af000 JavaThread "C1 CompilerThread2" daemon [_thread_blocked, id=10456, stack(0x000000001c2d0000,0x000000001c3d0000)]
  0x000000001b653000 JavaThread "C2 CompilerThread1" daemon [_thread_blocked, id=15804, stack(0x000000001c0a0000,0x000000001c1a0000)]
  0x000000001b652800 JavaThread "C2 CompilerThread0" daemon [_thread_blocked, id=16076, stack(0x000000001bf20000,0x000000001c020000)]
  0x000000001b343000 JavaThread "Monitor Ctrl-Break" daemon [_thread_in_native, id=15468, stack(0x000000001bde0000,0x000000001bee0000)]
  0x0000000019d0c000 JavaThread "Attach Listener" daemon [_thread_blocked, id=13252, stack(0x000000001b4d0000,0x000000001b5d0000)]
  0x000000001af73800 JavaThread "Signal Dispatcher" daemon [_thread_blocked, id=7924, stack(0x000000001b360000,0x000000001b460000)]
  0x0000000019cf0000 JavaThread "Finalizer" daemon [_thread_blocked, id=16012, stack(0x000000001aae0000,0x000000001abe0000)]
  0x0000000019ca8800 JavaThread "Reference Handler" daemon [_thread_blocked, id=12184, stack(0x000000001ae60000,0x000000001af60000)]

Other Threads:
  0x0000000019ca0800 VMThread [stack: 0x000000001ac90000,0x000000001ad90000] [id=13256]
  0x000000001b97e800 WatcherThread [stack: 0x000000001cbe0000,0x000000001cce0000] [id=5968]

VM state:not at safepoint (normal execution)

VM Mutex/Monitor currently owned by a thread: None

Heap:
 PSYoungGen      total 253952K, used 124502K [0x0000000780800000, 0x0000000792c80000, 0x00000007c0000000)
  eden space 238080K, 45% used [0x0000000780800000,0x0000000787219270,0x000000078f080000)
  from space 15872K, 99% used [0x0000000790400000,0x000000079137c8b0,0x0000000791380000)
  to   space 19968K, 0% used [0x000000078f080000,0x000000078f080000,0x0000000790400000)
 ParOldGen       total 114176K, used 24958K [0x0000000701800000, 0x0000000708780000, 0x0000000780800000)
  object space 114176K, 21% used [0x0000000701800000,0x000000070305f948,0x0000000708780000)
 Metaspace       used 54203K, capacity 56477K, committed 56624K, reserved 1097728K
  class space    used 7022K, capacity 7432K, committed 7472K, reserved 1048576K

Card table byte_map: [0x0000000011c50000,0x0000000012250000] byte_map_base: 0x000000000e444000

Marking Bits: (ParMarkBitMap*) 0x000000006dc5b6d0
 Begin Bits: [0x0000000012dd0000, 0x0000000015d70000)
 End Bits:   [0x0000000015d70000, 0x0000000018d10000)

Polling page: 0x0000000000530000

CodeCache: size=245760Kb used=12497Kb max_used=12497Kb free=233262Kb
 bounds [0x0000000002890000, 0x00000000034d0000, 0x0000000011890000]
 total_blobs=6848 nmethods=6172 adapters=587
 compilation: enabled

Compilation events (10 events):
Event: 29.398 Thread 0x000000001b6af000 nmethod 6252 0x00000000034c3290 code [0x00000000034c33e0, 0x00000000034c3550]
Event: 29.399 Thread 0x000000001b6af000 6253   !   1       java.io.StringReader::mark (44 bytes)
Event: 29.400 Thread 0x000000001b6af000 nmethod 6253 0x00000000034c3650 code [0x00000000034c37e0, 0x00000000034c3bf8]
Event: 29.400 Thread 0x000000001b6af000 6254       1       sun.util.locale.LocaleUtils::caseIgnoreMatch (73 bytes)
Event: 29.401 Thread 0x000000001b6af000 nmethod 6254 0x00000000034c3e50 code [0x00000000034c3fe0, 0x00000000034c4378]
Event: 29.407 Thread 0x000000001b6af000 6255       1       java.io.PrintWriter::println (5 bytes)
Event: 29.407 Thread 0x000000001b6af000 nmethod 6255 0x00000000034c4990 code [0x00000000034c4ae0, 0x00000000034c4c08]
Event: 29.407 Thread 0x000000001b6af000 6256   !   1       java.io.PrintWriter::newLine (66 bytes)
Event: 29.408 Thread 0x000000001b6af000 nmethod 6256 0x00000000034c4c90 code [0x00000000034c4e40, 0x00000000034c52b8]
Event: 29.818 Thread 0x000000001b6af000 6257       1       java.lang.Long::equals (30 bytes)

GC Heap History (10 events):
Event: 6.331 GC heap before
{Heap before GC invocations=8 (full 1):
 PSYoungGen      total 137216K, used 38041K [0x0000000780800000, 0x0000000789b00000, 0x00000007c0000000)
  eden space 126976K, 21% used [0x0000000780800000,0x000000078232c368,0x0000000788400000)
  from space 10240K, 99% used [0x0000000788f80000,0x000000078997a2d8,0x0000000789980000)
  to   space 11776K, 0% used [0x0000000788400000,0x0000000788400000,0x0000000788f80000)
 ParOldGen       total 73728K, used 10606K [0x0000000701800000, 0x0000000706000000, 0x0000000780800000)
  object space 73728K, 14% used [0x0000000701800000,0x000000070225ba78,0x0000000706000000)
 Metaspace       used 34134K, capacity 35393K, committed 35496K, reserved 1079296K
  class space    used 4591K, capacity 4912K, committed 4912K, reserved 1048576K
Event: 6.344 GC heap after
Heap after GC invocations=8 (full 1):
 PSYoungGen      total 138752K, used 10945K [0x0000000780800000, 0x000000078ed80000, 0x00000007c0000000)
  eden space 126976K, 0% used [0x0000000780800000,0x0000000780800000,0x0000000788400000)
  from space 11776K, 92% used [0x0000000788400000,0x0000000788eb0658,0x0000000788f80000)
  to   space 12800K, 0% used [0x000000078e100000,0x000000078e100000,0x000000078ed80000)
 ParOldGen       total 73728K, used 10614K [0x0000000701800000, 0x0000000706000000, 0x0000000780800000)
  object space 73728K, 14% used [0x0000000701800000,0x000000070225da78,0x0000000706000000)
 Metaspace       used 34134K, capacity 35393K, committed 35496K, reserved 1079296K
  class space    used 4591K, capacity 4912K, committed 4912K, reserved 1048576K
}
Event: 6.344 GC heap before
{Heap before GC invocations=9 (full 2):
 PSYoungGen      total 138752K, used 10945K [0x0000000780800000, 0x000000078ed80000, 0x00000007c0000000)
  eden space 126976K, 0% used [0x0000000780800000,0x0000000780800000,0x0000000788400000)
  from space 11776K, 92% used [0x0000000788400000,0x0000000788eb0658,0x0000000788f80000)
  to   space 12800K, 0% used [0x000000078e100000,0x000000078e100000,0x000000078ed80000)
 ParOldGen       total 73728K, used 10614K [0x0000000701800000, 0x0000000706000000, 0x0000000780800000)
  object space 73728K, 14% used [0x0000000701800000,0x000000070225da78,0x0000000706000000)
 Metaspace       used 34134K, capacity 35393K, committed 35496K, reserved 1079296K
  class space    used 4591K, capacity 4912K, committed 4912K, reserved 1048576K
Event: 6.424 GC heap after
Heap after GC invocations=9 (full 2):
 PSYoungGen      total 138752K, used 0K [0x0000000780800000, 0x000000078ed80000, 0x00000007c0000000)
  eden space 126976K, 0% used [0x0000000780800000,0x0000000780800000,0x0000000788400000)
  from space 11776K, 0% used [0x0000000788400000,0x0000000788400000,0x0000000788f80000)
  to   space 12800K, 0% used [0x000000078e100000,0x000000078e100000,0x000000078ed80000)
 ParOldGen       total 114176K, used 15885K [0x0000000701800000, 0x0000000708780000, 0x0000000780800000)
  object space 114176K, 13% used [0x0000000701800000,0x0000000702783568,0x0000000708780000)
 Metaspace       used 34134K, capacity 35393K, committed 35496K, reserved 1079296K
  class space    used 4591K, capacity 4912K, committed 4912K, reserved 1048576K
}
Event: 8.544 GC heap before
{Heap before GC invocations=10 (full 2):
 PSYoungGen      total 138752K, used 126976K [0x0000000780800000, 0x000000078ed80000, 0x00000007c0000000)
  eden space 126976K, 100% used [0x0000000780800000,0x0000000788400000,0x0000000788400000)
  from space 11776K, 0% used [0x0000000788400000,0x0000000788400000,0x0000000788f80000)
  to   space 12800K, 0% used [0x000000078e100000,0x000000078e100000,0x000000078ed80000)
 ParOldGen       total 114176K, used 15885K [0x0000000701800000, 0x0000000708780000, 0x0000000780800000)
  object space 114176K, 13% used [0x0000000701800000,0x0000000702783568,0x0000000708780000)
 Metaspace       used 38513K, capacity 40109K, committed 40368K, reserved 1083392K
  class space    used 5147K, capacity 5505K, committed 5552K, reserved 1048576K
Event: 8.556 GC heap after
Heap after GC invocations=10 (full 2):
 PSYoungGen      total 200192K, used 10700K [0x0000000780800000, 0x000000078eb80000, 0x00000007c0000000)
  eden space 189440K, 0% used [0x0000000780800000,0x0000000780800000,0x000000078c100000)
  from space 10752K, 99% used [0x000000078e100000,0x000000078eb73378,0x000000078eb80000)
  to   space 13312K, 0% used [0x000000078d180000,0x000000078d180000,0x000000078de80000)
 ParOldGen       total 114176K, used 15893K [0x0000000701800000, 0x0000000708780000, 0x0000000780800000)
  object space 114176K, 13% used [0x0000000701800000,0x0000000702785568,0x0000000708780000)
 Metaspace       used 38513K, capacity 40109K, committed 40368K, reserved 1083392K
  class space    used 5147K, capacity 5505K, committed 5552K, reserved 1048576K
}
Event: 10.264 GC heap before
{Heap before GC invocations=11 (full 2):
 PSYoungGen      total 200192K, used 200140K [0x0000000780800000, 0x000000078eb80000, 0x00000007c0000000)
  eden space 189440K, 100% used [0x0000000780800000,0x000000078c100000,0x000000078c100000)
  from space 10752K, 99% used [0x000000078e100000,0x000000078eb73378,0x000000078eb80000)
  to   space 13312K, 0% used [0x000000078d180000,0x000000078d180000,0x000000078de80000)
 ParOldGen       total 114176K, used 15893K [0x0000000701800000, 0x0000000708780000, 0x0000000780800000)
  object space 114176K, 13% used [0x0000000701800000,0x0000000702785568,0x0000000708780000)
 Metaspace       used 42802K, capacity 44619K, committed 44848K, reserved 1087488K
  class space    used 5707K, capacity 6080K, committed 6192K, reserved 1048576K
Event: 10.284 GC heap after
Heap after GC invocations=11 (full 2):
 PSYoungGen      total 219648K, used 13297K [0x0000000780800000, 0x0000000791380000, 0x00000007c0000000)
  eden space 206336K, 0% used [0x0000000780800000,0x0000000780800000,0x000000078d180000)
  from space 13312K, 99% used [0x000000078d180000,0x000000078de7c420,0x000000078de80000)
  to   space 15872K, 0% used [0x0000000790400000,0x0000000790400000,0x0000000791380000)
 ParOldGen       total 114176K, used 19120K [0x0000000701800000, 0x0000000708780000, 0x0000000780800000)
  object space 114176K, 16% used [0x0000000701800000,0x0000000702aac0a0,0x0000000708780000)
 Metaspace       used 42802K, capacity 44619K, committed 44848K, reserved 1087488K
  class space    used 5707K, capacity 6080K, committed 6192K, reserved 1048576K
}
Event: 13.440 GC heap before
{Heap before GC invocations=12 (full 2):
 PSYoungGen      total 219648K, used 219633K [0x0000000780800000, 0x0000000791380000, 0x00000007c0000000)
  eden space 206336K, 100% used [0x0000000780800000,0x000000078d180000,0x000000078d180000)
  from space 13312K, 99% used [0x000000078d180000,0x000000078de7c420,0x000000078de80000)
  to   space 15872K, 0% used [0x0000000790400000,0x0000000790400000,0x0000000791380000)
 ParOldGen       total 114176K, used 19120K [0x0000000701800000, 0x0000000708780000, 0x0000000780800000)
  object space 114176K, 16% used [0x0000000701800000,0x0000000702aac0a0,0x0000000708780000)
 Metaspace       used 46915K, capacity 49063K, committed 49328K, reserved 1091584K
  class space    used 6336K, capacity 6754K, committed 6832K, reserved 1048576K
Event: 13.465 GC heap after
Heap after GC invocations=12 (full 2):
 PSYoungGen      total 253952K, used 15858K [0x0000000780800000, 0x0000000792c80000, 0x00000007c0000000)
  eden space 238080K, 0% used [0x0000000780800000,0x0000000780800000,0x000000078f080000)
  from space 15872K, 99% used [0x0000000790400000,0x000000079137c8b0,0x0000000791380000)
  to   space 19968K, 0% used [0x000000078f080000,0x000000078f080000,0x0000000790400000)
 ParOldGen       total 114176K, used 24958K [0x0000000701800000, 0x0000000708780000, 0x0000000780800000)
  object space 114176K, 21% used [0x0000000701800000,0x000000070305f948,0x0000000708780000)
 Metaspace       used 46915K, capacity 49063K, committed 49328K, reserved 1091584K
  class space    used 6336K, capacity 6754K, committed 6832K, reserved 1048576K
}

Deoptimization events (0 events):
No events

Internal exceptions (10 events):
Event: 16.548 Thread 0x0000000020083000 Exception <a 'java/security/PrivilegedActionException'> (0x00000007849dcc68) thrown at [C:\re\workspace\8-2-build-windows-amd64-cygwin\jdk8u121\8372\hotspot\src\share\vm\prims\jvm.cpp, line 1390]
Event: 16.548 Thread 0x0000000020083000 Exception <a 'java/security/PrivilegedActionException'> (0x00000007849e7180) thrown at [C:\re\workspace\8-2-build-windows-amd64-cygwin\jdk8u121\8372\hotspot\src\share\vm\prims\jvm.cpp, line 1390]
Event: 16.548 Thread 0x0000000020083000 Exception <a 'java/security/PrivilegedActionException'> (0x00000007849e7948) thrown at [C:\re\workspace\8-2-build-windows-amd64-cygwin\jdk8u121\8372\hotspot\src\share\vm\prims\jvm.cpp, line 1390]
Event: 16.654 Thread 0x0000000020083000 Exception <a 'java/security/PrivilegedActionException'> (0x00000007850948a8) thrown at [C:\re\workspace\8-2-build-windows-amd64-cygwin\jdk8u121\8372\hotspot\src\share\vm\prims\jvm.cpp, line 1390]
Event: 16.654 Thread 0x0000000020083000 Exception <a 'java/security/PrivilegedActionException'> (0x0000000785095070) thrown at [C:\re\workspace\8-2-build-windows-amd64-cygwin\jdk8u121\8372\hotspot\src\share\vm\prims\jvm.cpp, line 1390]
Event: 16.655 Thread 0x0000000020083000 Exception <a 'java/security/PrivilegedActionException'> (0x000000078509f3e8) thrown at [C:\re\workspace\8-2-build-windows-amd64-cygwin\jdk8u121\8372\hotspot\src\share\vm\prims\jvm.cpp, line 1390]
Event: 16.655 Thread 0x0000000020083000 Exception <a 'java/security/PrivilegedActionException'> (0x000000078509fbb0) thrown at [C:\re\workspace\8-2-build-windows-amd64-cygwin\jdk8u121\8372\hotspot\src\share\vm\prims\jvm.cpp, line 1390]
Event: 16.901 Thread 0x0000000020084800 Exception <a 'java/lang/NullPointerException'> (0x0000000785d0a990) thrown at [C:\re\workspace\8-2-build-windows-amd64-cygwin\jdk8u121\8372\hotspot\src\share\vm\interpreter\linkResolver.cpp, line 1178]
Event: 29.391 Thread 0x0000000020088800 Exception <a 'java/lang/ClassNotFoundException': java/lang/ObjectCustomizer> (0x0000000786fa1398) thrown at [C:\re\workspace\8-2-build-windows-amd64-cygwin\jdk8u121\8372\hotspot\src\share\vm\classfile\systemDictionary.cpp, line 210]
Event: 29.393 Thread 0x0000000020088800 Exception <a 'java/lang/ClassNotFoundException': com/dongtech/vo/UserVoCustomizer> (0x0000000786fbb548) thrown at [C:\re\workspace\8-2-build-windows-amd64-cygwin\jdk8u121\8372\hotspot\src\share\vm\classfile\systemDictionary.cpp, line 210]

Events (10 events):
Event: 29.641 Executing VM operation: RevokeBias
Event: 29.641 Executing VM operation: RevokeBias done
Event: 29.641 Executing VM operation: RevokeBias
Event: 29.641 Executing VM operation: RevokeBias done
Event: 29.641 Executing VM operation: RevokeBias
Event: 29.642 Executing VM operation: RevokeBias done
Event: 29.818 Executing VM operation: RevokeBias
Event: 29.818 Executing VM operation: RevokeBias done
Event: 29.818 Executing VM operation: RevokeBias
Event: 29.818 Executing VM operation: RevokeBias done


Dynamic libraries:
0x000000013f580000 - 0x000000013f5b7000 	C:\Program Files\Java\jdk1.8.0_121\bin\java.exe
0x0000000077470000 - 0x000000007760f000 	C:\Windows\SYSTEM32\ntdll.dll
0x00000000770f0000 - 0x000000007720f000 	C:\Windows\system32\kernel32.dll
0x000007fefda70000 - 0x000007fefdada000 	C:\Windows\system32\KERNELBASE.dll
0x000007fefdc90000 - 0x000007fefdd6b000 	C:\Windows\system32\ADVAPI32.dll
0x000007feff1f0000 - 0x000007feff28f000 	C:\Windows\system32\msvcrt.dll
0x000007fefddf0000 - 0x000007fefde0f000 	C:\Windows\SYSTEM32\sechost.dll
0x000007feff630000 - 0x000007feff75c000 	C:\Windows\system32\RPCRT4.dll
0x0000000077210000 - 0x000000007730a000 	C:\Windows\system32\USER32.dll
0x000007fefeff0000 - 0x000007feff057000 	C:\Windows\system32\GDI32.dll
0x000007feff310000 - 0x000007feff31e000 	C:\Windows\system32\LPK.dll
0x000007fefdef0000 - 0x000007fefdfbb000 	C:\Windows\system32\USP10.dll
0x000007fefc4b0000 - 0x000007fefc6a4000 	C:\Windows\WinSxS\amd64_microsoft.windows.common-controls_6595b64144ccf1df_6.0.7601.18837_none_fa3b1e3d17594757\COMCTL32.dll
0x000007feff290000 - 0x000007feff301000 	C:\Windows\system32\SHLWAPI.dll
0x000007feff380000 - 0x000007feff3ae000 	C:\Windows\system32\IMM32.DLL
0x000007feff0e0000 - 0x000007feff1e9000 	C:\Windows\system32\MSCTF.dll
0x0000000078cb0000 - 0x0000000078d82000 	C:\Program Files\Java\jdk1.8.0_121\jre\bin\msvcr100.dll
0x000000006d440000 - 0x000000006dcdb000 	C:\Program Files\Java\jdk1.8.0_121\jre\bin\server\jvm.dll
0x000007fee84f0000 - 0x000007fee84f9000 	C:\Windows\system32\WSOCK32.dll
0x000007feff330000 - 0x000007feff37d000 	C:\Windows\system32\WS2_32.dll
0x000007feff320000 - 0x000007feff328000 	C:\Windows\system32\NSI.dll
0x000007fefb8a0000 - 0x000007fefb8db000 	C:\Windows\system32\WINMM.dll
0x000007fefca20000 - 0x000007fefca2c000 	C:\Windows\system32\VERSION.dll
0x0000000077620000 - 0x0000000077627000 	C:\Windows\system32\PSAPI.DLL
0x00000000730c0000 - 0x00000000730cf000 	C:\Program Files\Java\jdk1.8.0_121\jre\bin\verify.dll
0x0000000073090000 - 0x00000000730b9000 	C:\Program Files\Java\jdk1.8.0_121\jre\bin\java.dll
0x0000000064000000 - 0x0000000064023000 	C:\Program Files\Java\jdk1.8.0_121\jre\bin\instrument.dll
0x0000000072800000 - 0x0000000072816000 	C:\Program Files\Java\jdk1.8.0_121\jre\bin\zip.dll
0x000007fefe060000 - 0x000007fefedea000 	C:\Windows\system32\SHELL32.dll
0x000007fefedf0000 - 0x000007fefefef000 	C:\Windows\system32\ole32.dll
0x000007fefd8c0000 - 0x000007fefd8cf000 	C:\Windows\system32\profapi.dll
0x000007fedeee0000 - 0x000007fedeefa000 	D:\ideaIU-2018.1.1.win\bin\breakgen64.dll
0x0000000069f40000 - 0x0000000069f5a000 	C:\Program Files\Java\jdk1.8.0_121\jre\bin\net.dll
0x000007fefd080000 - 0x000007fefd0d5000 	C:\Windows\system32\mswsock.dll
0x000007fefd2c0000 - 0x000007fefd2c7000 	C:\Windows\System32\wship6.dll
0x000007fefcc20000 - 0x000007fefcc27000 	C:\Windows\System32\wshtcpip.dll
0x000007fef4a20000 - 0x000007fef4a4f000 	C:\Program Files (x86)\Sangfor\SSL\ClientComponent\SangforNspX64.dll
0x000007fefde10000 - 0x000007fefdeeb000 	C:\Windows\system32\OLEAUT32.dll
0x000007fefceb0000 - 0x000007fefcf0b000 	C:\Windows\system32\DNSAPI.dll
0x000007fefad10000 - 0x000007fefad37000 	C:\Windows\system32\IPHLPAPI.DLL
0x000007fefacb0000 - 0x000007fefacbb000 	C:\Windows\system32\WINNSI.DLL
0x000007fef4a10000 - 0x000007fef4a18000 	C:\Windows\system32\rasadhlp.dll
0x000007fefab90000 - 0x000007fefabe3000 	C:\Windows\System32\fwpuclnt.dll
0x0000000068700000 - 0x000000006870d000 	C:\Program Files\Java\jdk1.8.0_121\jre\bin\management.dll
0x000000006f6d0000 - 0x000000006f6e1000 	C:\Program Files\Java\jdk1.8.0_121\jre\bin\nio.dll
0x000007fefd220000 - 0x000007fefd238000 	C:\Windows\system32\CRYPTSP.dll
0x000007fefcdc0000 - 0x000007fefce07000 	C:\Windows\system32\rsaenh.dll
0x000007fefcc50000 - 0x000007fefcc6e000 	C:\Windows\system32\USERENV.dll
0x000007fefd7b0000 - 0x000007fefd7bf000 	C:\Windows\system32\CRYPTBASE.dll
0x000007fefab20000 - 0x000007fefab38000 	C:\Windows\system32\dhcpcsvc.DLL
0x000007fefab00000 - 0x000007fefab11000 	C:\Windows\system32\dhcpcsvc6.DLL
0x000007fefb8f0000 - 0x000007fefb905000 	C:\Windows\system32\NLAapi.dll
0x000007fee8f80000 - 0x000007fee8f95000 	C:\Windows\system32\napinsp.dll
0x000007fee8f60000 - 0x000007fee8f79000 	C:\Windows\system32\pnrpnsp.dll
0x000007fee8dd0000 - 0x000007fee8ddb000 	C:\Windows\System32\winrnr.dll
0x000007fee85b0000 - 0x000007fee85c0000 	C:\Windows\system32\wshbth.dll
0x000000006ced0000 - 0x000000006d068000 	C:\Program Files\Java\jdk1.8.0_121\jre\bin\awt.dll
0x000007fefc9b0000 - 0x000007fefc9c8000 	C:\Windows\system32\DWMAPI.DLL
0x000007fedeb70000 - 0x000007fedec8d000 	C:\Windows\system32\opengl32.dll
0x000007fee6eb0000 - 0x000007fee6edd000 	C:\Windows\system32\GLU32.dll
0x000007fede120000 - 0x000007fede211000 	C:\Windows\system32\DDRAW.dll
0x000007fee6ea0000 - 0x000007fee6ea8000 	C:\Windows\system32\DCIMAN32.dll
0x000007feff3b0000 - 0x000007feff587000 	C:\Windows\system32\SETUPAPI.dll
0x000007fefd990000 - 0x000007fefd9c6000 	C:\Windows\system32\CFGMGR32.dll
0x000007fefd970000 - 0x000007fefd98a000 	C:\Windows\system32\DEVOBJ.dll
0x000007fefc130000 - 0x000007fefc186000 	C:\Windows\system32\uxtheme.dll
0x000007fefd750000 - 0x000007fefd7a7000 	C:\Windows\system32\apphelp.dll
0x000007fef3710000 - 0x000007fef3f9d000 	C:\Windows\system32\SOGOUPY.IME
0x000007fefae90000 - 0x000007fefae97000 	C:\Windows\system32\MSIMG32.dll
0x000007fef9150000 - 0x000007fef91c1000 	C:\Windows\system32\WINHTTP.dll
0x000007fef90e0000 - 0x000007fef9145000 	C:\Windows\system32\webio.dll
0x000007fefafe0000 - 0x000007fefb034000 	C:\Windows\system32\OLEACC.dll
0x000007fefc9a0000 - 0x000007fefc9a3000 	C:\Windows\system32\api-ms-win-core-synch-l1-2-0.DLL
0x000007fefbb80000 - 0x000007fefbbad000 	C:\Windows\system32\ntmarta.dll
0x000007fefdd70000 - 0x000007fefddc2000 	C:\Windows\system32\WLDAP32.dll
0x000007feea440000 - 0x000007feea6a9000 	C:\Program Files (x86)\SogouInput\Components\PicFace\1.1.0.1867\PicFace64.dll
0x000007fefdfc0000 - 0x000007fefe057000 	C:\Windows\system32\COMDLG32.dll
0x000000006cc80000 - 0x000000006ccc7000 	C:\Program Files\Java\jdk1.8.0_121\jre\bin\fontmanager.dll
0x0000000070a80000 - 0x0000000070ac2000 	C:\Program Files\Java\jdk1.8.0_121\jre\bin\t2k.dll
0x000000001f440000 - 0x000000001f55d000 	C:\Program Files (x86)\SogouInput\9.6.0.3568\Resource.dll
0x0000000064030000 - 0x000000006405a000 	C:\Program Files\Java\jdk1.8.0_121\jre\bin\dcpr.dll
0x0000000180000000 - 0x000000018020e000 	D:\tomcat\apache-tomcat-8.5.23\bin\tcnative-1.dll
0x000000001dec0000 - 0x000000001df7d000 	C:\Users\Administrator\AppData\Local\Temp\sqlite-3.8.11.1-da8a346b-695b-4a88-95c3-e7a5ee90ac74-sqlitejdbc.dll
0x000000001d0f0000 - 0x000000001d144000 	C:\Program Files\Java\jdk1.8.0_121\bin\HASPJava_x64.dll
0x00000000295d0000 - 0x0000000029b30000 	C:\Program Files\Java\jdk1.8.0_121\bin\hasp_windows_x64_99459.dll
0x000007fefca00000 - 0x000007fefca11000 	C:\Windows\system32\WTSAPI32.DLL
0x000007fefc4a0000 - 0x000007fefc4ab000 	C:\Windows\system32\HID.DLL
0x000007fefd720000 - 0x000007fefd745000 	C:\Windows\system32\SspiCli.dll
0x000007fee9c80000 - 0x000007fee9da5000 	C:\Windows\system32\dbghelp.dll

VM Arguments:
jvm_args: -XX:TieredStopAtLevel=1 -Xverify:none -Dspring.output.ansi.enabled=always -Dcom.sun.management.jmxremote -Dspring.liveBeansView.mbeanDomain -Dspring.application.admin.enabled=true -javaagent:D:\ideaIU-2018.1.1.win\lib\idea_rt.jar=60140:D:\ideaIU-2018.1.1.win\bin -Dfile.encoding=UTF-8 
java_command: com.dongtech.SpringbootJspApplication
java_class_path (initial): C:\Program Files\Java\jdk1.8.0_121\jre\lib\charsets.jar;C:\Program Files\Java\jdk1.8.0_121\jre\lib\deploy.jar;C:\Program Files\Java\jdk1.8.0_121\jre\lib\ext\access-bridge-64.jar;C:\Program Files\Java\jdk1.8.0_121\jre\lib\ext\cldrdata.jar;C:\Program Files\Java\jdk1.8.0_121\jre\lib\ext\dnsns.jar;C:\Program Files\Java\jdk1.8.0_121\jre\lib\ext\jaccess.jar;C:\Program Files\Java\jdk1.8.0_121\jre\lib\ext\jfxrt.jar;C:\Program Files\Java\jdk1.8.0_121\jre\lib\ext\localedata.jar;C:\Program Files\Java\jdk1.8.0_121\jre\lib\ext\nashorn.jar;C:\Program Files\Java\jdk1.8.0_121\jre\lib\ext\sunec.jar;C:\Program Files\Java\jdk1.8.0_121\jre\lib\ext\sunjce_provider.jar;C:\Program Files\Java\jdk1.8.0_121\jre\lib\ext\sunmscapi.jar;C:\Program Files\Java\jdk1.8.0_121\jre\lib\ext\sunpkcs11.jar;C:\Program Files\Java\jdk1.8.0_121\jre\lib\ext\zipfs.jar;C:\Program Files\Java\jdk1.8.0_121\jre\lib\javaws.jar;C:\Program Files\Java\jdk1.8.0_121\jre\lib\jce.jar;C:\Program Files\Java\jdk1.8.0_121\jre\lib\jfr.jar;C:\Program Files\Java\jdk1.8.0_121\jre\lib\jfxswt.jar;C:\Program Files\Java\jdk1.8.0_121\jre\lib\jsse.jar;C:\Program Files\Java\jdk1.8.0_121\jre\lib\management-agent.jar;C:\Program Files\Java\jdk1.8.0_121\jre\lib\plugin.jar;C:\Program Files\Java\jdk1.8.0_121\jre\lib\resources.jar;C:\Program Files\Java\jdk1.8.0_121\jre\lib\rt.jar;F:\Myeclipse 10\springboot-jsp-master\target\classes;C:\Users\Administrator\.m2\repository\org\springframework\boot\spring-boot-starter-jdbc\2.0.4.RELEASE\spring-boot-starter-jdbc-2.0.4.RELEASE.jar;C:\Users\Administrator\.m2\repository\org\springframework\boot\spring-boot-starter\2.0.4.RELEASE\spring-boot-starter-2.0.4.RELEASE.jar;C:\Users\Administrator\.m2\repository\org\springframework\boot\spring-boot-starter-logging\2.0.4.RELEASE\spring-boot-starter-logging-2.0.4.RELEASE.jar;C:\Users\Administrator\.m2\repository\ch\qos\logback\logback-classic\1.2.3\logback-classic-1.2.3.jar;C:\Users\Administrator\.m2\repository\ch\qos\logback\logback-cor
Launcher Type: SUN_STANDARD

Environment Variables:
JAVA_HOME=C:\Program Files\Java\jdk1.8.0_121
PATH=C:\Program Files (x86)\Common Files\Oracle\Java\javapath;C:\ProgramData\Oracle\Java\javapath;C:\Program Files (x86)\NetSarang\Xshell 6\;C:\Program Files (x86)\NetSarang\Xftp 6\;C:\Windows\system32;C:\Windows;C:\Windows\System32\Wbem;C:\Windows\System32\WindowsPowerShell\v1.0\;C:\Program Files\Git\cmd;C:\Program Files\Java\jdk1.8.0_121\bin;C:\Program Files\Java\jdk1.8.0_121\jre\bin;D:\tomcat\apache-tomcat-8.5.23\lib;D:\tomcat\apache-tomcat-8.5.23\bin;D:\maven\apache-maven-3.6.2-bin\apache-maven-3.6.2\bin;C:\Program Files\TortoiseSVN\bin;D:\neo4j\neo4j-community-3.5.12-windows\neo4j-community-3.5.12\bin;C:\Program Files\Microsoft SQL Server\Client SDK\ODBC\110\Tools\Binn\;C:\Program Files (x86)\Microsoft SQL Server\120\Tools\Binn\;C:\Program Files\Microsoft SQL Server\120\Tools\Binn\;C:\Program Files\Microsoft SQL Server\120\DTS\Binn\;C:\Users\Administrator\AppData\Local\Programs\Python\Python37\Scripts\;C:\Users\Administrator\AppData\Local\Programs\Python\Python37\;C:\Users\Administrator\AppData\Local\Programs\Fiddler
USERNAME=Administrator
OS=Windows_NT
PROCESSOR_IDENTIFIER=Intel64 Family 6 Model 61 Stepping 4, GenuineIntel



---------------  S Y S T E M  ---------------

OS: Windows 7 , 64 bit Build 7601 (6.1.7601.24408)

CPU:total 4 (2 cores per cpu, 2 threads per core) family 6 model 61 stepping 4, cmov, cx8, fxsr, mmx, sse, sse2, sse3, ssse3, sse4.1, sse4.2, popcnt, avx, avx2, aes, clmul, erms, 3dnowpref, lzcnt, ht, tsc, tscinvbit, bmi1, bmi2, adx

Memory: 4k page, physical 12480440k(1186296k free), swap 24958980k(7252640k free)

vm_info: Java HotSpot(TM) 64-Bit Server VM (25.121-b13) for windows-amd64 JRE (1.8.0_121-b13), built on Dec 12 2016 18:21:36 by "java_re" with MS VC++ 10.0 (VS2010)

time: Thu Feb 20 17:36:10 2020
elapsed time: 29 seconds (0d 0h 0m 29s)

