#
# A fatal error has been detected by the Java Runtime Environment:
#
#  EXCEPTION_ACCESS_VIOLATION (0xc0000005) at pc=0x000000007760d196, pid=27764, tid=0x00000000000062d8
#
# JRE version: Java(TM) SE Runtime Environment (8.0_121-b13) (build 1.8.0_121-b13)
# Java VM: Java HotSpot(TM) 64-Bit Server VM (25.121-b13 mixed mode windows-amd64 compressed oops)
# Problematic frame:
# C  [ntdll.dll+0x2d196]
#
# Failed to write core dump. Minidumps are not enabled by default on client versions of Windows
#
# If you would like to submit a bug report, please visit:
#   http://bugreport.java.com/bugreport/crash.jsp
# The crash happened outside the Java Virtual Machine in native code.
# See problematic frame for where to report the bug.
#

---------------  T H R E A D  ---------------

Current thread (0x0000000026115000):  JavaThread "http-nio-8081-exec-8" daemon [_thread_in_native, id=25304, stack(0x0000000028be0000,0x0000000028ce0000)]

siginfo: ExceptionCode=0xc0000005, reading address 0xffffffffffffffff

Registers:
RAX=0x0000000000000000, RBX=0x0000000000000000, RCX=0x0064692079622072, RDX=0x0000000000000000
RSP=0x0000000028cdc2e0, RBP=0x000000006d0b5560, RSI=0x000000002aae61c8, RDI=0x000000002aae5868
R8 =0x000000006d0b5560, R9 =0x0000000000000000, R10=0x0000000000000002, R11=0x0000000003620840
R12=0x0000000000000000, R13=0x0000000028cdc400, R14=0x0000000028cdc3d0, R15=0x0000000026115000
RIP=0x000000007760d196, EFLAGS=0x0000000000010202

Top of Stack: (sp=0x0000000028cdc2e0)
0x0000000028cdc2e0:   0000000028cdc400 0000000028cdc410
0x0000000028cdc2f0:   0000000026115000 0000000026115000
0x0000000028cdc300:   0000000000000000 000000006d0a2089
0x0000000028cdc310:   00000000260dfb40 0000000026115000
0x0000000028cdc320:   0000000028cdc400 000000007200d532
0x0000000028cdc330:   00000000261175b0 000000007201be29
0x0000000028cdc340:   0000000028cdd228 000000078e075b08
0x0000000028cdc350:   00000000261151f8 0000000000000000
0x0000000028cdc360:   0000000028cdc410 000000006d0829c9
0x0000000028cdc370:   0000000026115000 000000078e075b08
0x0000000028cdc380:   000000002aae5868 0000000000000001
0x0000000028cdc390:   0000000026115000 000000078e075b08
0x0000000028cdc3a0:   000000002aae5868 000000000361fe47
0x0000000028cdc3b0:   0000000003620840 00000000725ed0d0
0x0000000028cdc3c0:   0000000000000000 000000002aae5868
0x0000000028cdc3d0:   000000078e075b08 0000000028cdc4d8 

Instructions: (pc=0x000000007760d196)
0x000000007760d176:   25 f7 ff ff e9 8f 64 05 00 cc cc cc cc cc cc cc
0x000000007760d186:   cc cc cc cc cc cc cc cc cc cc 40 53 48 83 ec 20
0x000000007760d196:   f0 0f ba 71 08 00 48 8b d9 73 20 65 48 8b 04 25
0x000000007760d1a6:   30 00 00 00 48 8b 48 48 c7 43 0c 01 00 00 00 33 


Register to memory mapping:

RAX=0x0000000000000000 is an unknown value
RBX=0x0000000000000000 is an unknown value
RCX=0x0064692079622072 is an unknown value
RDX=0x0000000000000000 is an unknown value
RSP=0x0000000028cdc2e0 is pointing into the stack for thread: 0x0000000026115000
RBP=0x000000006d0b5560 is an unknown value
RSI=0x000000002aae61c8 is an unknown value
RDI=0x000000002aae5868 is an unknown value
R8 =0x000000006d0b5560 is an unknown value
R9 =0x0000000000000000 is an unknown value
R10=0x0000000000000002 is an unknown value
R11=0x0000000003620840 is at entry_point+32 in (nmethod*)0x0000000003620690
R12=0x0000000000000000 is an unknown value
R13=0x0000000028cdc400 is pointing into the stack for thread: 0x0000000026115000
R14=0x0000000028cdc3d0 is pointing into the stack for thread: 0x0000000026115000
R15=0x0000000026115000 is a thread


Stack: [0x0000000028be0000,0x0000000028ce0000],  sp=0x0000000028cdc2e0,  free space=1008k
Native frames: (J=compiled Java code, j=interpreted, Vv=VM code, C=native code)
C  [ntdll.dll+0x2d196]
C  [sqlite-3.21.0.1-0f230c35-a566-44e5-8d48-93e222e62a4c-sqlitejdbc.dll+0x22089]
C  [sqlite-3.21.0.1-0f230c35-a566-44e5-8d48-93e222e62a4c-sqlitejdbc.dll+0x29c9]
C  0x000000000361fe47

Java frames: (J=compiled Java code, j=interpreted, Vv=VM code)
J 6841  org.sqlite.core.NativeDB.column_name_utf8(JI)[B (0 bytes) @ 0x000000000361fcfb [0x000000000361fcc0+0x3b]
J 6840 C1 org.sqlite.core.NativeDB.column_name(JI)Ljava/lang/String; (10 bytes) @ 0x000000000362094c [0x0000000003620820+0x12c]
j  org.sqlite.core.DB.column_names(J)[Ljava/lang/String;+26
j  org.sqlite.core.CorePreparedStatement.<init>(Lorg/sqlite/SQLiteConnection;Ljava/lang/String;)V+30
j  org.sqlite.jdbc3.JDBC3PreparedStatement.<init>(Lorg/sqlite/SQLiteConnection;Ljava/lang/String;)V+3
j  org.sqlite.jdbc4.JDBC4PreparedStatement.<init>(Lorg/sqlite/SQLiteConnection;Ljava/lang/String;)V+3
j  org.sqlite.jdbc4.JDBC4Connection.prepareStatement(Ljava/lang/String;III)Ljava/sql/PreparedStatement;+21
j  org.sqlite.jdbc3.JDBC3Connection.prepareStatement(Ljava/lang/String;II)Ljava/sql/PreparedStatement;+5
j  org.sqlite.jdbc3.JDBC3Connection.prepareStatement(Ljava/lang/String;)Ljava/sql/PreparedStatement;+8
j  org.apache.commons.dbcp2.DelegatingConnection.prepareStatement(Ljava/lang/String;)Ljava/sql/PreparedStatement;+14
j  org.apache.commons.dbcp2.DelegatingConnection.prepareStatement(Ljava/lang/String;)Ljava/sql/PreparedStatement;+14
j  com.dongtech.utils.DB.selectBysql(Ljava/lang/String;)Ljava/sql/ResultSet;+15
j  com.dongtech.bs.mapper.StageMapper.getList()Ljava/util/List;+4
j  com.dongtech.bs.service.impl.StageServiceimpl.getList()Ljava/util/List;+4
j  com.dongtech.bs.controller.PartyContrller.topartMain(Ljavax/servlet/http/HttpServletRequest;)Ljava/lang/String;+7
j  com.dongtech.bs.controller.PartyContrller$$FastClassBySpringCGLIB$$f7882d63.invoke(ILjava/lang/Object;[Ljava/lang/Object;)Ljava/lang/Object;+82
j  org.springframework.cglib.proxy.MethodProxy.invoke(Ljava/lang/Object;[Ljava/lang/Object;)Ljava/lang/Object;+19
j  org.springframework.aop.framework.CglibAopProxy$CglibMethodInvocation.invokeJoinpoint()Ljava/lang/Object;+19
j  org.springframework.aop.framework.ReflectiveMethodInvocation.proceed()Ljava/lang/Object;+19
j  org.springframework.aop.framework.adapter.MethodBeforeAdviceInterceptor.invoke(Lorg/aopalliance/intercept/MethodInvocation;)Ljava/lang/Object;+28
j  org.springframework.aop.framework.ReflectiveMethodInvocation.proceed()Ljava/lang/Object;+85
j  org.springframework.aop.aspectj.AspectJAfterThrowingAdvice.invoke(Lorg/aopalliance/intercept/MethodInvocation;)Ljava/lang/Object;+1
j  org.springframework.aop.framework.ReflectiveMethodInvocation.proceed()Ljava/lang/Object;+85
j  org.springframework.aop.interceptor.ExposeInvocationInterceptor.invoke(Lorg/aopalliance/intercept/MethodInvocation;)Ljava/lang/Object;+18
j  org.springframework.aop.framework.ReflectiveMethodInvocation.proceed()Ljava/lang/Object;+101
j  org.springframework.aop.framework.CglibAopProxy$DynamicAdvisedInterceptor.intercept(Ljava/lang/Object;Ljava/lang/reflect/Method;[Ljava/lang/Object;Lorg/springframework/cglib/proxy/MethodProxy;)Ljava/lang/Object;+133
j  com.dongtech.bs.controller.PartyContrller$$EnhancerBySpringCGLIB$$610a97a7.topartMain(Ljavax/servlet/http/HttpServletRequest;)Ljava/lang/String;+36
v  ~StubRoutines::call_stub
J 1950  sun.reflect.NativeMethodAccessorImpl.invoke0(Ljava/lang/reflect/Method;Ljava/lang/Object;[Ljava/lang/Object;)Ljava/lang/Object; (0 bytes) @ 0x0000000002ce993f [0x0000000002ce98c0+0x7f]
J 1949 C1 sun.reflect.NativeMethodAccessorImpl.invoke(Ljava/lang/Object;[Ljava/lang/Object;)Ljava/lang/Object; (104 bytes) @ 0x0000000002ce8fdc [0x0000000002ce8be0+0x3fc]
J 1242 C1 sun.reflect.DelegatingMethodAccessorImpl.invoke(Ljava/lang/Object;[Ljava/lang/Object;)Ljava/lang/Object; (10 bytes) @ 0x0000000002b70ec4 [0x0000000002b70e60+0x64]
J 1243 C1 java.lang.reflect.Method.invoke(Ljava/lang/Object;[Ljava/lang/Object;)Ljava/lang/Object; (62 bytes) @ 0x0000000002b7131c [0x0000000002b711e0+0x13c]
j  org.springframework.web.method.support.InvocableHandlerMethod.doInvoke([Ljava/lang/Object;)Ljava/lang/Object;+16
j  org.springframework.web.method.support.InvocableHandlerMethod.invokeForRequest(Lorg/springframework/web/context/request/NativeWebRequest;Lorg/springframework/web/method/support/ModelAndViewContainer;[Ljava/lang/Object;)Ljava/lang/Object;+75
j  org.springframework.web.servlet.mvc.method.annotation.ServletInvocableHandlerMethod.invokeAndHandle(Lorg/springframework/web/context/request/ServletWebRequest;Lorg/springframework/web/method/support/ModelAndViewContainer;[Ljava/lang/Object;)V+4
j  org.springframework.web.servlet.mvc.method.annotation.RequestMappingHandlerAdapter.invokeHandlerMethod(Ljavax/servlet/http/HttpServletRequest;Ljavax/servlet/http/HttpServletResponse;Lorg/springframework/web/method/HandlerMethod;)Lorg/springframework/web/servlet/ModelAndView;+276
j  org.springframework.web.servlet.mvc.method.annotation.RequestMappingHandlerAdapter.handleInternal(Ljavax/servlet/http/HttpServletRequest;Ljavax/servlet/http/HttpServletResponse;Lorg/springframework/web/method/HandlerMethod;)Lorg/springframework/web/servlet/ModelAndView;+81
j  org.springframework.web.servlet.mvc.method.AbstractHandlerMethodAdapter.handle(Ljavax/servlet/http/HttpServletRequest;Ljavax/servlet/http/HttpServletResponse;Ljava/lang/Object;)Lorg/springframework/web/servlet/ModelAndView;+7
j  org.springframework.web.servlet.DispatcherServlet.doDispatch(Ljavax/servlet/http/HttpServletRequest;Ljavax/servlet/http/HttpServletResponse;)V+310
j  org.springframework.web.servlet.DispatcherServlet.doService(Ljavax/servlet/http/HttpServletRequest;Ljavax/servlet/http/HttpServletResponse;)V+308
j  org.springframework.web.servlet.FrameworkServlet.processRequest(Ljavax/servlet/http/HttpServletRequest;Ljavax/servlet/http/HttpServletResponse;)V+71
j  org.springframework.web.servlet.FrameworkServlet.doGet(Ljavax/servlet/http/HttpServletRequest;Ljavax/servlet/http/HttpServletResponse;)V+3
j  javax.servlet.http.HttpServlet.service(Ljavax/servlet/http/HttpServletRequest;Ljavax/servlet/http/HttpServletResponse;)V+35
j  org.springframework.web.servlet.FrameworkServlet.service(Ljavax/servlet/http/HttpServletRequest;Ljavax/servlet/http/HttpServletResponse;)V+33
j  javax.servlet.http.HttpServlet.service(Ljavax/servlet/ServletRequest;Ljavax/servlet/ServletResponse;)V+30
j  org.apache.catalina.core.ApplicationFilterChain.internalDoFilter(Ljavax/servlet/ServletRequest;Ljavax/servlet/ServletResponse;)V+304
j  org.apache.catalina.core.ApplicationFilterChain.doFilter(Ljavax/servlet/ServletRequest;Ljavax/servlet/ServletResponse;)V+101
j  org.apache.tomcat.websocket.server.WsFilter.doFilter(Ljavax/servlet/ServletRequest;Ljavax/servlet/ServletResponse;Ljavax/servlet/FilterChain;)V+21
j  org.apache.catalina.core.ApplicationFilterChain.internalDoFilter(Ljavax/servlet/ServletRequest;Ljavax/servlet/ServletResponse;)V+135
j  org.apache.catalina.core.ApplicationFilterChain.doFilter(Ljavax/servlet/ServletRequest;Ljavax/servlet/ServletResponse;)V+101
j  org.springframework.web.filter.RequestContextFilter.doFilterInternal(Ljavax/servlet/http/HttpServletRequest;Ljavax/servlet/http/HttpServletResponse;Ljavax/servlet/FilterChain;)V+21
j  org.springframework.web.filter.OncePerRequestFilter.doFilter(Ljavax/servlet/ServletRequest;Ljavax/servlet/ServletResponse;Ljavax/servlet/FilterChain;)V+111
j  org.apache.catalina.core.ApplicationFilterChain.internalDoFilter(Ljavax/servlet/ServletRequest;Ljavax/servlet/ServletResponse;)V+135
j  org.apache.catalina.core.ApplicationFilterChain.doFilter(Ljavax/servlet/ServletRequest;Ljavax/servlet/ServletResponse;)V+101
j  org.springframework.web.filter.HttpPutFormContentFilter.doFilterInternal(Ljavax/servlet/http/HttpServletRequest;Ljavax/servlet/http/HttpServletResponse;Ljavax/servlet/FilterChain;)V+95
j  org.springframework.web.filter.OncePerRequestFilter.doFilter(Ljavax/servlet/ServletRequest;Ljavax/servlet/ServletResponse;Ljavax/servlet/FilterChain;)V+111
j  org.apache.catalina.core.ApplicationFilterChain.internalDoFilter(Ljavax/servlet/ServletRequest;Ljavax/servlet/ServletResponse;)V+135
j  org.apache.catalina.core.ApplicationFilterChain.doFilter(Ljavax/servlet/ServletRequest;Ljavax/servlet/ServletResponse;)V+101
j  org.springframework.web.filter.HiddenHttpMethodFilter.doFilterInternal(Ljavax/servlet/http/HttpServletRequest;Ljavax/servlet/http/HttpServletResponse;Ljavax/servlet/FilterChain;)V+87
j  org.springframework.web.filter.OncePerRequestFilter.doFilter(Ljavax/servlet/ServletRequest;Ljavax/servlet/ServletResponse;Ljavax/servlet/FilterChain;)V+111
j  org.apache.catalina.core.ApplicationFilterChain.internalDoFilter(Ljavax/servlet/ServletRequest;Ljavax/servlet/ServletResponse;)V+135
j  org.apache.catalina.core.ApplicationFilterChain.doFilter(Ljavax/servlet/ServletRequest;Ljavax/servlet/ServletResponse;)V+101
j  org.springframework.web.filter.CharacterEncodingFilter.doFilterInternal(Ljavax/servlet/http/HttpServletRequest;Ljavax/servlet/http/HttpServletResponse;Ljavax/servlet/FilterChain;)V+53
j  org.springframework.web.filter.OncePerRequestFilter.doFilter(Ljavax/servlet/ServletRequest;Ljavax/servlet/ServletResponse;Ljavax/servlet/FilterChain;)V+111
j  org.apache.catalina.core.ApplicationFilterChain.internalDoFilter(Ljavax/servlet/ServletRequest;Ljavax/servlet/ServletResponse;)V+135
j  org.apache.catalina.core.ApplicationFilterChain.doFilter(Ljavax/servlet/ServletRequest;Ljavax/servlet/ServletResponse;)V+101
j  org.apache.catalina.core.StandardWrapperValve.invoke(Lorg/apache/catalina/connector/Request;Lorg/apache/catalina/connector/Response;)V+688
j  org.apache.catalina.core.StandardContextValve.invoke(Lorg/apache/catalina/connector/Request;Lorg/apache/catalina/connector/Response;)V+166
j  org.apache.catalina.authenticator.AuthenticatorBase.invoke(Lorg/apache/catalina/connector/Request;Lorg/apache/catalina/connector/Response;)V+260
j  org.apache.catalina.core.StandardHostValve.invoke(Lorg/apache/catalina/connector/Request;Lorg/apache/catalina/connector/Response;)V+138
j  org.apache.catalina.valves.ErrorReportValve.invoke(Lorg/apache/catalina/connector/Request;Lorg/apache/catalina/connector/Response;)V+6
j  org.apache.catalina.core.StandardEngineValve.invoke(Lorg/apache/catalina/connector/Request;Lorg/apache/catalina/connector/Response;)V+71
j  org.apache.catalina.connector.CoyoteAdapter.service(Lorg/apache/coyote/Request;Lorg/apache/coyote/Response;)V+199
j  org.apache.coyote.http11.Http11Processor.service(Lorg/apache/tomcat/util/net/SocketWrapperBase;)Lorg/apache/tomcat/util/net/AbstractEndpoint$Handler$SocketState;+806
j  org.apache.coyote.AbstractProcessorLight.process(Lorg/apache/tomcat/util/net/SocketWrapperBase;Lorg/apache/tomcat/util/net/SocketEvent;)Lorg/apache/tomcat/util/net/AbstractEndpoint$Handler$SocketState;+113
j  org.apache.coyote.AbstractProtocol$ConnectionHandler.process(Lorg/apache/tomcat/util/net/SocketWrapperBase;Lorg/apache/tomcat/util/net/SocketEvent;)Lorg/apache/tomcat/util/net/AbstractEndpoint$Handler$SocketState;+414
j  org.apache.tomcat.util.net.NioEndpoint$SocketProcessor.doRun()V+191
j  org.apache.tomcat.util.net.SocketProcessorBase.run()V+21
j  java.util.concurrent.ThreadPoolExecutor.runWorker(Ljava/util/concurrent/ThreadPoolExecutor$Worker;)V+95
j  java.util.concurrent.ThreadPoolExecutor$Worker.run()V+5
j  org.apache.tomcat.util.threads.TaskThread$WrappingRunnable.run()V+4
j  java.lang.Thread.run()V+11
v  ~StubRoutines::call_stub

---------------  P R O C E S S  ---------------

Java Threads: ( => current thread )
  0x0000000026056800 JavaThread "Abandoned connection cleanup thread" daemon [_thread_blocked, id=18096, stack(0x0000000029930000,0x0000000029a30000)]
  0x0000000026055800 JavaThread "RMI TCP Connection(idle)" daemon [_thread_blocked, id=40332, stack(0x00000000296c0000,0x00000000297c0000)]
  0x0000000026055000 JavaThread "RMI TCP Connection(idle)" daemon [_thread_blocked, id=42732, stack(0x00000000295c0000,0x00000000296c0000)]
  0x0000000026054000 JavaThread "DestroyJavaVM" [_thread_blocked, id=29664, stack(0x0000000002760000,0x0000000002860000)]
  0x0000000026053800 JavaThread "http-nio-8081-AsyncTimeout" daemon [_thread_blocked, id=29624, stack(0x00000000294b0000,0x00000000295b0000)]
  0x0000000026052800 JavaThread "http-nio-8081-Acceptor-0" daemon [_thread_in_native, id=42456, stack(0x00000000293a0000,0x00000000294a0000)]
  0x0000000026052000 JavaThread "http-nio-8081-ClientPoller-1" daemon [_thread_in_native, id=42196, stack(0x00000000291c0000,0x00000000292c0000)]
  0x0000000026051000 JavaThread "http-nio-8081-ClientPoller-0" daemon [_thread_in_native, id=43692, stack(0x0000000029040000,0x0000000029140000)]
  0x0000000026050000 JavaThread "http-nio-8081-exec-10" daemon [_thread_blocked, id=29796, stack(0x0000000028ab0000,0x0000000028bb0000)]
  0x0000000026115800 JavaThread "http-nio-8081-exec-9" daemon [_thread_blocked, id=25244, stack(0x0000000028d50000,0x0000000028e50000)]
=>0x0000000026115000 JavaThread "http-nio-8081-exec-8" daemon [_thread_in_native, id=25304, stack(0x0000000028be0000,0x0000000028ce0000)]
  0x0000000026114000 JavaThread "http-nio-8081-exec-7" daemon [_thread_blocked, id=42640, stack(0x0000000028920000,0x0000000028a20000)]
  0x0000000026113800 JavaThread "http-nio-8081-exec-6" daemon [_thread_blocked, id=42892, stack(0x0000000028780000,0x0000000028880000)]
  0x0000000026112800 JavaThread "http-nio-8081-exec-5" daemon [_thread_blocked, id=16856, stack(0x0000000028640000,0x0000000028740000)]
  0x0000000026112000 JavaThread "http-nio-8081-exec-4" daemon [_thread_blocked, id=14920, stack(0x0000000027dc0000,0x0000000027ec0000)]
  0x0000000026111000 JavaThread "http-nio-8081-exec-3" daemon [_thread_in_native, id=31276, stack(0x000000001de60000,0x000000001df60000)]
  0x0000000026110800 JavaThread "http-nio-8081-exec-2" daemon [_thread_blocked, id=43824, stack(0x00000000284d0000,0x00000000285d0000)]
  0x000000002610f800 JavaThread "http-nio-8081-exec-1" daemon [_thread_blocked, id=42968, stack(0x0000000028330000,0x0000000028430000)]
  0x000000002610f000 JavaThread "NioBlockingSelector.BlockPoller-1" daemon [_thread_in_native, id=40264, stack(0x0000000027140000,0x0000000027240000)]
  0x000000001c367800 JavaThread "Live Reload Server" daemon [_thread_in_native, id=31308, stack(0x0000000027f40000,0x0000000028040000)]
  0x000000001c367000 JavaThread "File Watcher" daemon [_thread_blocked, id=16708, stack(0x0000000027c80000,0x0000000027d80000)]
  0x000000001c365800 JavaThread "RMI TCP Connection(6)-192.168.101.108" daemon [_thread_in_native, id=13440, stack(0x00000000278e0000,0x00000000279e0000)]
  0x000000001c364000 JavaThread "container-0" [_thread_blocked, id=43116, stack(0x00000000273b0000,0x00000000274b0000)]
  0x000000001c363000 JavaThread "ContainerBackgroundProcessor[StandardEngine[Tomcat]]" daemon [_thread_blocked, id=43096, stack(0x00000000272b0000,0x00000000273b0000)]
  0x000000001c31e800 JavaThread "RMI Scheduler(0)" daemon [_thread_blocked, id=16064, stack(0x0000000020070000,0x0000000020170000)]
  0x000000001c312000 JavaThread "RMI TCP Connection(idle)" daemon [_thread_blocked, id=42636, stack(0x000000001ff70000,0x0000000020070000)]
  0x000000001c2c5800 JavaThread "AWT-EventQueue-0" [_thread_blocked, id=43272, stack(0x000000001f980000,0x000000001fa80000)]
  0x000000001c24e000 JavaThread "AWT-Windows" daemon [_thread_in_native, id=42352, stack(0x000000001d720000,0x000000001d820000)]
  0x000000001c24c800 JavaThread "AWT-Shutdown" [_thread_blocked, id=42864, stack(0x000000001cc20000,0x000000001cd20000)]
  0x000000001c249000 JavaThread "Java2D Disposer" daemon [_thread_blocked, id=32720, stack(0x000000001d3f0000,0x000000001d4f0000)]
  0x000000001c1ce800 JavaThread "RMI TCP Accept-0" daemon [_thread_in_native, id=43292, stack(0x000000001ced0000,0x000000001cfd0000)]
  0x000000001bebe000 JavaThread "Service Thread" daemon [_thread_blocked, id=43248, stack(0x000000001c5c0000,0x000000001c6c0000)]
  0x000000001bea3800 JavaThread "C1 CompilerThread2" daemon [_thread_blocked, id=14520, stack(0x000000001c930000,0x000000001ca30000)]
  0x000000001be9f000 JavaThread "C2 CompilerThread1" daemon [_thread_blocked, id=41772, stack(0x000000001c730000,0x000000001c830000)]
  0x000000001be53000 JavaThread "C2 CompilerThread0" daemon [_thread_blocked, id=16356, stack(0x000000001b890000,0x000000001b990000)]
  0x000000001b07f000 JavaThread "JDWP Command Reader" daemon [_thread_in_native, id=31344, stack(0x000000001bc90000,0x000000001bd90000)]
  0x000000001b079800 JavaThread "JDWP Event Helper Thread" daemon [_thread_blocked, id=35648, stack(0x000000001b600000,0x000000001b700000)]
  0x000000001b071000 JavaThread "JDWP Transport Listener: dt_socket" daemon [_thread_blocked, id=13456, stack(0x000000001bac0000,0x000000001bbc0000)]
  0x000000001b066000 JavaThread "Attach Listener" daemon [_thread_blocked, id=16896, stack(0x000000001b770000,0x000000001b870000)]
  0x000000001b053800 JavaThread "Signal Dispatcher" daemon [_thread_blocked, id=16620, stack(0x000000001b4f0000,0x000000001b5f0000)]
  0x0000000019b60800 JavaThread "Finalizer" daemon [_thread_blocked, id=25240, stack(0x000000001ae40000,0x000000001af40000)]
  0x0000000019b19000 JavaThread "Reference Handler" daemon [_thread_blocked, id=43804, stack(0x000000001af40000,0x000000001b040000)]

Other Threads:
  0x0000000019b11000 VMThread [stack: 0x000000001ac70000,0x000000001ad70000] [id=43308]
  0x000000001c1df800 WatcherThread [stack: 0x000000001d0c0000,0x000000001d1c0000] [id=43796]

VM state:not at safepoint (normal execution)

VM Mutex/Monitor currently owned by a thread: None

Heap:
 PSYoungGen      total 296960K, used 248787K [0x0000000780800000, 0x0000000793d80000, 0x00000007c0000000)
  eden space 280064K, 83% used [0x0000000780800000,0x000000078eb368b0,0x0000000791980000)
  from space 16896K, 95% used [0x0000000792c00000,0x0000000793bbe730,0x0000000793c80000)
  to   space 18432K, 0% used [0x0000000791980000,0x0000000791980000,0x0000000792b80000)
 ParOldGen       total 124416K, used 26152K [0x0000000701800000, 0x0000000709180000, 0x0000000780800000)
  object space 124416K, 21% used [0x0000000701800000,0x000000070318a310,0x0000000709180000)
 Metaspace       used 55783K, capacity 58268K, committed 58496K, reserved 1099776K
  class space    used 7095K, capacity 7540K, committed 7552K, reserved 1048576K

Card table byte_map: [0x0000000011c20000,0x0000000012220000] byte_map_base: 0x000000000e414000

Marking Bits: (ParMarkBitMap*) 0x000000007260b6d0
 Begin Bits: [0x0000000012c40000, 0x0000000015be0000)
 End Bits:   [0x0000000015be0000, 0x0000000018b80000)

Polling page: 0x0000000000130000

CodeCache: size=245760Kb used=14540Kb max_used=14563Kb free=231220Kb
 bounds [0x0000000002860000, 0x00000000036a0000, 0x0000000011860000]
 total_blobs=7616 nmethods=6950 adapters=585
 compilation: enabled

Compilation events (10 events):
Event: 38.307 Thread 0x000000001bea3800 7034   !   1       java.io.BufferedWriter::flushBuffer (53 bytes)
Event: 38.307 Thread 0x000000001bea3800 nmethod 7034 0x0000000002d348d0 code [0x0000000002d34a60, 0x0000000002d34eb8]
Event: 38.308 Thread 0x000000001bea3800 7035       1       sun.nio.cs.StreamEncoder::implFlushBuffer (15 bytes)
Event: 38.308 Thread 0x000000001bea3800 nmethod 7035 0x0000000002bf16d0 code [0x0000000002bf1820, 0x0000000002bf1968]
Event: 38.309 Thread 0x000000001bea3800 7036       1       java.io.OutputStreamWriter::write (11 bytes)
Event: 38.309 Thread 0x000000001bea3800 nmethod 7036 0x0000000002ae8990 code [0x0000000002ae8ae0, 0x0000000002ae8c48]
Event: 38.313 Thread 0x000000001bea3800 7037       1       java.io.File::<init> (20 bytes)
Event: 38.314 Thread 0x000000001bea3800 nmethod 7037 0x0000000002e92850 code [0x0000000002e929a0, 0x0000000002e92af0]
Event: 38.314 Thread 0x000000001bea3800 7038       1       java.util.Properties::getProperty (16 bytes)
Event: 38.314 Thread 0x000000001bea3800 nmethod 7038 0x0000000002f7f410 code [0x0000000002f7f560, 0x0000000002f7f6c8]

GC Heap History (10 events):
Event: 8.111 GC heap before
{Heap before GC invocations=8 (full 1):
 PSYoungGen      total 142336K, used 29706K [0x0000000780800000, 0x000000078a100000, 0x00000007c0000000)
  eden space 132096K, 14% used [0x0000000780800000,0x0000000781b03fc0,0x0000000788900000)
  from space 10240K, 99% used [0x0000000789700000,0x000000078a0fea40,0x000000078a100000)
  to   space 12288K, 0% used [0x0000000788900000,0x0000000788900000,0x0000000789500000)
 ParOldGen       total 87040K, used 11275K [0x0000000701800000, 0x0000000706d00000, 0x0000000780800000)
  object space 87040K, 12% used [0x0000000701800000,0x0000000702302df0,0x0000000706d00000)
 Metaspace       used 34207K, capacity 35296K, committed 35416K, reserved 1079296K
  class space    used 4527K, capacity 4785K, committed 4864K, reserved 1048576K
Event: 8.126 GC heap after
Heap after GC invocations=8 (full 1):
 PSYoungGen      total 144384K, used 10432K [0x0000000780800000, 0x000000078f500000, 0x00000007c0000000)
  eden space 132096K, 0% used [0x0000000780800000,0x0000000780800000,0x0000000788900000)
  from space 12288K, 84% used [0x0000000788900000,0x0000000789330038,0x0000000789500000)
  to   space 12800K, 0% used [0x000000078e880000,0x000000078e880000,0x000000078f500000)
 ParOldGen       total 87040K, used 11283K [0x0000000701800000, 0x0000000706d00000, 0x0000000780800000)
  object space 87040K, 12% used [0x0000000701800000,0x0000000702304df0,0x0000000706d00000)
 Metaspace       used 34207K, capacity 35296K, committed 35416K, reserved 1079296K
  class space    used 4527K, capacity 4785K, committed 4864K, reserved 1048576K
}
Event: 8.126 GC heap before
{Heap before GC invocations=9 (full 2):
 PSYoungGen      total 144384K, used 10432K [0x0000000780800000, 0x000000078f500000, 0x00000007c0000000)
  eden space 132096K, 0% used [0x0000000780800000,0x0000000780800000,0x0000000788900000)
  from space 12288K, 84% used [0x0000000788900000,0x0000000789330038,0x0000000789500000)
  to   space 12800K, 0% used [0x000000078e880000,0x000000078e880000,0x000000078f500000)
 ParOldGen       total 87040K, used 11283K [0x0000000701800000, 0x0000000706d00000, 0x0000000780800000)
  object space 87040K, 12% used [0x0000000701800000,0x0000000702304df0,0x0000000706d00000)
 Metaspace       used 34207K, capacity 35296K, committed 35416K, reserved 1079296K
  class space    used 4527K, capacity 4785K, committed 4864K, reserved 1048576K
Event: 8.219 GC heap after
Heap after GC invocations=9 (full 2):
 PSYoungGen      total 144384K, used 0K [0x0000000780800000, 0x000000078f500000, 0x00000007c0000000)
  eden space 132096K, 0% used [0x0000000780800000,0x0000000780800000,0x0000000788900000)
  from space 12288K, 0% used [0x0000000788900000,0x0000000788900000,0x0000000789500000)
  to   space 12800K, 0% used [0x000000078e880000,0x000000078e880000,0x000000078f500000)
 ParOldGen       total 124416K, used 15454K [0x0000000701800000, 0x0000000709180000, 0x0000000780800000)
  object space 124416K, 12% used [0x0000000701800000,0x00000007027179a0,0x0000000709180000)
 Metaspace       used 34207K, capacity 35296K, committed 35416K, reserved 1079296K
  class space    used 4527K, capacity 4785K, committed 4864K, reserved 1048576K
}
Event: 10.793 GC heap before
{Heap before GC invocations=10 (full 2):
 PSYoungGen      total 144384K, used 132096K [0x0000000780800000, 0x000000078f500000, 0x00000007c0000000)
  eden space 132096K, 100% used [0x0000000780800000,0x0000000788900000,0x0000000788900000)
  from space 12288K, 0% used [0x0000000788900000,0x0000000788900000,0x0000000789500000)
  to   space 12800K, 0% used [0x000000078e880000,0x000000078e880000,0x000000078f500000)
 ParOldGen       total 124416K, used 15454K [0x0000000701800000, 0x0000000709180000, 0x0000000780800000)
  object space 124416K, 12% used [0x0000000701800000,0x00000007027179a0,0x0000000709180000)
 Metaspace       used 39087K, capacity 40656K, committed 40832K, reserved 1085440K
  class space    used 5149K, capacity 5477K, committed 5504K, reserved 1048576K
Event: 10.811 GC heap after
Heap after GC invocations=10 (full 2):
 PSYoungGen      total 223744K, used 11272K [0x0000000780800000, 0x000000078f400000, 0x00000007c0000000)
  eden space 211968K, 0% used [0x0000000780800000,0x0000000780800000,0x000000078d700000)
  from space 11776K, 95% used [0x000000078e880000,0x000000078f3822e8,0x000000078f400000)
  to   space 13312K, 0% used [0x000000078da00000,0x000000078da00000,0x000000078e700000)
 ParOldGen       total 124416K, used 15462K [0x0000000701800000, 0x0000000709180000, 0x0000000780800000)
  object space 124416K, 12% used [0x0000000701800000,0x00000007027199a0,0x0000000709180000)
 Metaspace       used 39087K, capacity 40656K, committed 40832K, reserved 1085440K
  class space    used 5149K, capacity 5477K, committed 5504K, reserved 1048576K
}
Event: 13.881 GC heap before
{Heap before GC invocations=11 (full 2):
 PSYoungGen      total 223744K, used 223240K [0x0000000780800000, 0x000000078f400000, 0x00000007c0000000)
  eden space 211968K, 100% used [0x0000000780800000,0x000000078d700000,0x000000078d700000)
  from space 11776K, 95% used [0x000000078e880000,0x000000078f3822e8,0x000000078f400000)
  to   space 13312K, 0% used [0x000000078da00000,0x000000078da00000,0x000000078e700000)
 ParOldGen       total 124416K, used 15462K [0x0000000701800000, 0x0000000709180000, 0x0000000780800000)
  object space 124416K, 12% used [0x0000000701800000,0x00000007027199a0,0x0000000709180000)
 Metaspace       used 42941K, capacity 44678K, committed 44928K, reserved 1087488K
  class space    used 5622K, capacity 5994K, committed 6016K, reserved 1048576K
Event: 13.903 GC heap after
Heap after GC invocations=11 (full 2):
 PSYoungGen      total 228352K, used 13307K [0x0000000780800000, 0x0000000793c80000, 0x00000007c0000000)
  eden space 215040K, 0% used [0x0000000780800000,0x0000000780800000,0x000000078da00000)
  from space 13312K, 99% used [0x000000078da00000,0x000000078e6fee28,0x000000078e700000)
  to   space 16896K, 0% used [0x0000000792c00000,0x0000000792c00000,0x0000000793c80000)
 ParOldGen       total 124416K, used 20065K [0x0000000701800000, 0x0000000709180000, 0x0000000780800000)
  object space 124416K, 16% used [0x0000000701800000,0x0000000702b98580,0x0000000709180000)
 Metaspace       used 42941K, capacity 44678K, committed 44928K, reserved 1087488K
  class space    used 5622K, capacity 5994K, committed 6016K, reserved 1048576K
}
Event: 16.876 GC heap before
{Heap before GC invocations=12 (full 2):
 PSYoungGen      total 228352K, used 228347K [0x0000000780800000, 0x0000000793c80000, 0x00000007c0000000)
  eden space 215040K, 100% used [0x0000000780800000,0x000000078da00000,0x000000078da00000)
  from space 13312K, 99% used [0x000000078da00000,0x000000078e6fee28,0x000000078e700000)
  to   space 16896K, 0% used [0x0000000792c00000,0x0000000792c00000,0x0000000793c80000)
 ParOldGen       total 124416K, used 20065K [0x0000000701800000, 0x0000000709180000, 0x0000000780800000)
  object space 124416K, 16% used [0x0000000701800000,0x0000000702b98580,0x0000000709180000)
 Metaspace       used 47052K, capacity 49190K, committed 49408K, reserved 1091584K
  class space    used 6245K, capacity 6642K, committed 6656K, reserved 1048576K
Event: 16.903 GC heap after
Heap after GC invocations=12 (full 2):
 PSYoungGen      total 296960K, used 16121K [0x0000000780800000, 0x0000000793d80000, 0x00000007c0000000)
  eden space 280064K, 0% used [0x0000000780800000,0x0000000780800000,0x0000000791980000)
  from space 16896K, 95% used [0x0000000792c00000,0x0000000793bbe730,0x0000000793c80000)
  to   space 18432K, 0% used [0x0000000791980000,0x0000000791980000,0x0000000792b80000)
 ParOldGen       total 124416K, used 26152K [0x0000000701800000, 0x0000000709180000, 0x0000000780800000)
  object space 124416K, 21% used [0x0000000701800000,0x000000070318a310,0x0000000709180000)
 Metaspace       used 47052K, capacity 49190K, committed 49408K, reserved 1091584K
  class space    used 6245K, capacity 6642K, committed 6656K, reserved 1048576K
}

Deoptimization events (0 events):
No events

Internal exceptions (10 events):
Event: 36.876 Thread 0x0000000026115000 Exception <a 'java/security/PrivilegedActionException'> (0x000000078cfc9fe8) thrown at [C:\re\workspace\8-2-build-windows-amd64-cygwin\jdk8u121\8372\hotspot\src\share\vm\prims\jvm.cpp, line 1390]
Event: 36.876 Thread 0x0000000026115000 Exception <a 'java/security/PrivilegedActionException'> (0x000000078cfca5c8) thrown at [C:\re\workspace\8-2-build-windows-amd64-cygwin\jdk8u121\8372\hotspot\src\share\vm\prims\jvm.cpp, line 1390]
Event: 36.885 Thread 0x0000000026115000 Exception <a 'java/security/PrivilegedActionException'> (0x000000078d0569a8) thrown at [C:\re\workspace\8-2-build-windows-amd64-cygwin\jdk8u121\8372\hotspot\src\share\vm\prims\jvm.cpp, line 1390]
Event: 36.885 Thread 0x0000000026115000 Exception <a 'java/security/PrivilegedActionException'> (0x000000078d057170) thrown at [C:\re\workspace\8-2-build-windows-amd64-cygwin\jdk8u121\8372\hotspot\src\share\vm\prims\jvm.cpp, line 1390]
Event: 36.886 Thread 0x0000000026115000 Exception <a 'java/security/PrivilegedActionException'> (0x000000078d0617b0) thrown at [C:\re\workspace\8-2-build-windows-amd64-cygwin\jdk8u121\8372\hotspot\src\share\vm\prims\jvm.cpp, line 1390]
Event: 36.886 Thread 0x0000000026115000 Exception <a 'java/security/PrivilegedActionException'> (0x000000078d061f78) thrown at [C:\re\workspace\8-2-build-windows-amd64-cygwin\jdk8u121\8372\hotspot\src\share\vm\prims\jvm.cpp, line 1390]
Event: 36.918 Thread 0x0000000026115000 Exception <a 'java/security/PrivilegedActionException'> (0x000000078d27ed78) thrown at [C:\re\workspace\8-2-build-windows-amd64-cygwin\jdk8u121\8372\hotspot\src\share\vm\prims\jvm.cpp, line 1390]
Event: 36.918 Thread 0x0000000026115000 Exception <a 'java/security/PrivilegedActionException'> (0x000000078d27f540) thrown at [C:\re\workspace\8-2-build-windows-amd64-cygwin\jdk8u121\8372\hotspot\src\share\vm\prims\jvm.cpp, line 1390]
Event: 36.919 Thread 0x0000000026115000 Exception <a 'java/security/PrivilegedActionException'> (0x000000078d2899e0) thrown at [C:\re\workspace\8-2-build-windows-amd64-cygwin\jdk8u121\8372\hotspot\src\share\vm\prims\jvm.cpp, line 1390]
Event: 36.919 Thread 0x0000000026115000 Exception <a 'java/security/PrivilegedActionException'> (0x000000078d28a1a8) thrown at [C:\re\workspace\8-2-build-windows-amd64-cygwin\jdk8u121\8372\hotspot\src\share\vm\prims\jvm.cpp, line 1390]

Events (10 events):
Event: 38.315 Thread 0x000000001bea3800 flushing nmethod 0x0000000003252410
Event: 38.315 Thread 0x000000001bea3800 flushing nmethod 0x0000000003253510
Event: 38.315 Thread 0x000000001bea3800 flushing nmethod 0x0000000003278c10
Event: 38.315 Thread 0x000000001bea3800 flushing nmethod 0x00000000032c0e90
Event: 38.317 Executing VM operation: RevokeBias
Event: 38.317 Executing VM operation: RevokeBias done
Event: 38.317 Executing VM operation: RevokeBias
Event: 38.318 Executing VM operation: RevokeBias done
Event: 38.318 Executing VM operation: RevokeBias
Event: 38.318 Executing VM operation: RevokeBias done


Dynamic libraries:
0x000000013f180000 - 0x000000013f1b7000 	C:\Program Files\Java\jdk1.8.0_121\bin\java.exe
0x00000000775e0000 - 0x000000007777f000 	C:\Windows\SYSTEM32\ntdll.dll
0x00000000773c0000 - 0x00000000774df000 	C:\Windows\system32\kernel32.dll
0x000007fefdd90000 - 0x000007fefddfa000 	C:\Windows\system32\KERNELBASE.dll
0x000007fefde00000 - 0x000007fefdedb000 	C:\Windows\system32\ADVAPI32.dll
0x000007feff060000 - 0x000007feff0ff000 	C:\Windows\system32\msvcrt.dll
0x000007feff680000 - 0x000007feff69f000 	C:\Windows\SYSTEM32\sechost.dll
0x000007feff7a0000 - 0x000007feff8cc000 	C:\Windows\system32\RPCRT4.dll
0x00000000774e0000 - 0x00000000775da000 	C:\Windows\system32\USER32.dll
0x000007feff6a0000 - 0x000007feff707000 	C:\Windows\system32\GDI32.dll
0x000007feff790000 - 0x000007feff79e000 	C:\Windows\system32\LPK.dll
0x000007fefec70000 - 0x000007fefed3b000 	C:\Windows\system32\USP10.dll
0x000007fefc620000 - 0x000007fefc814000 	C:\Windows\WinSxS\amd64_microsoft.windows.common-controls_6595b64144ccf1df_6.0.7601.18837_none_fa3b1e3d17594757\COMCTL32.dll
0x000007feff560000 - 0x000007feff5d1000 	C:\Windows\system32\SHLWAPI.dll
0x000007feff2e0000 - 0x000007feff30e000 	C:\Windows\system32\IMM32.DLL
0x000007fefedf0000 - 0x000007fefeef9000 	C:\Windows\system32\MSCTF.dll
0x0000000068340000 - 0x0000000068412000 	C:\Program Files\Java\jdk1.8.0_121\jre\bin\msvcr100.dll
0x0000000071df0000 - 0x000000007268b000 	C:\Program Files\Java\jdk1.8.0_121\jre\bin\server\jvm.dll
0x000007fef1120000 - 0x000007fef1129000 	C:\Windows\system32\WSOCK32.dll
0x000007feff310000 - 0x000007feff35d000 	C:\Windows\system32\WS2_32.dll
0x000007fefede0000 - 0x000007fefede8000 	C:\Windows\system32\NSI.dll
0x000007fefaf10000 - 0x000007fefaf4b000 	C:\Windows\system32\WINMM.dll
0x000007fefcb90000 - 0x000007fefcb9c000 	C:\Windows\system32\VERSION.dll
0x0000000077780000 - 0x0000000077787000 	C:\Windows\system32\PSAPI.DLL
0x0000000071cd0000 - 0x0000000071cdf000 	C:\Program Files\Java\jdk1.8.0_121\jre\bin\verify.dll
0x0000000071ca0000 - 0x0000000071cc9000 	C:\Program Files\Java\jdk1.8.0_121\jre\bin\java.dll
0x0000000069080000 - 0x00000000690b5000 	C:\Program Files\Java\jdk1.8.0_121\jre\bin\jdwp.dll
0x0000000069070000 - 0x0000000069078000 	C:\Program Files\Java\jdk1.8.0_121\jre\bin\npt.dll
0x0000000068610000 - 0x0000000068633000 	C:\Program Files\Java\jdk1.8.0_121\jre\bin\instrument.dll
0x0000000071c80000 - 0x0000000071c96000 	C:\Program Files\Java\jdk1.8.0_121\jre\bin\zip.dll
0x000007fefdee0000 - 0x000007fefec6a000 	C:\Windows\system32\SHELL32.dll
0x000007feff360000 - 0x000007feff55f000 	C:\Windows\system32\ole32.dll
0x000007fefda30000 - 0x000007fefda3f000 	C:\Windows\system32\profapi.dll
0x0000000069060000 - 0x0000000069069000 	C:\Program Files\Java\jdk1.8.0_121\jre\bin\dt_socket.dll
0x000007fefd210000 - 0x000007fefd265000 	C:\Windows\system32\mswsock.dll
0x000007fefcc60000 - 0x000007fefcc67000 	C:\Windows\System32\wshtcpip.dll
0x0000000073f60000 - 0x0000000073f7a000 	C:\Program Files\Java\jdk1.8.0_121\jre\bin\net.dll
0x000007fefd200000 - 0x000007fefd207000 	C:\Windows\System32\wship6.dll
0x000007fef0c20000 - 0x000007fef0c4f000 	C:\Program Files (x86)\Sangfor\SSL\ClientComponent\SangforNspX64.dll
0x000007fefef00000 - 0x000007fefefdb000 	C:\Windows\system32\OLEAUT32.dll
0x000007fefd090000 - 0x000007fefd0eb000 	C:\Windows\system32\DNSAPI.dll
0x000007fefb8f0000 - 0x000007fefb917000 	C:\Windows\system32\IPHLPAPI.DLL
0x000007fefb8a0000 - 0x000007fefb8ab000 	C:\Windows\system32\WINNSI.DLL
0x000007fef1110000 - 0x000007fef1118000 	C:\Windows\system32\rasadhlp.dll
0x000007fefb7b0000 - 0x000007fefb803000 	C:\Windows\System32\fwpuclnt.dll
0x00000000736c0000 - 0x00000000736cd000 	C:\Program Files\Java\jdk1.8.0_121\jre\bin\management.dll
0x0000000072f40000 - 0x0000000072f51000 	C:\Program Files\Java\jdk1.8.0_121\jre\bin\nio.dll
0x000007fefd270000 - 0x000007fefd288000 	C:\Windows\system32\CRYPTSP.dll
0x000007fefcf70000 - 0x000007fefcfb7000 	C:\Windows\system32\rsaenh.dll
0x000007fefcd80000 - 0x000007fefcd9e000 	C:\Windows\system32\USERENV.dll
0x000007fefd920000 - 0x000007fefd92f000 	C:\Windows\system32\CRYPTBASE.dll
0x000007fefb680000 - 0x000007fefb698000 	C:\Windows\system32\dhcpcsvc.DLL
0x000007fefb6f0000 - 0x000007fefb701000 	C:\Windows\system32\dhcpcsvc6.DLL
0x000007fefba30000 - 0x000007fefba45000 	C:\Windows\system32\NLAapi.dll
0x000007feee660000 - 0x000007feee675000 	C:\Windows\system32\napinsp.dll
0x000007feee640000 - 0x000007feee659000 	C:\Windows\system32\pnrpnsp.dll
0x000007feefa80000 - 0x000007feefa8b000 	C:\Windows\System32\winrnr.dll
0x000007feef990000 - 0x000007feef9a0000 	C:\Windows\system32\wshbth.dll
0x000000006c200000 - 0x000000006c398000 	C:\Program Files\Java\jdk1.8.0_121\jre\bin\awt.dll
0x000007fefcb20000 - 0x000007fefcb38000 	C:\Windows\system32\DWMAPI.DLL
0x000007fedc910000 - 0x000007fedca2d000 	C:\Windows\system32\opengl32.dll
0x000007fedcd10000 - 0x000007fedcd3d000 	C:\Windows\system32\GLU32.dll
0x000007fedc810000 - 0x000007fedc901000 	C:\Windows\system32\DDRAW.dll
0x000007fee0140000 - 0x000007fee0148000 	C:\Windows\system32\DCIMAN32.dll
0x000007feff100000 - 0x000007feff2d7000 	C:\Windows\system32\SETUPAPI.dll
0x000007fefdae0000 - 0x000007fefdb16000 	C:\Windows\system32\CFGMGR32.dll
0x000007fefdc90000 - 0x000007fefdcaa000 	C:\Windows\system32\DEVOBJ.dll
0x000007fefc040000 - 0x000007fefc096000 	C:\Windows\system32\uxtheme.dll
0x000007fefd8c0000 - 0x000007fefd917000 	C:\Windows\system32\apphelp.dll
0x000007feef100000 - 0x000007feef98d000 	C:\Windows\system32\SOGOUPY.IME
0x000007fefa5f0000 - 0x000007fefa5f7000 	C:\Windows\system32\MSIMG32.dll
0x000007fef9840000 - 0x000007fef98b1000 	C:\Windows\system32\WINHTTP.dll
0x000007fef97d0000 - 0x000007fef9835000 	C:\Windows\system32\webio.dll
0x000007fefa8d0000 - 0x000007fefa924000 	C:\Windows\system32\OLEACC.dll
0x000007fefcb10000 - 0x000007fefcb13000 	C:\Windows\system32\api-ms-win-core-synch-l1-2-0.DLL
0x000007fefbc50000 - 0x000007fefbc7d000 	C:\Windows\system32\ntmarta.dll
0x000007feff710000 - 0x000007feff762000 	C:\Windows\system32\WLDAP32.dll
0x000007feee7f0000 - 0x000007feeea59000 	C:\Program Files (x86)\SogouInput\Components\PicFace\1.1.0.1867\PicFace64.dll
0x000007fefed40000 - 0x000007fefedd7000 	C:\Windows\system32\COMDLG32.dll
0x00000000685c0000 - 0x0000000068607000 	C:\Program Files\Java\jdk1.8.0_121\jre\bin\fontmanager.dll
0x00000000682f0000 - 0x0000000068332000 	C:\Program Files\Java\jdk1.8.0_121\jre\bin\t2k.dll
0x000000001fc80000 - 0x000000001fd9d000 	C:\Program Files (x86)\SogouInput\9.6.0.3568\Resource.dll
0x0000000068280000 - 0x00000000682aa000 	C:\Program Files\Java\jdk1.8.0_121\jre\bin\dcpr.dll
0x0000000180000000 - 0x000000018020e000 	D:\tomcat\apache-tomcat-8.5.23\bin\tcnative-1.dll
0x000000001cd20000 - 0x000000001cd55000 	C:\Windows\SysWOW64\Record\ScnRec64.dll
0x000000006d080000 - 0x000000006d175000 	C:\Users\Administrator\AppData\Local\Temp\sqlite-3.21.0.1-0f230c35-a566-44e5-8d48-93e222e62a4c-sqlitejdbc.dll
0x000000001ce70000 - 0x000000001cec4000 	C:\Program Files\Java\jdk1.8.0_121\bin\HASPJava_x64.dll
0x0000000029a30000 - 0x0000000029f90000 	C:\Program Files\Java\jdk1.8.0_121\bin\hasp_windows_x64_99459.dll
0x000007fefcb70000 - 0x000007fefcb81000 	C:\Windows\system32\WTSAPI32.DLL
0x000007fefbc80000 - 0x000007fefbc8b000 	C:\Windows\system32\HID.DLL
0x000007fefd890000 - 0x000007fefd8b5000 	C:\Windows\system32\SspiCli.dll
0x000007feefb60000 - 0x000007feefc85000 	C:\Windows\system32\dbghelp.dll

VM Arguments:
jvm_args: -agentlib:jdwp=transport=dt_socket,address=127.0.0.1:61728,suspend=y,server=n -XX:TieredStopAtLevel=1 -Xverify:none -Dspring.output.ansi.enabled=always -Dcom.sun.management.jmxremote -Dspring.liveBeansView.mbeanDomain -Dspring.application.admin.enabled=true -javaagent:D:\ideaIU-2018.1.1.win\lib\rt\debugger-agent.jar=file:/C:/Users/Administrator/AppData/Local/Temp/capture.props -Dfile.encoding=UTF-8 
java_command: com.dongtech.SpringbootJspApplication
java_class_path (initial): C:\Program Files\Java\jdk1.8.0_121\jre\lib\charsets.jar;C:\Program Files\Java\jdk1.8.0_121\jre\lib\deploy.jar;C:\Program Files\Java\jdk1.8.0_121\jre\lib\ext\access-bridge-64.jar;C:\Program Files\Java\jdk1.8.0_121\jre\lib\ext\cldrdata.jar;C:\Program Files\Java\jdk1.8.0_121\jre\lib\ext\dnsns.jar;C:\Program Files\Java\jdk1.8.0_121\jre\lib\ext\jaccess.jar;C:\Program Files\Java\jdk1.8.0_121\jre\lib\ext\jfxrt.jar;C:\Program Files\Java\jdk1.8.0_121\jre\lib\ext\localedata.jar;C:\Program Files\Java\jdk1.8.0_121\jre\lib\ext\nashorn.jar;C:\Program Files\Java\jdk1.8.0_121\jre\lib\ext\sunec.jar;C:\Program Files\Java\jdk1.8.0_121\jre\lib\ext\sunjce_provider.jar;C:\Program Files\Java\jdk1.8.0_121\jre\lib\ext\sunmscapi.jar;C:\Program Files\Java\jdk1.8.0_121\jre\lib\ext\sunpkcs11.jar;C:\Program Files\Java\jdk1.8.0_121\jre\lib\ext\zipfs.jar;C:\Program Files\Java\jdk1.8.0_121\jre\lib\javaws.jar;C:\Program Files\Java\jdk1.8.0_121\jre\lib\jce.jar;C:\Program Files\Java\jdk1.8.0_121\jre\lib\jfr.jar;C:\Program Files\Java\jdk1.8.0_121\jre\lib\jfxswt.jar;C:\Program Files\Java\jdk1.8.0_121\jre\lib\jsse.jar;C:\Program Files\Java\jdk1.8.0_121\jre\lib\management-agent.jar;C:\Program Files\Java\jdk1.8.0_121\jre\lib\plugin.jar;C:\Program Files\Java\jdk1.8.0_121\jre\lib\resources.jar;C:\Program Files\Java\jdk1.8.0_121\jre\lib\rt.jar;F:\Myeclipse 10\springboot-jsp-master\target\classes;C:\Users\Administrator\.m2\repository\org\springframework\boot\spring-boot-starter-jdbc\2.0.4.RELEASE\spring-boot-starter-jdbc-2.0.4.RELEASE.jar;C:\Users\Administrator\.m2\repository\org\springframework\boot\spring-boot-starter\2.0.4.RELEASE\spring-boot-starter-2.0.4.RELEASE.jar;C:\Users\Administrator\.m2\repository\org\springframework\boot\spring-boot-starter-logging\2.0.4.RELEASE\spring-boot-starter-logging-2.0.4.RELEASE.jar;C:\Users\Administrator\.m2\repository\ch\qos\logback\logback-classic\1.2.3\logback-classic-1.2.3.jar;C:\Users\Administrator\.m2\repository\ch\qos\logback\logback-cor
Launcher Type: SUN_STANDARD

Environment Variables:
JAVA_HOME=C:\Program Files\Java\jdk1.8.0_121
PATH=C:\Program Files (x86)\Common Files\Oracle\Java\javapath;C:\ProgramData\Oracle\Java\javapath;C:\Program Files (x86)\NetSarang\Xshell 6\;C:\Program Files (x86)\NetSarang\Xftp 6\;C:\Windows\system32;C:\Windows;C:\Windows\System32\Wbem;C:\Windows\System32\WindowsPowerShell\v1.0\;C:\Program Files\Git\cmd;C:\Program Files\Java\jdk1.8.0_121\bin;C:\Program Files\Java\jdk1.8.0_121\jre\bin;D:\tomcat\apache-tomcat-8.5.23\lib;D:\tomcat\apache-tomcat-8.5.23\bin;D:\maven\apache-maven-3.6.2-bin\apache-maven-3.6.2\bin;C:\Program Files\TortoiseSVN\bin;D:\neo4j\neo4j-community-3.5.12-windows\neo4j-community-3.5.12\bin;C:\Program Files\Microsoft SQL Server\Client SDK\ODBC\110\Tools\Binn\;C:\Program Files (x86)\Microsoft SQL Server\120\Tools\Binn\;C:\Program Files\Microsoft SQL Server\120\Tools\Binn\;C:\Program Files\Microsoft SQL Server\120\DTS\Binn\;C:\Users\Administrator\AppData\Local\Programs\Python\Python37\Scripts\;C:\Users\Administrator\AppData\Local\Programs\Python\Python37\;C:\Users\Administrator\AppData\Local\Programs\Fiddler
USERNAME=Administrator
OS=Windows_NT
PROCESSOR_IDENTIFIER=Intel64 Family 6 Model 61 Stepping 4, GenuineIntel



---------------  S Y S T E M  ---------------

OS: Windows 7 , 64 bit Build 7601 (6.1.7601.24408)

CPU:total 4 (2 cores per cpu, 2 threads per core) family 6 model 61 stepping 4, cmov, cx8, fxsr, mmx, sse, sse2, sse3, ssse3, sse4.1, sse4.2, popcnt, avx, avx2, aes, clmul, erms, 3dnowpref, lzcnt, ht, tsc, tscinvbit, bmi1, bmi2, adx

Memory: 4k page, physical 12480440k(1482784k free), swap 24958980k(7540796k free)

vm_info: Java HotSpot(TM) 64-Bit Server VM (25.121-b13) for windows-amd64 JRE (1.8.0_121-b13), built on Dec 12 2016 18:21:36 by "java_re" with MS VC++ 10.0 (VS2010)

time: Wed Mar 04 10:00:31 2020
elapsed time: 38 seconds (0d 0h 0m 38s)

