#
# A fatal error has been detected by the Java Runtime Environment:
#
#  EXCEPTION_ACCESS_VIOLATION (0xc0000005) at pc=0x000000007749d196, pid=14012, tid=0x0000000000003d54
#
# JRE version: Java(TM) SE Runtime Environment (8.0_121-b13) (build 1.8.0_121-b13)
# Java VM: Java HotSpot(TM) 64-Bit Server VM (25.121-b13 mixed mode windows-amd64 compressed oops)
# Problematic frame:
# C  [ntdll.dll+0x2d196]
#
# Failed to write core dump. Minidumps are not enabled by default on client versions of Windows
#
# If you would like to submit a bug report, please visit:
#   http://bugreport.java.com/bugreport/crash.jsp
# The crash happened outside the Java Virtual Machine in native code.
# See problematic frame for where to report the bug.
#

---------------  T H R E A D  ---------------

Current thread (0x0000000020a37800):  JavaThread "http-nio-8081-exec-8" daemon [_thread_in_native, id=15700, stack(0x0000000029560000,0x0000000029660000)]

siginfo: ExceptionCode=0xc0000005, reading address 0xffffffffffffffff

Registers:
RAX=0x000000007749d190, RBX=0x00000000004b46c8, RCX=0x726573752820676f, RDX=0x000000002965bf30
RSP=0x000000002965bdf0, RBP=0x000000002965bf00, RSI=0x00000000004b3620, RDI=0x0000000003c35a75
R8 =0x00000000004b46c8, R9 =0x0000000020a3d300, R10=0x00000000028c8a4b, R11=0x000000006d66b820
R12=0x0000000000000000, R13=0x0000000020c3b568, R14=0x000000002965bf30, R15=0x0000000020a37800
RIP=0x000000007749d196, EFLAGS=0x0000000000010206

Top of Stack: (sp=0x000000002965bdf0)
0x000000002965bdf0:   000000002965beb0 000000002965bf00
0x000000002965be00:   000000002965bf00 0000000020a37800
0x000000002965be10:   00000000004b46c8 000000001dcad986
0x000000002965be20:   0000000020a3dbb0 0000000020a37800
0x000000002965be30:   00000007c0005d28 000000002965be28
0x000000002965be40:   000000002641ddd0 000000006d4f7081
0x000000002965be50:   000000002965c478 0000000020c3b568
0x000000002965be60:   00000007c0005d28 00000000028c8a77
0x000000002965be70:   0000000003c35a75 00000000028c8811
0x000000002965be80:   0000000020a37800 0000000020c3b568
0x000000002965be90:   0000000786b4e7c0 0000000786b4e7d8
0x000000002965bea0:   0000000786b4e790 00000000028c87d9
0x000000002965beb0:   0000000000000003 0000000786b4dd10
0x000000002965bec0:   000000002965beb0 0000000020c3b568
0x000000002965bed0:   000000002965bf30 0000000020c41cb8
0x000000002965bee0:   0000000000000000 0000000020c3b568 

Instructions: (pc=0x000000007749d196)
0x000000007749d176:   25 f7 ff ff e9 8f 64 05 00 cc cc cc cc cc cc cc
0x000000007749d186:   cc cc cc cc cc cc cc cc cc cc 40 53 48 83 ec 20
0x000000007749d196:   f0 0f ba 71 08 00 48 8b d9 73 20 65 48 8b 04 25
0x000000007749d1a6:   30 00 00 00 48 8b 48 48 c7 43 0c 01 00 00 00 33 


Register to memory mapping:

RAX=0x000000007749d190 is an unknown value
RBX=0x00000000004b46c8 is an unknown value
RCX=0x726573752820676f is an unknown value
RDX=0x000000002965bf30 is pointing into the stack for thread: 0x0000000020a37800
RSP=0x000000002965bdf0 is pointing into the stack for thread: 0x0000000020a37800
RBP=0x000000002965bf00 is pointing into the stack for thread: 0x0000000020a37800
RSI=0x00000000004b3620 is an unknown value
RDI=0x0000000003c35a75 is an unknown value
R8 =0x00000000004b46c8 is an unknown value
R9 =0x0000000020a3d300 is an unknown value
R10=0x00000000028c8a4b is at code_begin+1227 in an Interpreter codelet
method entry point (kind = native_synchronized)  [0x00000000028c8580, 0x00000000028c9060]  2784 bytes
R11=0x000000006d66b820 is an unknown value
R12=0x0000000000000000 is an unknown value
R13={method} {0x0000000020c3b570} 'reset' '(J)I' in 'org/sqlite/core/NativeDB'
R14=0x000000002965bf30 is pointing into the stack for thread: 0x0000000020a37800
R15=0x0000000020a37800 is a thread


Stack: [0x0000000029560000,0x0000000029660000],  sp=0x000000002965bdf0,  free space=1007k
Native frames: (J=compiled Java code, j=interpreted, Vv=VM code, C=native code)
C  [ntdll.dll+0x2d196]
C  [sqlite-3.8.11.1-95badbba-81fb-4b75-85b8-47019151596f-sqlitejdbc.dll+0x5d986]
C  0x00000000028c8a77

Java frames: (J=compiled Java code, j=interpreted, Vv=VM code)
j  org.sqlite.core.NativeDB.reset(J)I+0
j  org.sqlite.core.CoreResultSet.close()V+81
j  org.sqlite.jdbc3.JDBC3PreparedStatement.executeUpdate()I+25
j  org.apache.commons.dbcp2.DelegatingPreparedStatement.executeUpdate()I+25
j  org.apache.commons.dbcp2.DelegatingPreparedStatement.executeUpdate()I+25
j  com.dongtech.utils.DB.executeUpdate(Ljava/lang/String;)I+26
j  com.dongtech.bs.mapper.SysLogMapper.add(Lcom/dongtech/bs/entity/SyslogEntity;)I+101
j  com.dongtech.bs.service.impl.SysLogServiceImpl.add(Lcom/dongtech/bs/entity/SyslogEntity;)V+5
j  com.dongtech.syslog.SystemLogAspect.doBefore(Lorg/aspectj/lang/JoinPoint;)V+443
v  ~StubRoutines::call_stub
J 1707  sun.reflect.NativeMethodAccessorImpl.invoke0(Ljava/lang/reflect/Method;Ljava/lang/Object;[Ljava/lang/Object;)Ljava/lang/Object; (0 bytes) @ 0x0000000002c5667f [0x0000000002c56600+0x7f]
J 1706 C1 sun.reflect.NativeMethodAccessorImpl.invoke(Ljava/lang/Object;[Ljava/lang/Object;)Ljava/lang/Object; (104 bytes) @ 0x0000000002c56e24 [0x0000000002c56a60+0x3c4]
J 1141 C1 sun.reflect.DelegatingMethodAccessorImpl.invoke(Ljava/lang/Object;[Ljava/lang/Object;)Ljava/lang/Object; (10 bytes) @ 0x0000000002b819e4 [0x0000000002b819a0+0x44]
J 1140 C1 java.lang.reflect.Method.invoke(Ljava/lang/Object;[Ljava/lang/Object;)Ljava/lang/Object; (62 bytes) @ 0x0000000002b815e4 [0x0000000002b814e0+0x104]
j  org.springframework.aop.aspectj.AbstractAspectJAdvice.invokeAdviceMethodWithGivenArgs([Ljava/lang/Object;)Ljava/lang/Object;+35
j  org.springframework.aop.aspectj.AbstractAspectJAdvice.invokeAdviceMethod(Lorg/aspectj/weaver/tools/JoinPointMatch;Ljava/lang/Object;Ljava/lang/Throwable;)Ljava/lang/Object;+12
j  org.springframework.aop.aspectj.AspectJMethodBeforeAdvice.before(Ljava/lang/reflect/Method;[Ljava/lang/Object;Ljava/lang/Object;)V+7
j  org.springframework.aop.framework.adapter.MethodBeforeAdviceInterceptor.invoke(Lorg/aopalliance/intercept/MethodInvocation;)Ljava/lang/Object;+22
j  org.springframework.aop.framework.ReflectiveMethodInvocation.proceed()Ljava/lang/Object;+85
j  org.springframework.aop.aspectj.AspectJAfterThrowingAdvice.invoke(Lorg/aopalliance/intercept/MethodInvocation;)Ljava/lang/Object;+1
j  org.springframework.aop.framework.ReflectiveMethodInvocation.proceed()Ljava/lang/Object;+85
j  org.springframework.aop.interceptor.ExposeInvocationInterceptor.invoke(Lorg/aopalliance/intercept/MethodInvocation;)Ljava/lang/Object;+18
j  org.springframework.aop.framework.ReflectiveMethodInvocation.proceed()Ljava/lang/Object;+101
j  org.springframework.aop.framework.CglibAopProxy$DynamicAdvisedInterceptor.intercept(Ljava/lang/Object;Ljava/lang/reflect/Method;[Ljava/lang/Object;Lorg/springframework/cglib/proxy/MethodProxy;)Ljava/lang/Object;+133
j  com.dongtech.bs.controller.LoginContrller$$EnhancerBySpringCGLIB$$171f4680.login(Ljavax/servlet/http/HttpServletRequest;Ljavax/servlet/http/HttpServletResponse;)Ljava/lang/String;+40
v  ~StubRoutines::call_stub
J 1707  sun.reflect.NativeMethodAccessorImpl.invoke0(Ljava/lang/reflect/Method;Ljava/lang/Object;[Ljava/lang/Object;)Ljava/lang/Object; (0 bytes) @ 0x0000000002c5667f [0x0000000002c56600+0x7f]
J 1706 C1 sun.reflect.NativeMethodAccessorImpl.invoke(Ljava/lang/Object;[Ljava/lang/Object;)Ljava/lang/Object; (104 bytes) @ 0x0000000002c56e24 [0x0000000002c56a60+0x3c4]
J 1141 C1 sun.reflect.DelegatingMethodAccessorImpl.invoke(Ljava/lang/Object;[Ljava/lang/Object;)Ljava/lang/Object; (10 bytes) @ 0x0000000002b819e4 [0x0000000002b819a0+0x44]
J 1140 C1 java.lang.reflect.Method.invoke(Ljava/lang/Object;[Ljava/lang/Object;)Ljava/lang/Object; (62 bytes) @ 0x0000000002b815e4 [0x0000000002b814e0+0x104]
j  org.springframework.web.method.support.InvocableHandlerMethod.doInvoke([Ljava/lang/Object;)Ljava/lang/Object;+16
j  org.springframework.web.method.support.InvocableHandlerMethod.invokeForRequest(Lorg/springframework/web/context/request/NativeWebRequest;Lorg/springframework/web/method/support/ModelAndViewContainer;[Ljava/lang/Object;)Ljava/lang/Object;+75
j  org.springframework.web.servlet.mvc.method.annotation.ServletInvocableHandlerMethod.invokeAndHandle(Lorg/springframework/web/context/request/ServletWebRequest;Lorg/springframework/web/method/support/ModelAndViewContainer;[Ljava/lang/Object;)V+4
j  org.springframework.web.servlet.mvc.method.annotation.RequestMappingHandlerAdapter.invokeHandlerMethod(Ljavax/servlet/http/HttpServletRequest;Ljavax/servlet/http/HttpServletResponse;Lorg/springframework/web/method/HandlerMethod;)Lorg/springframework/web/servlet/ModelAndView;+276
j  org.springframework.web.servlet.mvc.method.annotation.RequestMappingHandlerAdapter.handleInternal(Ljavax/servlet/http/HttpServletRequest;Ljavax/servlet/http/HttpServletResponse;Lorg/springframework/web/method/HandlerMethod;)Lorg/springframework/web/servlet/ModelAndView;+81
j  org.springframework.web.servlet.mvc.method.AbstractHandlerMethodAdapter.handle(Ljavax/servlet/http/HttpServletRequest;Ljavax/servlet/http/HttpServletResponse;Ljava/lang/Object;)Lorg/springframework/web/servlet/ModelAndView;+7
j  org.springframework.web.servlet.DispatcherServlet.doDispatch(Ljavax/servlet/http/HttpServletRequest;Ljavax/servlet/http/HttpServletResponse;)V+310
j  org.springframework.web.servlet.DispatcherServlet.doService(Ljavax/servlet/http/HttpServletRequest;Ljavax/servlet/http/HttpServletResponse;)V+308
j  org.springframework.web.servlet.FrameworkServlet.processRequest(Ljavax/servlet/http/HttpServletRequest;Ljavax/servlet/http/HttpServletResponse;)V+71
j  org.springframework.web.servlet.FrameworkServlet.doGet(Ljavax/servlet/http/HttpServletRequest;Ljavax/servlet/http/HttpServletResponse;)V+3
j  javax.servlet.http.HttpServlet.service(Ljavax/servlet/http/HttpServletRequest;Ljavax/servlet/http/HttpServletResponse;)V+35
j  org.springframework.web.servlet.FrameworkServlet.service(Ljavax/servlet/http/HttpServletRequest;Ljavax/servlet/http/HttpServletResponse;)V+33
j  javax.servlet.http.HttpServlet.service(Ljavax/servlet/ServletRequest;Ljavax/servlet/ServletResponse;)V+30
j  org.apache.catalina.core.ApplicationFilterChain.internalDoFilter(Ljavax/servlet/ServletRequest;Ljavax/servlet/ServletResponse;)V+304
j  org.apache.catalina.core.ApplicationFilterChain.doFilter(Ljavax/servlet/ServletRequest;Ljavax/servlet/ServletResponse;)V+101
j  org.apache.tomcat.websocket.server.WsFilter.doFilter(Ljavax/servlet/ServletRequest;Ljavax/servlet/ServletResponse;Ljavax/servlet/FilterChain;)V+21
j  org.apache.catalina.core.ApplicationFilterChain.internalDoFilter(Ljavax/servlet/ServletRequest;Ljavax/servlet/ServletResponse;)V+135
j  org.apache.catalina.core.ApplicationFilterChain.doFilter(Ljavax/servlet/ServletRequest;Ljavax/servlet/ServletResponse;)V+101
j  org.springframework.web.filter.RequestContextFilter.doFilterInternal(Ljavax/servlet/http/HttpServletRequest;Ljavax/servlet/http/HttpServletResponse;Ljavax/servlet/FilterChain;)V+21
j  org.springframework.web.filter.OncePerRequestFilter.doFilter(Ljavax/servlet/ServletRequest;Ljavax/servlet/ServletResponse;Ljavax/servlet/FilterChain;)V+111
j  org.apache.catalina.core.ApplicationFilterChain.internalDoFilter(Ljavax/servlet/ServletRequest;Ljavax/servlet/ServletResponse;)V+135
j  org.apache.catalina.core.ApplicationFilterChain.doFilter(Ljavax/servlet/ServletRequest;Ljavax/servlet/ServletResponse;)V+101
j  org.springframework.web.filter.HttpPutFormContentFilter.doFilterInternal(Ljavax/servlet/http/HttpServletRequest;Ljavax/servlet/http/HttpServletResponse;Ljavax/servlet/FilterChain;)V+95
j  org.springframework.web.filter.OncePerRequestFilter.doFilter(Ljavax/servlet/ServletRequest;Ljavax/servlet/ServletResponse;Ljavax/servlet/FilterChain;)V+111
j  org.apache.catalina.core.ApplicationFilterChain.internalDoFilter(Ljavax/servlet/ServletRequest;Ljavax/servlet/ServletResponse;)V+135
j  org.apache.catalina.core.ApplicationFilterChain.doFilter(Ljavax/servlet/ServletRequest;Ljavax/servlet/ServletResponse;)V+101
j  org.springframework.web.filter.HiddenHttpMethodFilter.doFilterInternal(Ljavax/servlet/http/HttpServletRequest;Ljavax/servlet/http/HttpServletResponse;Ljavax/servlet/FilterChain;)V+87
j  org.springframework.web.filter.OncePerRequestFilter.doFilter(Ljavax/servlet/ServletRequest;Ljavax/servlet/ServletResponse;Ljavax/servlet/FilterChain;)V+111
j  org.apache.catalina.core.ApplicationFilterChain.internalDoFilter(Ljavax/servlet/ServletRequest;Ljavax/servlet/ServletResponse;)V+135
j  org.apache.catalina.core.ApplicationFilterChain.doFilter(Ljavax/servlet/ServletRequest;Ljavax/servlet/ServletResponse;)V+101
j  org.springframework.web.filter.CharacterEncodingFilter.doFilterInternal(Ljavax/servlet/http/HttpServletRequest;Ljavax/servlet/http/HttpServletResponse;Ljavax/servlet/FilterChain;)V+53
j  org.springframework.web.filter.OncePerRequestFilter.doFilter(Ljavax/servlet/ServletRequest;Ljavax/servlet/ServletResponse;Ljavax/servlet/FilterChain;)V+111
j  org.apache.catalina.core.ApplicationFilterChain.internalDoFilter(Ljavax/servlet/ServletRequest;Ljavax/servlet/ServletResponse;)V+135
j  org.apache.catalina.core.ApplicationFilterChain.doFilter(Ljavax/servlet/ServletRequest;Ljavax/servlet/ServletResponse;)V+101
j  org.apache.catalina.core.StandardWrapperValve.invoke(Lorg/apache/catalina/connector/Request;Lorg/apache/catalina/connector/Response;)V+688
j  org.apache.catalina.core.StandardContextValve.invoke(Lorg/apache/catalina/connector/Request;Lorg/apache/catalina/connector/Response;)V+166
j  org.apache.catalina.authenticator.AuthenticatorBase.invoke(Lorg/apache/catalina/connector/Request;Lorg/apache/catalina/connector/Response;)V+260
j  org.apache.catalina.core.StandardHostValve.invoke(Lorg/apache/catalina/connector/Request;Lorg/apache/catalina/connector/Response;)V+138
j  org.apache.catalina.valves.ErrorReportValve.invoke(Lorg/apache/catalina/connector/Request;Lorg/apache/catalina/connector/Response;)V+6
j  org.apache.catalina.core.StandardEngineValve.invoke(Lorg/apache/catalina/connector/Request;Lorg/apache/catalina/connector/Response;)V+71
j  org.apache.catalina.connector.CoyoteAdapter.service(Lorg/apache/coyote/Request;Lorg/apache/coyote/Response;)V+199
j  org.apache.coyote.http11.Http11Processor.service(Lorg/apache/tomcat/util/net/SocketWrapperBase;)Lorg/apache/tomcat/util/net/AbstractEndpoint$Handler$SocketState;+806
j  org.apache.coyote.AbstractProcessorLight.process(Lorg/apache/tomcat/util/net/SocketWrapperBase;Lorg/apache/tomcat/util/net/SocketEvent;)Lorg/apache/tomcat/util/net/AbstractEndpoint$Handler$SocketState;+113
j  org.apache.coyote.AbstractProtocol$ConnectionHandler.process(Lorg/apache/tomcat/util/net/SocketWrapperBase;Lorg/apache/tomcat/util/net/SocketEvent;)Lorg/apache/tomcat/util/net/AbstractEndpoint$Handler$SocketState;+414
j  org.apache.tomcat.util.net.NioEndpoint$SocketProcessor.doRun()V+191
j  org.apache.tomcat.util.net.SocketProcessorBase.run()V+21
j  java.util.concurrent.ThreadPoolExecutor.runWorker(Ljava/util/concurrent/ThreadPoolExecutor$Worker;)V+95
j  java.util.concurrent.ThreadPoolExecutor$Worker.run()V+5
j  org.apache.tomcat.util.threads.TaskThread$WrappingRunnable.run()V+4
j  java.lang.Thread.run()V+11
v  ~StubRoutines::call_stub

---------------  P R O C E S S  ---------------

Java Threads: ( => current thread )
  0x0000000026458000 JavaThread "Abandoned connection cleanup thread" daemon [_thread_blocked, id=15012, stack(0x0000000029e00000,0x0000000029f00000)]
  0x0000000026457800 JavaThread "DestroyJavaVM" [_thread_blocked, id=13152, stack(0x0000000002630000,0x0000000002730000)]
  0x0000000026456800 JavaThread "http-nio-8081-AsyncTimeout" daemon [_thread_blocked, id=14236, stack(0x0000000029c70000,0x0000000029d70000)]
  0x0000000026456000 JavaThread "http-nio-8081-Acceptor-0" daemon [_thread_in_native, id=14244, stack(0x0000000029b60000,0x0000000029c60000)]
  0x0000000020a3a800 JavaThread "http-nio-8081-ClientPoller-1" daemon [_thread_in_native, id=7904, stack(0x0000000029970000,0x0000000029a70000)]
  0x0000000020a3a000 JavaThread "http-nio-8081-ClientPoller-0" daemon [_thread_in_native, id=5684, stack(0x0000000029130000,0x0000000029230000)]
  0x0000000020a39000 JavaThread "http-nio-8081-exec-10" daemon [_thread_blocked, id=3680, stack(0x0000000029840000,0x0000000029940000)]
  0x0000000020a38800 JavaThread "http-nio-8081-exec-9" daemon [_thread_blocked, id=12896, stack(0x00000000296d0000,0x00000000297d0000)]
=>0x0000000020a37800 JavaThread "http-nio-8081-exec-8" daemon [_thread_in_native, id=15700, stack(0x0000000029560000,0x0000000029660000)]
  0x0000000020a37000 JavaThread "http-nio-8081-exec-7" daemon [_thread_blocked, id=14024, stack(0x0000000029390000,0x0000000029490000)]
  0x0000000020a36000 JavaThread "http-nio-8081-exec-6" daemon [_thread_blocked, id=13048, stack(0x0000000029250000,0x0000000029350000)]
  0x0000000020a35800 JavaThread "http-nio-8081-exec-5" daemon [_thread_blocked, id=16192, stack(0x0000000028fe0000,0x00000000290e0000)]
  0x0000000020a34800 JavaThread "http-nio-8081-exec-4" daemon [_thread_blocked, id=7248, stack(0x0000000028ae0000,0x0000000028be0000)]
  0x0000000020a34000 JavaThread "http-nio-8081-exec-3" daemon [_thread_blocked, id=12360, stack(0x0000000028dd0000,0x0000000028ed0000)]
  0x000000001fc09800 JavaThread "http-nio-8081-exec-2" daemon [_thread_blocked, id=15008, stack(0x0000000028c90000,0x0000000028d90000)]
  0x000000001fc09000 JavaThread "http-nio-8081-exec-1" daemon [_thread_blocked, id=11500, stack(0x0000000028390000,0x0000000028490000)]
  0x000000001fc08000 JavaThread "NioBlockingSelector.BlockPoller-1" daemon [_thread_in_native, id=3768, stack(0x00000000289b0000,0x0000000028ab0000)]
  0x000000001fc07800 JavaThread "Live Reload Server" daemon [_thread_in_native, id=15976, stack(0x00000000279a0000,0x0000000027aa0000)]
  0x000000001fc06800 JavaThread "File Watcher" daemon [_thread_blocked, id=16172, stack(0x00000000275d0000,0x00000000276d0000)]
  0x000000001fc06000 JavaThread "container-0" [_thread_blocked, id=5076, stack(0x0000000025d50000,0x0000000025e50000)]
  0x000000001fc05000 JavaThread "ContainerBackgroundProcessor[StandardEngine[Tomcat]]" daemon [_thread_blocked, id=16072, stack(0x0000000025ec0000,0x0000000025fc0000)]
  0x000000001fc03000 JavaThread "RMI Scheduler(0)" daemon [_thread_blocked, id=12160, stack(0x0000000023570000,0x0000000023670000)]
  0x000000001b958800 JavaThread "AWT-EventQueue-0" [_thread_blocked, id=11028, stack(0x000000001f4b0000,0x000000001f5b0000)]
  0x000000001b8ab000 JavaThread "AWT-Windows" daemon [_thread_in_native, id=12996, stack(0x000000001ce30000,0x000000001cf30000)]
  0x000000001b8a9800 JavaThread "AWT-Shutdown" [_thread_blocked, id=14724, stack(0x000000001d190000,0x000000001d290000)]
  0x000000001b8a8800 JavaThread "Java2D Disposer" daemon [_thread_blocked, id=14656, stack(0x000000001cf90000,0x000000001d090000)]
  0x000000001b88e800 JavaThread "RMI TCP Accept-0" daemon [_thread_in_native, id=7372, stack(0x000000001cb10000,0x000000001cc10000)]
  0x000000001b5b6000 JavaThread "Service Thread" daemon [_thread_blocked, id=8072, stack(0x000000001c550000,0x000000001c650000)]
  0x000000001b54e800 JavaThread "C1 CompilerThread2" daemon [_thread_blocked, id=876, stack(0x000000001bcd0000,0x000000001bdd0000)]
  0x000000001b54a800 JavaThread "C2 CompilerThread1" daemon [_thread_blocked, id=14452, stack(0x000000001c0f0000,0x000000001c1f0000)]
  0x000000001b549800 JavaThread "C2 CompilerThread0" daemon [_thread_blocked, id=3744, stack(0x000000001bf70000,0x000000001c070000)]
  0x000000001b548000 JavaThread "Monitor Ctrl-Break" daemon [_thread_in_native, id=9616, stack(0x000000001bdd0000,0x000000001bed0000)]
  0x00000000199ec000 JavaThread "Attach Listener" daemon [_thread_blocked, id=15848, stack(0x000000001b1f0000,0x000000001b2f0000)]
  0x000000001ae03800 JavaThread "Signal Dispatcher" daemon [_thread_blocked, id=15664, stack(0x000000001b3c0000,0x000000001b4c0000)]
  0x00000000199d0000 JavaThread "Finalizer" daemon [_thread_blocked, id=5928, stack(0x000000001abd0000,0x000000001acd0000)]
  0x0000000019988800 JavaThread "Reference Handler" daemon [_thread_blocked, id=15180, stack(0x000000001acf0000,0x000000001adf0000)]

Other Threads:
  0x0000000019980800 VMThread [stack: 0x000000001aa80000,0x000000001ab80000] [id=11508]
  0x000000001b896000 WatcherThread [stack: 0x000000001c9f0000,0x000000001caf0000] [id=11236]

VM state:not at safepoint (normal execution)

VM Mutex/Monitor currently owned by a thread: None

Heap:
 PSYoungGen      total 344576K, used 122597K [0x0000000780800000, 0x0000000798300000, 0x00000007c0000000)
  eden space 325120K, 31% used [0x0000000780800000,0x0000000786cb9618,0x0000000794580000)
  from space 19456K, 99% used [0x0000000795e80000,0x000000079717fe38,0x0000000797180000)
  to   space 25600K, 0% used [0x0000000794580000,0x0000000794580000,0x0000000795e80000)
 ParOldGen       total 123392K, used 29936K [0x0000000701800000, 0x0000000709080000, 0x0000000780800000)
  object space 123392K, 24% used [0x0000000701800000,0x000000070353c220,0x0000000709080000)
 Metaspace       used 54505K, capacity 56854K, committed 57136K, reserved 1099776K
  class space    used 7057K, capacity 7466K, committed 7472K, reserved 1048576K

Card table byte_map: [0x0000000011c70000,0x0000000012270000] byte_map_base: 0x000000000e464000

Marking Bits: (ParMarkBitMap*) 0x000000006dc5b6d0
 Begin Bits: [0x0000000012ab0000, 0x0000000015a50000)
 End Bits:   [0x0000000015a50000, 0x00000000189f0000)

Polling page: 0x0000000000230000

CodeCache: size=245760Kb used=12651Kb max_used=12679Kb free=233108Kb
 bounds [0x00000000028b0000, 0x0000000003520000, 0x00000000118b0000]
 total_blobs=6958 nmethods=6282 adapters=587
 compilation: enabled

Compilation events (10 events):
Event: 115.461 Thread 0x000000001b54e800 6389       1       org.apache.catalina.core.ContainerBase::getPipeline (5 bytes)
Event: 115.461 Thread 0x000000001b54e800 nmethod 6389 0x0000000002a7fd90 code [0x0000000002a7fee0, 0x0000000002a7fff0]
Event: 115.461 Thread 0x000000001b54e800 6390       1       java.nio.CharBuffer::allocate (22 bytes)
Event: 115.462 Thread 0x000000001b54e800 nmethod 6390 0x0000000002f13510 code [0x0000000002f13680, 0x0000000002f13978]
Event: 115.462 Thread 0x000000001b54e800 6391       1       java.nio.HeapCharBuffer::<init> (13 bytes)
Event: 115.462 Thread 0x000000001b54e800 nmethod 6391 0x0000000002f130d0 code [0x0000000002f13240, 0x0000000002f13448]
Event: 115.462 Thread 0x000000001b54e800 6392       1       sun.util.locale.StringTokenIterator::current (5 bytes)
Event: 115.462 Thread 0x000000001b54e800 nmethod 6392 0x0000000002f12e10 code [0x0000000002f12f60, 0x0000000002f13070]
Event: 115.462 Thread 0x000000001b54e800 6393   !   1       org.springframework.util.ClassUtils::getDefaultClassLoader (37 bytes)
Event: 115.464 Thread 0x000000001b54e800 nmethod 6393 0x0000000002f11e50 code [0x0000000002f12040, 0x0000000002f126a8]

GC Heap History (10 events):
Event: 6.471 GC heap before
{Heap before GC invocations=6 (full 1):
 PSYoungGen      total 164864K, used 106853K [0x0000000780800000, 0x000000078b380000, 0x00000007c0000000)
  eden space 156672K, 62% used [0x0000000780800000,0x000000078685f538,0x000000078a100000)
  from space 8192K, 99% used [0x000000078ab80000,0x000000078b37a228,0x000000078b380000)
  to   space 8192K, 0% used [0x000000078a380000,0x000000078a380000,0x000000078ab80000)
 ParOldGen       total 73728K, used 13832K [0x0000000701800000, 0x0000000706000000, 0x0000000780800000)
  object space 73728K, 18% used [0x0000000701800000,0x0000000702582268,0x0000000706000000)
 Metaspace       used 34186K, capacity 35486K, committed 35496K, reserved 1079296K
  class space    used 4606K, capacity 4905K, committed 4912K, reserved 1048576K
Event: 6.493 GC heap after
Heap after GC invocations=6 (full 1):
 PSYoungGen      total 167424K, used 8169K [0x0000000780800000, 0x0000000791a00000, 0x00000007c0000000)
  eden space 159232K, 0% used [0x0000000780800000,0x0000000780800000,0x000000078a380000)
  from space 8192K, 99% used [0x000000078a380000,0x000000078ab7a430,0x000000078ab80000)
  to   space 15360K, 0% used [0x0000000790b00000,0x0000000790b00000,0x0000000791a00000)
 ParOldGen       total 73728K, used 18719K [0x0000000701800000, 0x0000000706000000, 0x0000000780800000)
  object space 73728K, 25% used [0x0000000701800000,0x0000000702a47d00,0x0000000706000000)
 Metaspace       used 34186K, capacity 35486K, committed 35496K, reserved 1079296K
  class space    used 4606K, capacity 4905K, committed 4912K, reserved 1048576K
}
Event: 6.493 GC heap before
{Heap before GC invocations=7 (full 2):
 PSYoungGen      total 167424K, used 8169K [0x0000000780800000, 0x0000000791a00000, 0x00000007c0000000)
  eden space 159232K, 0% used [0x0000000780800000,0x0000000780800000,0x000000078a380000)
  from space 8192K, 99% used [0x000000078a380000,0x000000078ab7a430,0x000000078ab80000)
  to   space 15360K, 0% used [0x0000000790b00000,0x0000000790b00000,0x0000000791a00000)
 ParOldGen       total 73728K, used 18719K [0x0000000701800000, 0x0000000706000000, 0x0000000780800000)
  object space 73728K, 25% used [0x0000000701800000,0x0000000702a47d00,0x0000000706000000)
 Metaspace       used 34186K, capacity 35486K, committed 35496K, reserved 1079296K
  class space    used 4606K, capacity 4905K, committed 4912K, reserved 1048576K
Event: 6.573 GC heap after
Heap after GC invocations=7 (full 2):
 PSYoungGen      total 167424K, used 0K [0x0000000780800000, 0x0000000791a00000, 0x00000007c0000000)
  eden space 159232K, 0% used [0x0000000780800000,0x0000000780800000,0x000000078a380000)
  from space 8192K, 0% used [0x000000078a380000,0x000000078a380000,0x000000078ab80000)
  to   space 15360K, 0% used [0x0000000790b00000,0x0000000790b00000,0x0000000791a00000)
 ParOldGen       total 123392K, used 17817K [0x0000000701800000, 0x0000000709080000, 0x0000000780800000)
  object space 123392K, 14% used [0x0000000701800000,0x00000007029665f8,0x0000000709080000)
 Metaspace       used 34186K, capacity 35486K, committed 35496K, reserved 1079296K
  class space    used 4606K, capacity 4905K, committed 4912K, reserved 1048576K
}
Event: 8.967 GC heap before
{Heap before GC invocations=8 (full 2):
 PSYoungGen      total 167424K, used 159232K [0x0000000780800000, 0x0000000791a00000, 0x00000007c0000000)
  eden space 159232K, 100% used [0x0000000780800000,0x000000078a380000,0x000000078a380000)
  from space 8192K, 0% used [0x000000078a380000,0x000000078a380000,0x000000078ab80000)
  to   space 15360K, 0% used [0x0000000790b00000,0x0000000790b00000,0x0000000791a00000)
 ParOldGen       total 123392K, used 17817K [0x0000000701800000, 0x0000000709080000, 0x0000000780800000)
  object space 123392K, 14% used [0x0000000701800000,0x00000007029665f8,0x0000000709080000)
 Metaspace       used 39667K, capacity 41274K, committed 41520K, reserved 1085440K
  class space    used 5312K, capacity 5645K, committed 5680K, reserved 1048576K
Event: 8.981 GC heap after
Heap after GC invocations=8 (full 2):
 PSYoungGen      total 244224K, used 12425K [0x0000000780800000, 0x0000000791780000, 0x00000007c0000000)
  eden space 231424K, 0% used [0x0000000780800000,0x0000000780800000,0x000000078ea00000)
  from space 12800K, 97% used [0x0000000790b00000,0x0000000791722438,0x0000000791780000)
  to   space 15872K, 0% used [0x000000078f880000,0x000000078f880000,0x0000000790800000)
 ParOldGen       total 123392K, used 17825K [0x0000000701800000, 0x0000000709080000, 0x0000000780800000)
  object space 123392K, 14% used [0x0000000701800000,0x00000007029685f8,0x0000000709080000)
 Metaspace       used 39667K, capacity 41274K, committed 41520K, reserved 1085440K
  class space    used 5312K, capacity 5645K, committed 5680K, reserved 1048576K
}
Event: 10.867 GC heap before
{Heap before GC invocations=9 (full 2):
 PSYoungGen      total 244224K, used 243849K [0x0000000780800000, 0x0000000791780000, 0x00000007c0000000)
  eden space 231424K, 100% used [0x0000000780800000,0x000000078ea00000,0x000000078ea00000)
  from space 12800K, 97% used [0x0000000790b00000,0x0000000791722438,0x0000000791780000)
  to   space 15872K, 0% used [0x000000078f880000,0x000000078f880000,0x0000000790800000)
 ParOldGen       total 123392K, used 17825K [0x0000000701800000, 0x0000000709080000, 0x0000000780800000)
  object space 123392K, 14% used [0x0000000701800000,0x00000007029685f8,0x0000000709080000)
 Metaspace       used 44123K, capacity 46164K, committed 46256K, reserved 1089536K
  class space    used 5901K, capacity 6298K, committed 6320K, reserved 1048576K
Event: 10.889 GC heap after
Heap after GC invocations=9 (full 2):
 PSYoungGen      total 262144K, used 15849K [0x0000000780800000, 0x0000000797180000, 0x00000007c0000000)
  eden space 246272K, 0% used [0x0000000780800000,0x0000000780800000,0x000000078f880000)
  from space 15872K, 99% used [0x000000078f880000,0x00000007907fa640,0x0000000790800000)
  to   space 19456K, 0% used [0x0000000795e80000,0x0000000795e80000,0x0000000797180000)
 ParOldGen       total 123392K, used 21482K [0x0000000701800000, 0x0000000709080000, 0x0000000780800000)
  object space 123392K, 17% used [0x0000000701800000,0x0000000702cfaa50,0x0000000709080000)
 Metaspace       used 44123K, capacity 46164K, committed 46256K, reserved 1089536K
  class space    used 5901K, capacity 6298K, committed 6320K, reserved 1048576K
}
Event: 38.879 GC heap before
{Heap before GC invocations=10 (full 2):
 PSYoungGen      total 262144K, used 262121K [0x0000000780800000, 0x0000000797180000, 0x00000007c0000000)
  eden space 246272K, 100% used [0x0000000780800000,0x000000078f880000,0x000000078f880000)
  from space 15872K, 99% used [0x000000078f880000,0x00000007907fa640,0x0000000790800000)
  to   space 19456K, 0% used [0x0000000795e80000,0x0000000795e80000,0x0000000797180000)
 ParOldGen       total 123392K, used 21482K [0x0000000701800000, 0x0000000709080000, 0x0000000780800000)
  object space 123392K, 17% used [0x0000000701800000,0x0000000702cfaa50,0x0000000709080000)
 Metaspace       used 54128K, capacity 56496K, committed 56624K, reserved 1097728K
  class space    used 7014K, capacity 7433K, committed 7472K, reserved 1048576K
Event: 38.912 GC heap after
Heap after GC invocations=10 (full 2):
 PSYoungGen      total 344576K, used 19455K [0x0000000780800000, 0x0000000798300000, 0x00000007c0000000)
  eden space 325120K, 0% used [0x0000000780800000,0x0000000780800000,0x0000000794580000)
  from space 19456K, 99% used [0x0000000795e80000,0x000000079717fe38,0x0000000797180000)
  to   space 25600K, 0% used [0x0000000794580000,0x0000000794580000,0x0000000795e80000)
 ParOldGen       total 123392K, used 29936K [0x0000000701800000, 0x0000000709080000, 0x0000000780800000)
  object space 123392K, 24% used [0x0000000701800000,0x000000070353c220,0x0000000709080000)
 Metaspace       used 54128K, capacity 56496K, committed 56624K, reserved 1097728K
  class space    used 7014K, capacity 7433K, committed 7472K, reserved 1048576K
}

Deoptimization events (0 events):
No events

Internal exceptions (10 events):
Event: 26.548 Thread 0x000000001fc09000 Exception <a 'java/security/PrivilegedActionException'> (0x000000078d724218) thrown at [C:\re\workspace\8-2-build-windows-amd64-cygwin\jdk8u121\8372\hotspot\src\share\vm\prims\jvm.cpp, line 1390]
Event: 26.549 Thread 0x000000001fc09000 Exception <a 'java/security/PrivilegedActionException'> (0x000000078d72e590) thrown at [C:\re\workspace\8-2-build-windows-amd64-cygwin\jdk8u121\8372\hotspot\src\share\vm\prims\jvm.cpp, line 1390]
Event: 26.549 Thread 0x000000001fc09000 Exception <a 'java/security/PrivilegedActionException'> (0x000000078d72ed58) thrown at [C:\re\workspace\8-2-build-windows-amd64-cygwin\jdk8u121\8372\hotspot\src\share\vm\prims\jvm.cpp, line 1390]
Event: 26.797 Thread 0x0000000020a34000 Exception <a 'java/lang/NullPointerException'> (0x000000078e4ba330) thrown at [C:\re\workspace\8-2-build-windows-amd64-cygwin\jdk8u121\8372\hotspot\src\share\vm\interpreter\linkResolver.cpp, line 1178]
Event: 38.879 Thread 0x0000000020a38800 Exception <a 'java/lang/ClassNotFoundException': java/lang/ObjectCustomizer> (0x000000078f87b940) thrown at [C:\re\workspace\8-2-build-windows-amd64-cygwin\jdk8u121\8372\hotspot\src\share\vm\classfile\systemDictionary.cpp, line 210]
Event: 38.915 Thread 0x0000000020a38800 Exception <a 'java/lang/ClassNotFoundException': com/dongtech/vo/UserVoCustomizer> (0x0000000780815b30) thrown at [C:\re\workspace\8-2-build-windows-amd64-cygwin\jdk8u121\8372\hotspot\src\share\vm\classfile\systemDictionary.cpp, line 210]
Event: 49.735 Thread 0x0000000020a39000 Exception <a 'java/lang/NullPointerException'> (0x0000000781dddc68) thrown at [C:\re\workspace\8-2-build-windows-amd64-cygwin\jdk8u121\8372\hotspot\src\share\vm\interpreter\linkResolver.cpp, line 1178]
Event: 59.373 Thread 0x0000000020a38800 Exception <a 'java/lang/ArrayIndexOutOfBoundsException'> (0x0000000781c72980) thrown at [C:\re\workspace\8-2-build-windows-amd64-cygwin\jdk8u121\8372\hotspot\src\share\vm\runtime\sharedRuntime.cpp, line 605]
Event: 59.379 Thread 0x0000000020a38800 Exception <a 'java/lang/ArrayIndexOutOfBoundsException'> (0x0000000782ca0738) thrown at [C:\re\workspace\8-2-build-windows-amd64-cygwin\jdk8u121\8372\hotspot\src\share\vm\runtime\sharedRuntime.cpp, line 605]
Event: 59.404 Thread 0x0000000020a38800 Exception <a 'java/io/IOException'> (0x0000000782de7458) thrown at [C:\re\workspace\8-2-build-windows-amd64-cygwin\jdk8u121\8372\hotspot\src\share\vm\prims\jni.cpp, line 709]

Events (10 events):
Event: 109.869 loading class java/io/InterruptedIOException done
Event: 109.869 loading class java/net/SocketTimeoutException done
Event: 115.460 Executing VM operation: RevokeBias
Event: 115.461 Executing VM operation: RevokeBias done
Event: 115.782 Executing VM operation: RevokeBias
Event: 115.782 Executing VM operation: RevokeBias done
Event: 115.782 Executing VM operation: RevokeBias
Event: 115.782 Executing VM operation: RevokeBias done
Event: 115.782 Executing VM operation: RevokeBias
Event: 115.782 Executing VM operation: RevokeBias done


Dynamic libraries:
0x000000013fb00000 - 0x000000013fb37000 	C:\Program Files\Java\jdk1.8.0_121\bin\java.exe
0x0000000077470000 - 0x000000007760f000 	C:\Windows\SYSTEM32\ntdll.dll
0x00000000770f0000 - 0x000000007720f000 	C:\Windows\system32\kernel32.dll
0x000007fefda70000 - 0x000007fefdada000 	C:\Windows\system32\KERNELBASE.dll
0x000007fefdc90000 - 0x000007fefdd6b000 	C:\Windows\system32\ADVAPI32.dll
0x000007feff1f0000 - 0x000007feff28f000 	C:\Windows\system32\msvcrt.dll
0x000007fefddf0000 - 0x000007fefde0f000 	C:\Windows\SYSTEM32\sechost.dll
0x000007feff630000 - 0x000007feff75c000 	C:\Windows\system32\RPCRT4.dll
0x0000000077210000 - 0x000000007730a000 	C:\Windows\system32\USER32.dll
0x000007fefeff0000 - 0x000007feff057000 	C:\Windows\system32\GDI32.dll
0x000007feff310000 - 0x000007feff31e000 	C:\Windows\system32\LPK.dll
0x000007fefdef0000 - 0x000007fefdfbb000 	C:\Windows\system32\USP10.dll
0x000007fefc4b0000 - 0x000007fefc6a4000 	C:\Windows\WinSxS\amd64_microsoft.windows.common-controls_6595b64144ccf1df_6.0.7601.18837_none_fa3b1e3d17594757\COMCTL32.dll
0x000007feff290000 - 0x000007feff301000 	C:\Windows\system32\SHLWAPI.dll
0x000007feff380000 - 0x000007feff3ae000 	C:\Windows\system32\IMM32.DLL
0x000007feff0e0000 - 0x000007feff1e9000 	C:\Windows\system32\MSCTF.dll
0x0000000079590000 - 0x0000000079662000 	C:\Program Files\Java\jdk1.8.0_121\jre\bin\msvcr100.dll
0x000000006d440000 - 0x000000006dcdb000 	C:\Program Files\Java\jdk1.8.0_121\jre\bin\server\jvm.dll
0x000007fee84f0000 - 0x000007fee84f9000 	C:\Windows\system32\WSOCK32.dll
0x000007feff330000 - 0x000007feff37d000 	C:\Windows\system32\WS2_32.dll
0x000007feff320000 - 0x000007feff328000 	C:\Windows\system32\NSI.dll
0x000007fefb8a0000 - 0x000007fefb8db000 	C:\Windows\system32\WINMM.dll
0x000007fefca20000 - 0x000007fefca2c000 	C:\Windows\system32\VERSION.dll
0x0000000077620000 - 0x0000000077627000 	C:\Windows\system32\PSAPI.DLL
0x00000000730c0000 - 0x00000000730cf000 	C:\Program Files\Java\jdk1.8.0_121\jre\bin\verify.dll
0x0000000073090000 - 0x00000000730b9000 	C:\Program Files\Java\jdk1.8.0_121\jre\bin\java.dll
0x0000000064000000 - 0x0000000064023000 	C:\Program Files\Java\jdk1.8.0_121\jre\bin\instrument.dll
0x0000000072800000 - 0x0000000072816000 	C:\Program Files\Java\jdk1.8.0_121\jre\bin\zip.dll
0x000007fefe060000 - 0x000007fefedea000 	C:\Windows\system32\SHELL32.dll
0x000007fefedf0000 - 0x000007fefefef000 	C:\Windows\system32\ole32.dll
0x000007fefd8c0000 - 0x000007fefd8cf000 	C:\Windows\system32\profapi.dll
0x000007fede5b0000 - 0x000007fede5ca000 	D:\ideaIU-2018.1.1.win\bin\breakgen64.dll
0x0000000069f40000 - 0x0000000069f5a000 	C:\Program Files\Java\jdk1.8.0_121\jre\bin\net.dll
0x000007fefd080000 - 0x000007fefd0d5000 	C:\Windows\system32\mswsock.dll
0x000007fefd2c0000 - 0x000007fefd2c7000 	C:\Windows\System32\wship6.dll
0x000007fefcc20000 - 0x000007fefcc27000 	C:\Windows\System32\wshtcpip.dll
0x000007fef4a20000 - 0x000007fef4a4f000 	C:\Program Files (x86)\Sangfor\SSL\ClientComponent\SangforNspX64.dll
0x000007fefde10000 - 0x000007fefdeeb000 	C:\Windows\system32\OLEAUT32.dll
0x000007fefceb0000 - 0x000007fefcf0b000 	C:\Windows\system32\DNSAPI.dll
0x000007fefad10000 - 0x000007fefad37000 	C:\Windows\system32\IPHLPAPI.DLL
0x000007fefacb0000 - 0x000007fefacbb000 	C:\Windows\system32\WINNSI.DLL
0x000007fef4a10000 - 0x000007fef4a18000 	C:\Windows\system32\rasadhlp.dll
0x000007fefab90000 - 0x000007fefabe3000 	C:\Windows\System32\fwpuclnt.dll
0x0000000068700000 - 0x000000006870d000 	C:\Program Files\Java\jdk1.8.0_121\jre\bin\management.dll
0x000000006f6d0000 - 0x000000006f6e1000 	C:\Program Files\Java\jdk1.8.0_121\jre\bin\nio.dll
0x000007fefd220000 - 0x000007fefd238000 	C:\Windows\system32\CRYPTSP.dll
0x000007fefcdc0000 - 0x000007fefce07000 	C:\Windows\system32\rsaenh.dll
0x000007fefcc50000 - 0x000007fefcc6e000 	C:\Windows\system32\USERENV.dll
0x000007fefd7b0000 - 0x000007fefd7bf000 	C:\Windows\system32\CRYPTBASE.dll
0x000007fefab20000 - 0x000007fefab38000 	C:\Windows\system32\dhcpcsvc.DLL
0x000007fefab00000 - 0x000007fefab11000 	C:\Windows\system32\dhcpcsvc6.DLL
0x000007fefb8f0000 - 0x000007fefb905000 	C:\Windows\system32\NLAapi.dll
0x000007fee8f80000 - 0x000007fee8f95000 	C:\Windows\system32\napinsp.dll
0x000007fee8f60000 - 0x000007fee8f79000 	C:\Windows\system32\pnrpnsp.dll
0x000007fee8dd0000 - 0x000007fee8ddb000 	C:\Windows\System32\winrnr.dll
0x000007fee85b0000 - 0x000007fee85c0000 	C:\Windows\system32\wshbth.dll
0x000000006ceb0000 - 0x000000006d048000 	C:\Program Files\Java\jdk1.8.0_121\jre\bin\awt.dll
0x000007fefc9b0000 - 0x000007fefc9c8000 	C:\Windows\system32\DWMAPI.DLL
0x000007fedeb70000 - 0x000007fedec8d000 	C:\Windows\system32\opengl32.dll
0x000007fee6eb0000 - 0x000007fee6edd000 	C:\Windows\system32\GLU32.dll
0x000007fede120000 - 0x000007fede211000 	C:\Windows\system32\DDRAW.dll
0x000007fee6ea0000 - 0x000007fee6ea8000 	C:\Windows\system32\DCIMAN32.dll
0x000007feff3b0000 - 0x000007feff587000 	C:\Windows\system32\SETUPAPI.dll
0x000007fefd990000 - 0x000007fefd9c6000 	C:\Windows\system32\CFGMGR32.dll
0x000007fefd970000 - 0x000007fefd98a000 	C:\Windows\system32\DEVOBJ.dll
0x000007fefc130000 - 0x000007fefc186000 	C:\Windows\system32\uxtheme.dll
0x000007fefd750000 - 0x000007fefd7a7000 	C:\Windows\system32\apphelp.dll
0x000007fef3710000 - 0x000007fef3f9d000 	C:\Windows\system32\SOGOUPY.IME
0x000007fefae90000 - 0x000007fefae97000 	C:\Windows\system32\MSIMG32.dll
0x000007fef9150000 - 0x000007fef91c1000 	C:\Windows\system32\WINHTTP.dll
0x000007fef90e0000 - 0x000007fef9145000 	C:\Windows\system32\webio.dll
0x000007fefafe0000 - 0x000007fefb034000 	C:\Windows\system32\OLEACC.dll
0x000007fefc9a0000 - 0x000007fefc9a3000 	C:\Windows\system32\api-ms-win-core-synch-l1-2-0.DLL
0x000007fefbb80000 - 0x000007fefbbad000 	C:\Windows\system32\ntmarta.dll
0x000007fefdd70000 - 0x000007fefddc2000 	C:\Windows\system32\WLDAP32.dll
0x000007feea440000 - 0x000007feea6a9000 	C:\Program Files (x86)\SogouInput\Components\PicFace\1.1.0.1867\PicFace64.dll
0x000007fefdfc0000 - 0x000007fefe057000 	C:\Windows\system32\COMDLG32.dll
0x000000001c2d0000 - 0x000000001c317000 	C:\Program Files\Java\jdk1.8.0_121\jre\bin\fontmanager.dll
0x000000006fdc0000 - 0x000000006fe02000 	C:\Program Files\Java\jdk1.8.0_121\jre\bin\t2k.dll
0x000000001f7b0000 - 0x000000001f8cd000 	C:\Program Files (x86)\SogouInput\9.6.0.3568\Resource.dll
0x0000000064030000 - 0x000000006405a000 	C:\Program Files\Java\jdk1.8.0_121\jre\bin\dcpr.dll
0x0000000180000000 - 0x000000018020e000 	D:\tomcat\apache-tomcat-8.5.23\bin\tcnative-1.dll
0x000007fefc190000 - 0x000007fefc2bc000 	C:\Windows\system32\PROPSYS.dll
0x000007feff590000 - 0x000007feff629000 	C:\Windows\system32\CLBCatQ.DLL
0x000000001dc50000 - 0x000000001dd0d000 	C:\Users\Administrator\AppData\Local\Temp\sqlite-3.8.11.1-95badbba-81fb-4b75-85b8-47019151596f-sqlitejdbc.dll
0x000000001dd10000 - 0x000000001dd64000 	C:\Program Files\Java\jdk1.8.0_121\bin\HASPJava_x64.dll
0x0000000029f00000 - 0x000000002a460000 	C:\Program Files\Java\jdk1.8.0_121\bin\hasp_windows_x64_99459.dll
0x000007fefca00000 - 0x000007fefca11000 	C:\Windows\system32\WTSAPI32.DLL
0x000007fefc4a0000 - 0x000007fefc4ab000 	C:\Windows\system32\HID.DLL
0x000007fefd720000 - 0x000007fefd745000 	C:\Windows\system32\SspiCli.dll
0x000007fee9c80000 - 0x000007fee9da5000 	C:\Windows\system32\dbghelp.dll

VM Arguments:
jvm_args: -XX:TieredStopAtLevel=1 -Xverify:none -Dspring.output.ansi.enabled=always -Dcom.sun.management.jmxremote -Dspring.liveBeansView.mbeanDomain -Dspring.application.admin.enabled=true -javaagent:D:\ideaIU-2018.1.1.win\lib\idea_rt.jar=63067:D:\ideaIU-2018.1.1.win\bin -Dfile.encoding=UTF-8 
java_command: com.dongtech.SpringbootJspApplication
java_class_path (initial): C:\Program Files\Java\jdk1.8.0_121\jre\lib\charsets.jar;C:\Program Files\Java\jdk1.8.0_121\jre\lib\deploy.jar;C:\Program Files\Java\jdk1.8.0_121\jre\lib\ext\access-bridge-64.jar;C:\Program Files\Java\jdk1.8.0_121\jre\lib\ext\cldrdata.jar;C:\Program Files\Java\jdk1.8.0_121\jre\lib\ext\dnsns.jar;C:\Program Files\Java\jdk1.8.0_121\jre\lib\ext\jaccess.jar;C:\Program Files\Java\jdk1.8.0_121\jre\lib\ext\jfxrt.jar;C:\Program Files\Java\jdk1.8.0_121\jre\lib\ext\localedata.jar;C:\Program Files\Java\jdk1.8.0_121\jre\lib\ext\nashorn.jar;C:\Program Files\Java\jdk1.8.0_121\jre\lib\ext\sunec.jar;C:\Program Files\Java\jdk1.8.0_121\jre\lib\ext\sunjce_provider.jar;C:\Program Files\Java\jdk1.8.0_121\jre\lib\ext\sunmscapi.jar;C:\Program Files\Java\jdk1.8.0_121\jre\lib\ext\sunpkcs11.jar;C:\Program Files\Java\jdk1.8.0_121\jre\lib\ext\zipfs.jar;C:\Program Files\Java\jdk1.8.0_121\jre\lib\javaws.jar;C:\Program Files\Java\jdk1.8.0_121\jre\lib\jce.jar;C:\Program Files\Java\jdk1.8.0_121\jre\lib\jfr.jar;C:\Program Files\Java\jdk1.8.0_121\jre\lib\jfxswt.jar;C:\Program Files\Java\jdk1.8.0_121\jre\lib\jsse.jar;C:\Program Files\Java\jdk1.8.0_121\jre\lib\management-agent.jar;C:\Program Files\Java\jdk1.8.0_121\jre\lib\plugin.jar;C:\Program Files\Java\jdk1.8.0_121\jre\lib\resources.jar;C:\Program Files\Java\jdk1.8.0_121\jre\lib\rt.jar;F:\Myeclipse 10\springboot-jsp-master\target\classes;C:\Users\Administrator\.m2\repository\org\springframework\boot\spring-boot-starter-jdbc\2.0.4.RELEASE\spring-boot-starter-jdbc-2.0.4.RELEASE.jar;C:\Users\Administrator\.m2\repository\org\springframework\boot\spring-boot-starter\2.0.4.RELEASE\spring-boot-starter-2.0.4.RELEASE.jar;C:\Users\Administrator\.m2\repository\org\springframework\boot\spring-boot-starter-logging\2.0.4.RELEASE\spring-boot-starter-logging-2.0.4.RELEASE.jar;C:\Users\Administrator\.m2\repository\ch\qos\logback\logback-classic\1.2.3\logback-classic-1.2.3.jar;C:\Users\Administrator\.m2\repository\ch\qos\logback\logback-cor
Launcher Type: SUN_STANDARD

Environment Variables:
JAVA_HOME=C:\Program Files\Java\jdk1.8.0_121
PATH=C:\Program Files (x86)\Common Files\Oracle\Java\javapath;C:\ProgramData\Oracle\Java\javapath;C:\Program Files (x86)\NetSarang\Xshell 6\;C:\Program Files (x86)\NetSarang\Xftp 6\;C:\Windows\system32;C:\Windows;C:\Windows\System32\Wbem;C:\Windows\System32\WindowsPowerShell\v1.0\;C:\Program Files\Git\cmd;C:\Program Files\Java\jdk1.8.0_121\bin;C:\Program Files\Java\jdk1.8.0_121\jre\bin;D:\tomcat\apache-tomcat-8.5.23\lib;D:\tomcat\apache-tomcat-8.5.23\bin;D:\maven\apache-maven-3.6.2-bin\apache-maven-3.6.2\bin;C:\Program Files\TortoiseSVN\bin;D:\neo4j\neo4j-community-3.5.12-windows\neo4j-community-3.5.12\bin;C:\Program Files\Microsoft SQL Server\Client SDK\ODBC\110\Tools\Binn\;C:\Program Files (x86)\Microsoft SQL Server\120\Tools\Binn\;C:\Program Files\Microsoft SQL Server\120\Tools\Binn\;C:\Program Files\Microsoft SQL Server\120\DTS\Binn\;C:\Users\Administrator\AppData\Local\Programs\Python\Python37\Scripts\;C:\Users\Administrator\AppData\Local\Programs\Python\Python37\;C:\Users\Administrator\AppData\Local\Programs\Fiddler
USERNAME=Administrator
OS=Windows_NT
PROCESSOR_IDENTIFIER=Intel64 Family 6 Model 61 Stepping 4, GenuineIntel



---------------  S Y S T E M  ---------------

OS: Windows 7 , 64 bit Build 7601 (6.1.7601.24408)

CPU:total 4 (2 cores per cpu, 2 threads per core) family 6 model 61 stepping 4, cmov, cx8, fxsr, mmx, sse, sse2, sse3, ssse3, sse4.1, sse4.2, popcnt, avx, avx2, aes, clmul, erms, 3dnowpref, lzcnt, ht, tsc, tscinvbit, bmi1, bmi2, adx

Memory: 4k page, physical 12480440k(1400600k free), swap 24958980k(7156380k free)

vm_info: Java HotSpot(TM) 64-Bit Server VM (25.121-b13) for windows-amd64 JRE (1.8.0_121-b13), built on Dec 12 2016 18:21:36 by "java_re" with MS VC++ 10.0 (VS2010)

time: Thu Feb 20 18:48:58 2020
elapsed time: 115 seconds (0d 0h 1m 55s)

