2020-02-28 11:26:05.895 [ restartedMain ] - [ INFO  ] [ com.dongtech.SpringbootJspApplication : 50 ] -
        Starting SpringbootJspApplication on PC-201909172010 with PID 13812 (started by Administrator in F:\Myeclipse 10\springboot-jsp-master)
2020-02-28 11:26:05.906 [ restartedMain ] - [ DEBUG ] [ com.dongtech.SpringbootJspApplication : 53 ] -
        Running with Spring Boot v2.0.4.RELEASE, Spring v5.0.8.RELEASE
2020-02-28 11:26:05.911 [ restartedMain ] - [ INFO  ] [ com.dongtech.SpringbootJspApplication : 662 ] -
        No active profile set, falling back to default profiles: default
2020-02-28 11:26:07.633 [ restartedMain ] - [ WARN  ] [ org.mybatis.spring.mapper.ClassPathMapperScanner : 44 ] -
        No MyBatis mapper was found in '[com.dongtech.bs.mapper]' package. Please check your configuration.
2020-02-28 11:26:07.654 [ restartedMain ] - [ WARN  ] [ org.mybatis.spring.mapper.ClassPathMapperScanner : 44 ] -
        No MyBatis mapper was found in '[com.dongtech.bs.mapper]' package. Please check your configuration.
2020-02-28 11:26:09.310 [ restartedMain ] - [ INFO  ] [ org.apache.coyote.http11.Http11NioProtocol : 180 ] -
        Initializing ProtocolHandler ["http-nio-8081"]
2020-02-28 11:26:09.326 [ restartedMain ] - [ INFO  ] [ org.apache.catalina.core.StandardService : 180 ] -
        Starting service [Tomcat]
2020-02-28 11:26:09.327 [ restartedMain ] - [ INFO  ] [ org.apache.catalina.core.StandardEngine : 180 ] -
        Starting Servlet Engine: Apache Tomcat/8.5.32
2020-02-28 11:26:09.334 [ localhost-startStop-1 ] - [ INFO  ] [ org.apache.catalina.core.AprLifecycleListener : 180 ] -
        Loaded APR based Apache Tomcat Native library [1.2.14] using APR version [1.6.2].
2020-02-28 11:26:09.335 [ localhost-startStop-1 ] - [ INFO  ] [ org.apache.catalina.core.AprLifecycleListener : 180 ] -
        APR capabilities: IPv6 [true], sendfile [true], accept filters [false], random [true].
2020-02-28 11:26:09.335 [ localhost-startStop-1 ] - [ INFO  ] [ org.apache.catalina.core.AprLifecycleListener : 180 ] -
        APR/OpenSSL configuration: useAprConnector [false], useOpenSSL [true]
2020-02-28 11:26:10.416 [ localhost-startStop-1 ] - [ INFO  ] [ org.apache.catalina.core.AprLifecycleListener : 180 ] -
        OpenSSL successfully initialized [OpenSSL 1.0.2l  25 May 2017]
2020-02-28 11:26:10.784 [ localhost-startStop-1 ] - [ INFO  ] [ org.apache.jasper.servlet.TldScanner : 180 ] -
        At least one JAR was scanned for TLDs yet contained no TLDs. Enable debug logging for this logger for a complete list of JARs that were scanned but no TLDs were found in them. Skipping unneeded JARs during scanning can improve startup time and JSP compilation time.
2020-02-28 11:26:10.790 [ localhost-startStop-1 ] - [ INFO  ] [ o.a.c.core.ContainerBase.[Tomcat].[localhost].[/] : 180 ] -
        Initializing Spring embedded WebApplicationContext
2020-02-28 11:26:12.395 [ restartedMain ] - [ INFO  ] [ s.d.s.w.PropertySourcedRequestMappingHandlerMapping : 69 ] -
        Mapped URL path [/v2/api-docs] onto method [public org.springframework.http.ResponseEntity<springfox.documentation.spring.web.json.Json> springfox.documentation.swagger2.web.Swagger2Controller.getDocumentation(java.lang.String,javax.servlet.http.HttpServletRequest)]
2020-02-28 11:26:14.077 [ restartedMain ] - [ INFO  ] [ s.d.s.web.plugins.DocumentationPluginsBootstrapper : 147 ] -
        Context refreshed
2020-02-28 11:26:14.108 [ restartedMain ] - [ INFO  ] [ s.d.s.web.plugins.DocumentationPluginsBootstrapper : 150 ] -
        Found 1 custom documentation plugin(s)
2020-02-28 11:26:14.162 [ restartedMain ] - [ INFO  ] [ s.d.spring.web.scanners.ApiListingReferenceScanner : 41 ] -
        Scanning for api listing references
2020-02-28 11:26:14.756 [ restartedMain ] - [ INFO  ] [ s.d.s.w.r.operation.CachingOperationNameGenerator : 40 ] -
        Generating unique operation named: addGoodsImgUsingPOST_1
2020-02-28 11:26:15.318 [ restartedMain ] - [ INFO  ] [ org.apache.coyote.http11.Http11NioProtocol : 180 ] -
        Starting ProtocolHandler ["http-nio-8081"]
2020-02-28 11:26:15.335 [ restartedMain ] - [ INFO  ] [ org.apache.tomcat.util.net.NioSelectorPool : 180 ] -
        Using a shared selector for servlet write/read
2020-02-28 11:26:15.376 [ restartedMain ] - [ INFO  ] [ com.dongtech.SpringbootJspApplication : 59 ] -
        Started SpringbootJspApplication in 10.241 seconds (JVM running for 14.387)
2020-02-28 11:26:17.756 [ http-nio-8081-exec-1 ] - [ INFO  ] [ o.a.c.core.ContainerBase.[Tomcat].[localhost].[/] : 180 ] -
        Initializing Spring FrameworkServlet 'dispatcherServlet'
2020-02-28 11:28:29.562 [ http-nio-8081-exec-3 ] - [ INFO  ] [ com.dongtech.bs.interceptor.LoginInterceptor : 26 ] -
        ==========登录验证状态拦截================
2020-02-28 11:28:29.779 [ http-nio-8081-exec-3 ] - [ INFO  ] [ com.dongtech.bs.interceptor.LoginInterceptor : 27 ] -
        是否通过验证：》》》《《《《《true
2020-02-28 11:28:29.980 [ http-nio-8081-exec-3 ] - [ INFO  ] [ com.dongtech.bs.interceptor.LoginInterceptor : 34 ] -
        sessionId为：5280E7C0BB8BDD69D0F12AFB3399D715
2020-02-28 11:28:29.981 [ http-nio-8081-exec-3 ] - [ INFO  ] [ com.dongtech.bs.interceptor.LoginInterceptor : 44 ] -
        已经登录过啦，用户信息为：UserEntity(id=4, name=admin, age=16, sex=    女, passWord=123456)
2020-02-28 11:28:30.449 [ http-nio-8081-exec-2 ] - [ INFO  ] [ com.dongtech.bs.interceptor.LoginInterceptor : 26 ] -
        ==========登录验证状态拦截================
2020-02-28 11:28:30.706 [ http-nio-8081-exec-2 ] - [ INFO  ] [ com.dongtech.bs.interceptor.LoginInterceptor : 27 ] -
        是否通过验证：》》》《《《《《true
2020-02-28 11:28:30.911 [ http-nio-8081-exec-2 ] - [ INFO  ] [ com.dongtech.bs.interceptor.LoginInterceptor : 34 ] -
        sessionId为：5280E7C0BB8BDD69D0F12AFB3399D715
2020-02-28 11:28:30.912 [ http-nio-8081-exec-2 ] - [ INFO  ] [ com.dongtech.bs.interceptor.LoginInterceptor : 44 ] -
        已经登录过啦，用户信息为：UserEntity(id=4, name=admin, age=16, sex=    女, passWord=123456)
2020-02-28 11:28:31.770 [ http-nio-8081-exec-2 ] - [ INFO  ] [ com.dongtech.bs.interceptor.LoginInterceptor : 26 ] -
        ==========登录验证状态拦截================
2020-02-28 11:28:31.999 [ http-nio-8081-exec-2 ] - [ INFO  ] [ com.dongtech.bs.interceptor.LoginInterceptor : 27 ] -
        是否通过验证：》》》《《《《《true
2020-02-28 11:28:32.183 [ http-nio-8081-exec-2 ] - [ INFO  ] [ com.dongtech.bs.interceptor.LoginInterceptor : 34 ] -
        sessionId为：5280E7C0BB8BDD69D0F12AFB3399D715
2020-02-28 11:28:32.184 [ http-nio-8081-exec-2 ] - [ INFO  ] [ com.dongtech.bs.interceptor.LoginInterceptor : 44 ] -
        已经登录过啦，用户信息为：UserEntity(id=4, name=admin, age=16, sex=    女, passWord=123456)
2020-02-28 11:28:33.020 [ http-nio-8081-exec-8 ] - [ INFO  ] [ com.dongtech.bs.interceptor.LoginInterceptor : 26 ] -
        ==========登录验证状态拦截================
2020-02-28 11:28:33.227 [ http-nio-8081-exec-8 ] - [ INFO  ] [ com.dongtech.bs.interceptor.LoginInterceptor : 27 ] -
        是否通过验证：》》》《《《《《true
2020-02-28 11:28:33.442 [ http-nio-8081-exec-8 ] - [ INFO  ] [ com.dongtech.bs.interceptor.LoginInterceptor : 34 ] -
        sessionId为：5280E7C0BB8BDD69D0F12AFB3399D715
2020-02-28 11:28:33.442 [ http-nio-8081-exec-8 ] - [ INFO  ] [ com.dongtech.bs.interceptor.LoginInterceptor : 44 ] -
        已经登录过啦，用户信息为：UserEntity(id=4, name=admin, age=16, sex=    女, passWord=123456)
2020-02-28 11:28:38.391 [ http-nio-8081-exec-4 ] - [ INFO  ] [ com.dongtech.bs.interceptor.LoginInterceptor : 26 ] -
        ==========登录验证状态拦截================
2020-02-28 11:28:38.586 [ http-nio-8081-exec-4 ] - [ INFO  ] [ com.dongtech.bs.interceptor.LoginInterceptor : 27 ] -
        是否通过验证：》》》《《《《《true
2020-02-28 11:28:38.770 [ http-nio-8081-exec-4 ] - [ INFO  ] [ com.dongtech.bs.interceptor.LoginInterceptor : 34 ] -
        sessionId为：5280E7C0BB8BDD69D0F12AFB3399D715
2020-02-28 11:28:38.771 [ http-nio-8081-exec-4 ] - [ INFO  ] [ com.dongtech.bs.interceptor.LoginInterceptor : 44 ] -
        已经登录过啦，用户信息为：UserEntity(id=4, name=admin, age=16, sex=    女, passWord=123456)
2020-02-28 11:28:39.207 [ http-nio-8081-exec-6 ] - [ INFO  ] [ com.dongtech.bs.interceptor.LoginInterceptor : 26 ] -
        ==========登录验证状态拦截================
2020-02-28 11:28:39.416 [ http-nio-8081-exec-6 ] - [ INFO  ] [ com.dongtech.bs.interceptor.LoginInterceptor : 27 ] -
        是否通过验证：》》》《《《《《true
2020-02-28 11:28:39.627 [ http-nio-8081-exec-6 ] - [ INFO  ] [ com.dongtech.bs.interceptor.LoginInterceptor : 34 ] -
        sessionId为：5280E7C0BB8BDD69D0F12AFB3399D715
2020-02-28 11:28:39.627 [ http-nio-8081-exec-6 ] - [ INFO  ] [ com.dongtech.bs.interceptor.LoginInterceptor : 44 ] -
        已经登录过啦，用户信息为：UserEntity(id=4, name=admin, age=16, sex=    女, passWord=123456)
2020-02-28 11:28:52.461 [ http-nio-8081-exec-2 ] - [ INFO  ] [ com.dongtech.bs.interceptor.LoginInterceptor : 26 ] -
        ==========登录验证状态拦截================
2020-02-28 11:28:52.747 [ http-nio-8081-exec-2 ] - [ INFO  ] [ com.dongtech.bs.interceptor.LoginInterceptor : 27 ] -
        是否通过验证：》》》《《《《《true
2020-02-28 11:28:52.942 [ http-nio-8081-exec-2 ] - [ INFO  ] [ com.dongtech.bs.interceptor.LoginInterceptor : 34 ] -
        sessionId为：5280E7C0BB8BDD69D0F12AFB3399D715
2020-02-28 11:28:52.942 [ http-nio-8081-exec-2 ] - [ INFO  ] [ com.dongtech.bs.interceptor.LoginInterceptor : 44 ] -
        已经登录过啦，用户信息为：UserEntity(id=4, name=admin, age=16, sex=    女, passWord=123456)
2020-02-28 11:28:56.332 [ http-nio-8081-exec-8 ] - [ INFO  ] [ com.dongtech.bs.interceptor.LoginInterceptor : 26 ] -
        ==========登录验证状态拦截================
2020-02-28 11:28:56.512 [ http-nio-8081-exec-8 ] - [ INFO  ] [ com.dongtech.bs.interceptor.LoginInterceptor : 27 ] -
        是否通过验证：》》》《《《《《true
2020-02-28 11:28:56.711 [ http-nio-8081-exec-8 ] - [ INFO  ] [ com.dongtech.bs.interceptor.LoginInterceptor : 34 ] -
        sessionId为：5280E7C0BB8BDD69D0F12AFB3399D715
2020-02-28 11:28:56.711 [ http-nio-8081-exec-8 ] - [ INFO  ] [ com.dongtech.bs.interceptor.LoginInterceptor : 44 ] -
        已经登录过啦，用户信息为：UserEntity(id=4, name=admin, age=16, sex=    女, passWord=123456)
2020-02-28 11:28:56.989 [ http-nio-8081-exec-9 ] - [ INFO  ] [ com.dongtech.bs.interceptor.LoginInterceptor : 26 ] -
        ==========登录验证状态拦截================
2020-02-28 11:28:57.215 [ http-nio-8081-exec-9 ] - [ INFO  ] [ com.dongtech.bs.interceptor.LoginInterceptor : 27 ] -
        是否通过验证：》》》《《《《《true
2020-02-28 11:28:57.423 [ http-nio-8081-exec-9 ] - [ INFO  ] [ com.dongtech.bs.interceptor.LoginInterceptor : 34 ] -
        sessionId为：5280E7C0BB8BDD69D0F12AFB3399D715
2020-02-28 11:28:57.424 [ http-nio-8081-exec-9 ] - [ INFO  ] [ com.dongtech.bs.interceptor.LoginInterceptor : 44 ] -
        已经登录过啦，用户信息为：UserEntity(id=4, name=admin, age=16, sex=    女, passWord=123456)
2020-02-28 11:29:03.906 [ http-nio-8081-exec-6 ] - [ INFO  ] [ com.dongtech.bs.interceptor.LoginInterceptor : 26 ] -
        ==========登录验证状态拦截================
2020-02-28 11:29:04.153 [ http-nio-8081-exec-6 ] - [ INFO  ] [ com.dongtech.bs.interceptor.LoginInterceptor : 27 ] -
        是否通过验证：》》》《《《《《true
2020-02-28 11:29:04.375 [ http-nio-8081-exec-6 ] - [ INFO  ] [ com.dongtech.bs.interceptor.LoginInterceptor : 34 ] -
        sessionId为：5280E7C0BB8BDD69D0F12AFB3399D715
2020-02-28 11:29:04.375 [ http-nio-8081-exec-6 ] - [ INFO  ] [ com.dongtech.bs.interceptor.LoginInterceptor : 44 ] -
        已经登录过啦，用户信息为：UserEntity(id=4, name=admin, age=16, sex=    女, passWord=123456)
2020-02-28 11:43:41.334 [ http-nio-8081-exec-3 ] - [ INFO  ] [ com.dongtech.bs.interceptor.LoginInterceptor : 26 ] -
        ==========登录验证状态拦截================
2020-02-28 11:43:41.545 [ http-nio-8081-exec-3 ] - [ INFO  ] [ com.dongtech.bs.interceptor.LoginInterceptor : 27 ] -
        是否通过验证：》》》《《《《《true
2020-02-28 11:43:41.739 [ http-nio-8081-exec-3 ] - [ INFO  ] [ com.dongtech.bs.interceptor.LoginInterceptor : 34 ] -
        sessionId为：5280E7C0BB8BDD69D0F12AFB3399D715
2020-02-28 11:43:41.739 [ http-nio-8081-exec-3 ] - [ INFO  ] [ com.dongtech.bs.interceptor.LoginInterceptor : 44 ] -
        已经登录过啦，用户信息为：UserEntity(id=4, name=admin, age=16, sex=    女, passWord=123456)
2020-02-28 11:43:42.152 [ http-nio-8081-exec-5 ] - [ INFO  ] [ com.dongtech.bs.interceptor.LoginInterceptor : 26 ] -
        ==========登录验证状态拦截================
2020-02-28 11:43:42.371 [ http-nio-8081-exec-5 ] - [ INFO  ] [ com.dongtech.bs.interceptor.LoginInterceptor : 27 ] -
        是否通过验证：》》》《《《《《true
2020-02-28 11:43:42.561 [ http-nio-8081-exec-5 ] - [ INFO  ] [ com.dongtech.bs.interceptor.LoginInterceptor : 34 ] -
        sessionId为：5280E7C0BB8BDD69D0F12AFB3399D715
2020-02-28 11:43:42.562 [ http-nio-8081-exec-5 ] - [ INFO  ] [ com.dongtech.bs.interceptor.LoginInterceptor : 44 ] -
        已经登录过啦，用户信息为：UserEntity(id=4, name=admin, age=16, sex=    女, passWord=123456)
2020-02-28 11:43:43.379 [ http-nio-8081-exec-3 ] - [ INFO  ] [ com.dongtech.bs.interceptor.LoginInterceptor : 26 ] -
        ==========登录验证状态拦截================
2020-02-28 11:43:43.606 [ http-nio-8081-exec-3 ] - [ INFO  ] [ com.dongtech.bs.interceptor.LoginInterceptor : 27 ] -
        是否通过验证：》》》《《《《《true
2020-02-28 11:43:43.949 [ http-nio-8081-exec-3 ] - [ INFO  ] [ com.dongtech.bs.interceptor.LoginInterceptor : 34 ] -
        sessionId为：5280E7C0BB8BDD69D0F12AFB3399D715
2020-02-28 11:43:43.950 [ http-nio-8081-exec-3 ] - [ INFO  ] [ com.dongtech.bs.interceptor.LoginInterceptor : 44 ] -
        已经登录过啦，用户信息为：UserEntity(id=4, name=admin, age=16, sex=    女, passWord=123456)
2020-02-28 11:43:54.525 [ http-nio-8081-exec-9 ] - [ INFO  ] [ com.dongtech.bs.interceptor.LoginInterceptor : 26 ] -
        ==========登录验证状态拦截================
2020-02-28 11:43:54.736 [ http-nio-8081-exec-9 ] - [ INFO  ] [ com.dongtech.bs.interceptor.LoginInterceptor : 27 ] -
        是否通过验证：》》》《《《《《true
2020-02-28 11:43:54.929 [ http-nio-8081-exec-9 ] - [ INFO  ] [ com.dongtech.bs.interceptor.LoginInterceptor : 34 ] -
        sessionId为：5280E7C0BB8BDD69D0F12AFB3399D715
2020-02-28 11:43:54.929 [ http-nio-8081-exec-9 ] - [ INFO  ] [ com.dongtech.bs.interceptor.LoginInterceptor : 44 ] -
        已经登录过啦，用户信息为：UserEntity(id=4, name=admin, age=16, sex=    女, passWord=123456)
2020-02-28 11:43:55.422 [ http-nio-8081-exec-7 ] - [ INFO  ] [ com.dongtech.bs.interceptor.LoginInterceptor : 26 ] -
        ==========登录验证状态拦截================
2020-02-28 11:43:55.641 [ http-nio-8081-exec-7 ] - [ INFO  ] [ com.dongtech.bs.interceptor.LoginInterceptor : 27 ] -
        是否通过验证：》》》《《《《《true
2020-02-28 11:43:55.835 [ http-nio-8081-exec-7 ] - [ INFO  ] [ com.dongtech.bs.interceptor.LoginInterceptor : 34 ] -
        sessionId为：5280E7C0BB8BDD69D0F12AFB3399D715
2020-02-28 11:43:55.836 [ http-nio-8081-exec-7 ] - [ INFO  ] [ com.dongtech.bs.interceptor.LoginInterceptor : 44 ] -
        已经登录过啦，用户信息为：UserEntity(id=4, name=admin, age=16, sex=    女, passWord=123456)
2020-02-28 11:46:04.283 [ http-nio-8081-exec-10 ] - [ INFO  ] [ com.dongtech.bs.interceptor.LoginInterceptor : 26 ] -
        ==========登录验证状态拦截================
2020-02-28 11:46:04.478 [ http-nio-8081-exec-10 ] - [ INFO  ] [ com.dongtech.bs.interceptor.LoginInterceptor : 27 ] -
        是否通过验证：》》》《《《《《true
2020-02-28 11:46:04.813 [ http-nio-8081-exec-10 ] - [ INFO  ] [ com.dongtech.bs.interceptor.LoginInterceptor : 34 ] -
        sessionId为：5280E7C0BB8BDD69D0F12AFB3399D715
2020-02-28 11:46:04.813 [ http-nio-8081-exec-10 ] - [ INFO  ] [ com.dongtech.bs.interceptor.LoginInterceptor : 44 ] -
        已经登录过啦，用户信息为：UserEntity(id=4, name=admin, age=16, sex=    女, passWord=123456)
2020-02-28 11:46:05.117 [ http-nio-8081-exec-3 ] - [ INFO  ] [ com.dongtech.bs.interceptor.LoginInterceptor : 26 ] -
        ==========登录验证状态拦截================
2020-02-28 11:46:05.364 [ http-nio-8081-exec-3 ] - [ INFO  ] [ com.dongtech.bs.interceptor.LoginInterceptor : 27 ] -
        是否通过验证：》》》《《《《《true
2020-02-28 11:46:05.558 [ http-nio-8081-exec-3 ] - [ INFO  ] [ com.dongtech.bs.interceptor.LoginInterceptor : 34 ] -
        sessionId为：5280E7C0BB8BDD69D0F12AFB3399D715
2020-02-28 11:46:05.559 [ http-nio-8081-exec-3 ] - [ INFO  ] [ com.dongtech.bs.interceptor.LoginInterceptor : 44 ] -
        已经登录过啦，用户信息为：UserEntity(id=4, name=admin, age=16, sex=    女, passWord=123456)
2020-02-28 11:49:03.929 [ http-nio-8081-exec-7 ] - [ INFO  ] [ com.dongtech.bs.interceptor.LoginInterceptor : 26 ] -
        ==========登录验证状态拦截================
2020-02-28 11:49:04.142 [ http-nio-8081-exec-7 ] - [ INFO  ] [ com.dongtech.bs.interceptor.LoginInterceptor : 27 ] -
        是否通过验证：》》》《《《《《true
2020-02-28 11:49:04.324 [ http-nio-8081-exec-7 ] - [ INFO  ] [ com.dongtech.bs.interceptor.LoginInterceptor : 34 ] -
        sessionId为：5280E7C0BB8BDD69D0F12AFB3399D715
2020-02-28 11:49:04.325 [ http-nio-8081-exec-7 ] - [ INFO  ] [ com.dongtech.bs.interceptor.LoginInterceptor : 44 ] -
        已经登录过啦，用户信息为：UserEntity(id=4, name=admin, age=16, sex=    女, passWord=123456)
2020-02-28 11:49:04.677 [ http-nio-8081-exec-1 ] - [ INFO  ] [ com.dongtech.bs.interceptor.LoginInterceptor : 26 ] -
        ==========登录验证状态拦截================
2020-02-28 11:49:04.932 [ http-nio-8081-exec-1 ] - [ INFO  ] [ com.dongtech.bs.interceptor.LoginInterceptor : 27 ] -
        是否通过验证：》》》《《《《《true
2020-02-28 11:49:05.126 [ http-nio-8081-exec-1 ] - [ INFO  ] [ com.dongtech.bs.interceptor.LoginInterceptor : 34 ] -
        sessionId为：5280E7C0BB8BDD69D0F12AFB3399D715
2020-02-28 11:49:05.127 [ http-nio-8081-exec-1 ] - [ INFO  ] [ com.dongtech.bs.interceptor.LoginInterceptor : 44 ] -
        已经登录过啦，用户信息为：UserEntity(id=4, name=admin, age=16, sex=    女, passWord=123456)
2020-02-28 11:53:45.392 [ http-nio-8081-exec-3 ] - [ INFO  ] [ com.dongtech.bs.interceptor.LoginInterceptor : 26 ] -
        ==========登录验证状态拦截================
2020-02-28 11:53:45.615 [ http-nio-8081-exec-3 ] - [ INFO  ] [ com.dongtech.bs.interceptor.LoginInterceptor : 27 ] -
        是否通过验证：》》》《《《《《true
2020-02-28 11:53:45.812 [ http-nio-8081-exec-3 ] - [ INFO  ] [ com.dongtech.bs.interceptor.LoginInterceptor : 34 ] -
        sessionId为：5280E7C0BB8BDD69D0F12AFB3399D715
2020-02-28 11:53:45.812 [ http-nio-8081-exec-3 ] - [ INFO  ] [ com.dongtech.bs.interceptor.LoginInterceptor : 44 ] -
        已经登录过啦，用户信息为：UserEntity(id=4, name=admin, age=16, sex=    女, passWord=123456)
2020-02-28 11:53:46.148 [ http-nio-8081-exec-8 ] - [ INFO  ] [ com.dongtech.bs.interceptor.LoginInterceptor : 26 ] -
        ==========登录验证状态拦截================
2020-02-28 11:53:46.383 [ http-nio-8081-exec-8 ] - [ INFO  ] [ com.dongtech.bs.interceptor.LoginInterceptor : 27 ] -
        是否通过验证：》》》《《《《《true
2020-02-28 11:53:46.594 [ http-nio-8081-exec-8 ] - [ INFO  ] [ com.dongtech.bs.interceptor.LoginInterceptor : 34 ] -
        sessionId为：5280E7C0BB8BDD69D0F12AFB3399D715
2020-02-28 11:53:46.594 [ http-nio-8081-exec-8 ] - [ INFO  ] [ com.dongtech.bs.interceptor.LoginInterceptor : 44 ] -
        已经登录过啦，用户信息为：UserEntity(id=4, name=admin, age=16, sex=    女, passWord=123456)
2020-02-28 11:56:25.052 [ http-nio-8081-exec-1 ] - [ INFO  ] [ com.dongtech.bs.interceptor.LoginInterceptor : 26 ] -
        ==========登录验证状态拦截================
2020-02-28 11:56:25.273 [ http-nio-8081-exec-1 ] - [ INFO  ] [ com.dongtech.bs.interceptor.LoginInterceptor : 27 ] -
        是否通过验证：》》》《《《《《true
2020-02-28 11:56:25.458 [ http-nio-8081-exec-1 ] - [ INFO  ] [ com.dongtech.bs.interceptor.LoginInterceptor : 34 ] -
        sessionId为：5280E7C0BB8BDD69D0F12AFB3399D715
2020-02-28 11:56:25.458 [ http-nio-8081-exec-1 ] - [ INFO  ] [ com.dongtech.bs.interceptor.LoginInterceptor : 44 ] -
        已经登录过啦，用户信息为：UserEntity(id=4, name=admin, age=16, sex=    女, passWord=123456)
2020-02-28 11:56:25.922 [ http-nio-8081-exec-2 ] - [ INFO  ] [ com.dongtech.bs.interceptor.LoginInterceptor : 26 ] -
        ==========登录验证状态拦截================
2020-02-28 11:56:26.203 [ http-nio-8081-exec-2 ] - [ INFO  ] [ com.dongtech.bs.interceptor.LoginInterceptor : 27 ] -
        是否通过验证：》》》《《《《《true
2020-02-28 11:56:26.434 [ http-nio-8081-exec-2 ] - [ INFO  ] [ com.dongtech.bs.interceptor.LoginInterceptor : 34 ] -
        sessionId为：5280E7C0BB8BDD69D0F12AFB3399D715
2020-02-28 11:56:26.435 [ http-nio-8081-exec-2 ] - [ INFO  ] [ com.dongtech.bs.interceptor.LoginInterceptor : 44 ] -
        已经登录过啦，用户信息为：UserEntity(id=4, name=admin, age=16, sex=    女, passWord=123456)
2020-02-28 11:56:57.363 [ http-nio-8081-exec-7 ] - [ INFO  ] [ com.dongtech.bs.interceptor.LoginInterceptor : 26 ] -
        ==========登录验证状态拦截================
2020-02-28 11:56:57.599 [ http-nio-8081-exec-7 ] - [ INFO  ] [ com.dongtech.bs.interceptor.LoginInterceptor : 27 ] -
        是否通过验证：》》》《《《《《true
2020-02-28 11:56:57.829 [ http-nio-8081-exec-7 ] - [ INFO  ] [ com.dongtech.bs.interceptor.LoginInterceptor : 34 ] -
        sessionId为：5280E7C0BB8BDD69D0F12AFB3399D715
2020-02-28 11:56:57.830 [ http-nio-8081-exec-7 ] - [ INFO  ] [ com.dongtech.bs.interceptor.LoginInterceptor : 44 ] -
        已经登录过啦，用户信息为：UserEntity(id=4, name=admin, age=16, sex=    女, passWord=123456)
2020-02-28 11:56:58.123 [ http-nio-8081-exec-8 ] - [ INFO  ] [ com.dongtech.bs.interceptor.LoginInterceptor : 26 ] -
        ==========登录验证状态拦截================
2020-02-28 11:56:58.379 [ http-nio-8081-exec-8 ] - [ INFO  ] [ com.dongtech.bs.interceptor.LoginInterceptor : 27 ] -
        是否通过验证：》》》《《《《《true
2020-02-28 11:56:58.588 [ http-nio-8081-exec-8 ] - [ INFO  ] [ com.dongtech.bs.interceptor.LoginInterceptor : 34 ] -
        sessionId为：5280E7C0BB8BDD69D0F12AFB3399D715
2020-02-28 11:56:58.589 [ http-nio-8081-exec-8 ] - [ INFO  ] [ com.dongtech.bs.interceptor.LoginInterceptor : 44 ] -
        已经登录过啦，用户信息为：UserEntity(id=4, name=admin, age=16, sex=    女, passWord=123456)
2020-02-28 11:58:03.717 [ http-nio-8081-exec-3 ] - [ INFO  ] [ com.dongtech.bs.interceptor.LoginInterceptor : 26 ] -
        ==========登录验证状态拦截================
2020-02-28 11:58:03.953 [ http-nio-8081-exec-3 ] - [ INFO  ] [ com.dongtech.bs.interceptor.LoginInterceptor : 27 ] -
        是否通过验证：》》》《《《《《true
2020-02-28 11:58:04.151 [ http-nio-8081-exec-3 ] - [ INFO  ] [ com.dongtech.bs.interceptor.LoginInterceptor : 34 ] -
        sessionId为：5280E7C0BB8BDD69D0F12AFB3399D715
2020-02-28 11:58:04.152 [ http-nio-8081-exec-3 ] - [ INFO  ] [ com.dongtech.bs.interceptor.LoginInterceptor : 44 ] -
        已经登录过啦，用户信息为：UserEntity(id=4, name=admin, age=16, sex=    女, passWord=123456)
2020-02-28 11:58:04.705 [ http-nio-8081-exec-2 ] - [ INFO  ] [ com.dongtech.bs.interceptor.LoginInterceptor : 26 ] -
        ==========登录验证状态拦截================
2020-02-28 11:58:05.017 [ http-nio-8081-exec-2 ] - [ INFO  ] [ com.dongtech.bs.interceptor.LoginInterceptor : 27 ] -
        是否通过验证：》》》《《《《《true
2020-02-28 11:58:05.218 [ http-nio-8081-exec-2 ] - [ INFO  ] [ com.dongtech.bs.interceptor.LoginInterceptor : 34 ] -
        sessionId为：5280E7C0BB8BDD69D0F12AFB3399D715
2020-02-28 11:58:05.218 [ http-nio-8081-exec-2 ] - [ INFO  ] [ com.dongtech.bs.interceptor.LoginInterceptor : 44 ] -
        已经登录过啦，用户信息为：UserEntity(id=4, name=admin, age=16, sex=    女, passWord=123456)
2020-02-28 11:58:17.415 [ http-nio-8081-exec-10 ] - [ INFO  ] [ com.dongtech.bs.interceptor.LoginInterceptor : 26 ] -
        ==========登录验证状态拦截================
2020-02-28 11:58:17.615 [ http-nio-8081-exec-10 ] - [ INFO  ] [ com.dongtech.bs.interceptor.LoginInterceptor : 27 ] -
        是否通过验证：》》》《《《《《true
2020-02-28 11:58:17.852 [ http-nio-8081-exec-10 ] - [ INFO  ] [ com.dongtech.bs.interceptor.LoginInterceptor : 34 ] -
        sessionId为：5280E7C0BB8BDD69D0F12AFB3399D715
2020-02-28 11:58:17.853 [ http-nio-8081-exec-10 ] - [ INFO  ] [ com.dongtech.bs.interceptor.LoginInterceptor : 44 ] -
        已经登录过啦，用户信息为：UserEntity(id=4, name=admin, age=16, sex=    女, passWord=123456)
2020-02-28 11:58:18.238 [ http-nio-8081-exec-2 ] - [ INFO  ] [ com.dongtech.bs.interceptor.LoginInterceptor : 26 ] -
        ==========登录验证状态拦截================
2020-02-28 11:58:18.450 [ http-nio-8081-exec-2 ] - [ INFO  ] [ com.dongtech.bs.interceptor.LoginInterceptor : 27 ] -
        是否通过验证：》》》《《《《《true
2020-02-28 11:58:18.651 [ http-nio-8081-exec-2 ] - [ INFO  ] [ com.dongtech.bs.interceptor.LoginInterceptor : 34 ] -
        sessionId为：5280E7C0BB8BDD69D0F12AFB3399D715
2020-02-28 11:58:18.651 [ http-nio-8081-exec-2 ] - [ INFO  ] [ com.dongtech.bs.interceptor.LoginInterceptor : 44 ] -
        已经登录过啦，用户信息为：UserEntity(id=4, name=admin, age=16, sex=    女, passWord=123456)
2020-02-28 11:58:19.407 [ http-nio-8081-exec-10 ] - [ INFO  ] [ com.dongtech.bs.interceptor.LoginInterceptor : 26 ] -
        ==========登录验证状态拦截================
2020-02-28 11:58:19.690 [ http-nio-8081-exec-10 ] - [ INFO  ] [ com.dongtech.bs.interceptor.LoginInterceptor : 27 ] -
        是否通过验证：》》》《《《《《true
2020-02-28 11:58:19.981 [ http-nio-8081-exec-10 ] - [ INFO  ] [ com.dongtech.bs.interceptor.LoginInterceptor : 34 ] -
        sessionId为：5280E7C0BB8BDD69D0F12AFB3399D715
2020-02-28 11:58:19.982 [ http-nio-8081-exec-10 ] - [ INFO  ] [ com.dongtech.bs.interceptor.LoginInterceptor : 44 ] -
        已经登录过啦，用户信息为：UserEntity(id=4, name=admin, age=16, sex=    女, passWord=123456)
2020-02-28 11:58:29.276 [ http-nio-8081-exec-5 ] - [ INFO  ] [ com.dongtech.bs.interceptor.LoginInterceptor : 26 ] -
        ==========登录验证状态拦截================
2020-02-28 11:58:29.482 [ http-nio-8081-exec-5 ] - [ INFO  ] [ com.dongtech.bs.interceptor.LoginInterceptor : 27 ] -
        是否通过验证：》》》《《《《《true
2020-02-28 11:58:29.676 [ http-nio-8081-exec-5 ] - [ INFO  ] [ com.dongtech.bs.interceptor.LoginInterceptor : 34 ] -
        sessionId为：5280E7C0BB8BDD69D0F12AFB3399D715
2020-02-28 11:58:29.677 [ http-nio-8081-exec-5 ] - [ INFO  ] [ com.dongtech.bs.interceptor.LoginInterceptor : 44 ] -
        已经登录过啦，用户信息为：UserEntity(id=4, name=admin, age=16, sex=    女, passWord=123456)
2020-02-28 11:58:30.076 [ http-nio-8081-exec-10 ] - [ INFO  ] [ com.dongtech.bs.interceptor.LoginInterceptor : 26 ] -
        ==========登录验证状态拦截================
2020-02-28 11:58:30.338 [ http-nio-8081-exec-10 ] - [ INFO  ] [ com.dongtech.bs.interceptor.LoginInterceptor : 27 ] -
        是否通过验证：》》》《《《《《true
2020-02-28 11:58:30.546 [ http-nio-8081-exec-10 ] - [ INFO  ] [ com.dongtech.bs.interceptor.LoginInterceptor : 34 ] -
        sessionId为：5280E7C0BB8BDD69D0F12AFB3399D715
2020-02-28 11:58:30.546 [ http-nio-8081-exec-10 ] - [ INFO  ] [ com.dongtech.bs.interceptor.LoginInterceptor : 44 ] -
        已经登录过啦，用户信息为：UserEntity(id=4, name=admin, age=16, sex=    女, passWord=123456)
2020-02-28 11:58:31.324 [ http-nio-8081-exec-5 ] - [ INFO  ] [ com.dongtech.bs.interceptor.LoginInterceptor : 26 ] -
        ==========登录验证状态拦截================
2020-02-28 11:58:31.576 [ http-nio-8081-exec-5 ] - [ INFO  ] [ com.dongtech.bs.interceptor.LoginInterceptor : 27 ] -
        是否通过验证：》》》《《《《《true
2020-02-28 11:58:31.817 [ http-nio-8081-exec-5 ] - [ INFO  ] [ com.dongtech.bs.interceptor.LoginInterceptor : 34 ] -
        sessionId为：5280E7C0BB8BDD69D0F12AFB3399D715
2020-02-28 11:58:31.817 [ http-nio-8081-exec-5 ] - [ INFO  ] [ com.dongtech.bs.interceptor.LoginInterceptor : 44 ] -
        已经登录过啦，用户信息为：UserEntity(id=4, name=admin, age=16, sex=    女, passWord=123456)
2020-02-28 11:58:44.821 [ http-nio-8081-exec-1 ] - [ INFO  ] [ com.dongtech.bs.interceptor.LoginInterceptor : 26 ] -
        ==========登录验证状态拦截================
2020-02-28 11:58:45.030 [ http-nio-8081-exec-1 ] - [ INFO  ] [ com.dongtech.bs.interceptor.LoginInterceptor : 27 ] -
        是否通过验证：》》》《《《《《true
2020-02-28 11:58:45.257 [ http-nio-8081-exec-1 ] - [ INFO  ] [ com.dongtech.bs.interceptor.LoginInterceptor : 34 ] -
        sessionId为：5280E7C0BB8BDD69D0F12AFB3399D715
2020-02-28 11:58:45.257 [ http-nio-8081-exec-1 ] - [ INFO  ] [ com.dongtech.bs.interceptor.LoginInterceptor : 44 ] -
        已经登录过啦，用户信息为：UserEntity(id=4, name=admin, age=16, sex=    女, passWord=123456)
2020-02-28 11:58:45.633 [ http-nio-8081-exec-5 ] - [ INFO  ] [ com.dongtech.bs.interceptor.LoginInterceptor : 26 ] -
        ==========登录验证状态拦截================
2020-02-28 11:58:45.861 [ http-nio-8081-exec-5 ] - [ INFO  ] [ com.dongtech.bs.interceptor.LoginInterceptor : 27 ] -
        是否通过验证：》》》《《《《《true
2020-02-28 11:58:46.062 [ http-nio-8081-exec-5 ] - [ INFO  ] [ com.dongtech.bs.interceptor.LoginInterceptor : 34 ] -
        sessionId为：5280E7C0BB8BDD69D0F12AFB3399D715
2020-02-28 11:58:46.062 [ http-nio-8081-exec-5 ] - [ INFO  ] [ com.dongtech.bs.interceptor.LoginInterceptor : 44 ] -
        已经登录过啦，用户信息为：UserEntity(id=4, name=admin, age=16, sex=    女, passWord=123456)
2020-02-28 11:58:46.759 [ http-nio-8081-exec-1 ] - [ INFO  ] [ com.dongtech.bs.interceptor.LoginInterceptor : 26 ] -
        ==========登录验证状态拦截================
2020-02-28 11:58:46.996 [ http-nio-8081-exec-1 ] - [ INFO  ] [ com.dongtech.bs.interceptor.LoginInterceptor : 27 ] -
        是否通过验证：》》》《《《《《true
2020-02-28 11:58:47.247 [ http-nio-8081-exec-1 ] - [ INFO  ] [ com.dongtech.bs.interceptor.LoginInterceptor : 34 ] -
        sessionId为：5280E7C0BB8BDD69D0F12AFB3399D715
2020-02-28 11:58:47.248 [ http-nio-8081-exec-1 ] - [ INFO  ] [ com.dongtech.bs.interceptor.LoginInterceptor : 44 ] -
        已经登录过啦，用户信息为：UserEntity(id=4, name=admin, age=16, sex=    女, passWord=123456)
2020-02-28 11:58:51.948 [ http-nio-8081-exec-9 ] - [ INFO  ] [ com.dongtech.bs.interceptor.LoginInterceptor : 26 ] -
        ==========登录验证状态拦截================
2020-02-28 11:58:52.148 [ http-nio-8081-exec-9 ] - [ INFO  ] [ com.dongtech.bs.interceptor.LoginInterceptor : 27 ] -
        是否通过验证：》》》《《《《《true
2020-02-28 11:58:52.407 [ http-nio-8081-exec-9 ] - [ INFO  ] [ com.dongtech.bs.interceptor.LoginInterceptor : 34 ] -
        sessionId为：5280E7C0BB8BDD69D0F12AFB3399D715
2020-02-28 11:58:52.407 [ http-nio-8081-exec-9 ] - [ INFO  ] [ com.dongtech.bs.interceptor.LoginInterceptor : 44 ] -
        已经登录过啦，用户信息为：UserEntity(id=4, name=admin, age=16, sex=    女, passWord=123456)
2020-02-28 11:58:52.597 [ http-nio-8081-exec-6 ] - [ INFO  ] [ com.dongtech.bs.interceptor.LoginInterceptor : 26 ] -
        ==========登录验证状态拦截================
2020-02-28 11:58:52.838 [ http-nio-8081-exec-6 ] - [ INFO  ] [ com.dongtech.bs.interceptor.LoginInterceptor : 27 ] -
        是否通过验证：》》》《《《《《true
2020-02-28 11:58:53.023 [ http-nio-8081-exec-6 ] - [ INFO  ] [ com.dongtech.bs.interceptor.LoginInterceptor : 34 ] -
        sessionId为：5280E7C0BB8BDD69D0F12AFB3399D715
2020-02-28 11:58:53.024 [ http-nio-8081-exec-6 ] - [ INFO  ] [ com.dongtech.bs.interceptor.LoginInterceptor : 44 ] -
        已经登录过啦，用户信息为：UserEntity(id=4, name=admin, age=16, sex=    女, passWord=123456)
2020-02-28 12:00:20.828 [ http-nio-8081-exec-10 ] - [ INFO  ] [ com.dongtech.bs.interceptor.LoginInterceptor : 26 ] -
        ==========登录验证状态拦截================
2020-02-28 12:00:21.047 [ http-nio-8081-exec-10 ] - [ INFO  ] [ com.dongtech.bs.interceptor.LoginInterceptor : 27 ] -
        是否通过验证：》》》《《《《《true
2020-02-28 12:00:21.258 [ http-nio-8081-exec-10 ] - [ INFO  ] [ com.dongtech.bs.interceptor.LoginInterceptor : 34 ] -
        sessionId为：5280E7C0BB8BDD69D0F12AFB3399D715
2020-02-28 12:00:21.259 [ http-nio-8081-exec-10 ] - [ INFO  ] [ com.dongtech.bs.interceptor.LoginInterceptor : 44 ] -
        已经登录过啦，用户信息为：UserEntity(id=4, name=admin, age=16, sex=    女, passWord=123456)
2020-02-28 12:00:21.627 [ http-nio-8081-exec-1 ] - [ INFO  ] [ com.dongtech.bs.interceptor.LoginInterceptor : 26 ] -
        ==========登录验证状态拦截================
2020-02-28 12:00:21.891 [ http-nio-8081-exec-1 ] - [ INFO  ] [ com.dongtech.bs.interceptor.LoginInterceptor : 27 ] -
        是否通过验证：》》》《《《《《true
2020-02-28 12:00:22.116 [ http-nio-8081-exec-1 ] - [ INFO  ] [ com.dongtech.bs.interceptor.LoginInterceptor : 34 ] -
        sessionId为：5280E7C0BB8BDD69D0F12AFB3399D715
2020-02-28 12:00:22.116 [ http-nio-8081-exec-1 ] - [ INFO  ] [ com.dongtech.bs.interceptor.LoginInterceptor : 44 ] -
        已经登录过啦，用户信息为：UserEntity(id=4, name=admin, age=16, sex=    女, passWord=123456)
2020-02-28 12:00:27.810 [ http-nio-8081-exec-8 ] - [ INFO  ] [ com.dongtech.bs.interceptor.LoginInterceptor : 26 ] -
        ==========登录验证状态拦截================
2020-02-28 12:00:27.999 [ http-nio-8081-exec-8 ] - [ INFO  ] [ com.dongtech.bs.interceptor.LoginInterceptor : 27 ] -
        是否通过验证：》》》《《《《《true
2020-02-28 12:00:28.218 [ http-nio-8081-exec-8 ] - [ INFO  ] [ com.dongtech.bs.interceptor.LoginInterceptor : 34 ] -
        sessionId为：5280E7C0BB8BDD69D0F12AFB3399D715
2020-02-28 12:00:28.218 [ http-nio-8081-exec-8 ] - [ INFO  ] [ com.dongtech.bs.interceptor.LoginInterceptor : 44 ] -
        已经登录过啦，用户信息为：UserEntity(id=4, name=admin, age=16, sex=    女, passWord=123456)
2020-02-28 12:00:28.693 [ http-nio-8081-exec-1 ] - [ INFO  ] [ com.dongtech.bs.interceptor.LoginInterceptor : 26 ] -
        ==========登录验证状态拦截================
2020-02-28 12:00:28.910 [ http-nio-8081-exec-1 ] - [ INFO  ] [ com.dongtech.bs.interceptor.LoginInterceptor : 27 ] -
        是否通过验证：》》》《《《《《true
2020-02-28 12:00:29.097 [ http-nio-8081-exec-1 ] - [ INFO  ] [ com.dongtech.bs.interceptor.LoginInterceptor : 34 ] -
        sessionId为：5280E7C0BB8BDD69D0F12AFB3399D715
2020-02-28 12:00:29.097 [ http-nio-8081-exec-1 ] - [ INFO  ] [ com.dongtech.bs.interceptor.LoginInterceptor : 44 ] -
        已经登录过啦，用户信息为：UserEntity(id=4, name=admin, age=16, sex=    女, passWord=123456)
2020-02-28 12:00:30.280 [ http-nio-8081-exec-8 ] - [ INFO  ] [ com.dongtech.bs.interceptor.LoginInterceptor : 26 ] -
        ==========登录验证状态拦截================
2020-02-28 12:00:30.547 [ http-nio-8081-exec-8 ] - [ INFO  ] [ com.dongtech.bs.interceptor.LoginInterceptor : 27 ] -
        是否通过验证：》》》《《《《《true
2020-02-28 12:00:30.770 [ http-nio-8081-exec-8 ] - [ INFO  ] [ com.dongtech.bs.interceptor.LoginInterceptor : 34 ] -
        sessionId为：5280E7C0BB8BDD69D0F12AFB3399D715
2020-02-28 12:00:30.770 [ http-nio-8081-exec-8 ] - [ INFO  ] [ com.dongtech.bs.interceptor.LoginInterceptor : 44 ] -
        已经登录过啦，用户信息为：UserEntity(id=4, name=admin, age=16, sex=    女, passWord=123456)
2020-02-28 12:04:39.943 [ http-nio-8081-exec-7 ] - [ INFO  ] [ com.dongtech.bs.interceptor.LoginInterceptor : 26 ] -
        ==========登录验证状态拦截================
2020-02-28 12:04:40.156 [ http-nio-8081-exec-7 ] - [ INFO  ] [ com.dongtech.bs.interceptor.LoginInterceptor : 27 ] -
        是否通过验证：》》》《《《《《true
2020-02-28 12:04:40.359 [ http-nio-8081-exec-7 ] - [ INFO  ] [ com.dongtech.bs.interceptor.LoginInterceptor : 34 ] -
        sessionId为：5280E7C0BB8BDD69D0F12AFB3399D715
2020-02-28 12:04:40.359 [ http-nio-8081-exec-7 ] - [ INFO  ] [ com.dongtech.bs.interceptor.LoginInterceptor : 44 ] -
        已经登录过啦，用户信息为：UserEntity(id=4, name=admin, age=16, sex=    女, passWord=123456)
2020-02-28 12:04:40.625 [ http-nio-8081-exec-7 ] - [ ERROR ] [ o.a.c.c.C.[Tomcat].[localhost].[/].[jsp] : 182 ] -
        Servlet.service() for servlet [jsp] threw exception
java.lang.NullPointerException: null
	at org.apache.jsp.statistics.statisticsMain_jsp._jspService(statisticsMain_jsp.java:119)
	at org.apache.jasper.runtime.HttpJspBase.service(HttpJspBase.java:70)
	at javax.servlet.http.HttpServlet.service(HttpServlet.java:742)
	at org.apache.jasper.servlet.JspServletWrapper.service(JspServletWrapper.java:443)
	at org.apache.jasper.servlet.JspServlet.serviceJspFile(JspServlet.java:386)
	at org.apache.jasper.servlet.JspServlet.service(JspServlet.java:330)
	at javax.servlet.http.HttpServlet.service(HttpServlet.java:742)
	at org.apache.catalina.core.ApplicationFilterChain.internalDoFilter(ApplicationFilterChain.java:231)
	at org.apache.catalina.core.ApplicationFilterChain.doFilter(ApplicationFilterChain.java:166)
	at org.apache.tomcat.websocket.server.WsFilter.doFilter(WsFilter.java:52)
	at org.apache.catalina.core.ApplicationFilterChain.internalDoFilter(ApplicationFilterChain.java:193)
	at org.apache.catalina.core.ApplicationFilterChain.doFilter(ApplicationFilterChain.java:166)
	at org.apache.catalina.core.ApplicationDispatcher.invoke(ApplicationDispatcher.java:728)
	at org.apache.catalina.core.ApplicationDispatcher.processRequest(ApplicationDispatcher.java:470)
	at org.apache.catalina.core.ApplicationDispatcher.doForward(ApplicationDispatcher.java:395)
	at org.apache.catalina.core.ApplicationDispatcher.forward(ApplicationDispatcher.java:316)
	at org.springframework.web.servlet.view.InternalResourceView.renderMergedOutputModel(InternalResourceView.java:170)
	at org.springframework.web.servlet.view.AbstractView.render(AbstractView.java:314)
	at org.springframework.web.servlet.DispatcherServlet.render(DispatcherServlet.java:1325)
	at org.springframework.web.servlet.DispatcherServlet.processDispatchResult(DispatcherServlet.java:1069)
	at org.springframework.web.servlet.DispatcherServlet.doDispatch(DispatcherServlet.java:1008)
	at org.springframework.web.servlet.DispatcherServlet.doService(DispatcherServlet.java:925)
	at org.springframework.web.servlet.FrameworkServlet.processRequest(FrameworkServlet.java:974)
	at org.springframework.web.servlet.FrameworkServlet.doGet(FrameworkServlet.java:866)
	at javax.servlet.http.HttpServlet.service(HttpServlet.java:635)
	at org.springframework.web.servlet.FrameworkServlet.service(FrameworkServlet.java:851)
	at javax.servlet.http.HttpServlet.service(HttpServlet.java:742)
	at org.apache.catalina.core.ApplicationFilterChain.internalDoFilter(ApplicationFilterChain.java:231)
	at org.apache.catalina.core.ApplicationFilterChain.doFilter(ApplicationFilterChain.java:166)
	at org.apache.tomcat.websocket.server.WsFilter.doFilter(WsFilter.java:52)
	at org.apache.catalina.core.ApplicationFilterChain.internalDoFilter(ApplicationFilterChain.java:193)
	at org.apache.catalina.core.ApplicationFilterChain.doFilter(ApplicationFilterChain.java:166)
	at org.springframework.web.filter.RequestContextFilter.doFilterInternal(RequestContextFilter.java:99)
	at org.springframework.web.filter.OncePerRequestFilter.doFilter(OncePerRequestFilter.java:107)
	at org.apache.catalina.core.ApplicationFilterChain.internalDoFilter(ApplicationFilterChain.java:193)
	at org.apache.catalina.core.ApplicationFilterChain.doFilter(ApplicationFilterChain.java:166)
	at org.springframework.web.filter.HttpPutFormContentFilter.doFilterInternal(HttpPutFormContentFilter.java:109)
	at org.springframework.web.filter.OncePerRequestFilter.doFilter(OncePerRequestFilter.java:107)
	at org.apache.catalina.core.ApplicationFilterChain.internalDoFilter(ApplicationFilterChain.java:193)
	at org.apache.catalina.core.ApplicationFilterChain.doFilter(ApplicationFilterChain.java:166)
	at org.springframework.web.filter.HiddenHttpMethodFilter.doFilterInternal(HiddenHttpMethodFilter.java:93)
	at org.springframework.web.filter.OncePerRequestFilter.doFilter(OncePerRequestFilter.java:107)
	at org.apache.catalina.core.ApplicationFilterChain.internalDoFilter(ApplicationFilterChain.java:193)
	at org.apache.catalina.core.ApplicationFilterChain.doFilter(ApplicationFilterChain.java:166)
	at org.springframework.web.filter.CharacterEncodingFilter.doFilterInternal(CharacterEncodingFilter.java:200)
	at org.springframework.web.filter.OncePerRequestFilter.doFilter(OncePerRequestFilter.java:107)
	at org.apache.catalina.core.ApplicationFilterChain.internalDoFilter(ApplicationFilterChain.java:193)
	at org.apache.catalina.core.ApplicationFilterChain.doFilter(ApplicationFilterChain.java:166)
	at org.apache.catalina.core.StandardWrapperValve.invoke(StandardWrapperValve.java:198)
	at org.apache.catalina.core.StandardContextValve.invoke(StandardContextValve.java:96)
	at org.apache.catalina.authenticator.AuthenticatorBase.invoke(AuthenticatorBase.java:493)
	at org.apache.catalina.core.StandardHostValve.invoke(StandardHostValve.java:140)
	at org.apache.catalina.valves.ErrorReportValve.invoke(ErrorReportValve.java:81)
	at org.apache.catalina.core.StandardEngineValve.invoke(StandardEngineValve.java:87)
	at org.apache.catalina.connector.CoyoteAdapter.service(CoyoteAdapter.java:342)
	at org.apache.coyote.http11.Http11Processor.service(Http11Processor.java:800)
	at org.apache.coyote.AbstractProcessorLight.process(AbstractProcessorLight.java:66)
	at org.apache.coyote.AbstractProtocol$ConnectionHandler.process(AbstractProtocol.java:800)
	at org.apache.tomcat.util.net.NioEndpoint$SocketProcessor.doRun(NioEndpoint.java:1471)
	at org.apache.tomcat.util.net.SocketProcessorBase.run(SocketProcessorBase.java:49)
	at java.util.concurrent.ThreadPoolExecutor.runWorker(ThreadPoolExecutor.java:1142)
	at java.util.concurrent.ThreadPoolExecutor$Worker.run(ThreadPoolExecutor.java:617)
	at org.apache.tomcat.util.threads.TaskThread$WrappingRunnable.run(TaskThread.java:61)
	at java.lang.Thread.run(Thread.java:745)
2020-02-28 12:04:40.655 [ http-nio-8081-exec-7 ] - [ ERROR ] [ o.a.c.c.C.[.[localhost].[/].[dispatcherServlet] : 182 ] -
        Servlet.service() for servlet [dispatcherServlet] in context with path [] threw exception [An exception occurred processing JSP page [/statistics/statisticsMain.jsp] at line [9]

6:             request.getScheme() + "://" + request.getServerName() + ":" + request.getServerPort()
7:                     + path + "/";
8:     UserEntity userEntity = (UserEntity) request.getSession().getAttribute("userInfo");
9:     int evelopmentCount = (int) request.getAttribute("evelopmentCount");
10:     int fileCount = (int) request.getAttribute("fileCount");
11:     int partyToal = evelopmentCount + fileCount;
12:     int branchCount = (int) request.getAttribute("branchList");


Stacktrace:] with root cause
java.lang.NullPointerException: null
	at org.apache.jsp.statistics.statisticsMain_jsp._jspService(statisticsMain_jsp.java:119)
	at org.apache.jasper.runtime.HttpJspBase.service(HttpJspBase.java:70)
	at javax.servlet.http.HttpServlet.service(HttpServlet.java:742)
	at org.apache.jasper.servlet.JspServletWrapper.service(JspServletWrapper.java:443)
	at org.apache.jasper.servlet.JspServlet.serviceJspFile(JspServlet.java:386)
	at org.apache.jasper.servlet.JspServlet.service(JspServlet.java:330)
	at javax.servlet.http.HttpServlet.service(HttpServlet.java:742)
	at org.apache.catalina.core.ApplicationFilterChain.internalDoFilter(ApplicationFilterChain.java:231)
	at org.apache.catalina.core.ApplicationFilterChain.doFilter(ApplicationFilterChain.java:166)
	at org.apache.tomcat.websocket.server.WsFilter.doFilter(WsFilter.java:52)
	at org.apache.catalina.core.ApplicationFilterChain.internalDoFilter(ApplicationFilterChain.java:193)
	at org.apache.catalina.core.ApplicationFilterChain.doFilter(ApplicationFilterChain.java:166)
	at org.apache.catalina.core.ApplicationDispatcher.invoke(ApplicationDispatcher.java:728)
	at org.apache.catalina.core.ApplicationDispatcher.processRequest(ApplicationDispatcher.java:470)
	at org.apache.catalina.core.ApplicationDispatcher.doForward(ApplicationDispatcher.java:395)
	at org.apache.catalina.core.ApplicationDispatcher.forward(ApplicationDispatcher.java:316)
	at org.springframework.web.servlet.view.InternalResourceView.renderMergedOutputModel(InternalResourceView.java:170)
	at org.springframework.web.servlet.view.AbstractView.render(AbstractView.java:314)
	at org.springframework.web.servlet.DispatcherServlet.render(DispatcherServlet.java:1325)
	at org.springframework.web.servlet.DispatcherServlet.processDispatchResult(DispatcherServlet.java:1069)
	at org.springframework.web.servlet.DispatcherServlet.doDispatch(DispatcherServlet.java:1008)
	at org.springframework.web.servlet.DispatcherServlet.doService(DispatcherServlet.java:925)
	at org.springframework.web.servlet.FrameworkServlet.processRequest(FrameworkServlet.java:974)
	at org.springframework.web.servlet.FrameworkServlet.doGet(FrameworkServlet.java:866)
	at javax.servlet.http.HttpServlet.service(HttpServlet.java:635)
	at org.springframework.web.servlet.FrameworkServlet.service(FrameworkServlet.java:851)
	at javax.servlet.http.HttpServlet.service(HttpServlet.java:742)
	at org.apache.catalina.core.ApplicationFilterChain.internalDoFilter(ApplicationFilterChain.java:231)
	at org.apache.catalina.core.ApplicationFilterChain.doFilter(ApplicationFilterChain.java:166)
	at org.apache.tomcat.websocket.server.WsFilter.doFilter(WsFilter.java:52)
	at org.apache.catalina.core.ApplicationFilterChain.internalDoFilter(ApplicationFilterChain.java:193)
	at org.apache.catalina.core.ApplicationFilterChain.doFilter(ApplicationFilterChain.java:166)
	at org.springframework.web.filter.RequestContextFilter.doFilterInternal(RequestContextFilter.java:99)
	at org.springframework.web.filter.OncePerRequestFilter.doFilter(OncePerRequestFilter.java:107)
	at org.apache.catalina.core.ApplicationFilterChain.internalDoFilter(ApplicationFilterChain.java:193)
	at org.apache.catalina.core.ApplicationFilterChain.doFilter(ApplicationFilterChain.java:166)
	at org.springframework.web.filter.HttpPutFormContentFilter.doFilterInternal(HttpPutFormContentFilter.java:109)
	at org.springframework.web.filter.OncePerRequestFilter.doFilter(OncePerRequestFilter.java:107)
	at org.apache.catalina.core.ApplicationFilterChain.internalDoFilter(ApplicationFilterChain.java:193)
	at org.apache.catalina.core.ApplicationFilterChain.doFilter(ApplicationFilterChain.java:166)
	at org.springframework.web.filter.HiddenHttpMethodFilter.doFilterInternal(HiddenHttpMethodFilter.java:93)
	at org.springframework.web.filter.OncePerRequestFilter.doFilter(OncePerRequestFilter.java:107)
	at org.apache.catalina.core.ApplicationFilterChain.internalDoFilter(ApplicationFilterChain.java:193)
	at org.apache.catalina.core.ApplicationFilterChain.doFilter(ApplicationFilterChain.java:166)
	at org.springframework.web.filter.CharacterEncodingFilter.doFilterInternal(CharacterEncodingFilter.java:200)
	at org.springframework.web.filter.OncePerRequestFilter.doFilter(OncePerRequestFilter.java:107)
	at org.apache.catalina.core.ApplicationFilterChain.internalDoFilter(ApplicationFilterChain.java:193)
	at org.apache.catalina.core.ApplicationFilterChain.doFilter(ApplicationFilterChain.java:166)
	at org.apache.catalina.core.StandardWrapperValve.invoke(StandardWrapperValve.java:198)
	at org.apache.catalina.core.StandardContextValve.invoke(StandardContextValve.java:96)
	at org.apache.catalina.authenticator.AuthenticatorBase.invoke(AuthenticatorBase.java:493)
	at org.apache.catalina.core.StandardHostValve.invoke(StandardHostValve.java:140)
	at org.apache.catalina.valves.ErrorReportValve.invoke(ErrorReportValve.java:81)
	at org.apache.catalina.core.StandardEngineValve.invoke(StandardEngineValve.java:87)
	at org.apache.catalina.connector.CoyoteAdapter.service(CoyoteAdapter.java:342)
	at org.apache.coyote.http11.Http11Processor.service(Http11Processor.java:800)
	at org.apache.coyote.AbstractProcessorLight.process(AbstractProcessorLight.java:66)
	at org.apache.coyote.AbstractProtocol$ConnectionHandler.process(AbstractProtocol.java:800)
	at org.apache.tomcat.util.net.NioEndpoint$SocketProcessor.doRun(NioEndpoint.java:1471)
	at org.apache.tomcat.util.net.SocketProcessorBase.run(SocketProcessorBase.java:49)
	at java.util.concurrent.ThreadPoolExecutor.runWorker(ThreadPoolExecutor.java:1142)
	at java.util.concurrent.ThreadPoolExecutor$Worker.run(ThreadPoolExecutor.java:617)
	at org.apache.tomcat.util.threads.TaskThread$WrappingRunnable.run(TaskThread.java:61)
	at java.lang.Thread.run(Thread.java:745)
2020-02-28 12:04:40.665 [ http-nio-8081-exec-7 ] - [ INFO  ] [ com.dongtech.bs.interceptor.LoginInterceptor : 26 ] -
        ==========登录验证状态拦截================
2020-02-28 12:04:40.908 [ http-nio-8081-exec-7 ] - [ INFO  ] [ com.dongtech.bs.interceptor.LoginInterceptor : 27 ] -
        是否通过验证：》》》《《《《《true
2020-02-28 12:04:41.145 [ http-nio-8081-exec-7 ] - [ INFO  ] [ com.dongtech.bs.interceptor.LoginInterceptor : 34 ] -
        sessionId为：5280E7C0BB8BDD69D0F12AFB3399D715
2020-02-28 12:04:41.146 [ http-nio-8081-exec-7 ] - [ INFO  ] [ com.dongtech.bs.interceptor.LoginInterceptor : 44 ] -
        已经登录过啦，用户信息为：UserEntity(id=4, name=admin, age=16, sex=    女, passWord=123456)
2020-02-28 12:09:11.089 [ restartedMain ] - [ INFO  ] [ com.dongtech.SpringbootJspApplication : 50 ] -
        Starting SpringbootJspApplication on PC-201909172010 with PID 5788 (started by Administrator in F:\Myeclipse 10\springboot-jsp-master)
2020-02-28 12:09:11.092 [ restartedMain ] - [ DEBUG ] [ com.dongtech.SpringbootJspApplication : 53 ] -
        Running with Spring Boot v2.0.4.RELEASE, Spring v5.0.8.RELEASE
2020-02-28 12:09:11.094 [ restartedMain ] - [ INFO  ] [ com.dongtech.SpringbootJspApplication : 662 ] -
        No active profile set, falling back to default profiles: default
2020-02-28 12:09:12.801 [ restartedMain ] - [ WARN  ] [ org.mybatis.spring.mapper.ClassPathMapperScanner : 44 ] -
        No MyBatis mapper was found in '[com.dongtech.bs.mapper]' package. Please check your configuration.
2020-02-28 12:09:12.811 [ restartedMain ] - [ WARN  ] [ org.mybatis.spring.mapper.ClassPathMapperScanner : 44 ] -
        No MyBatis mapper was found in '[com.dongtech.bs.mapper]' package. Please check your configuration.
2020-02-28 12:09:14.510 [ restartedMain ] - [ INFO  ] [ org.apache.coyote.http11.Http11NioProtocol : 180 ] -
        Initializing ProtocolHandler ["http-nio-8081"]
2020-02-28 12:09:14.528 [ restartedMain ] - [ INFO  ] [ org.apache.catalina.core.StandardService : 180 ] -
        Starting service [Tomcat]
2020-02-28 12:09:14.528 [ restartedMain ] - [ INFO  ] [ org.apache.catalina.core.StandardEngine : 180 ] -
        Starting Servlet Engine: Apache Tomcat/8.5.32
2020-02-28 12:09:14.535 [ localhost-startStop-1 ] - [ INFO  ] [ org.apache.catalina.core.AprLifecycleListener : 180 ] -
        Loaded APR based Apache Tomcat Native library [1.2.14] using APR version [1.6.2].
2020-02-28 12:09:14.537 [ localhost-startStop-1 ] - [ INFO  ] [ org.apache.catalina.core.AprLifecycleListener : 180 ] -
        APR capabilities: IPv6 [true], sendfile [true], accept filters [false], random [true].
2020-02-28 12:09:14.538 [ localhost-startStop-1 ] - [ INFO  ] [ org.apache.catalina.core.AprLifecycleListener : 180 ] -
        APR/OpenSSL configuration: useAprConnector [false], useOpenSSL [true]
2020-02-28 12:09:15.617 [ localhost-startStop-1 ] - [ INFO  ] [ org.apache.catalina.core.AprLifecycleListener : 180 ] -
        OpenSSL successfully initialized [OpenSSL 1.0.2l  25 May 2017]
2020-02-28 12:09:15.981 [ localhost-startStop-1 ] - [ INFO  ] [ org.apache.jasper.servlet.TldScanner : 180 ] -
        At least one JAR was scanned for TLDs yet contained no TLDs. Enable debug logging for this logger for a complete list of JARs that were scanned but no TLDs were found in them. Skipping unneeded JARs during scanning can improve startup time and JSP compilation time.
2020-02-28 12:09:15.986 [ localhost-startStop-1 ] - [ INFO  ] [ o.a.c.core.ContainerBase.[Tomcat].[localhost].[/] : 180 ] -
        Initializing Spring embedded WebApplicationContext
2020-02-28 12:09:17.600 [ restartedMain ] - [ INFO  ] [ s.d.s.w.PropertySourcedRequestMappingHandlerMapping : 69 ] -
        Mapped URL path [/v2/api-docs] onto method [public org.springframework.http.ResponseEntity<springfox.documentation.spring.web.json.Json> springfox.documentation.swagger2.web.Swagger2Controller.getDocumentation(java.lang.String,javax.servlet.http.HttpServletRequest)]
2020-02-28 12:09:19.215 [ restartedMain ] - [ INFO  ] [ s.d.s.web.plugins.DocumentationPluginsBootstrapper : 147 ] -
        Context refreshed
2020-02-28 12:09:19.240 [ restartedMain ] - [ INFO  ] [ s.d.s.web.plugins.DocumentationPluginsBootstrapper : 150 ] -
        Found 1 custom documentation plugin(s)
2020-02-28 12:09:19.295 [ restartedMain ] - [ INFO  ] [ s.d.spring.web.scanners.ApiListingReferenceScanner : 41 ] -
        Scanning for api listing references
2020-02-28 12:09:19.927 [ restartedMain ] - [ INFO  ] [ s.d.s.w.r.operation.CachingOperationNameGenerator : 40 ] -
        Generating unique operation named: addGoodsImgUsingPOST_1
2020-02-28 12:09:20.351 [ restartedMain ] - [ INFO  ] [ s.d.s.w.r.operation.CachingOperationNameGenerator : 40 ] -
        Generating unique operation named: getDataUsingGET_1
2020-02-28 12:09:20.353 [ restartedMain ] - [ INFO  ] [ s.d.s.w.r.operation.CachingOperationNameGenerator : 40 ] -
        Generating unique operation named: getDataUsingHEAD_1
2020-02-28 12:09:20.355 [ restartedMain ] - [ INFO  ] [ s.d.s.w.r.operation.CachingOperationNameGenerator : 40 ] -
        Generating unique operation named: getDataUsingPOST_1
2020-02-28 12:09:20.357 [ restartedMain ] - [ INFO  ] [ s.d.s.w.r.operation.CachingOperationNameGenerator : 40 ] -
        Generating unique operation named: getDataUsingPUT_1
2020-02-28 12:09:20.359 [ restartedMain ] - [ INFO  ] [ s.d.s.w.r.operation.CachingOperationNameGenerator : 40 ] -
        Generating unique operation named: getDataUsingPATCH_1
2020-02-28 12:09:20.361 [ restartedMain ] - [ INFO  ] [ s.d.s.w.r.operation.CachingOperationNameGenerator : 40 ] -
        Generating unique operation named: getDataUsingDELETE_1
2020-02-28 12:09:20.363 [ restartedMain ] - [ INFO  ] [ s.d.s.w.r.operation.CachingOperationNameGenerator : 40 ] -
        Generating unique operation named: getDataUsingOPTIONS_1
2020-02-28 12:09:20.364 [ restartedMain ] - [ INFO  ] [ s.d.s.w.r.operation.CachingOperationNameGenerator : 40 ] -
        Generating unique operation named: getDataUsingTRACE_1
2020-02-28 12:09:20.497 [ restartedMain ] - [ INFO  ] [ org.apache.coyote.http11.Http11NioProtocol : 180 ] -
        Starting ProtocolHandler ["http-nio-8081"]
2020-02-28 12:09:20.516 [ restartedMain ] - [ INFO  ] [ org.apache.tomcat.util.net.NioSelectorPool : 180 ] -
        Using a shared selector for servlet write/read
2020-02-28 12:09:20.563 [ restartedMain ] - [ INFO  ] [ com.dongtech.SpringbootJspApplication : 59 ] -
        Started SpringbootJspApplication in 10.138 seconds (JVM running for 13.719)
2020-02-28 12:09:21.782 [ http-nio-8081-exec-1 ] - [ INFO  ] [ o.a.c.core.ContainerBase.[Tomcat].[localhost].[/] : 180 ] -
        Initializing Spring FrameworkServlet 'dispatcherServlet'
2020-02-28 12:09:36.120 [ http-nio-8081-exec-6 ] - [ INFO  ] [ com.dongtech.bs.interceptor.LoginInterceptor : 26 ] -
        ==========登录验证状态拦截================
2020-02-28 12:09:36.326 [ http-nio-8081-exec-6 ] - [ INFO  ] [ com.dongtech.bs.interceptor.LoginInterceptor : 27 ] -
        是否通过验证：》》》《《《《《true
2020-02-28 12:09:36.518 [ http-nio-8081-exec-6 ] - [ INFO  ] [ com.dongtech.bs.interceptor.LoginInterceptor : 34 ] -
        sessionId为：855D677D40F57A9D1A352F2CD5BEF26C
2020-02-28 12:09:36.518 [ http-nio-8081-exec-6 ] - [ INFO  ] [ com.dongtech.bs.interceptor.LoginInterceptor : 44 ] -
        已经登录过啦，用户信息为：UserEntity(id=4, name=admin, age=16, sex=    女, passWord=123456)
2020-02-28 12:09:37.604 [ http-nio-8081-exec-5 ] - [ INFO  ] [ com.dongtech.bs.interceptor.LoginInterceptor : 26 ] -
        ==========登录验证状态拦截================
2020-02-28 12:09:37.811 [ http-nio-8081-exec-5 ] - [ INFO  ] [ com.dongtech.bs.interceptor.LoginInterceptor : 27 ] -
        是否通过验证：》》》《《《《《true
2020-02-28 12:09:38.035 [ http-nio-8081-exec-5 ] - [ INFO  ] [ com.dongtech.bs.interceptor.LoginInterceptor : 34 ] -
        sessionId为：855D677D40F57A9D1A352F2CD5BEF26C
2020-02-28 12:09:38.035 [ http-nio-8081-exec-5 ] - [ INFO  ] [ com.dongtech.bs.interceptor.LoginInterceptor : 44 ] -
        已经登录过啦，用户信息为：UserEntity(id=4, name=admin, age=16, sex=    女, passWord=123456)
2020-02-28 12:09:38.647 [ http-nio-8081-exec-3 ] - [ INFO  ] [ com.dongtech.bs.interceptor.LoginInterceptor : 26 ] -
        ==========登录验证状态拦截================
2020-02-28 12:09:38.866 [ http-nio-8081-exec-3 ] - [ INFO  ] [ com.dongtech.bs.interceptor.LoginInterceptor : 27 ] -
        是否通过验证：》》》《《《《《true
2020-02-28 12:09:39.049 [ http-nio-8081-exec-3 ] - [ INFO  ] [ com.dongtech.bs.interceptor.LoginInterceptor : 34 ] -
        sessionId为：855D677D40F57A9D1A352F2CD5BEF26C
2020-02-28 12:09:39.050 [ http-nio-8081-exec-3 ] - [ INFO  ] [ com.dongtech.bs.interceptor.LoginInterceptor : 44 ] -
        已经登录过啦，用户信息为：UserEntity(id=4, name=admin, age=16, sex=    女, passWord=123456)
2020-02-28 12:09:39.886 [ http-nio-8081-exec-5 ] - [ INFO  ] [ com.dongtech.bs.interceptor.LoginInterceptor : 26 ] -
        ==========登录验证状态拦截================
2020-02-28 12:09:40.090 [ http-nio-8081-exec-5 ] - [ INFO  ] [ com.dongtech.bs.interceptor.LoginInterceptor : 27 ] -
        是否通过验证：》》》《《《《《true
2020-02-28 12:09:40.339 [ http-nio-8081-exec-5 ] - [ INFO  ] [ com.dongtech.bs.interceptor.LoginInterceptor : 34 ] -
        sessionId为：855D677D40F57A9D1A352F2CD5BEF26C
2020-02-28 12:09:40.339 [ http-nio-8081-exec-5 ] - [ INFO  ] [ com.dongtech.bs.interceptor.LoginInterceptor : 44 ] -
        已经登录过啦，用户信息为：UserEntity(id=4, name=admin, age=16, sex=    女, passWord=123456)
2020-02-28 12:09:47.495 [ http-nio-8081-exec-9 ] - [ INFO  ] [ com.dongtech.bs.interceptor.LoginInterceptor : 26 ] -
        ==========登录验证状态拦截================
2020-02-28 12:09:47.741 [ http-nio-8081-exec-9 ] - [ INFO  ] [ com.dongtech.bs.interceptor.LoginInterceptor : 27 ] -
        是否通过验证：》》》《《《《《true
2020-02-28 12:09:47.986 [ http-nio-8081-exec-9 ] - [ INFO  ] [ com.dongtech.bs.interceptor.LoginInterceptor : 34 ] -
        sessionId为：855D677D40F57A9D1A352F2CD5BEF26C
2020-02-28 12:09:47.987 [ http-nio-8081-exec-9 ] - [ INFO  ] [ com.dongtech.bs.interceptor.LoginInterceptor : 44 ] -
        已经登录过啦，用户信息为：UserEntity(id=4, name=admin, age=16, sex=    女, passWord=123456)
2020-02-28 12:09:48.363 [ http-nio-8081-exec-6 ] - [ INFO  ] [ com.dongtech.bs.interceptor.LoginInterceptor : 26 ] -
        ==========登录验证状态拦截================
2020-02-28 12:09:48.608 [ http-nio-8081-exec-6 ] - [ INFO  ] [ com.dongtech.bs.interceptor.LoginInterceptor : 27 ] -
        是否通过验证：》》》《《《《《true
2020-02-28 12:09:48.845 [ http-nio-8081-exec-6 ] - [ INFO  ] [ com.dongtech.bs.interceptor.LoginInterceptor : 34 ] -
        sessionId为：855D677D40F57A9D1A352F2CD5BEF26C
2020-02-28 12:09:48.845 [ http-nio-8081-exec-6 ] - [ INFO  ] [ com.dongtech.bs.interceptor.LoginInterceptor : 44 ] -
        已经登录过啦，用户信息为：UserEntity(id=4, name=admin, age=16, sex=    女, passWord=123456)
2020-02-28 12:09:57.443 [ http-nio-8081-exec-8 ] - [ INFO  ] [ com.dongtech.bs.interceptor.LoginInterceptor : 26 ] -
        ==========登录验证状态拦截================
2020-02-28 12:09:57.694 [ http-nio-8081-exec-8 ] - [ INFO  ] [ com.dongtech.bs.interceptor.LoginInterceptor : 27 ] -
        是否通过验证：》》》《《《《《true
2020-02-28 12:09:57.910 [ http-nio-8081-exec-8 ] - [ INFO  ] [ com.dongtech.bs.interceptor.LoginInterceptor : 34 ] -
        sessionId为：855D677D40F57A9D1A352F2CD5BEF26C
2020-02-28 12:09:57.910 [ http-nio-8081-exec-8 ] - [ INFO  ] [ com.dongtech.bs.interceptor.LoginInterceptor : 44 ] -
        已经登录过啦，用户信息为：UserEntity(id=4, name=admin, age=16, sex=    女, passWord=123456)
2020-02-28 12:09:57.914 [ http-nio-8081-exec-8 ] - [ INFO  ] [ com.dongtech.bs.interceptor.LoginInterceptor : 26 ] -
        ==========登录验证状态拦截================
2020-02-28 12:09:58.147 [ http-nio-8081-exec-8 ] - [ INFO  ] [ com.dongtech.bs.interceptor.LoginInterceptor : 27 ] -
        是否通过验证：》》》《《《《《true
2020-02-28 12:09:58.348 [ http-nio-8081-exec-8 ] - [ INFO  ] [ com.dongtech.bs.interceptor.LoginInterceptor : 34 ] -
        sessionId为：855D677D40F57A9D1A352F2CD5BEF26C
2020-02-28 12:09:58.349 [ http-nio-8081-exec-8 ] - [ INFO  ] [ com.dongtech.bs.interceptor.LoginInterceptor : 44 ] -
        已经登录过啦，用户信息为：UserEntity(id=4, name=admin, age=16, sex=    女, passWord=123456)
2020-02-28 12:10:09.586 [ http-nio-8081-exec-4 ] - [ INFO  ] [ com.dongtech.bs.interceptor.LoginInterceptor : 26 ] -
        ==========登录验证状态拦截================
2020-02-28 12:10:09.862 [ http-nio-8081-exec-4 ] - [ INFO  ] [ com.dongtech.bs.interceptor.LoginInterceptor : 27 ] -
        是否通过验证：》》》《《《《《true
2020-02-28 12:10:10.093 [ http-nio-8081-exec-4 ] - [ INFO  ] [ com.dongtech.bs.interceptor.LoginInterceptor : 34 ] -
        sessionId为：855D677D40F57A9D1A352F2CD5BEF26C
2020-02-28 12:10:10.094 [ http-nio-8081-exec-4 ] - [ INFO  ] [ com.dongtech.bs.interceptor.LoginInterceptor : 44 ] -
        已经登录过啦，用户信息为：UserEntity(id=4, name=admin, age=16, sex=    女, passWord=123456)
2020-02-28 12:10:10.449 [ http-nio-8081-exec-1 ] - [ INFO  ] [ com.dongtech.bs.interceptor.LoginInterceptor : 26 ] -
        ==========登录验证状态拦截================
2020-02-28 12:10:10.638 [ http-nio-8081-exec-1 ] - [ INFO  ] [ com.dongtech.bs.interceptor.LoginInterceptor : 27 ] -
        是否通过验证：》》》《《《《《true
2020-02-28 12:10:10.885 [ http-nio-8081-exec-1 ] - [ INFO  ] [ com.dongtech.bs.interceptor.LoginInterceptor : 34 ] -
        sessionId为：855D677D40F57A9D1A352F2CD5BEF26C
2020-02-28 12:10:10.886 [ http-nio-8081-exec-1 ] - [ INFO  ] [ com.dongtech.bs.interceptor.LoginInterceptor : 44 ] -
        已经登录过啦，用户信息为：UserEntity(id=4, name=admin, age=16, sex=    女, passWord=123456)
2020-02-28 12:12:27.066 [ http-nio-8081-exec-4 ] - [ INFO  ] [ com.dongtech.bs.interceptor.LoginInterceptor : 26 ] -
        ==========登录验证状态拦截================
2020-02-28 12:12:27.334 [ http-nio-8081-exec-4 ] - [ INFO  ] [ com.dongtech.bs.interceptor.LoginInterceptor : 27 ] -
        是否通过验证：》》》《《《《《true
2020-02-28 12:12:27.694 [ http-nio-8081-exec-4 ] - [ INFO  ] [ com.dongtech.bs.interceptor.LoginInterceptor : 34 ] -
        sessionId为：855D677D40F57A9D1A352F2CD5BEF26C
2020-02-28 12:12:27.694 [ http-nio-8081-exec-4 ] - [ INFO  ] [ com.dongtech.bs.interceptor.LoginInterceptor : 44 ] -
        已经登录过啦，用户信息为：UserEntity(id=4, name=admin, age=16, sex=    女, passWord=123456)
2020-02-28 12:12:28.134 [ http-nio-8081-exec-3 ] - [ INFO  ] [ com.dongtech.bs.interceptor.LoginInterceptor : 26 ] -
        ==========登录验证状态拦截================
2020-02-28 12:12:28.415 [ http-nio-8081-exec-3 ] - [ INFO  ] [ com.dongtech.bs.interceptor.LoginInterceptor : 27 ] -
        是否通过验证：》》》《《《《《true
2020-02-28 12:12:28.627 [ http-nio-8081-exec-3 ] - [ INFO  ] [ com.dongtech.bs.interceptor.LoginInterceptor : 34 ] -
        sessionId为：855D677D40F57A9D1A352F2CD5BEF26C
2020-02-28 12:12:28.627 [ http-nio-8081-exec-3 ] - [ INFO  ] [ com.dongtech.bs.interceptor.LoginInterceptor : 44 ] -
        已经登录过啦，用户信息为：UserEntity(id=4, name=admin, age=16, sex=    女, passWord=123456)
2020-02-28 12:12:35.495 [ http-nio-8081-exec-2 ] - [ INFO  ] [ com.dongtech.bs.interceptor.LoginInterceptor : 26 ] -
        ==========登录验证状态拦截================
2020-02-28 12:12:35.716 [ http-nio-8081-exec-2 ] - [ INFO  ] [ com.dongtech.bs.interceptor.LoginInterceptor : 27 ] -
        是否通过验证：》》》《《《《《true
2020-02-28 12:12:35.927 [ http-nio-8081-exec-2 ] - [ INFO  ] [ com.dongtech.bs.interceptor.LoginInterceptor : 34 ] -
        sessionId为：855D677D40F57A9D1A352F2CD5BEF26C
2020-02-28 12:12:35.927 [ http-nio-8081-exec-2 ] - [ INFO  ] [ com.dongtech.bs.interceptor.LoginInterceptor : 44 ] -
        已经登录过啦，用户信息为：UserEntity(id=4, name=admin, age=16, sex=    女, passWord=123456)
2020-02-28 12:12:36.841 [ http-nio-8081-exec-1 ] - [ INFO  ] [ com.dongtech.bs.interceptor.LoginInterceptor : 26 ] -
        ==========登录验证状态拦截================
2020-02-28 12:12:37.110 [ http-nio-8081-exec-1 ] - [ INFO  ] [ com.dongtech.bs.interceptor.LoginInterceptor : 27 ] -
        是否通过验证：》》》《《《《《true
2020-02-28 12:12:37.314 [ http-nio-8081-exec-1 ] - [ INFO  ] [ com.dongtech.bs.interceptor.LoginInterceptor : 34 ] -
        sessionId为：855D677D40F57A9D1A352F2CD5BEF26C
2020-02-28 12:12:37.314 [ http-nio-8081-exec-1 ] - [ INFO  ] [ com.dongtech.bs.interceptor.LoginInterceptor : 44 ] -
        已经登录过啦，用户信息为：UserEntity(id=4, name=admin, age=16, sex=    女, passWord=123456)
2020-02-28 12:16:52.003 [ http-nio-8081-exec-4 ] - [ INFO  ] [ com.dongtech.bs.interceptor.LoginInterceptor : 26 ] -
        ==========登录验证状态拦截================
2020-02-28 12:16:52.247 [ http-nio-8081-exec-4 ] - [ INFO  ] [ com.dongtech.bs.interceptor.LoginInterceptor : 27 ] -
        是否通过验证：》》》《《《《《true
2020-02-28 12:16:52.499 [ http-nio-8081-exec-4 ] - [ INFO  ] [ com.dongtech.bs.interceptor.LoginInterceptor : 34 ] -
        sessionId为：855D677D40F57A9D1A352F2CD5BEF26C
2020-02-28 12:16:52.500 [ http-nio-8081-exec-4 ] - [ INFO  ] [ com.dongtech.bs.interceptor.LoginInterceptor : 44 ] -
        已经登录过啦，用户信息为：UserEntity(id=4, name=admin, age=16, sex=    女, passWord=123456)
2020-02-28 12:16:53.093 [ http-nio-8081-exec-9 ] - [ INFO  ] [ com.dongtech.bs.interceptor.LoginInterceptor : 26 ] -
        ==========登录验证状态拦截================
2020-02-28 12:16:53.412 [ http-nio-8081-exec-9 ] - [ INFO  ] [ com.dongtech.bs.interceptor.LoginInterceptor : 27 ] -
        是否通过验证：》》》《《《《《true
2020-02-28 12:16:53.590 [ http-nio-8081-exec-9 ] - [ INFO  ] [ com.dongtech.bs.interceptor.LoginInterceptor : 34 ] -
        sessionId为：855D677D40F57A9D1A352F2CD5BEF26C
2020-02-28 12:16:53.590 [ http-nio-8081-exec-9 ] - [ INFO  ] [ com.dongtech.bs.interceptor.LoginInterceptor : 44 ] -
        已经登录过啦，用户信息为：UserEntity(id=4, name=admin, age=16, sex=    女, passWord=123456)
2020-02-28 12:28:04.145 [ restartedMain ] - [ INFO  ] [ com.dongtech.SpringbootJspApplication : 50 ] -
        Starting SpringbootJspApplication on PC-201909172010 with PID 9176 (started by Administrator in F:\Myeclipse 10\springboot-jsp-master)
2020-02-28 12:28:04.147 [ restartedMain ] - [ DEBUG ] [ com.dongtech.SpringbootJspApplication : 53 ] -
        Running with Spring Boot v2.0.4.RELEASE, Spring v5.0.8.RELEASE
2020-02-28 12:28:04.152 [ restartedMain ] - [ INFO  ] [ com.dongtech.SpringbootJspApplication : 662 ] -
        No active profile set, falling back to default profiles: default
2020-02-28 12:28:05.934 [ restartedMain ] - [ WARN  ] [ org.mybatis.spring.mapper.ClassPathMapperScanner : 44 ] -
        No MyBatis mapper was found in '[com.dongtech.bs.mapper]' package. Please check your configuration.
2020-02-28 12:28:05.943 [ restartedMain ] - [ WARN  ] [ org.mybatis.spring.mapper.ClassPathMapperScanner : 44 ] -
        No MyBatis mapper was found in '[com.dongtech.bs.mapper]' package. Please check your configuration.
2020-02-28 12:28:07.716 [ restartedMain ] - [ INFO  ] [ org.apache.coyote.http11.Http11NioProtocol : 180 ] -
        Initializing ProtocolHandler ["http-nio-8081"]
2020-02-28 12:28:07.734 [ restartedMain ] - [ INFO  ] [ org.apache.catalina.core.StandardService : 180 ] -
        Starting service [Tomcat]
2020-02-28 12:28:07.735 [ restartedMain ] - [ INFO  ] [ org.apache.catalina.core.StandardEngine : 180 ] -
        Starting Servlet Engine: Apache Tomcat/8.5.32
2020-02-28 12:28:07.742 [ localhost-startStop-1 ] - [ INFO  ] [ org.apache.catalina.core.AprLifecycleListener : 180 ] -
        Loaded APR based Apache Tomcat Native library [1.2.14] using APR version [1.6.2].
2020-02-28 12:28:07.743 [ localhost-startStop-1 ] - [ INFO  ] [ org.apache.catalina.core.AprLifecycleListener : 180 ] -
        APR capabilities: IPv6 [true], sendfile [true], accept filters [false], random [true].
2020-02-28 12:28:07.743 [ localhost-startStop-1 ] - [ INFO  ] [ org.apache.catalina.core.AprLifecycleListener : 180 ] -
        APR/OpenSSL configuration: useAprConnector [false], useOpenSSL [true]
2020-02-28 12:28:08.845 [ localhost-startStop-1 ] - [ INFO  ] [ org.apache.catalina.core.AprLifecycleListener : 180 ] -
        OpenSSL successfully initialized [OpenSSL 1.0.2l  25 May 2017]
2020-02-28 12:28:09.233 [ localhost-startStop-1 ] - [ INFO  ] [ org.apache.jasper.servlet.TldScanner : 180 ] -
        At least one JAR was scanned for TLDs yet contained no TLDs. Enable debug logging for this logger for a complete list of JARs that were scanned but no TLDs were found in them. Skipping unneeded JARs during scanning can improve startup time and JSP compilation time.
2020-02-28 12:28:09.239 [ localhost-startStop-1 ] - [ INFO  ] [ o.a.c.core.ContainerBase.[Tomcat].[localhost].[/] : 180 ] -
        Initializing Spring embedded WebApplicationContext
2020-02-28 12:28:11.086 [ restartedMain ] - [ INFO  ] [ s.d.s.w.PropertySourcedRequestMappingHandlerMapping : 69 ] -
        Mapped URL path [/v2/api-docs] onto method [public org.springframework.http.ResponseEntity<springfox.documentation.spring.web.json.Json> springfox.documentation.swagger2.web.Swagger2Controller.getDocumentation(java.lang.String,javax.servlet.http.HttpServletRequest)]
2020-02-28 12:28:13.092 [ restartedMain ] - [ INFO  ] [ s.d.s.web.plugins.DocumentationPluginsBootstrapper : 147 ] -
        Context refreshed
2020-02-28 12:28:13.120 [ restartedMain ] - [ INFO  ] [ s.d.s.web.plugins.DocumentationPluginsBootstrapper : 150 ] -
        Found 1 custom documentation plugin(s)
2020-02-28 12:28:13.183 [ restartedMain ] - [ INFO  ] [ s.d.spring.web.scanners.ApiListingReferenceScanner : 41 ] -
        Scanning for api listing references
2020-02-28 12:28:13.881 [ restartedMain ] - [ INFO  ] [ s.d.s.w.r.operation.CachingOperationNameGenerator : 40 ] -
        Generating unique operation named: addGoodsImgUsingPOST_1
2020-02-28 12:28:14.394 [ restartedMain ] - [ INFO  ] [ s.d.s.w.r.operation.CachingOperationNameGenerator : 40 ] -
        Generating unique operation named: getDataUsingGET_1
2020-02-28 12:28:14.395 [ restartedMain ] - [ INFO  ] [ s.d.s.w.r.operation.CachingOperationNameGenerator : 40 ] -
        Generating unique operation named: getDataUsingHEAD_1
2020-02-28 12:28:14.398 [ restartedMain ] - [ INFO  ] [ s.d.s.w.r.operation.CachingOperationNameGenerator : 40 ] -
        Generating unique operation named: getDataUsingPOST_1
2020-02-28 12:28:14.401 [ restartedMain ] - [ INFO  ] [ s.d.s.w.r.operation.CachingOperationNameGenerator : 40 ] -
        Generating unique operation named: getDataUsingPUT_1
2020-02-28 12:28:14.403 [ restartedMain ] - [ INFO  ] [ s.d.s.w.r.operation.CachingOperationNameGenerator : 40 ] -
        Generating unique operation named: getDataUsingPATCH_1
2020-02-28 12:28:14.407 [ restartedMain ] - [ INFO  ] [ s.d.s.w.r.operation.CachingOperationNameGenerator : 40 ] -
        Generating unique operation named: getDataUsingDELETE_1
2020-02-28 12:28:14.411 [ restartedMain ] - [ INFO  ] [ s.d.s.w.r.operation.CachingOperationNameGenerator : 40 ] -
        Generating unique operation named: getDataUsingOPTIONS_1
2020-02-28 12:28:14.414 [ restartedMain ] - [ INFO  ] [ s.d.s.w.r.operation.CachingOperationNameGenerator : 40 ] -
        Generating unique operation named: getDataUsingTRACE_1
2020-02-28 12:28:14.539 [ restartedMain ] - [ INFO  ] [ org.apache.coyote.http11.Http11NioProtocol : 180 ] -
        Starting ProtocolHandler ["http-nio-8081"]
2020-02-28 12:28:14.557 [ restartedMain ] - [ INFO  ] [ org.apache.tomcat.util.net.NioSelectorPool : 180 ] -
        Using a shared selector for servlet write/read
2020-02-28 12:28:14.602 [ restartedMain ] - [ INFO  ] [ com.dongtech.SpringbootJspApplication : 59 ] -
        Started SpringbootJspApplication in 11.327 seconds (JVM running for 15.253)
2020-02-28 12:28:16.864 [ http-nio-8081-exec-1 ] - [ INFO  ] [ o.a.c.core.ContainerBase.[Tomcat].[localhost].[/] : 180 ] -
        Initializing Spring FrameworkServlet 'dispatcherServlet'
2020-02-28 12:28:28.785 [ http-nio-8081-exec-9 ] - [ INFO  ] [ com.dongtech.bs.interceptor.LoginInterceptor : 26 ] -
        ==========登录验证状态拦截================
2020-02-28 12:28:28.995 [ http-nio-8081-exec-9 ] - [ INFO  ] [ com.dongtech.bs.interceptor.LoginInterceptor : 27 ] -
        是否通过验证：》》》《《《《《true
2020-02-28 12:28:29.216 [ http-nio-8081-exec-9 ] - [ INFO  ] [ com.dongtech.bs.interceptor.LoginInterceptor : 34 ] -
        sessionId为：D05595FF3484CE337B4D4FDBD8AE2F70
2020-02-28 12:28:29.216 [ http-nio-8081-exec-9 ] - [ INFO  ] [ com.dongtech.bs.interceptor.LoginInterceptor : 44 ] -
        已经登录过啦，用户信息为：UserEntity(id=4, name=admin, age=16, sex=    女, passWord=123456)
2020-02-28 12:28:30.061 [ http-nio-8081-exec-6 ] - [ INFO  ] [ com.dongtech.bs.interceptor.LoginInterceptor : 26 ] -
        ==========登录验证状态拦截================
2020-02-28 12:28:30.413 [ http-nio-8081-exec-6 ] - [ INFO  ] [ com.dongtech.bs.interceptor.LoginInterceptor : 27 ] -
        是否通过验证：》》》《《《《《true
2020-02-28 12:28:30.663 [ http-nio-8081-exec-6 ] - [ INFO  ] [ com.dongtech.bs.interceptor.LoginInterceptor : 34 ] -
        sessionId为：D05595FF3484CE337B4D4FDBD8AE2F70
2020-02-28 12:28:30.664 [ http-nio-8081-exec-6 ] - [ INFO  ] [ com.dongtech.bs.interceptor.LoginInterceptor : 44 ] -
        已经登录过啦，用户信息为：UserEntity(id=4, name=admin, age=16, sex=    女, passWord=123456)
2020-02-28 12:28:31.552 [ http-nio-8081-exec-4 ] - [ INFO  ] [ com.dongtech.bs.interceptor.LoginInterceptor : 26 ] -
        ==========登录验证状态拦截================
2020-02-28 12:28:31.781 [ http-nio-8081-exec-4 ] - [ INFO  ] [ com.dongtech.bs.interceptor.LoginInterceptor : 27 ] -
        是否通过验证：》》》《《《《《true
2020-02-28 12:28:31.995 [ http-nio-8081-exec-4 ] - [ INFO  ] [ com.dongtech.bs.interceptor.LoginInterceptor : 34 ] -
        sessionId为：D05595FF3484CE337B4D4FDBD8AE2F70
2020-02-28 12:28:31.995 [ http-nio-8081-exec-4 ] - [ INFO  ] [ com.dongtech.bs.interceptor.LoginInterceptor : 44 ] -
        已经登录过啦，用户信息为：UserEntity(id=4, name=admin, age=16, sex=    女, passWord=123456)
2020-02-28 12:28:32.961 [ http-nio-8081-exec-6 ] - [ INFO  ] [ com.dongtech.bs.interceptor.LoginInterceptor : 26 ] -
        ==========登录验证状态拦截================
2020-02-28 12:28:33.212 [ http-nio-8081-exec-6 ] - [ INFO  ] [ com.dongtech.bs.interceptor.LoginInterceptor : 27 ] -
        是否通过验证：》》》《《《《《true
2020-02-28 12:28:33.444 [ http-nio-8081-exec-6 ] - [ INFO  ] [ com.dongtech.bs.interceptor.LoginInterceptor : 34 ] -
        sessionId为：D05595FF3484CE337B4D4FDBD8AE2F70
2020-02-28 12:28:33.444 [ http-nio-8081-exec-6 ] - [ INFO  ] [ com.dongtech.bs.interceptor.LoginInterceptor : 44 ] -
        已经登录过啦，用户信息为：UserEntity(id=4, name=admin, age=16, sex=    女, passWord=123456)
2020-02-28 12:28:36.110 [ http-nio-8081-exec-7 ] - [ INFO  ] [ com.dongtech.bs.interceptor.LoginInterceptor : 26 ] -
        ==========登录验证状态拦截================
2020-02-28 12:28:36.359 [ http-nio-8081-exec-7 ] - [ INFO  ] [ com.dongtech.bs.interceptor.LoginInterceptor : 27 ] -
        是否通过验证：》》》《《《《《true
2020-02-28 12:28:36.597 [ http-nio-8081-exec-7 ] - [ INFO  ] [ com.dongtech.bs.interceptor.LoginInterceptor : 34 ] -
        sessionId为：D05595FF3484CE337B4D4FDBD8AE2F70
2020-02-28 12:28:36.597 [ http-nio-8081-exec-7 ] - [ INFO  ] [ com.dongtech.bs.interceptor.LoginInterceptor : 44 ] -
        已经登录过啦，用户信息为：UserEntity(id=4, name=admin, age=16, sex=    女, passWord=123456)
2020-02-28 12:28:37.217 [ http-nio-8081-exec-9 ] - [ INFO  ] [ com.dongtech.bs.interceptor.LoginInterceptor : 26 ] -
        ==========登录验证状态拦截================
2020-02-28 12:28:37.493 [ http-nio-8081-exec-9 ] - [ INFO  ] [ com.dongtech.bs.interceptor.LoginInterceptor : 27 ] -
        是否通过验证：》》》《《《《《true
2020-02-28 12:28:37.684 [ http-nio-8081-exec-9 ] - [ INFO  ] [ com.dongtech.bs.interceptor.LoginInterceptor : 34 ] -
        sessionId为：D05595FF3484CE337B4D4FDBD8AE2F70
2020-02-28 12:28:37.685 [ http-nio-8081-exec-9 ] - [ INFO  ] [ com.dongtech.bs.interceptor.LoginInterceptor : 44 ] -
        已经登录过啦，用户信息为：UserEntity(id=4, name=admin, age=16, sex=    女, passWord=123456)
2020-02-28 12:54:26.067 [ restartedMain ] - [ INFO  ] [ com.dongtech.SpringbootJspApplication : 50 ] -
        Starting SpringbootJspApplication on PC-201909172010 with PID 14868 (started by Administrator in F:\Myeclipse 10\springboot-jsp-master)
2020-02-28 12:54:26.069 [ restartedMain ] - [ DEBUG ] [ com.dongtech.SpringbootJspApplication : 53 ] -
        Running with Spring Boot v2.0.4.RELEASE, Spring v5.0.8.RELEASE
2020-02-28 12:54:26.074 [ restartedMain ] - [ INFO  ] [ com.dongtech.SpringbootJspApplication : 662 ] -
        No active profile set, falling back to default profiles: default
2020-02-28 12:54:27.878 [ restartedMain ] - [ WARN  ] [ org.mybatis.spring.mapper.ClassPathMapperScanner : 44 ] -
        No MyBatis mapper was found in '[com.dongtech.bs.mapper]' package. Please check your configuration.
2020-02-28 12:54:27.890 [ restartedMain ] - [ WARN  ] [ org.mybatis.spring.mapper.ClassPathMapperScanner : 44 ] -
        No MyBatis mapper was found in '[com.dongtech.bs.mapper]' package. Please check your configuration.
2020-02-28 12:54:29.768 [ restartedMain ] - [ INFO  ] [ org.apache.coyote.http11.Http11NioProtocol : 180 ] -
        Initializing ProtocolHandler ["http-nio-8081"]
2020-02-28 12:54:29.786 [ restartedMain ] - [ INFO  ] [ org.apache.catalina.core.StandardService : 180 ] -
        Starting service [Tomcat]
2020-02-28 12:54:29.786 [ restartedMain ] - [ INFO  ] [ org.apache.catalina.core.StandardEngine : 180 ] -
        Starting Servlet Engine: Apache Tomcat/8.5.32
2020-02-28 12:54:29.792 [ localhost-startStop-1 ] - [ INFO  ] [ org.apache.catalina.core.AprLifecycleListener : 180 ] -
        Loaded APR based Apache Tomcat Native library [1.2.14] using APR version [1.6.2].
2020-02-28 12:54:29.793 [ localhost-startStop-1 ] - [ INFO  ] [ org.apache.catalina.core.AprLifecycleListener : 180 ] -
        APR capabilities: IPv6 [true], sendfile [true], accept filters [false], random [true].
2020-02-28 12:54:29.793 [ localhost-startStop-1 ] - [ INFO  ] [ org.apache.catalina.core.AprLifecycleListener : 180 ] -
        APR/OpenSSL configuration: useAprConnector [false], useOpenSSL [true]
2020-02-28 12:54:30.886 [ localhost-startStop-1 ] - [ INFO  ] [ org.apache.catalina.core.AprLifecycleListener : 180 ] -
        OpenSSL successfully initialized [OpenSSL 1.0.2l  25 May 2017]
2020-02-28 12:54:31.225 [ localhost-startStop-1 ] - [ INFO  ] [ org.apache.jasper.servlet.TldScanner : 180 ] -
        At least one JAR was scanned for TLDs yet contained no TLDs. Enable debug logging for this logger for a complete list of JARs that were scanned but no TLDs were found in them. Skipping unneeded JARs during scanning can improve startup time and JSP compilation time.
2020-02-28 12:54:31.231 [ localhost-startStop-1 ] - [ INFO  ] [ o.a.c.core.ContainerBase.[Tomcat].[localhost].[/] : 180 ] -
        Initializing Spring embedded WebApplicationContext
2020-02-28 12:54:32.988 [ restartedMain ] - [ INFO  ] [ s.d.s.w.PropertySourcedRequestMappingHandlerMapping : 69 ] -
        Mapped URL path [/v2/api-docs] onto method [public org.springframework.http.ResponseEntity<springfox.documentation.spring.web.json.Json> springfox.documentation.swagger2.web.Swagger2Controller.getDocumentation(java.lang.String,javax.servlet.http.HttpServletRequest)]
2020-02-28 12:54:34.764 [ restartedMain ] - [ INFO  ] [ s.d.s.web.plugins.DocumentationPluginsBootstrapper : 147 ] -
        Context refreshed
2020-02-28 12:54:34.788 [ restartedMain ] - [ INFO  ] [ s.d.s.web.plugins.DocumentationPluginsBootstrapper : 150 ] -
        Found 1 custom documentation plugin(s)
2020-02-28 12:54:34.858 [ restartedMain ] - [ INFO  ] [ s.d.spring.web.scanners.ApiListingReferenceScanner : 41 ] -
        Scanning for api listing references
2020-02-28 12:54:35.534 [ restartedMain ] - [ INFO  ] [ s.d.s.w.r.operation.CachingOperationNameGenerator : 40 ] -
        Generating unique operation named: addGoodsImgUsingPOST_1
2020-02-28 12:54:35.836 [ restartedMain ] - [ INFO  ] [ s.d.s.w.r.operation.CachingOperationNameGenerator : 40 ] -
        Generating unique operation named: getDataUsingGET_1
2020-02-28 12:54:35.838 [ restartedMain ] - [ INFO  ] [ s.d.s.w.r.operation.CachingOperationNameGenerator : 40 ] -
        Generating unique operation named: getDataUsingHEAD_1
2020-02-28 12:54:35.839 [ restartedMain ] - [ INFO  ] [ s.d.s.w.r.operation.CachingOperationNameGenerator : 40 ] -
        Generating unique operation named: getDataUsingPOST_1
2020-02-28 12:54:35.841 [ restartedMain ] - [ INFO  ] [ s.d.s.w.r.operation.CachingOperationNameGenerator : 40 ] -
        Generating unique operation named: getDataUsingPUT_1
2020-02-28 12:54:35.842 [ restartedMain ] - [ INFO  ] [ s.d.s.w.r.operation.CachingOperationNameGenerator : 40 ] -
        Generating unique operation named: getDataUsingPATCH_1
2020-02-28 12:54:35.844 [ restartedMain ] - [ INFO  ] [ s.d.s.w.r.operation.CachingOperationNameGenerator : 40 ] -
        Generating unique operation named: getDataUsingDELETE_1
2020-02-28 12:54:35.846 [ restartedMain ] - [ INFO  ] [ s.d.s.w.r.operation.CachingOperationNameGenerator : 40 ] -
        Generating unique operation named: getDataUsingOPTIONS_1
2020-02-28 12:54:35.848 [ restartedMain ] - [ INFO  ] [ s.d.s.w.r.operation.CachingOperationNameGenerator : 40 ] -
        Generating unique operation named: getDataUsingTRACE_1
2020-02-28 12:54:35.967 [ restartedMain ] - [ INFO  ] [ org.apache.coyote.http11.Http11NioProtocol : 180 ] -
        Starting ProtocolHandler ["http-nio-8081"]
2020-02-28 12:54:35.984 [ restartedMain ] - [ INFO  ] [ org.apache.tomcat.util.net.NioSelectorPool : 180 ] -
        Using a shared selector for servlet write/read
2020-02-28 12:54:36.033 [ restartedMain ] - [ INFO  ] [ com.dongtech.SpringbootJspApplication : 59 ] -
        Started SpringbootJspApplication in 10.819 seconds (JVM running for 16.39)
2020-02-28 12:54:41.203 [ http-nio-8081-exec-1 ] - [ INFO  ] [ o.a.c.core.ContainerBase.[Tomcat].[localhost].[/] : 180 ] -
        Initializing Spring FrameworkServlet 'dispatcherServlet'
2020-02-28 12:55:17.485 [ http-nio-8081-exec-10 ] - [ INFO  ] [ com.dongtech.bs.interceptor.LoginInterceptor : 26 ] -
        ==========登录验证状态拦截================
2020-02-28 12:55:17.692 [ http-nio-8081-exec-10 ] - [ INFO  ] [ com.dongtech.bs.interceptor.LoginInterceptor : 27 ] -
        是否通过验证：》》》《《《《《true
2020-02-28 12:55:17.894 [ http-nio-8081-exec-10 ] - [ INFO  ] [ com.dongtech.bs.interceptor.LoginInterceptor : 34 ] -
        sessionId为：D8733276A774DCC94A17505C0B50E0BF
2020-02-28 12:55:17.895 [ http-nio-8081-exec-10 ] - [ INFO  ] [ com.dongtech.bs.interceptor.LoginInterceptor : 44 ] -
        已经登录过啦，用户信息为：UserEntity(id=4, name=admin, age=16, sex=    女, passWord=123456)
2020-02-28 12:55:18.665 [ http-nio-8081-exec-8 ] - [ INFO  ] [ com.dongtech.bs.interceptor.LoginInterceptor : 26 ] -
        ==========登录验证状态拦截================
2020-02-28 12:55:18.938 [ http-nio-8081-exec-8 ] - [ INFO  ] [ com.dongtech.bs.interceptor.LoginInterceptor : 27 ] -
        是否通过验证：》》》《《《《《true
2020-02-28 12:55:19.197 [ http-nio-8081-exec-8 ] - [ INFO  ] [ com.dongtech.bs.interceptor.LoginInterceptor : 34 ] -
        sessionId为：D8733276A774DCC94A17505C0B50E0BF
2020-02-28 12:55:19.198 [ http-nio-8081-exec-8 ] - [ INFO  ] [ com.dongtech.bs.interceptor.LoginInterceptor : 44 ] -
        已经登录过啦，用户信息为：UserEntity(id=4, name=admin, age=16, sex=    女, passWord=123456)
2020-02-28 12:55:19.865 [ http-nio-8081-exec-6 ] - [ INFO  ] [ com.dongtech.bs.interceptor.LoginInterceptor : 26 ] -
        ==========登录验证状态拦截================
2020-02-28 12:55:20.101 [ http-nio-8081-exec-6 ] - [ INFO  ] [ com.dongtech.bs.interceptor.LoginInterceptor : 27 ] -
        是否通过验证：》》》《《《《《true
2020-02-28 12:55:20.299 [ http-nio-8081-exec-6 ] - [ INFO  ] [ com.dongtech.bs.interceptor.LoginInterceptor : 34 ] -
        sessionId为：D8733276A774DCC94A17505C0B50E0BF
2020-02-28 12:55:20.299 [ http-nio-8081-exec-6 ] - [ INFO  ] [ com.dongtech.bs.interceptor.LoginInterceptor : 44 ] -
        已经登录过啦，用户信息为：UserEntity(id=4, name=admin, age=16, sex=    女, passWord=123456)
2020-02-28 12:55:21.083 [ http-nio-8081-exec-8 ] - [ INFO  ] [ com.dongtech.bs.interceptor.LoginInterceptor : 26 ] -
        ==========登录验证状态拦截================
2020-02-28 12:55:21.341 [ http-nio-8081-exec-8 ] - [ INFO  ] [ com.dongtech.bs.interceptor.LoginInterceptor : 27 ] -
        是否通过验证：》》》《《《《《true
2020-02-28 12:55:21.634 [ http-nio-8081-exec-8 ] - [ INFO  ] [ com.dongtech.bs.interceptor.LoginInterceptor : 34 ] -
        sessionId为：D8733276A774DCC94A17505C0B50E0BF
2020-02-28 12:55:21.634 [ http-nio-8081-exec-8 ] - [ INFO  ] [ com.dongtech.bs.interceptor.LoginInterceptor : 44 ] -
        已经登录过啦，用户信息为：UserEntity(id=4, name=admin, age=16, sex=    女, passWord=123456)
2020-02-28 12:55:39.992 [ http-nio-8081-exec-3 ] - [ INFO  ] [ com.dongtech.bs.interceptor.LoginInterceptor : 26 ] -
        ==========登录验证状态拦截================
2020-02-28 12:55:40.216 [ http-nio-8081-exec-3 ] - [ INFO  ] [ com.dongtech.bs.interceptor.LoginInterceptor : 27 ] -
        是否通过验证：》》》《《《《《true
2020-02-28 12:55:40.437 [ http-nio-8081-exec-3 ] - [ INFO  ] [ com.dongtech.bs.interceptor.LoginInterceptor : 34 ] -
        sessionId为：D8733276A774DCC94A17505C0B50E0BF
2020-02-28 12:55:40.437 [ http-nio-8081-exec-3 ] - [ INFO  ] [ com.dongtech.bs.interceptor.LoginInterceptor : 44 ] -
        已经登录过啦，用户信息为：UserEntity(id=4, name=admin, age=16, sex=    女, passWord=123456)
2020-02-28 12:55:41.172 [ http-nio-8081-exec-9 ] - [ INFO  ] [ com.dongtech.bs.interceptor.LoginInterceptor : 26 ] -
        ==========登录验证状态拦截================
2020-02-28 12:55:41.392 [ http-nio-8081-exec-9 ] - [ INFO  ] [ com.dongtech.bs.interceptor.LoginInterceptor : 27 ] -
        是否通过验证：》》》《《《《《true
2020-02-28 12:55:41.595 [ http-nio-8081-exec-9 ] - [ INFO  ] [ com.dongtech.bs.interceptor.LoginInterceptor : 34 ] -
        sessionId为：D8733276A774DCC94A17505C0B50E0BF
2020-02-28 12:55:41.595 [ http-nio-8081-exec-9 ] - [ INFO  ] [ com.dongtech.bs.interceptor.LoginInterceptor : 44 ] -
        已经登录过啦，用户信息为：UserEntity(id=4, name=admin, age=16, sex=    女, passWord=123456)
2020-02-28 12:59:05.974 [ http-nio-8081-exec-4 ] - [ INFO  ] [ com.dongtech.bs.interceptor.LoginInterceptor : 26 ] -
        ==========登录验证状态拦截================
2020-02-28 12:59:06.220 [ http-nio-8081-exec-4 ] - [ INFO  ] [ com.dongtech.bs.interceptor.LoginInterceptor : 27 ] -
        是否通过验证：》》》《《《《《true
2020-02-28 12:59:06.431 [ http-nio-8081-exec-4 ] - [ INFO  ] [ com.dongtech.bs.interceptor.LoginInterceptor : 34 ] -
        sessionId为：D8733276A774DCC94A17505C0B50E0BF
2020-02-28 12:59:06.432 [ http-nio-8081-exec-4 ] - [ INFO  ] [ com.dongtech.bs.interceptor.LoginInterceptor : 44 ] -
        已经登录过啦，用户信息为：UserEntity(id=4, name=admin, age=16, sex=    女, passWord=123456)
2020-02-28 12:59:06.823 [ http-nio-8081-exec-2 ] - [ INFO  ] [ com.dongtech.bs.interceptor.LoginInterceptor : 26 ] -
        ==========登录验证状态拦截================
2020-02-28 12:59:07.033 [ http-nio-8081-exec-2 ] - [ INFO  ] [ com.dongtech.bs.interceptor.LoginInterceptor : 27 ] -
        是否通过验证：》》》《《《《《true
2020-02-28 12:59:07.236 [ http-nio-8081-exec-2 ] - [ INFO  ] [ com.dongtech.bs.interceptor.LoginInterceptor : 34 ] -
        sessionId为：D8733276A774DCC94A17505C0B50E0BF
2020-02-28 12:59:07.236 [ http-nio-8081-exec-2 ] - [ INFO  ] [ com.dongtech.bs.interceptor.LoginInterceptor : 44 ] -
        已经登录过啦，用户信息为：UserEntity(id=4, name=admin, age=16, sex=    女, passWord=123456)
2020-02-28 13:00:21.416 [ http-nio-8081-exec-6 ] - [ INFO  ] [ com.dongtech.bs.interceptor.LoginInterceptor : 26 ] -
        ==========登录验证状态拦截================
2020-02-28 13:00:21.633 [ http-nio-8081-exec-6 ] - [ INFO  ] [ com.dongtech.bs.interceptor.LoginInterceptor : 27 ] -
        是否通过验证：》》》《《《《《true
2020-02-28 13:00:21.823 [ http-nio-8081-exec-6 ] - [ INFO  ] [ com.dongtech.bs.interceptor.LoginInterceptor : 34 ] -
        sessionId为：D8733276A774DCC94A17505C0B50E0BF
2020-02-28 13:00:21.824 [ http-nio-8081-exec-6 ] - [ INFO  ] [ com.dongtech.bs.interceptor.LoginInterceptor : 44 ] -
        已经登录过啦，用户信息为：UserEntity(id=4, name=admin, age=16, sex=    女, passWord=123456)
2020-02-28 13:00:22.406 [ http-nio-8081-exec-8 ] - [ INFO  ] [ com.dongtech.bs.interceptor.LoginInterceptor : 26 ] -
        ==========登录验证状态拦截================
2020-02-28 13:00:22.621 [ http-nio-8081-exec-8 ] - [ INFO  ] [ com.dongtech.bs.interceptor.LoginInterceptor : 27 ] -
        是否通过验证：》》》《《《《《true
2020-02-28 13:00:22.819 [ http-nio-8081-exec-8 ] - [ INFO  ] [ com.dongtech.bs.interceptor.LoginInterceptor : 34 ] -
        sessionId为：D8733276A774DCC94A17505C0B50E0BF
2020-02-28 13:00:22.820 [ http-nio-8081-exec-8 ] - [ INFO  ] [ com.dongtech.bs.interceptor.LoginInterceptor : 44 ] -
        已经登录过啦，用户信息为：UserEntity(id=4, name=admin, age=16, sex=    女, passWord=123456)
2020-02-28 13:00:24.132 [ http-nio-8081-exec-6 ] - [ INFO  ] [ com.dongtech.bs.interceptor.LoginInterceptor : 26 ] -
        ==========登录验证状态拦截================
2020-02-28 13:00:24.377 [ http-nio-8081-exec-6 ] - [ INFO  ] [ com.dongtech.bs.interceptor.LoginInterceptor : 27 ] -
        是否通过验证：》》》《《《《《true
2020-02-28 13:00:24.632 [ http-nio-8081-exec-6 ] - [ INFO  ] [ com.dongtech.bs.interceptor.LoginInterceptor : 34 ] -
        sessionId为：D8733276A774DCC94A17505C0B50E0BF
2020-02-28 13:00:24.632 [ http-nio-8081-exec-6 ] - [ INFO  ] [ com.dongtech.bs.interceptor.LoginInterceptor : 44 ] -
        已经登录过啦，用户信息为：UserEntity(id=4, name=admin, age=16, sex=    女, passWord=123456)
2020-02-28 13:00:31.066 [ http-nio-8081-exec-3 ] - [ INFO  ] [ com.dongtech.bs.interceptor.LoginInterceptor : 26 ] -
        ==========登录验证状态拦截================
2020-02-28 13:00:31.263 [ http-nio-8081-exec-3 ] - [ INFO  ] [ com.dongtech.bs.interceptor.LoginInterceptor : 27 ] -
        是否通过验证：》》》《《《《《true
2020-02-28 13:00:31.456 [ http-nio-8081-exec-3 ] - [ INFO  ] [ com.dongtech.bs.interceptor.LoginInterceptor : 34 ] -
        sessionId为：D8733276A774DCC94A17505C0B50E0BF
2020-02-28 13:00:31.457 [ http-nio-8081-exec-3 ] - [ INFO  ] [ com.dongtech.bs.interceptor.LoginInterceptor : 44 ] -
        已经登录过啦，用户信息为：UserEntity(id=4, name=admin, age=16, sex=    女, passWord=123456)
2020-02-28 13:00:36.361 [ http-nio-8081-exec-9 ] - [ INFO  ] [ com.dongtech.bs.interceptor.LoginInterceptor : 26 ] -
        ==========登录验证状态拦截================
2020-02-28 13:00:36.570 [ http-nio-8081-exec-9 ] - [ INFO  ] [ com.dongtech.bs.interceptor.LoginInterceptor : 27 ] -
        是否通过验证：》》》《《《《《true
2020-02-28 13:00:36.767 [ http-nio-8081-exec-9 ] - [ INFO  ] [ com.dongtech.bs.interceptor.LoginInterceptor : 34 ] -
        sessionId为：D8733276A774DCC94A17505C0B50E0BF
2020-02-28 13:00:36.768 [ http-nio-8081-exec-9 ] - [ INFO  ] [ com.dongtech.bs.interceptor.LoginInterceptor : 44 ] -
        已经登录过啦，用户信息为：UserEntity(id=4, name=admin, age=16, sex=    女, passWord=123456)
2020-02-28 13:00:45.160 [ http-nio-8081-exec-1 ] - [ INFO  ] [ com.dongtech.bs.interceptor.LoginInterceptor : 26 ] -
        ==========登录验证状态拦截================
2020-02-28 13:00:45.365 [ http-nio-8081-exec-1 ] - [ INFO  ] [ com.dongtech.bs.interceptor.LoginInterceptor : 27 ] -
        是否通过验证：》》》《《《《《true
2020-02-28 13:00:45.566 [ http-nio-8081-exec-1 ] - [ INFO  ] [ com.dongtech.bs.interceptor.LoginInterceptor : 34 ] -
        sessionId为：D8733276A774DCC94A17505C0B50E0BF
2020-02-28 13:00:45.567 [ http-nio-8081-exec-1 ] - [ INFO  ] [ com.dongtech.bs.interceptor.LoginInterceptor : 44 ] -
        已经登录过啦，用户信息为：UserEntity(id=4, name=admin, age=16, sex=    女, passWord=123456)
2020-02-28 13:00:49.384 [ http-nio-8081-exec-7 ] - [ INFO  ] [ com.dongtech.bs.interceptor.LoginInterceptor : 26 ] -
        ==========登录验证状态拦截================
2020-02-28 13:00:49.579 [ http-nio-8081-exec-7 ] - [ INFO  ] [ com.dongtech.bs.interceptor.LoginInterceptor : 27 ] -
        是否通过验证：》》》《《《《《true
2020-02-28 13:00:49.782 [ http-nio-8081-exec-7 ] - [ INFO  ] [ com.dongtech.bs.interceptor.LoginInterceptor : 34 ] -
        sessionId为：D8733276A774DCC94A17505C0B50E0BF
2020-02-28 13:00:49.783 [ http-nio-8081-exec-7 ] - [ INFO  ] [ com.dongtech.bs.interceptor.LoginInterceptor : 44 ] -
        已经登录过啦，用户信息为：UserEntity(id=4, name=admin, age=16, sex=    女, passWord=123456)
2020-02-28 13:01:31.807 [ http-nio-8081-exec-4 ] - [ INFO  ] [ com.dongtech.bs.interceptor.LoginInterceptor : 26 ] -
        ==========登录验证状态拦截================
2020-02-28 13:01:32.070 [ http-nio-8081-exec-4 ] - [ INFO  ] [ com.dongtech.bs.interceptor.LoginInterceptor : 27 ] -
        是否通过验证：》》》《《《《《true
2020-02-28 13:01:32.339 [ http-nio-8081-exec-4 ] - [ INFO  ] [ com.dongtech.bs.interceptor.LoginInterceptor : 34 ] -
        sessionId为：D8733276A774DCC94A17505C0B50E0BF
2020-02-28 13:01:32.339 [ http-nio-8081-exec-4 ] - [ INFO  ] [ com.dongtech.bs.interceptor.LoginInterceptor : 44 ] -
        已经登录过啦，用户信息为：UserEntity(id=4, name=admin, age=16, sex=    女, passWord=123456)
2020-02-28 13:02:15.763 [ http-nio-8081-exec-6 ] - [ INFO  ] [ com.dongtech.bs.interceptor.LoginInterceptor : 26 ] -
        ==========登录验证状态拦截================
2020-02-28 13:02:15.984 [ http-nio-8081-exec-6 ] - [ INFO  ] [ com.dongtech.bs.interceptor.LoginInterceptor : 27 ] -
        是否通过验证：》》》《《《《《true
2020-02-28 13:02:16.182 [ http-nio-8081-exec-6 ] - [ INFO  ] [ com.dongtech.bs.interceptor.LoginInterceptor : 34 ] -
        sessionId为：D8733276A774DCC94A17505C0B50E0BF
2020-02-28 13:02:16.182 [ http-nio-8081-exec-6 ] - [ INFO  ] [ com.dongtech.bs.interceptor.LoginInterceptor : 44 ] -
        已经登录过啦，用户信息为：UserEntity(id=4, name=admin, age=16, sex=    女, passWord=123456)
2020-02-28 13:02:19.248 [ http-nio-8081-exec-9 ] - [ INFO  ] [ com.dongtech.bs.interceptor.LoginInterceptor : 26 ] -
        ==========登录验证状态拦截================
2020-02-28 13:02:19.447 [ http-nio-8081-exec-9 ] - [ INFO  ] [ com.dongtech.bs.interceptor.LoginInterceptor : 27 ] -
        是否通过验证：》》》《《《《《true
2020-02-28 13:02:19.648 [ http-nio-8081-exec-9 ] - [ INFO  ] [ com.dongtech.bs.interceptor.LoginInterceptor : 34 ] -
        sessionId为：D8733276A774DCC94A17505C0B50E0BF
2020-02-28 13:02:19.649 [ http-nio-8081-exec-9 ] - [ INFO  ] [ com.dongtech.bs.interceptor.LoginInterceptor : 44 ] -
        已经登录过啦，用户信息为：UserEntity(id=4, name=admin, age=16, sex=    女, passWord=123456)
2020-02-28 13:02:20.069 [ http-nio-8081-exec-1 ] - [ INFO  ] [ com.dongtech.bs.interceptor.LoginInterceptor : 26 ] -
        ==========登录验证状态拦截================
2020-02-28 13:02:20.308 [ http-nio-8081-exec-1 ] - [ INFO  ] [ com.dongtech.bs.interceptor.LoginInterceptor : 27 ] -
        是否通过验证：》》》《《《《《true
2020-02-28 13:02:20.500 [ http-nio-8081-exec-1 ] - [ INFO  ] [ com.dongtech.bs.interceptor.LoginInterceptor : 34 ] -
        sessionId为：D8733276A774DCC94A17505C0B50E0BF
2020-02-28 13:02:20.500 [ http-nio-8081-exec-1 ] - [ INFO  ] [ com.dongtech.bs.interceptor.LoginInterceptor : 44 ] -
        已经登录过啦，用户信息为：UserEntity(id=4, name=admin, age=16, sex=    女, passWord=123456)
2020-02-28 13:02:27.180 [ http-nio-8081-exec-7 ] - [ INFO  ] [ com.dongtech.bs.interceptor.LoginInterceptor : 26 ] -
        ==========登录验证状态拦截================
2020-02-28 13:02:27.375 [ http-nio-8081-exec-7 ] - [ INFO  ] [ com.dongtech.bs.interceptor.LoginInterceptor : 27 ] -
        是否通过验证：》》》《《《《《true
2020-02-28 13:02:27.569 [ http-nio-8081-exec-7 ] - [ INFO  ] [ com.dongtech.bs.interceptor.LoginInterceptor : 34 ] -
        sessionId为：D8733276A774DCC94A17505C0B50E0BF
2020-02-28 13:02:27.569 [ http-nio-8081-exec-7 ] - [ INFO  ] [ com.dongtech.bs.interceptor.LoginInterceptor : 44 ] -
        已经登录过啦，用户信息为：UserEntity(id=4, name=admin, age=16, sex=    女, passWord=123456)
2020-02-28 13:02:27.925 [ http-nio-8081-exec-1 ] - [ INFO  ] [ com.dongtech.bs.interceptor.LoginInterceptor : 26 ] -
        ==========登录验证状态拦截================
2020-02-28 13:02:28.142 [ http-nio-8081-exec-1 ] - [ INFO  ] [ com.dongtech.bs.interceptor.LoginInterceptor : 27 ] -
        是否通过验证：》》》《《《《《true
2020-02-28 13:02:28.322 [ http-nio-8081-exec-1 ] - [ INFO  ] [ com.dongtech.bs.interceptor.LoginInterceptor : 34 ] -
        sessionId为：D8733276A774DCC94A17505C0B50E0BF
2020-02-28 13:02:28.323 [ http-nio-8081-exec-1 ] - [ INFO  ] [ com.dongtech.bs.interceptor.LoginInterceptor : 44 ] -
        已经登录过啦，用户信息为：UserEntity(id=4, name=admin, age=16, sex=    女, passWord=123456)
2020-02-28 13:02:29.141 [ http-nio-8081-exec-7 ] - [ INFO  ] [ com.dongtech.bs.interceptor.LoginInterceptor : 26 ] -
        ==========登录验证状态拦截================
2020-02-28 13:02:29.395 [ http-nio-8081-exec-7 ] - [ INFO  ] [ com.dongtech.bs.interceptor.LoginInterceptor : 27 ] -
        是否通过验证：》》》《《《《《true
2020-02-28 13:02:29.621 [ http-nio-8081-exec-7 ] - [ INFO  ] [ com.dongtech.bs.interceptor.LoginInterceptor : 34 ] -
        sessionId为：D8733276A774DCC94A17505C0B50E0BF
2020-02-28 13:02:29.621 [ http-nio-8081-exec-7 ] - [ INFO  ] [ com.dongtech.bs.interceptor.LoginInterceptor : 44 ] -
        已经登录过啦，用户信息为：UserEntity(id=4, name=admin, age=16, sex=    女, passWord=123456)
2020-02-28 13:03:01.029 [ http-nio-8081-exec-10 ] - [ INFO  ] [ com.dongtech.bs.interceptor.LoginInterceptor : 26 ] -
        ==========登录验证状态拦截================
2020-02-28 13:03:01.262 [ http-nio-8081-exec-10 ] - [ INFO  ] [ com.dongtech.bs.interceptor.LoginInterceptor : 27 ] -
        是否通过验证：》》》《《《《《true
2020-02-28 13:03:01.471 [ http-nio-8081-exec-10 ] - [ INFO  ] [ com.dongtech.bs.interceptor.LoginInterceptor : 34 ] -
        sessionId为：D8733276A774DCC94A17505C0B50E0BF
2020-02-28 13:03:01.471 [ http-nio-8081-exec-10 ] - [ INFO  ] [ com.dongtech.bs.interceptor.LoginInterceptor : 44 ] -
        已经登录过啦，用户信息为：UserEntity(id=4, name=admin, age=16, sex=    女, passWord=123456)
2020-02-28 13:03:01.951 [ http-nio-8081-exec-7 ] - [ INFO  ] [ com.dongtech.bs.interceptor.LoginInterceptor : 26 ] -
        ==========登录验证状态拦截================
2020-02-28 13:03:02.171 [ http-nio-8081-exec-7 ] - [ INFO  ] [ com.dongtech.bs.interceptor.LoginInterceptor : 27 ] -
        是否通过验证：》》》《《《《《true
2020-02-28 13:03:02.360 [ http-nio-8081-exec-7 ] - [ INFO  ] [ com.dongtech.bs.interceptor.LoginInterceptor : 34 ] -
        sessionId为：D8733276A774DCC94A17505C0B50E0BF
2020-02-28 13:03:02.361 [ http-nio-8081-exec-7 ] - [ INFO  ] [ com.dongtech.bs.interceptor.LoginInterceptor : 44 ] -
        已经登录过啦，用户信息为：UserEntity(id=4, name=admin, age=16, sex=    女, passWord=123456)
2020-02-28 13:03:03.026 [ http-nio-8081-exec-10 ] - [ INFO  ] [ com.dongtech.bs.interceptor.LoginInterceptor : 26 ] -
        ==========登录验证状态拦截================
2020-02-28 13:03:03.274 [ http-nio-8081-exec-10 ] - [ INFO  ] [ com.dongtech.bs.interceptor.LoginInterceptor : 27 ] -
        是否通过验证：》》》《《《《《true
2020-02-28 13:03:03.541 [ http-nio-8081-exec-10 ] - [ INFO  ] [ com.dongtech.bs.interceptor.LoginInterceptor : 34 ] -
        sessionId为：D8733276A774DCC94A17505C0B50E0BF
2020-02-28 13:03:03.542 [ http-nio-8081-exec-10 ] - [ INFO  ] [ com.dongtech.bs.interceptor.LoginInterceptor : 44 ] -
        已经登录过啦，用户信息为：UserEntity(id=4, name=admin, age=16, sex=    女, passWord=123456)
2020-02-28 13:03:30.043 [ http-nio-8081-exec-2 ] - [ INFO  ] [ com.dongtech.bs.interceptor.LoginInterceptor : 26 ] -
        ==========登录验证状态拦截================
2020-02-28 13:03:30.302 [ http-nio-8081-exec-2 ] - [ INFO  ] [ com.dongtech.bs.interceptor.LoginInterceptor : 27 ] -
        是否通过验证：》》》《《《《《true
2020-02-28 13:03:30.528 [ http-nio-8081-exec-2 ] - [ INFO  ] [ com.dongtech.bs.interceptor.LoginInterceptor : 34 ] -
        sessionId为：D8733276A774DCC94A17505C0B50E0BF
2020-02-28 13:03:30.529 [ http-nio-8081-exec-2 ] - [ INFO  ] [ com.dongtech.bs.interceptor.LoginInterceptor : 44 ] -
        已经登录过啦，用户信息为：UserEntity(id=4, name=admin, age=16, sex=    女, passWord=123456)
2020-02-28 13:03:30.920 [ http-nio-8081-exec-10 ] - [ INFO  ] [ com.dongtech.bs.interceptor.LoginInterceptor : 26 ] -
        ==========登录验证状态拦截================
2020-02-28 13:03:31.122 [ http-nio-8081-exec-10 ] - [ INFO  ] [ com.dongtech.bs.interceptor.LoginInterceptor : 27 ] -
        是否通过验证：》》》《《《《《true
2020-02-28 13:03:31.303 [ http-nio-8081-exec-10 ] - [ INFO  ] [ com.dongtech.bs.interceptor.LoginInterceptor : 34 ] -
        sessionId为：D8733276A774DCC94A17505C0B50E0BF
2020-02-28 13:03:31.303 [ http-nio-8081-exec-10 ] - [ INFO  ] [ com.dongtech.bs.interceptor.LoginInterceptor : 44 ] -
        已经登录过啦，用户信息为：UserEntity(id=4, name=admin, age=16, sex=    女, passWord=123456)
2020-02-28 13:03:31.992 [ http-nio-8081-exec-2 ] - [ INFO  ] [ com.dongtech.bs.interceptor.LoginInterceptor : 26 ] -
        ==========登录验证状态拦截================
2020-02-28 13:03:32.243 [ http-nio-8081-exec-2 ] - [ INFO  ] [ com.dongtech.bs.interceptor.LoginInterceptor : 27 ] -
        是否通过验证：》》》《《《《《true
2020-02-28 13:03:32.529 [ http-nio-8081-exec-2 ] - [ INFO  ] [ com.dongtech.bs.interceptor.LoginInterceptor : 34 ] -
        sessionId为：D8733276A774DCC94A17505C0B50E0BF
2020-02-28 13:03:32.530 [ http-nio-8081-exec-2 ] - [ INFO  ] [ com.dongtech.bs.interceptor.LoginInterceptor : 44 ] -
        已经登录过啦，用户信息为：UserEntity(id=4, name=admin, age=16, sex=    女, passWord=123456)
